{"meta": {"format": 3, "version": "7.6.4", "timestamp": "2025-10-28T12:24:47.742950", "branch_coverage": true, "show_contexts": false}, "files": {"firsttry/__init__.py": {"executed_lines": [1, 12], "summary": {"covered_lines": 1, "num_statements": 1, "percent_covered": 100.0, "percent_covered_display": "100.0", "missing_lines": 0, "excluded_lines": 0, "num_branches": 0, "num_partial_branches": 0, "covered_branches": 0, "missing_branches": 0}, "missing_lines": [], "excluded_lines": [], "executed_branches": [], "missing_branches": [], "functions": {"": {"executed_lines": [1, 12], "summary": {"covered_lines": 1, "num_statements": 1, "percent_covered": 100.0, "percent_covered_display": "100.0", "missing_lines": 0, "excluded_lines": 0, "num_branches": 0, "num_partial_branches": 0, "covered_branches": 0, "missing_branches": 0}, "missing_lines": [], "excluded_lines": [], "executed_branches": [], "missing_branches": []}}, "classes": {"": {"executed_lines": [1, 12], "summary": {"covered_lines": 1, "num_statements": 1, "percent_covered": 100.0, "percent_covered_display": "100.0", "missing_lines": 0, "excluded_lines": 0, "num_branches": 0, "num_partial_branches": 0, "covered_branches": 0, "missing_branches": 0}, "missing_lines": [], "excluded_lines": [], "executed_branches": [], "missing_branches": []}}}, "firsttry/changed.py": {"executed_lines": [1, 3, 4, 5, 22, 25, 50, 84, 95], "summary": {"covered_lines": 9, "num_statements": 42, "percent_covered": 15.517241379310345, "percent_covered_display": "15.5", "missing_lines": 33, "excluded_lines": 0, "num_branches": 16, "num_partial_branches": 0, "covered_branches": 0, "missing_branches": 16}, "missing_lines": [36, 37, 38, 39, 40, 43, 44, 47, 56, 58, 59, 66, 68, 69, 71, 75, 76, 77, 79, 80, 81, 88, 89, 90, 91, 92, 103, 105, 106, 107, 108, 109, 112], "excluded_lines": [], "executed_branches": [], "missing_branches": [[37, 38], [37, 43], [39, 40], [39, 43], [43, 44], [43, 47], [76, 77], [76, 79], [89, 90], [89, 92], [90, 89], [90, 91], [106, 107], [106, 112], [108, 106], [108, 109]], "functions": {"_get_runner": {"executed_lines": [], "summary": {"covered_lines": 0, "num_statements": 8, "percent_covered": 0.0, "percent_covered_display": "0.0", "missing_lines": 8, "excluded_lines": 0, "num_branches": 6, "num_partial_branches": 0, "covered_branches": 0, "missing_branches": 6}, "missing_lines": [36, 37, 38, 39, 40, 43, 44, 47], "excluded_lines": [], "executed_branches": [], "missing_branches": [[37, 38], [37, 43], [39, 40], [39, 43], [43, 44], [43, 47]]}, "_git_diff_name_only": {"executed_lines": [], "summary": {"covered_lines": 0, "num_statements": 13, "percent_covered": 0.0, "percent_covered_display": "0.0", "missing_lines": 13, "excluded_lines": 0, "num_branches": 2, "num_partial_branches": 0, "covered_branches": 0, "missing_branches": 2}, "missing_lines": [56, 58, 59, 66, 68, 69, 71, 75, 76, 77, 79, 80, 81], "excluded_lines": [], "executed_branches": [], "missing_branches": [[76, 77], [76, 79]]}, "filter_python": {"executed_lines": [], "summary": {"covered_lines": 0, "num_statements": 5, "percent_covered": 0.0, "percent_covered_display": "0.0", "missing_lines": 5, "excluded_lines": 0, "num_branches": 4, "num_partial_branches": 0, "covered_branches": 0, "missing_branches": 4}, "missing_lines": [88, 89, 90, 91, 92], "excluded_lines": [], "executed_branches": [], "missing_branches": [[89, 90], [89, 92], [90, 89], [90, 91]]}, "get_changed_files": {"executed_lines": [], "summary": {"covered_lines": 0, "num_statements": 7, "percent_covered": 0.0, "percent_covered_display": "0.0", "missing_lines": 7, "excluded_lines": 0, "num_branches": 4, "num_partial_branches": 0, "covered_branches": 0, "missing_branches": 4}, "missing_lines": [103, 105, 106, 107, 108, 109, 112], "excluded_lines": [], "executed_branches": [], "missing_branches": [[106, 107], [106, 112], [108, 106], [108, 109]]}, "": {"executed_lines": [1, 3, 4, 5, 22, 25, 50, 84, 95], "summary": {"covered_lines": 9, "num_statements": 9, "percent_covered": 100.0, "percent_covered_display": "100.0", "missing_lines": 0, "excluded_lines": 0, "num_branches": 0, "num_partial_branches": 0, "covered_branches": 0, "missing_branches": 0}, "missing_lines": [], "excluded_lines": [], "executed_branches": [], "missing_branches": []}}, "classes": {"": {"executed_lines": [1, 3, 4, 5, 22, 25, 50, 84, 95], "summary": {"covered_lines": 9, "num_statements": 42, "percent_covered": 15.517241379310345, "percent_covered_display": "15.5", "missing_lines": 33, "excluded_lines": 0, "num_branches": 16, "num_partial_branches": 0, "covered_branches": 0, "missing_branches": 16}, "missing_lines": [36, 37, 38, 39, 40, 43, 44, 47, 56, 58, 59, 66, 68, 69, 71, 75, 76, 77, 79, 80, 81, 88, 89, 90, 91, 92, 103, 105, 106, 107, 108, 109, 112], "excluded_lines": [], "executed_branches": [], "missing_branches": [[37, 38], [37, 43], [39, 40], [39, 43], [43, 44], [43, 47], [76, 77], [76, 79], [89, 90], [89, 92], [90, 89], [90, 91], [106, 107], [106, 112], [108, 106], [108, 109]]}}}, "firsttry/ci_mapper.py": {"executed_lines": [1, 2, 3, 5, 9, 18, 28, 39, 54, 63, 68, 108, 207], "summary": {"covered_lines": 13, "num_statements": 85, "percent_covered": 10.56910569105691, "percent_covered_display": "10.6", "missing_lines": 72, "excluded_lines": 0, "num_branches": 38, "num_partial_branches": 0, "covered_branches": 0, "missing_branches": 38}, "missing_lines": [30, 31, 32, 33, 34, 35, 36, 41, 42, 43, 44, 45, 47, 48, 50, 51, 55, 56, 58, 59, 60, 64, 65, 85, 86, 88, 89, 92, 94, 136, 137, 138, 140, 141, 142, 143, 145, 146, 148, 149, 150, 153, 156, 158, 160, 161, 162, 163, 164, 167, 168, 177, 180, 181, 184, 185, 194, 195, 197, 198, 201, 202, 203, 204, 213, 214, 216, 217, 218, 221, 225, 227], "excluded_lines": [], "executed_branches": [], "missing_branches": [[31, 32], [31, 33], [33, 34], [33, 36], [34, 33], [34, 35], [42, 43], [42, 47], [43, 44], [43, 47], [44, 43], [44, 45], [48, 50], [48, 51], [85, 86], [85, 88], [140, 141], [140, 201], [148, 149], [148, 197], [158, 160], [158, 184], [160, 161], [160, 177], [167, 168], [167, 177], [180, 158], [180, 181], [184, 185], [184, 194], [194, 148], [194, 195], [197, 140], [197, 198], [202, 203], [202, 204], [217, 218], [217, 221]], "functions": {"_looks_like_setup_step": {"executed_lines": [], "summary": {"covered_lines": 0, "num_statements": 7, "percent_covered": 0.0, "percent_covered_display": "0.0", "missing_lines": 7, "excluded_lines": 0, "num_branches": 6, "num_partial_branches": 0, "covered_branches": 0, "missing_branches": 6}, "missing_lines": [30, 31, 32, 33, 34, 35, 36], "excluded_lines": [], "executed_branches": [], "missing_branches": [[31, 32], [31, 33], [33, 34], [33, 36], [34, 33], [34, 35]]}, "_should_skip_step": {"executed_lines": [], "summary": {"covered_lines": 0, "num_statements": 9, "percent_covered": 0.0, "percent_covered_display": "0.0", "missing_lines": 9, "excluded_lines": 0, "num_branches": 8, "num_partial_branches": 0, "covered_branches": 0, "missing_branches": 8}, "missing_lines": [41, 42, 43, 44, 45, 47, 48, 50, 51], "excluded_lines": [], "executed_branches": [], "missing_branches": [[42, 43], [42, 47], [43, 44], [43, 47], [44, 43], [44, 45], [48, 50], [48, 51]]}, "_collect_workflow_files": {"executed_lines": [], "summary": {"covered_lines": 0, "num_statements": 5, "percent_covered": 0.0, "percent_covered_display": "0.0", "missing_lines": 5, "excluded_lines": 0, "num_branches": 0, "num_partial_branches": 0, "covered_branches": 0, "missing_branches": 0}, "missing_lines": [55, 56, 58, 59, 60], "excluded_lines": [], "executed_branches": [], "missing_branches": []}, "_safe_load_yaml": {"executed_lines": [], "summary": {"covered_lines": 0, "num_statements": 2, "percent_covered": 0.0, "percent_covered_display": "0.0", "missing_lines": 2, "excluded_lines": 0, "num_branches": 0, "num_partial_branches": 0, "covered_branches": 0, "missing_branches": 0}, "missing_lines": [64, 65], "excluded_lines": [], "executed_branches": [], "missing_branches": []}, "_normalize_step": {"executed_lines": [], "summary": {"covered_lines": 0, "num_statements": 6, "percent_covered": 0.0, "percent_covered_display": "0.0", "missing_lines": 6, "excluded_lines": 0, "num_branches": 2, "num_partial_branches": 0, "covered_branches": 0, "missing_branches": 2}, "missing_lines": [85, 86, 88, 89, 92, 94], "excluded_lines": [], "executed_branches": [], "missing_branches": [[85, 86], [85, 88]]}, "build_ci_plan": {"executed_lines": [], "summary": {"covered_lines": 0, "num_statements": 35, "percent_covered": 0.0, "percent_covered_display": "0.0", "missing_lines": 35, "excluded_lines": 0, "num_branches": 20, "num_partial_branches": 0, "covered_branches": 0, "missing_branches": 20}, "missing_lines": [136, 137, 138, 140, 141, 142, 143, 145, 146, 148, 149, 150, 153, 156, 158, 160, 161, 162, 163, 164, 167, 168, 177, 180, 181, 184, 185, 194, 195, 197, 198, 201, 202, 203, 204], "excluded_lines": [], "executed_branches": [], "missing_branches": [[140, 141], [140, 201], [148, 149], [148, 197], [158, 160], [158, 184], [160, 161], [160, 177], [167, 168], [167, 177], [180, 158], [180, 181], [184, 185], [184, 194], [194, 148], [194, 195], [197, 140], [197, 198], [202, 203], [202, 204]]}, "rewrite_run_cmd": {"executed_lines": [], "summary": {"covered_lines": 0, "num_statements": 8, "percent_covered": 0.0, "percent_covered_display": "0.0", "missing_lines": 8, "excluded_lines": 0, "num_branches": 2, "num_partial_branches": 0, "covered_branches": 0, "missing_branches": 2}, "missing_lines": [213, 214, 216, 217, 218, 221, 225, 227], "excluded_lines": [], "executed_branches": [], "missing_branches": [[217, 218], [217, 221]]}, "": {"executed_lines": [1, 2, 3, 5, 9, 18, 28, 39, 54, 63, 68, 108, 207], "summary": {"covered_lines": 13, "num_statements": 13, "percent_covered": 100.0, "percent_covered_display": "100.0", "missing_lines": 0, "excluded_lines": 0, "num_branches": 0, "num_partial_branches": 0, "covered_branches": 0, "missing_branches": 0}, "missing_lines": [], "excluded_lines": [], "executed_branches": [], "missing_branches": []}}, "classes": {"": {"executed_lines": [1, 2, 3, 5, 9, 18, 28, 39, 54, 63, 68, 108, 207], "summary": {"covered_lines": 13, "num_statements": 85, "percent_covered": 10.56910569105691, "percent_covered_display": "10.6", "missing_lines": 72, "excluded_lines": 0, "num_branches": 38, "num_partial_branches": 0, "covered_branches": 0, "missing_branches": 38}, "missing_lines": [30, 31, 32, 33, 34, 35, 36, 41, 42, 43, 44, 45, 47, 48, 50, 51, 55, 56, 58, 59, 60, 64, 65, 85, 86, 88, 89, 92, 94, 136, 137, 138, 140, 141, 142, 143, 145, 146, 148, 149, 150, 153, 156, 158, 160, 161, 162, 163, 164, 167, 168, 177, 180, 181, 184, 185, 194, 195, 197, 198, 201, 202, 203, 204, 213, 214, 216, 217, 218, 221, 225, 227], "excluded_lines": [], "executed_branches": [], "missing_branches": [[31, 32], [31, 33], [33, 34], [33, 36], [34, 33], [34, 35], [42, 43], [42, 47], [43, 44], [43, 47], [44, 43], [44, 45], [48, 50], [48, 51], [85, 86], [85, 88], [140, 141], [140, 201], [148, 149], [148, 197], [158, 160], [158, 184], [160, 161], [160, 177], [167, 168], [167, 177], [180, 158], [180, 181], [184, 185], [184, 194], [194, 148], [194, 195], [197, 140], [197, 198], [202, 203], [202, 204], [217, 218], [217, 221]]}}}, "firsttry/ci_mapper_impl.py": {"executed_lines": [1, 3, 4, 5, 6, 7, 9, 12, 13, 14, 15, 16, 19, 20, 21, 22, 25, 26, 27, 28, 31, 54, 79, 125], "summary": {"covered_lines": 24, "num_statements": 64, "percent_covered": 27.906976744186046, "percent_covered_display": "27.9", "missing_lines": 40, "excluded_lines": 0, "num_branches": 22, "num_partial_branches": 0, "covered_branches": 0, "missing_branches": 22}, "missing_lines": [37, 40, 41, 43, 45, 46, 47, 48, 49, 50, 51, 55, 56, 57, 59, 61, 62, 63, 65, 66, 67, 69, 76, 85, 86, 87, 88, 90, 91, 92, 94, 101, 126, 127, 129, 131, 132, 134, 135, 137], "excluded_lines": [], "executed_branches": [], "missing_branches": [[40, 41], [40, 43], [45, 46], [45, 47], [48, 49], [48, 51], [49, 48], [49, 50], [59, 61], [59, 76], [62, 63], [62, 65], [86, 87], [86, 101], [91, 92], [91, 94], [126, 127], [126, 129], [131, 132], [131, 134], [134, 135], [134, 137]], "functions": {"_collect_workflow_files": {"executed_lines": [], "summary": {"covered_lines": 0, "num_statements": 11, "percent_covered": 0.0, "percent_covered_display": "0.0", "missing_lines": 11, "excluded_lines": 0, "num_branches": 8, "num_partial_branches": 0, "covered_branches": 0, "missing_branches": 8}, "missing_lines": [37, 40, 41, 43, 45, 46, 47, 48, 49, 50, 51], "excluded_lines": [], "executed_branches": [], "missing_branches": [[40, 41], [40, 43], [45, 46], [45, 47], [48, 49], [48, 51], [49, 48], [49, 50]]}, "_extract_steps_from_job": {"executed_lines": [], "summary": {"covered_lines": 0, "num_statements": 12, "percent_covered": 0.0, "percent_covered_display": "0.0", "missing_lines": 12, "excluded_lines": 0, "num_branches": 4, "num_partial_branches": 0, "covered_branches": 0, "missing_branches": 4}, "missing_lines": [55, 56, 57, 59, 61, 62, 63, 65, 66, 67, 69, 76], "excluded_lines": [], "executed_branches": [], "missing_branches": [[59, 61], [59, 76], [62, 63], [62, 65]]}, "build_ci_plan": {"executed_lines": [], "summary": {"covered_lines": 0, "num_statements": 9, "percent_covered": 0.0, "percent_covered_display": "0.0", "missing_lines": 9, "excluded_lines": 0, "num_branches": 4, "num_partial_branches": 0, "covered_branches": 0, "missing_branches": 4}, "missing_lines": [85, 86, 87, 88, 90, 91, 92, 94, 101], "excluded_lines": [], "executed_branches": [], "missing_branches": [[86, 87], [86, 101], [91, 92], [91, 94]]}, "rewrite_run_cmd": {"executed_lines": [], "summary": {"covered_lines": 0, "num_statements": 8, "percent_covered": 0.0, "percent_covered_display": "0.0", "missing_lines": 8, "excluded_lines": 0, "num_branches": 6, "num_partial_branches": 0, "covered_branches": 0, "missing_branches": 6}, "missing_lines": [126, 127, 129, 131, 132, 134, 135, 137], "excluded_lines": [], "executed_branches": [], "missing_branches": [[126, 127], [126, 129], [131, 132], [131, 134], [134, 135], [134, 137]]}, "": {"executed_lines": [1, 3, 4, 5, 6, 7, 9, 12, 13, 14, 15, 16, 19, 20, 21, 22, 25, 26, 27, 28, 31, 54, 79, 125], "summary": {"covered_lines": 24, "num_statements": 24, "percent_covered": 100.0, "percent_covered_display": "100.0", "missing_lines": 0, "excluded_lines": 0, "num_branches": 0, "num_partial_branches": 0, "covered_branches": 0, "missing_branches": 0}, "missing_lines": [], "excluded_lines": [], "executed_branches": [], "missing_branches": []}}, "classes": {"StepPlan": {"executed_lines": [], "summary": {"covered_lines": 0, "num_statements": 0, "percent_covered": 100.0, "percent_covered_display": "100.0", "missing_lines": 0, "excluded_lines": 0, "num_branches": 0, "num_partial_branches": 0, "covered_branches": 0, "missing_branches": 0}, "missing_lines": [], "excluded_lines": [], "executed_branches": [], "missing_branches": []}, "JobPlan": {"executed_lines": [], "summary": {"covered_lines": 0, "num_statements": 0, "percent_covered": 100.0, "percent_covered_display": "100.0", "missing_lines": 0, "excluded_lines": 0, "num_branches": 0, "num_partial_branches": 0, "covered_branches": 0, "missing_branches": 0}, "missing_lines": [], "excluded_lines": [], "executed_branches": [], "missing_branches": []}, "WorkflowPlan": {"executed_lines": [], "summary": {"covered_lines": 0, "num_statements": 0, "percent_covered": 100.0, "percent_covered_display": "100.0", "missing_lines": 0, "excluded_lines": 0, "num_branches": 0, "num_partial_branches": 0, "covered_branches": 0, "missing_branches": 0}, "missing_lines": [], "excluded_lines": [], "executed_branches": [], "missing_branches": []}, "": {"executed_lines": [1, 3, 4, 5, 6, 7, 9, 12, 13, 14, 15, 16, 19, 20, 21, 22, 25, 26, 27, 28, 31, 54, 79, 125], "summary": {"covered_lines": 24, "num_statements": 64, "percent_covered": 27.906976744186046, "percent_covered_display": "27.9", "missing_lines": 40, "excluded_lines": 0, "num_branches": 22, "num_partial_branches": 0, "covered_branches": 0, "missing_branches": 22}, "missing_lines": [37, 40, 41, 43, 45, 46, 47, 48, 49, 50, 51, 55, 56, 57, 59, 61, 62, 63, 65, 66, 67, 69, 76, 85, 86, 87, 88, 90, 91, 92, 94, 101, 126, 127, 129, 131, 132, 134, 135, 137], "excluded_lines": [], "executed_branches": [], "missing_branches": [[40, 41], [40, 43], [45, 46], [45, 47], [48, 49], [48, 51], [49, 48], [49, 50], [59, 61], [59, 76], [62, 63], [62, 65], [86, 87], [86, 101], [91, 92], [91, 94], [126, 127], [126, 129], [131, 132], [131, 134], [134, 135], [134, 137]]}}}, "firsttry/cli.py": {"executed_lines": [1, 3, 4, 5, 6, 7, 8, 10, 11, 18, 95, 123, 141, 170, 214, 343], "summary": {"covered_lines": 15, "num_statements": 171, "percent_covered": 6.912442396313364, "percent_covered_display": "6.9", "missing_lines": 156, "excluded_lines": 2, "num_branches": 46, "num_partial_branches": 0, "covered_branches": 0, "missing_branches": 46}, "missing_lines": [26, 28, 29, 31, 32, 33, 35, 36, 38, 39, 41, 42, 44, 45, 47, 48, 50, 59, 60, 61, 64, 65, 66, 67, 69, 70, 71, 72, 73, 75, 83, 84, 87, 88, 90, 91, 92, 102, 103, 104, 105, 106, 107, 108, 109, 110, 111, 112, 114, 115, 116, 117, 118, 119, 120, 129, 130, 136, 137, 138, 151, 152, 153, 154, 156, 157, 158, 159, 160, 161, 163, 164, 166, 167, 176, 177, 178, 180, 181, 182, 183, 185, 189, 194, 195, 197, 201, 202, 203, 205, 206, 207, 208, 209, 210, 211, 215, 219, 222, 226, 239, 245, 249, 250, 251, 253, 256, 257, 260, 262, 263, 264, 266, 269, 270, 272, 273, 274, 276, 278, 279, 280, 281, 282, 283, 284, 286, 287, 289, 290, 291, 293, 294, 296, 297, 300, 301, 304, 305, 306, 309, 311, 313, 316, 320, 321, 322, 324, 325, 326, 328, 330, 333, 336, 337, 340], "excluded_lines": [343, 344], "executed_branches": [], "missing_branches": [[60, 61], [60, 64], [65, 66], [65, 87], [71, 72], [71, 73], [102, 103], [102, 114], [108, 109], [108, 110], [110, 111], [110, 112], [118, 119], [118, 120], [152, 153], [152, 156], [157, 158], [157, 167], [160, 161], [160, 163], [163, 164], [163, 166], [197, 201], [197, 205], [256, 257], [256, 260], [260, 262], [260, 309], [262, 263], [262, 309], [272, 273], [272, 276], [279, 280], [279, 286], [289, 290], [289, 293], [294, 296], [294, 300], [309, 311], [309, 340], [320, 321], [320, 324], [324, 325], [324, 328], [328, 330], [328, 340]], "functions": {"_load_real_runners_or_stub": {"executed_lines": [], "summary": {"covered_lines": 0, "num_statements": 19, "percent_covered": 0.0, "percent_covered_display": "0.0", "missing_lines": 19, "excluded_lines": 0, "num_branches": 4, "num_partial_branches": 0, "covered_branches": 0, "missing_branches": 4}, "missing_lines": [26, 28, 31, 59, 60, 61, 64, 65, 66, 67, 69, 75, 83, 84, 87, 88, 90, 91, 92], "excluded_lines": [], "executed_branches": [], "missing_branches": [[60, 61], [60, 64], [65, 66], [65, 87]]}, "_load_real_runners_or_stub._fake_result": {"executed_lines": [], "summary": {"covered_lines": 0, "num_statements": 1, "percent_covered": 0.0, "percent_covered_display": "0.0", "missing_lines": 1, "excluded_lines": 0, "num_branches": 0, "num_partial_branches": 0, "covered_branches": 0, "missing_branches": 0}, "missing_lines": [29], "excluded_lines": [], "executed_branches": [], "missing_branches": []}, "_load_real_runners_or_stub._make_stub_runners": {"executed_lines": [], "summary": {"covered_lines": 0, "num_statements": 7, "percent_covered": 0.0, "percent_covered_display": "0.0", "missing_lines": 7, "excluded_lines": 0, "num_branches": 0, "num_partial_branches": 0, "covered_branches": 0, "missing_branches": 0}, "missing_lines": [32, 35, 38, 41, 44, 47, 50], "excluded_lines": [], "executed_branches": [], "missing_branches": []}, "_load_real_runners_or_stub._make_stub_runners.run_ruff": {"executed_lines": [], "summary": {"covered_lines": 0, "num_statements": 1, "percent_covered": 0.0, "percent_covered_display": "0.0", "missing_lines": 1, "excluded_lines": 0, "num_branches": 0, "num_partial_branches": 0, "covered_branches": 0, "missing_branches": 0}, "missing_lines": [33], "excluded_lines": [], "executed_branches": [], "missing_branches": []}, "_load_real_runners_or_stub._make_stub_runners.run_black_check": {"executed_lines": [], "summary": {"covered_lines": 0, "num_statements": 1, "percent_covered": 0.0, "percent_covered_display": "0.0", "missing_lines": 1, "excluded_lines": 0, "num_branches": 0, "num_partial_branches": 0, "covered_branches": 0, "missing_branches": 0}, "missing_lines": [36], "excluded_lines": [], "executed_branches": [], "missing_branches": []}, "_load_real_runners_or_stub._make_stub_runners.run_mypy": {"executed_lines": [], "summary": {"covered_lines": 0, "num_statements": 1, "percent_covered": 0.0, "percent_covered_display": "0.0", "missing_lines": 1, "excluded_lines": 0, "num_branches": 0, "num_partial_branches": 0, "covered_branches": 0, "missing_branches": 0}, "missing_lines": [39], "excluded_lines": [], "executed_branches": [], "missing_branches": []}, "_load_real_runners_or_stub._make_stub_runners.run_pytest_kexpr": {"executed_lines": [], "summary": {"covered_lines": 0, "num_statements": 1, "percent_covered": 0.0, "percent_covered_display": "0.0", "missing_lines": 1, "excluded_lines": 0, "num_branches": 0, "num_partial_branches": 0, "covered_branches": 0, "missing_branches": 0}, "missing_lines": [42], "excluded_lines": [], "executed_branches": [], "missing_branches": []}, "_load_real_runners_or_stub._make_stub_runners.run_coverage_xml": {"executed_lines": [], "summary": {"covered_lines": 0, "num_statements": 1, "percent_covered": 0.0, "percent_covered_display": "0.0", "missing_lines": 1, "excluded_lines": 0, "num_branches": 0, "num_partial_branches": 0, "covered_branches": 0, "missing_branches": 0}, "missing_lines": [45], "excluded_lines": [], "executed_branches": [], "missing_branches": []}, "_load_real_runners_or_stub._make_stub_runners.coverage_gate": {"executed_lines": [], "summary": {"covered_lines": 0, "num_statements": 1, "percent_covered": 0.0, "percent_covered_display": "0.0", "missing_lines": 1, "excluded_lines": 0, "num_branches": 0, "num_partial_branches": 0, "covered_branches": 0, "missing_branches": 0}, "missing_lines": [48], "excluded_lines": [], "executed_branches": [], "missing_branches": []}, "_load_real_runners_or_stub._wrap": {"executed_lines": [], "summary": {"covered_lines": 0, "num_statements": 4, "percent_covered": 0.0, "percent_covered_display": "0.0", "missing_lines": 4, "excluded_lines": 0, "num_branches": 2, "num_partial_branches": 0, "covered_branches": 0, "missing_branches": 2}, "missing_lines": [70, 71, 72, 73], "excluded_lines": [], "executed_branches": [], "missing_branches": [[71, 72], [71, 73]]}, "_prompt_user_choice": {"executed_lines": [], "summary": {"covered_lines": 0, "num_statements": 18, "percent_covered": 0.0, "percent_covered_display": "0.0", "missing_lines": 18, "excluded_lines": 0, "num_branches": 8, "num_partial_branches": 0, "covered_branches": 0, "missing_branches": 8}, "missing_lines": [102, 103, 104, 105, 106, 107, 108, 109, 110, 111, 112, 114, 115, 116, 117, 118, 119, 120], "excluded_lines": [], "executed_branches": [], "missing_branches": [[102, 103], [102, 114], [108, 109], [108, 110], [110, 111], [110, 112], [118, 119], [118, 120]]}, "_run_shell": {"executed_lines": [], "summary": {"covered_lines": 0, "num_statements": 5, "percent_covered": 0.0, "percent_covered_display": "0.0", "missing_lines": 5, "excluded_lines": 0, "num_branches": 0, "num_partial_branches": 0, "covered_branches": 0, "missing_branches": 0}, "missing_lines": [129, 130, 136, 137, 138], "excluded_lines": [], "executed_branches": [], "missing_branches": []}, "_attempt_autofix_for_gate": {"executed_lines": [], "summary": {"covered_lines": 0, "num_statements": 14, "percent_covered": 0.0, "percent_covered_display": "0.0", "missing_lines": 14, "excluded_lines": 0, "num_branches": 8, "num_partial_branches": 0, "covered_branches": 0, "missing_branches": 8}, "missing_lines": [151, 152, 153, 154, 156, 157, 158, 159, 160, 161, 163, 164, 166, 167], "excluded_lines": [], "executed_branches": [], "missing_branches": [[152, 153], [152, 156], [157, 158], [157, 167], [160, 161], [160, 163], [163, 164], [163, 166]]}, "_install_git_hooks": {"executed_lines": [], "summary": {"covered_lines": 0, "num_statements": 22, "percent_covered": 0.0, "percent_covered_display": "0.0", "missing_lines": 22, "excluded_lines": 0, "num_branches": 2, "num_partial_branches": 0, "covered_branches": 0, "missing_branches": 2}, "missing_lines": [176, 177, 178, 180, 181, 182, 183, 185, 189, 194, 195, 197, 201, 202, 203, 205, 206, 207, 208, 209, 210, 211], "excluded_lines": [], "executed_branches": [], "missing_branches": [[197, 201], [197, 205]]}, "main": {"executed_lines": [], "summary": {"covered_lines": 0, "num_statements": 60, "percent_covered": 0.0, "percent_covered_display": "0.0", "missing_lines": 60, "excluded_lines": 0, "num_branches": 22, "num_partial_branches": 0, "covered_branches": 0, "missing_branches": 22}, "missing_lines": [215, 219, 222, 226, 239, 245, 249, 250, 251, 253, 256, 257, 260, 262, 263, 264, 266, 269, 270, 272, 273, 274, 276, 278, 279, 280, 281, 282, 283, 284, 286, 287, 289, 290, 291, 293, 294, 296, 297, 300, 301, 304, 305, 306, 309, 311, 313, 316, 320, 321, 322, 324, 325, 326, 328, 330, 333, 336, 337, 340], "excluded_lines": [], "executed_branches": [], "missing_branches": [[256, 257], [256, 260], [260, 262], [260, 309], [262, 263], [262, 309], [272, 273], [272, 276], [279, 280], [279, 286], [289, 290], [289, 293], [294, 296], [294, 300], [309, 311], [309, 340], [320, 321], [320, 324], [324, 325], [324, 328], [328, 330], [328, 340]]}, "": {"executed_lines": [1, 3, 4, 5, 6, 7, 8, 10, 11, 18, 95, 123, 141, 170, 214, 343], "summary": {"covered_lines": 15, "num_statements": 15, "percent_covered": 100.0, "percent_covered_display": "100.0", "missing_lines": 0, "excluded_lines": 2, "num_branches": 0, "num_partial_branches": 0, "covered_branches": 0, "missing_branches": 0}, "missing_lines": [], "excluded_lines": [343, 344], "executed_branches": [], "missing_branches": []}}, "classes": {"": {"executed_lines": [1, 3, 4, 5, 6, 7, 8, 10, 11, 18, 95, 123, 141, 170, 214, 343], "summary": {"covered_lines": 15, "num_statements": 171, "percent_covered": 6.912442396313364, "percent_covered_display": "6.9", "missing_lines": 156, "excluded_lines": 2, "num_branches": 46, "num_partial_branches": 0, "covered_branches": 0, "missing_branches": 46}, "missing_lines": [26, 28, 29, 31, 32, 33, 35, 36, 38, 39, 41, 42, 44, 45, 47, 48, 50, 59, 60, 61, 64, 65, 66, 67, 69, 70, 71, 72, 73, 75, 83, 84, 87, 88, 90, 91, 92, 102, 103, 104, 105, 106, 107, 108, 109, 110, 111, 112, 114, 115, 116, 117, 118, 119, 120, 129, 130, 136, 137, 138, 151, 152, 153, 154, 156, 157, 158, 159, 160, 161, 163, 164, 166, 167, 176, 177, 178, 180, 181, 182, 183, 185, 189, 194, 195, 197, 201, 202, 203, 205, 206, 207, 208, 209, 210, 211, 215, 219, 222, 226, 239, 245, 249, 250, 251, 253, 256, 257, 260, 262, 263, 264, 266, 269, 270, 272, 273, 274, 276, 278, 279, 280, 281, 282, 283, 284, 286, 287, 289, 290, 291, 293, 294, 296, 297, 300, 301, 304, 305, 306, 309, 311, 313, 316, 320, 321, 322, 324, 325, 326, 328, 330, 333, 336, 337, 340], "excluded_lines": [343, 344], "executed_branches": [], "missing_branches": [[60, 61], [60, 64], [65, 66], [65, 87], [71, 72], [71, 73], [102, 103], [102, 114], [108, 109], [108, 110], [110, 111], [110, 112], [118, 119], [118, 120], [152, 153], [152, 156], [157, 158], [157, 167], [160, 161], [160, 163], [163, 164], [163, 166], [197, 201], [197, 205], [256, 257], [256, 260], [260, 262], [260, 309], [262, 263], [262, 309], [272, 273], [272, 276], [279, 280], [279, 286], [289, 290], [289, 293], [294, 296], [294, 300], [309, 311], [309, 340], [320, 321], [320, 324], [324, 325], [324, 328], [328, 330], [328, 340]]}}}, "firsttry/config.py": {"executed_lines": [1, 3, 4, 5, 6, 9, 17, 18, 19, 20, 21, 22, 24, 25], "summary": {"covered_lines": 14, "num_statements": 24, "percent_covered": 50.0, "percent_covered_display": "50.0", "missing_lines": 10, "excluded_lines": 0, "num_branches": 4, "num_partial_branches": 0, "covered_branches": 0, "missing_branches": 4}, "missing_lines": [26, 27, 28, 29, 30, 31, 32, 33, 34, 35], "excluded_lines": [], "executed_branches": [], "missing_branches": [[28, 29], [28, 34], [31, 32], [31, 33]], "functions": {"FirstTryConfig.load": {"executed_lines": [], "summary": {"covered_lines": 0, "num_statements": 10, "percent_covered": 0.0, "percent_covered_display": "0.0", "missing_lines": 10, "excluded_lines": 0, "num_branches": 4, "num_partial_branches": 0, "covered_branches": 0, "missing_branches": 4}, "missing_lines": [26, 27, 28, 29, 30, 31, 32, 33, 34, 35], "excluded_lines": [], "executed_branches": [], "missing_branches": [[28, 29], [28, 34], [31, 32], [31, 33]]}, "": {"executed_lines": [1, 3, 4, 5, 6, 9, 17, 18, 19, 20, 21, 22, 24, 25], "summary": {"covered_lines": 14, "num_statements": 14, "percent_covered": 100.0, "percent_covered_display": "100.0", "missing_lines": 0, "excluded_lines": 0, "num_branches": 0, "num_partial_branches": 0, "covered_branches": 0, "missing_branches": 0}, "missing_lines": [], "excluded_lines": [], "executed_branches": [], "missing_branches": []}}, "classes": {"FirstTryConfig": {"executed_lines": [], "summary": {"covered_lines": 0, "num_statements": 10, "percent_covered": 0.0, "percent_covered_display": "0.0", "missing_lines": 10, "excluded_lines": 0, "num_branches": 4, "num_partial_branches": 0, "covered_branches": 0, "missing_branches": 4}, "missing_lines": [26, 27, 28, 29, 30, 31, 32, 33, 34, 35], "excluded_lines": [], "executed_branches": [], "missing_branches": [[28, 29], [28, 34], [31, 32], [31, 33]]}, "": {"executed_lines": [1, 3, 4, 5, 6, 9, 17, 18, 19, 20, 21, 22, 24, 25], "summary": {"covered_lines": 14, "num_statements": 14, "percent_covered": 100.0, "percent_covered_display": "100.0", "missing_lines": 0, "excluded_lines": 0, "num_branches": 0, "num_partial_branches": 0, "covered_branches": 0, "missing_branches": 0}, "missing_lines": [], "excluded_lines": [], "executed_branches": [], "missing_branches": []}}}, "firsttry/db_pg.py": {"executed_lines": [1, 3, 4, 5, 9, 10, 14, 19, 43, 54], "summary": {"covered_lines": 10, "num_statements": 39, "percent_covered": 18.867924528301888, "percent_covered_display": "18.9", "missing_lines": 29, "excluded_lines": 0, "num_branches": 14, "num_partial_branches": 0, "covered_branches": 0, "missing_branches": 14}, "missing_lines": [20, 21, 23, 24, 25, 26, 28, 29, 30, 31, 32, 33, 34, 35, 36, 38, 40, 44, 45, 46, 55, 56, 57, 59, 60, 61, 62, 63, 67], "excluded_lines": [], "executed_branches": [], "missing_branches": [[23, 24], [23, 40], [25, 26], [25, 28], [28, 29], [28, 31], [31, 32], [31, 34], [34, 35], [34, 38], [56, 57], [56, 59], [62, 63], [62, 67]], "functions": {"parse_destructive_ops": {"executed_lines": [], "summary": {"covered_lines": 0, "num_statements": 17, "percent_covered": 0.0, "percent_covered_display": "0.0", "missing_lines": 17, "excluded_lines": 0, "num_branches": 10, "num_partial_branches": 0, "covered_branches": 0, "missing_branches": 10}, "missing_lines": [20, 21, 23, 24, 25, 26, 28, 29, 30, 31, 32, 33, 34, 35, 36, 38, 40], "excluded_lines": [], "executed_branches": [], "missing_branches": [[23, 24], [23, 40], [25, 26], [25, 28], [28, 29], [28, 31], [31, 32], [31, 34], [34, 35], [34, 38]]}, "_alembic_autogen_pg": {"executed_lines": [], "summary": {"covered_lines": 0, "num_statements": 3, "percent_covered": 0.0, "percent_covered_display": "0.0", "missing_lines": 3, "excluded_lines": 0, "num_branches": 0, "num_partial_branches": 0, "covered_branches": 0, "missing_branches": 0}, "missing_lines": [44, 45, 46], "excluded_lines": [], "executed_branches": [], "missing_branches": []}, "run_pg_probe": {"executed_lines": [], "summary": {"covered_lines": 0, "num_statements": 9, "percent_covered": 0.0, "percent_covered_display": "0.0", "missing_lines": 9, "excluded_lines": 0, "num_branches": 4, "num_partial_branches": 0, "covered_branches": 0, "missing_branches": 4}, "missing_lines": [55, 56, 57, 59, 60, 61, 62, 63, 67], "excluded_lines": [], "executed_branches": [], "missing_branches": [[56, 57], [56, 59], [62, 63], [62, 67]]}, "": {"executed_lines": [1, 3, 4, 5, 9, 10, 14, 19, 43, 54], "summary": {"covered_lines": 10, "num_statements": 10, "percent_covered": 100.0, "percent_covered_display": "100.0", "missing_lines": 0, "excluded_lines": 0, "num_branches": 0, "num_partial_branches": 0, "covered_branches": 0, "missing_branches": 0}, "missing_lines": [], "excluded_lines": [], "executed_branches": [], "missing_branches": []}}, "classes": {"": {"executed_lines": [1, 3, 4, 5, 9, 10, 14, 19, 43, 54], "summary": {"covered_lines": 10, "num_statements": 39, "percent_covered": 18.867924528301888, "percent_covered_display": "18.9", "missing_lines": 29, "excluded_lines": 0, "num_branches": 14, "num_partial_branches": 0, "covered_branches": 0, "missing_branches": 14}, "missing_lines": [20, 21, 23, 24, 25, 26, 28, 29, 30, 31, 32, 33, 34, 35, 36, 38, 40, 44, 45, 46, 55, 56, 57, 59, 60, 61, 62, 63, 67], "excluded_lines": [], "executed_branches": [], "missing_branches": [[23, 24], [23, 40], [25, 26], [25, 28], [28, 29], [28, 31], [31, 32], [31, 34], [34, 35], [34, 38], [56, 57], [56, 59], [62, 63], [62, 67]]}}}, "firsttry/db_sqlite.py": {"executed_lines": [1, 3, 4, 5, 6, 9, 49], "summary": {"covered_lines": 7, "num_statements": 34, "percent_covered": 16.666666666666668, "percent_covered_display": "16.7", "missing_lines": 27, "excluded_lines": 3, "num_branches": 8, "num_partial_branches": 0, "covered_branches": 0, "missing_branches": 8}, "missing_lines": [14, 16, 21, 22, 24, 27, 28, 29, 30, 33, 35, 36, 38, 41, 42, 46, 62, 63, 64, 65, 66, 72, 73, 74, 75, 78, 80], "excluded_lines": [67, 68, 69], "executed_branches": [], "missing_branches": [[21, 22], [21, 24], [27, 28], [27, 29], [29, 30], [29, 33], [33, 35], [33, 46]], "functions": {"_extract_upgrade_body": {"executed_lines": [], "summary": {"covered_lines": 0, "num_statements": 15, "percent_covered": 0.0, "percent_covered_display": "0.0", "missing_lines": 15, "excluded_lines": 0, "num_branches": 8, "num_partial_branches": 0, "covered_branches": 0, "missing_branches": 8}, "missing_lines": [14, 16, 21, 22, 24, 27, 28, 29, 30, 33, 35, 38, 41, 42, 46], "excluded_lines": [], "executed_branches": [], "missing_branches": [[21, 22], [21, 24], [27, 28], [27, 29], [29, 30], [29, 33], [33, 35], [33, 46]]}, "_extract_upgrade_body.leading_spaces": {"executed_lines": [], "summary": {"covered_lines": 0, "num_statements": 1, "percent_covered": 0.0, "percent_covered_display": "0.0", "missing_lines": 1, "excluded_lines": 0, "num_branches": 0, "num_partial_branches": 0, "covered_branches": 0, "missing_branches": 0}, "missing_lines": [36], "excluded_lines": [], "executed_branches": [], "missing_branches": []}, "run_sqlite_probe": {"executed_lines": [], "summary": {"covered_lines": 0, "num_statements": 11, "percent_covered": 0.0, "percent_covered_display": "0.0", "missing_lines": 11, "excluded_lines": 3, "num_branches": 0, "num_partial_branches": 0, "covered_branches": 0, "missing_branches": 0}, "missing_lines": [62, 63, 64, 65, 66, 72, 73, 74, 75, 78, 80], "excluded_lines": [67, 68, 69], "executed_branches": [], "missing_branches": []}, "": {"executed_lines": [1, 3, 4, 5, 6, 9, 49], "summary": {"covered_lines": 7, "num_statements": 7, "percent_covered": 100.0, "percent_covered_display": "100.0", "missing_lines": 0, "excluded_lines": 0, "num_branches": 0, "num_partial_branches": 0, "covered_branches": 0, "missing_branches": 0}, "missing_lines": [], "excluded_lines": [], "executed_branches": [], "missing_branches": []}}, "classes": {"": {"executed_lines": [1, 3, 4, 5, 6, 9, 49], "summary": {"covered_lines": 7, "num_statements": 34, "percent_covered": 16.666666666666668, "percent_covered_display": "16.7", "missing_lines": 27, "excluded_lines": 3, "num_branches": 8, "num_partial_branches": 0, "covered_branches": 0, "missing_branches": 8}, "missing_lines": [14, 16, 21, 22, 24, 27, 28, 29, 30, 33, 35, 36, 38, 41, 42, 46, 62, 63, 64, 65, 66, 72, 73, 74, 75, 78, 80], "excluded_lines": [67, 68, 69], "executed_branches": [], "missing_branches": [[21, 22], [21, 24], [27, 28], [27, 29], [29, 30], [29, 33], [33, 35], [33, 46]]}}}, "firsttry/docker_smoke.py": {"executed_lines": [1, 3, 4, 5, 6, 9, 19, 27, 38], "summary": {"covered_lines": 9, "num_statements": 29, "percent_covered": 25.714285714285715, "percent_covered_display": "25.7", "missing_lines": 20, "excluded_lines": 0, "num_branches": 6, "num_partial_branches": 0, "covered_branches": 0, "missing_branches": 6}, "missing_lines": [14, 15, 16, 20, 21, 22, 23, 24, 30, 31, 32, 33, 34, 35, 39, 40, 42, 43, 44, 46], "excluded_lines": [], "executed_branches": [], "missing_branches": [[31, 32], [31, 35], [32, 33], [32, 34], [43, 44], [43, 46]], "functions": {"build_compose_cmds": {"executed_lines": [], "summary": {"covered_lines": 0, "num_statements": 3, "percent_covered": 0.0, "percent_covered_display": "0.0", "missing_lines": 3, "excluded_lines": 0, "num_branches": 0, "num_partial_branches": 0, "covered_branches": 0, "missing_branches": 0}, "missing_lines": [14, 15, 16], "excluded_lines": [], "executed_branches": [], "missing_branches": []}, "_http_ok": {"executed_lines": [], "summary": {"covered_lines": 0, "num_statements": 5, "percent_covered": 0.0, "percent_covered_display": "0.0", "missing_lines": 5, "excluded_lines": 0, "num_branches": 0, "num_partial_branches": 0, "covered_branches": 0, "missing_branches": 0}, "missing_lines": [20, 21, 22, 23, 24], "excluded_lines": [], "executed_branches": [], "missing_branches": []}, "check_health": {"executed_lines": [], "summary": {"covered_lines": 0, "num_statements": 6, "percent_covered": 0.0, "percent_covered_display": "0.0", "missing_lines": 6, "excluded_lines": 0, "num_branches": 4, "num_partial_branches": 0, "covered_branches": 0, "missing_branches": 4}, "missing_lines": [30, 31, 32, 33, 34, 35], "excluded_lines": [], "executed_branches": [], "missing_branches": [[31, 32], [31, 35], [32, 33], [32, 34]]}, "run_docker_smoke": {"executed_lines": [], "summary": {"covered_lines": 0, "num_statements": 6, "percent_covered": 0.0, "percent_covered_display": "0.0", "missing_lines": 6, "excluded_lines": 0, "num_branches": 2, "num_partial_branches": 0, "covered_branches": 0, "missing_branches": 2}, "missing_lines": [39, 40, 42, 43, 44, 46], "excluded_lines": [], "executed_branches": [], "missing_branches": [[43, 44], [43, 46]]}, "": {"executed_lines": [1, 3, 4, 5, 6, 9, 19, 27, 38], "summary": {"covered_lines": 9, "num_statements": 9, "percent_covered": 100.0, "percent_covered_display": "100.0", "missing_lines": 0, "excluded_lines": 0, "num_branches": 0, "num_partial_branches": 0, "covered_branches": 0, "missing_branches": 0}, "missing_lines": [], "excluded_lines": [], "executed_branches": [], "missing_branches": []}}, "classes": {"": {"executed_lines": [1, 3, 4, 5, 6, 9, 19, 27, 38], "summary": {"covered_lines": 9, "num_statements": 29, "percent_covered": 25.714285714285715, "percent_covered_display": "25.7", "missing_lines": 20, "excluded_lines": 0, "num_branches": 6, "num_partial_branches": 0, "covered_branches": 0, "missing_branches": 6}, "missing_lines": [14, 15, 16, 20, 21, 22, 23, 24, 30, 31, 32, 33, 34, 35, 39, 40, 42, 43, 44, 46], "excluded_lines": [], "executed_branches": [], "missing_branches": [[31, 32], [31, 35], [32, 33], [32, 34], [43, 44], [43, 46]]}}}, "firsttry/doctor.py": {"executed_lines": [2, 4, 5, 6, 7, 8, 9, 10, 11, 13, 16, 17, 18, 19, 20, 21, 24, 25, 26, 27, 28, 29, 30, 32, 36, 37, 39, 43, 44, 46, 56, 83, 117, 190, 217, 236, 245, 246, 247, 248, 249, 252, 253, 254, 255, 257, 260, 264, 284, 294], "summary": {"covered_lines": 48, "num_statements": 132, "percent_covered": 29.26829268292683, "percent_covered_display": "29.3", "missing_lines": 84, "excluded_lines": 0, "num_branches": 32, "num_partial_branches": 0, "covered_branches": 0, "missing_branches": 32}, "missing_lines": [33, 40, 47, 53, 66, 67, 68, 69, 75, 88, 126, 127, 131, 132, 133, 137, 138, 140, 141, 142, 143, 145, 146, 147, 148, 149, 150, 153, 154, 157, 158, 159, 160, 161, 162, 163, 165, 166, 167, 170, 171, 174, 175, 176, 179, 181, 192, 193, 194, 196, 197, 198, 199, 200, 201, 202, 204, 205, 206, 207, 209, 210, 211, 212, 214, 218, 237, 258, 261, 265, 266, 267, 268, 274, 280, 281, 285, 286, 287, 288, 289, 290, 291, 295], "excluded_lines": [], "executed_branches": [], "missing_branches": [[126, 127], [126, 131], [141, 142], [141, 143], [145, 146], [145, 165], [148, 149], [148, 157], [149, 150], [149, 154], [158, 159], [158, 161], [161, 162], [161, 174], [162, 161], [162, 163], [165, 166], [165, 174], [166, 167], [166, 171], [199, 200], [199, 204], [204, 205], [204, 209], [206, 207], [206, 209], [267, 268], [267, 280], [286, 287], [286, 289], [289, 290], [289, 291]], "functions": {"DoctorReport.summary_line": {"executed_lines": [], "summary": {"covered_lines": 0, "num_statements": 1, "percent_covered": 0.0, "percent_covered_display": "0.0", "missing_lines": 1, "excluded_lines": 0, "num_branches": 0, "num_partial_branches": 0, "covered_branches": 0, "missing_branches": 0}, "missing_lines": [33], "excluded_lines": [], "executed_branches": [], "missing_branches": []}, "Runner.run": {"executed_lines": [], "summary": {"covered_lines": 0, "num_statements": 1, "percent_covered": 0.0, "percent_covered_display": "0.0", "missing_lines": 1, "excluded_lines": 0, "num_branches": 0, "num_partial_branches": 0, "covered_branches": 0, "missing_branches": 0}, "missing_lines": [40], "excluded_lines": [], "executed_branches": [], "missing_branches": []}, "ShellRunner.run": {"executed_lines": [], "summary": {"covered_lines": 0, "num_statements": 2, "percent_covered": 0.0, "percent_covered_display": "0.0", "missing_lines": 2, "excluded_lines": 0, "num_branches": 0, "num_partial_branches": 0, "covered_branches": 0, "missing_branches": 0}, "missing_lines": [47, 53], "excluded_lines": [], "executed_branches": [], "missing_branches": []}, "_optional_check": {"executed_lines": [], "summary": {"covered_lines": 0, "num_statements": 5, "percent_covered": 0.0, "percent_covered_display": "0.0", "missing_lines": 5, "excluded_lines": 0, "num_branches": 0, "num_partial_branches": 0, "covered_branches": 0, "missing_branches": 0}, "missing_lines": [66, 67, 68, 69, 75], "excluded_lines": [], "executed_branches": [], "missing_branches": []}, "_build_check_specs": {"executed_lines": [], "summary": {"covered_lines": 0, "num_statements": 1, "percent_covered": 0.0, "percent_covered_display": "0.0", "missing_lines": 1, "excluded_lines": 0, "num_branches": 0, "num_partial_branches": 0, "covered_branches": 0, "missing_branches": 0}, "missing_lines": [88], "excluded_lines": [], "executed_branches": [], "missing_branches": []}, "gather_checks": {"executed_lines": [], "summary": {"covered_lines": 0, "num_statements": 33, "percent_covered": 0.0, "percent_covered_display": "0.0", "missing_lines": 33, "excluded_lines": 0, "num_branches": 18, "num_partial_branches": 0, "covered_branches": 0, "missing_branches": 18}, "missing_lines": [126, 127, 131, 132, 133, 137, 138, 140, 145, 146, 147, 148, 149, 150, 153, 154, 157, 158, 159, 160, 161, 162, 163, 165, 166, 167, 170, 171, 174, 175, 176, 179, 181], "excluded_lines": [], "executed_branches": [], "missing_branches": [[126, 127], [126, 131], [145, 146], [145, 165], [148, 149], [148, 157], [149, 150], [149, 154], [158, 159], [158, 161], [161, 162], [161, 174], [162, 161], [162, 163], [165, 166], [165, 174], [166, 167], [166, 171]]}, "gather_checks._should_skip": {"executed_lines": [], "summary": {"covered_lines": 0, "num_statements": 3, "percent_covered": 0.0, "percent_covered_display": "0.0", "missing_lines": 3, "excluded_lines": 0, "num_branches": 2, "num_partial_branches": 0, "covered_branches": 0, "missing_branches": 2}, "missing_lines": [141, 142, 143], "excluded_lines": [], "executed_branches": [], "missing_branches": [[141, 142], [141, 143]]}, "render_report_md": {"executed_lines": [], "summary": {"covered_lines": 0, "num_statements": 19, "percent_covered": 0.0, "percent_covered_display": "0.0", "missing_lines": 19, "excluded_lines": 0, "num_branches": 6, "num_partial_branches": 0, "covered_branches": 0, "missing_branches": 6}, "missing_lines": [192, 193, 194, 196, 197, 198, 199, 200, 201, 202, 204, 205, 206, 207, 209, 210, 211, 212, 214], "excluded_lines": [], "executed_branches": [], "missing_branches": [[199, 200], [199, 204], [204, 205], [204, 209], [206, 207], [206, 209]]}, "report_to_dict": {"executed_lines": [], "summary": {"covered_lines": 0, "num_statements": 1, "percent_covered": 0.0, "percent_covered_display": "0.0", "missing_lines": 1, "excluded_lines": 0, "num_branches": 0, "num_partial_branches": 0, "covered_branches": 0, "missing_branches": 0}, "missing_lines": [218], "excluded_lines": [], "executed_branches": [], "missing_branches": []}, "render_report_json": {"executed_lines": [], "summary": {"covered_lines": 0, "num_statements": 1, "percent_covered": 0.0, "percent_covered_display": "0.0", "missing_lines": 1, "excluded_lines": 0, "num_branches": 0, "num_partial_branches": 0, "covered_branches": 0, "missing_branches": 0}, "missing_lines": [237], "excluded_lines": [], "executed_branches": [], "missing_branches": []}, "SimpleDoctorReport.to_dict": {"executed_lines": [], "summary": {"covered_lines": 0, "num_statements": 1, "percent_covered": 0.0, "percent_covered_display": "0.0", "missing_lines": 1, "excluded_lines": 0, "num_branches": 0, "num_partial_branches": 0, "covered_branches": 0, "missing_branches": 0}, "missing_lines": [258], "excluded_lines": [], "executed_branches": [], "missing_branches": []}, "SimpleDoctorReport.to_json": {"executed_lines": [], "summary": {"covered_lines": 0, "num_statements": 1, "percent_covered": 0.0, "percent_covered_display": "0.0", "missing_lines": 1, "excluded_lines": 0, "num_branches": 0, "num_partial_branches": 0, "covered_branches": 0, "missing_branches": 0}, "missing_lines": [261], "excluded_lines": [], "executed_branches": [], "missing_branches": []}, "run_doctor_report": {"executed_lines": [], "summary": {"covered_lines": 0, "num_statements": 7, "percent_covered": 0.0, "percent_covered_display": "0.0", "missing_lines": 7, "excluded_lines": 0, "num_branches": 2, "num_partial_branches": 0, "covered_branches": 0, "missing_branches": 2}, "missing_lines": [265, 266, 267, 268, 274, 280, 281], "excluded_lines": [], "executed_branches": [], "missing_branches": [[267, 268], [267, 280]]}, "render_human": {"executed_lines": [], "summary": {"covered_lines": 0, "num_statements": 7, "percent_covered": 0.0, "percent_covered_display": "0.0", "missing_lines": 7, "excluded_lines": 0, "num_branches": 4, "num_partial_branches": 0, "covered_branches": 0, "missing_branches": 4}, "missing_lines": [285, 286, 287, 288, 289, 290, 291], "excluded_lines": [], "executed_branches": [], "missing_branches": [[286, 287], [286, 289], [289, 290], [289, 291]]}, "render_json": {"executed_lines": [], "summary": {"covered_lines": 0, "num_statements": 1, "percent_covered": 0.0, "percent_covered_display": "0.0", "missing_lines": 1, "excluded_lines": 0, "num_branches": 0, "num_partial_branches": 0, "covered_branches": 0, "missing_branches": 0}, "missing_lines": [295], "excluded_lines": [], "executed_branches": [], "missing_branches": []}, "": {"executed_lines": [2, 4, 5, 6, 7, 8, 9, 10, 11, 13, 16, 17, 18, 19, 20, 21, 24, 25, 26, 27, 28, 29, 30, 32, 36, 37, 39, 43, 44, 46, 56, 83, 117, 190, 217, 236, 245, 246, 247, 248, 249, 252, 253, 254, 255, 257, 260, 264, 284, 294], "summary": {"covered_lines": 48, "num_statements": 48, "percent_covered": 100.0, "percent_covered_display": "100.0", "missing_lines": 0, "excluded_lines": 0, "num_branches": 0, "num_partial_branches": 0, "covered_branches": 0, "missing_branches": 0}, "missing_lines": [], "excluded_lines": [], "executed_branches": [], "missing_branches": []}}, "classes": {"CheckResult": {"executed_lines": [], "summary": {"covered_lines": 0, "num_statements": 0, "percent_covered": 100.0, "percent_covered_display": "100.0", "missing_lines": 0, "excluded_lines": 0, "num_branches": 0, "num_partial_branches": 0, "covered_branches": 0, "missing_branches": 0}, "missing_lines": [], "excluded_lines": [], "executed_branches": [], "missing_branches": []}, "DoctorReport": {"executed_lines": [], "summary": {"covered_lines": 0, "num_statements": 1, "percent_covered": 0.0, "percent_covered_display": "0.0", "missing_lines": 1, "excluded_lines": 0, "num_branches": 0, "num_partial_branches": 0, "covered_branches": 0, "missing_branches": 0}, "missing_lines": [33], "excluded_lines": [], "executed_branches": [], "missing_branches": []}, "Runner": {"executed_lines": [], "summary": {"covered_lines": 0, "num_statements": 1, "percent_covered": 0.0, "percent_covered_display": "0.0", "missing_lines": 1, "excluded_lines": 0, "num_branches": 0, "num_partial_branches": 0, "covered_branches": 0, "missing_branches": 0}, "missing_lines": [40], "excluded_lines": [], "executed_branches": [], "missing_branches": []}, "ShellRunner": {"executed_lines": [], "summary": {"covered_lines": 0, "num_statements": 2, "percent_covered": 0.0, "percent_covered_display": "0.0", "missing_lines": 2, "excluded_lines": 0, "num_branches": 0, "num_partial_branches": 0, "covered_branches": 0, "missing_branches": 0}, "missing_lines": [47, 53], "excluded_lines": [], "executed_branches": [], "missing_branches": []}, "SimpleCheck": {"executed_lines": [], "summary": {"covered_lines": 0, "num_statements": 0, "percent_covered": 100.0, "percent_covered_display": "100.0", "missing_lines": 0, "excluded_lines": 0, "num_branches": 0, "num_partial_branches": 0, "covered_branches": 0, "missing_branches": 0}, "missing_lines": [], "excluded_lines": [], "executed_branches": [], "missing_branches": []}, "SimpleDoctorReport": {"executed_lines": [], "summary": {"covered_lines": 0, "num_statements": 2, "percent_covered": 0.0, "percent_covered_display": "0.0", "missing_lines": 2, "excluded_lines": 0, "num_branches": 0, "num_partial_branches": 0, "covered_branches": 0, "missing_branches": 0}, "missing_lines": [258, 261], "excluded_lines": [], "executed_branches": [], "missing_branches": []}, "": {"executed_lines": [2, 4, 5, 6, 7, 8, 9, 10, 11, 13, 16, 17, 18, 19, 20, 21, 24, 25, 26, 27, 28, 29, 30, 32, 36, 37, 39, 43, 44, 46, 56, 83, 117, 190, 217, 236, 245, 246, 247, 248, 249, 252, 253, 254, 255, 257, 260, 264, 284, 294], "summary": {"covered_lines": 48, "num_statements": 126, "percent_covered": 30.379746835443036, "percent_covered_display": "30.4", "missing_lines": 78, "excluded_lines": 0, "num_branches": 32, "num_partial_branches": 0, "covered_branches": 0, "missing_branches": 32}, "missing_lines": [66, 67, 68, 69, 75, 88, 126, 127, 131, 132, 133, 137, 138, 140, 141, 142, 143, 145, 146, 147, 148, 149, 150, 153, 154, 157, 158, 159, 160, 161, 162, 163, 165, 166, 167, 170, 171, 174, 175, 176, 179, 181, 192, 193, 194, 196, 197, 198, 199, 200, 201, 202, 204, 205, 206, 207, 209, 210, 211, 212, 214, 218, 237, 265, 266, 267, 268, 274, 280, 281, 285, 286, 287, 288, 289, 290, 291, 295], "excluded_lines": [], "executed_branches": [], "missing_branches": [[126, 127], [126, 131], [141, 142], [141, 143], [145, 146], [145, 165], [148, 149], [148, 157], [149, 150], [149, 154], [158, 159], [158, 161], [161, 162], [161, 174], [162, 161], [162, 163], [165, 166], [165, 174], [166, 167], [166, 171], [199, 200], [199, 204], [204, 205], [204, 209], [206, 207], [206, 209], [267, 268], [267, 280], [286, 287], [286, 289], [289, 290], [289, 291]]}}}, "firsttry/gates.py": {"executed_lines": [1, 3, 4, 5, 6, 7, 8, 9, 10, 11, 12, 15, 16, 17, 18, 19, 20, 22, 23, 24, 27, 63, 139, 144, 149, 158, 229, 313, 394, 463, 471, 482, 534, 537, 557, 603, 624, 641], "summary": {"covered_lines": 38, "num_statements": 185, "percent_covered": 16.033755274261605, "percent_covered_display": "16.0", "missing_lines": 147, "excluded_lines": 0, "num_branches": 52, "num_partial_branches": 0, "covered_branches": 0, "missing_branches": 52}, "missing_lines": [40, 41, 42, 44, 45, 46, 47, 48, 49, 51, 76, 77, 82, 83, 101, 103, 105, 106, 108, 109, 110, 112, 123, 141, 146, 155, 172, 173, 174, 175, 193, 194, 195, 196, 198, 200, 201, 202, 220, 221, 239, 240, 241, 258, 259, 260, 261, 279, 280, 281, 282, 283, 285, 286, 287, 304, 305, 323, 324, 341, 342, 343, 344, 361, 362, 363, 364, 365, 367, 368, 369, 385, 386, 403, 404, 405, 406, 424, 425, 426, 427, 428, 429, 430, 432, 433, 434, 450, 451, 491, 492, 494, 496, 497, 499, 500, 506, 507, 508, 509, 512, 523, 524, 525, 526, 529, 530, 545, 546, 548, 549, 550, 551, 552, 554, 567, 568, 569, 571, 572, 573, 575, 577, 578, 579, 580, 581, 582, 584, 586, 588, 589, 591, 592, 596, 600, 610, 611, 612, 613, 614, 615, 616, 630, 642, 643, 655], "excluded_lines": [], "executed_branches": [], "missing_branches": [[44, 45], [44, 46], [46, 47], [46, 48], [48, 49], [48, 51], [103, 105], [103, 123], [106, 108], [106, 112], [109, 110], [109, 112], [196, 198], [196, 220], [240, 241], [240, 258], [282, 283], [282, 304], [323, 324], [323, 341], [364, 365], [364, 385], [427, 428], [427, 429], [429, 430], [429, 450], [491, 492], [491, 494], [499, 500], [499, 529], [525, 499], [525, 526], [548, 549], [548, 554], [551, 548], [551, 552], [571, 572], [571, 575], [578, 579], [578, 586], [579, 580], [579, 581], [581, 582], [581, 584], [591, 592], [591, 596], [610, -603], [610, 611], [611, 610], [611, 612], [614, 615], [614, 616]], "functions": {"gate_result_to_dict": {"executed_lines": [], "summary": {"covered_lines": 0, "num_statements": 10, "percent_covered": 0.0, "percent_covered_display": "0.0", "missing_lines": 10, "excluded_lines": 0, "num_branches": 6, "num_partial_branches": 0, "covered_branches": 0, "missing_branches": 6}, "missing_lines": [40, 41, 42, 44, 45, 46, 47, 48, 49, 51], "excluded_lines": [], "executed_branches": [], "missing_branches": [[44, 45], [44, 46], [46, 47], [46, 48], [48, 49], [48, 51]]}, "_run_external": {"executed_lines": [], "summary": {"covered_lines": 0, "num_statements": 13, "percent_covered": 0.0, "percent_covered_display": "0.0", "missing_lines": 13, "excluded_lines": 0, "num_branches": 6, "num_partial_branches": 0, "covered_branches": 0, "missing_branches": 6}, "missing_lines": [76, 77, 82, 83, 101, 103, 105, 106, 108, 109, 110, 112, 123], "excluded_lines": [], "executed_branches": [], "missing_branches": [[103, 105], [103, 123], [106, 108], [106, 112], [109, 110], [109, 112]]}, "check_lint": {"executed_lines": [], "summary": {"covered_lines": 0, "num_statements": 1, "percent_covered": 0.0, "percent_covered_display": "0.0", "missing_lines": 1, "excluded_lines": 0, "num_branches": 0, "num_partial_branches": 0, "covered_branches": 0, "missing_branches": 0}, "missing_lines": [141], "excluded_lines": [], "executed_branches": [], "missing_branches": []}, "check_types": {"executed_lines": [], "summary": {"covered_lines": 0, "num_statements": 1, "percent_covered": 0.0, "percent_covered_display": "0.0", "missing_lines": 1, "excluded_lines": 0, "num_branches": 0, "num_partial_branches": 0, "covered_branches": 0, "missing_branches": 0}, "missing_lines": [146], "excluded_lines": [], "executed_branches": [], "missing_branches": []}, "check_tests": {"executed_lines": [], "summary": {"covered_lines": 0, "num_statements": 1, "percent_covered": 0.0, "percent_covered_display": "0.0", "missing_lines": 1, "excluded_lines": 0, "num_branches": 0, "num_partial_branches": 0, "covered_branches": 0, "missing_branches": 0}, "missing_lines": [155], "excluded_lines": [], "executed_branches": [], "missing_branches": []}, "check_sqlite_drift": {"executed_lines": [], "summary": {"covered_lines": 0, "num_statements": 14, "percent_covered": 0.0, "percent_covered_display": "0.0", "missing_lines": 14, "excluded_lines": 0, "num_branches": 2, "num_partial_branches": 0, "covered_branches": 0, "missing_branches": 2}, "missing_lines": [172, 173, 174, 175, 193, 194, 195, 196, 198, 200, 201, 202, 220, 221], "excluded_lines": [], "executed_branches": [], "missing_branches": [[196, 198], [196, 220]]}, "check_pg_drift": {"executed_lines": [], "summary": {"covered_lines": 0, "num_statements": 17, "percent_covered": 0.0, "percent_covered_display": "0.0", "missing_lines": 17, "excluded_lines": 0, "num_branches": 4, "num_partial_branches": 0, "covered_branches": 0, "missing_branches": 4}, "missing_lines": [239, 240, 241, 258, 259, 260, 261, 279, 280, 281, 282, 283, 285, 286, 287, 304, 305], "excluded_lines": [], "executed_branches": [], "missing_branches": [[240, 241], [240, 258], [282, 283], [282, 304]]}, "check_docker_smoke": {"executed_lines": [], "summary": {"covered_lines": 0, "num_statements": 16, "percent_covered": 0.0, "percent_covered_display": "0.0", "missing_lines": 16, "excluded_lines": 0, "num_branches": 4, "num_partial_branches": 0, "covered_branches": 0, "missing_branches": 4}, "missing_lines": [323, 324, 341, 342, 343, 344, 361, 362, 363, 364, 365, 367, 368, 369, 385, 386], "excluded_lines": [], "executed_branches": [], "missing_branches": [[323, 324], [323, 341], [364, 365], [364, 385]]}, "check_ci_mirror": {"executed_lines": [], "summary": {"covered_lines": 0, "num_statements": 16, "percent_covered": 0.0, "percent_covered_display": "0.0", "missing_lines": 16, "excluded_lines": 0, "num_branches": 4, "num_partial_branches": 0, "covered_branches": 0, "missing_branches": 4}, "missing_lines": [403, 404, 405, 406, 424, 425, 426, 427, 428, 429, 430, 432, 433, 434, 450, 451], "excluded_lines": [], "executed_branches": [], "missing_branches": [[427, 428], [427, 429], [429, 430], [429, 450]]}, "run_gate": {"executed_lines": [], "summary": {"covered_lines": 0, "num_statements": 18, "percent_covered": 0.0, "percent_covered_display": "0.0", "missing_lines": 18, "excluded_lines": 0, "num_branches": 6, "num_partial_branches": 0, "covered_branches": 0, "missing_branches": 6}, "missing_lines": [491, 492, 494, 496, 497, 499, 500, 506, 507, 508, 509, 512, 523, 524, 525, 526, 529, 530], "excluded_lines": [], "executed_branches": [], "missing_branches": [[491, 492], [491, 494], [499, 500], [499, 529], [525, 499], [525, 526]]}, "run_all_gates": {"executed_lines": [], "summary": {"covered_lines": 0, "num_statements": 8, "percent_covered": 0.0, "percent_covered_display": "0.0", "missing_lines": 8, "excluded_lines": 0, "num_branches": 4, "num_partial_branches": 0, "covered_branches": 0, "missing_branches": 4}, "missing_lines": [545, 546, 548, 549, 550, 551, 552, 554], "excluded_lines": [], "executed_branches": [], "missing_branches": [[548, 549], [548, 554], [551, 548], [551, 552]]}, "format_summary": {"executed_lines": [], "summary": {"covered_lines": 0, "num_statements": 21, "percent_covered": 0.0, "percent_covered_display": "0.0", "missing_lines": 21, "excluded_lines": 0, "num_branches": 10, "num_partial_branches": 0, "covered_branches": 0, "missing_branches": 10}, "missing_lines": [567, 568, 569, 571, 572, 573, 575, 577, 578, 579, 580, 581, 582, 584, 586, 588, 589, 591, 592, 596, 600], "excluded_lines": [], "executed_branches": [], "missing_branches": [[571, 572], [571, 575], [578, 579], [578, 586], [579, 580], [579, 581], [581, 582], [581, 584], [591, 592], [591, 596]]}, "print_verbose": {"executed_lines": [], "summary": {"covered_lines": 0, "num_statements": 7, "percent_covered": 0.0, "percent_covered_display": "0.0", "missing_lines": 7, "excluded_lines": 0, "num_branches": 6, "num_partial_branches": 0, "covered_branches": 0, "missing_branches": 6}, "missing_lines": [610, 611, 612, 613, 614, 615, 616], "excluded_lines": [], "executed_branches": [], "missing_branches": [[610, -603], [610, 611], [611, 610], [611, 612], [614, 615], [614, 616]]}, "run_pre_commit_gate": {"executed_lines": [], "summary": {"covered_lines": 0, "num_statements": 1, "percent_covered": 0.0, "percent_covered_display": "0.0", "missing_lines": 1, "excluded_lines": 0, "num_branches": 0, "num_partial_branches": 0, "covered_branches": 0, "missing_branches": 0}, "missing_lines": [630], "excluded_lines": [], "executed_branches": [], "missing_branches": []}, "run_pre_push_gate": {"executed_lines": [], "summary": {"covered_lines": 0, "num_statements": 3, "percent_covered": 0.0, "percent_covered_display": "0.0", "missing_lines": 3, "excluded_lines": 0, "num_branches": 0, "num_partial_branches": 0, "covered_branches": 0, "missing_branches": 0}, "missing_lines": [642, 643, 655], "excluded_lines": [], "executed_branches": [], "missing_branches": []}, "": {"executed_lines": [1, 3, 4, 5, 6, 7, 8, 9, 10, 11, 12, 15, 16, 17, 18, 19, 20, 22, 23, 24, 27, 63, 139, 144, 149, 158, 229, 313, 394, 463, 471, 482, 534, 537, 557, 603, 624, 641], "summary": {"covered_lines": 38, "num_statements": 38, "percent_covered": 100.0, "percent_covered_display": "100.0", "missing_lines": 0, "excluded_lines": 0, "num_branches": 0, "num_partial_branches": 0, "covered_branches": 0, "missing_branches": 0}, "missing_lines": [], "excluded_lines": [], "executed_branches": [], "missing_branches": []}}, "classes": {"GateResult": {"executed_lines": [], "summary": {"covered_lines": 0, "num_statements": 0, "percent_covered": 100.0, "percent_covered_display": "100.0", "missing_lines": 0, "excluded_lines": 0, "num_branches": 0, "num_partial_branches": 0, "covered_branches": 0, "missing_branches": 0}, "missing_lines": [], "excluded_lines": [], "executed_branches": [], "missing_branches": []}, "": {"executed_lines": [1, 3, 4, 5, 6, 7, 8, 9, 10, 11, 12, 15, 16, 17, 18, 19, 20, 22, 23, 24, 27, 63, 139, 144, 149, 158, 229, 313, 394, 463, 471, 482, 534, 537, 557, 603, 624, 641], "summary": {"covered_lines": 38, "num_statements": 185, "percent_covered": 16.033755274261605, "percent_covered_display": "16.0", "missing_lines": 147, "excluded_lines": 0, "num_branches": 52, "num_partial_branches": 0, "covered_branches": 0, "missing_branches": 52}, "missing_lines": [40, 41, 42, 44, 45, 46, 47, 48, 49, 51, 76, 77, 82, 83, 101, 103, 105, 106, 108, 109, 110, 112, 123, 141, 146, 155, 172, 173, 174, 175, 193, 194, 195, 196, 198, 200, 201, 202, 220, 221, 239, 240, 241, 258, 259, 260, 261, 279, 280, 281, 282, 283, 285, 286, 287, 304, 305, 323, 324, 341, 342, 343, 344, 361, 362, 363, 364, 365, 367, 368, 369, 385, 386, 403, 404, 405, 406, 424, 425, 426, 427, 428, 429, 430, 432, 433, 434, 450, 451, 491, 492, 494, 496, 497, 499, 500, 506, 507, 508, 509, 512, 523, 524, 525, 526, 529, 530, 545, 546, 548, 549, 550, 551, 552, 554, 567, 568, 569, 571, 572, 573, 575, 577, 578, 579, 580, 581, 582, 584, 586, 588, 589, 591, 592, 596, 600, 610, 611, 612, 613, 614, 615, 616, 630, 642, 643, 655], "excluded_lines": [], "executed_branches": [], "missing_branches": [[44, 45], [44, 46], [46, 47], [46, 48], [48, 49], [48, 51], [103, 105], [103, 123], [106, 108], [106, 112], [109, 110], [109, 112], [196, 198], [196, 220], [240, 241], [240, 258], [282, 283], [282, 304], [323, 324], [323, 341], [364, 365], [364, 385], [427, 428], [427, 429], [429, 430], [429, 450], [491, 492], [491, 494], [499, 500], [499, 529], [525, 499], [525, 526], [548, 549], [548, 554], [551, 548], [551, 552], [571, 572], [571, 575], [578, 579], [578, 586], [579, 580], [579, 581], [581, 582], [581, 584], [591, 592], [591, 596], [610, -603], [610, 611], [611, 610], [611, 612], [614, 615], [614, 616]]}}}, "firsttry/hooks.py": {"executed_lines": [1, 3, 4, 5, 6, 9, 22, 36, 46, 58, 67], "summary": {"covered_lines": 11, "num_statements": 30, "percent_covered": 36.666666666666664, "percent_covered_display": "36.7", "missing_lines": 19, "excluded_lines": 0, "num_branches": 0, "num_partial_branches": 0, "covered_branches": 0, "missing_branches": 0}, "missing_lines": [37, 38, 39, 40, 42, 43, 47, 48, 49, 50, 52, 53, 55, 62, 63, 64, 69, 70, 71], "excluded_lines": [], "executed_branches": [], "missing_branches": [], "functions": {"_write_executable": {"executed_lines": [], "summary": {"covered_lines": 0, "num_statements": 6, "percent_covered": 0.0, "percent_covered_display": "0.0", "missing_lines": 6, "excluded_lines": 0, "num_branches": 0, "num_partial_branches": 0, "covered_branches": 0, "missing_branches": 0}, "missing_lines": [37, 38, 39, 40, 42, 43], "excluded_lines": [], "executed_branches": [], "missing_branches": []}, "install_git_hooks": {"executed_lines": [], "summary": {"covered_lines": 0, "num_statements": 7, "percent_covered": 0.0, "percent_covered_display": "0.0", "missing_lines": 7, "excluded_lines": 0, "num_branches": 0, "num_partial_branches": 0, "covered_branches": 0, "missing_branches": 0}, "missing_lines": [47, 48, 49, 50, 52, 53, 55], "excluded_lines": [], "executed_branches": [], "missing_branches": []}, "install_pre_commit_hook": {"executed_lines": [], "summary": {"covered_lines": 0, "num_statements": 3, "percent_covered": 0.0, "percent_covered_display": "0.0", "missing_lines": 3, "excluded_lines": 0, "num_branches": 0, "num_partial_branches": 0, "covered_branches": 0, "missing_branches": 0}, "missing_lines": [62, 63, 64], "excluded_lines": [], "executed_branches": [], "missing_branches": []}, "install_pre_push_hook": {"executed_lines": [], "summary": {"covered_lines": 0, "num_statements": 3, "percent_covered": 0.0, "percent_covered_display": "0.0", "missing_lines": 3, "excluded_lines": 0, "num_branches": 0, "num_partial_branches": 0, "covered_branches": 0, "missing_branches": 0}, "missing_lines": [69, 70, 71], "excluded_lines": [], "executed_branches": [], "missing_branches": []}, "": {"executed_lines": [1, 3, 4, 5, 6, 9, 22, 36, 46, 58, 67], "summary": {"covered_lines": 11, "num_statements": 11, "percent_covered": 100.0, "percent_covered_display": "100.0", "missing_lines": 0, "excluded_lines": 0, "num_branches": 0, "num_partial_branches": 0, "covered_branches": 0, "missing_branches": 0}, "missing_lines": [], "excluded_lines": [], "executed_branches": [], "missing_branches": []}}, "classes": {"": {"executed_lines": [1, 3, 4, 5, 6, 9, 22, 36, 46, 58, 67], "summary": {"covered_lines": 11, "num_statements": 30, "percent_covered": 36.666666666666664, "percent_covered_display": "36.7", "missing_lines": 19, "excluded_lines": 0, "num_branches": 0, "num_partial_branches": 0, "covered_branches": 0, "missing_branches": 0}, "missing_lines": [37, 38, 39, 40, 42, 43, 47, 48, 49, 50, 52, 53, 55, 62, 63, 64, 69, 70, 71], "excluded_lines": [], "executed_branches": [], "missing_branches": []}}}, "firsttry/license.py": {"executed_lines": [2, 4, 5, 6, 7, 8, 9, 10, 11, 12, 15, 16, 18, 22, 23, 24, 25, 26, 27, 30, 33, 37, 49, 57, 85, 126, 129, 133, 141, 152, 163], "summary": {"covered_lines": 30, "num_statements": 75, "percent_covered": 32.967032967032964, "percent_covered_display": "33.0", "missing_lines": 45, "excluded_lines": 0, "num_branches": 16, "num_partial_branches": 0, "covered_branches": 0, "missing_branches": 16}, "missing_lines": [19, 34, 38, 39, 40, 41, 50, 51, 69, 74, 76, 82, 96, 97, 99, 101, 105, 106, 107, 108, 110, 111, 112, 115, 130, 136, 137, 138, 142, 148, 149, 158, 159, 160, 172, 174, 175, 181, 183, 184, 185, 188, 193, 194, 196], "excluded_lines": [], "executed_branches": [], "missing_branches": [[38, 39], [38, 40], [96, 97], [96, 99], [99, 101], [99, 105], [105, 106], [105, 110], [111, 112], [111, 115], [174, 175], [174, 181], [183, 184], [183, 188], [188, 193], [188, 196]], "functions": {"HTTPResponseLike.json": {"executed_lines": [], "summary": {"covered_lines": 0, "num_statements": 1, "percent_covered": 0.0, "percent_covered_display": "0.0", "missing_lines": 1, "excluded_lines": 0, "num_branches": 0, "num_partial_branches": 0, "covered_branches": 0, "missing_branches": 0}, "missing_lines": [19], "excluded_lines": [], "executed_branches": [], "missing_branches": []}, "_ensure_cache_parent": {"executed_lines": [], "summary": {"covered_lines": 0, "num_statements": 1, "percent_covered": 0.0, "percent_covered_display": "0.0", "missing_lines": 1, "excluded_lines": 0, "num_branches": 0, "num_partial_branches": 0, "covered_branches": 0, "missing_branches": 0}, "missing_lines": [34], "excluded_lines": [], "executed_branches": [], "missing_branches": []}, "load_cached_license": {"executed_lines": [], "summary": {"covered_lines": 0, "num_statements": 4, "percent_covered": 0.0, "percent_covered_display": "0.0", "missing_lines": 4, "excluded_lines": 0, "num_branches": 2, "num_partial_branches": 0, "covered_branches": 0, "missing_branches": 2}, "missing_lines": [38, 39, 40, 41], "excluded_lines": [], "executed_branches": [], "missing_branches": [[38, 39], [38, 40]]}, "save_cached_license": {"executed_lines": [], "summary": {"covered_lines": 0, "num_statements": 2, "percent_covered": 0.0, "percent_covered_display": "0.0", "missing_lines": 2, "excluded_lines": 0, "num_branches": 0, "num_partial_branches": 0, "covered_branches": 0, "missing_branches": 0}, "missing_lines": [50, 51], "excluded_lines": [], "executed_branches": [], "missing_branches": []}, "verify_with_server": {"executed_lines": [], "summary": {"covered_lines": 0, "num_statements": 4, "percent_covered": 0.0, "percent_covered_display": "0.0", "missing_lines": 4, "excluded_lines": 0, "num_branches": 0, "num_partial_branches": 0, "covered_branches": 0, "missing_branches": 0}, "missing_lines": [69, 74, 76, 82], "excluded_lines": [], "executed_branches": [], "missing_branches": []}, "verify_license": {"executed_lines": [], "summary": {"covered_lines": 0, "num_statements": 12, "percent_covered": 0.0, "percent_covered_display": "0.0", "missing_lines": 12, "excluded_lines": 0, "num_branches": 8, "num_partial_branches": 0, "covered_branches": 0, "missing_branches": 8}, "missing_lines": [96, 97, 99, 101, 105, 106, 107, 108, 110, 111, 112, 115], "excluded_lines": [], "executed_branches": [], "missing_branches": [[96, 97], [96, 99], [99, 101], [99, 105], [105, 106], [105, 110], [111, 112], [111, 115]]}, "_license_cache_path": {"executed_lines": [], "summary": {"covered_lines": 0, "num_statements": 1, "percent_covered": 0.0, "percent_covered_display": "0.0", "missing_lines": 1, "excluded_lines": 0, "num_branches": 0, "num_partial_branches": 0, "covered_branches": 0, "missing_branches": 0}, "missing_lines": [130], "excluded_lines": [], "executed_branches": [], "missing_branches": []}, "_sign_payload": {"executed_lines": [], "summary": {"covered_lines": 0, "num_statements": 3, "percent_covered": 0.0, "percent_covered_display": "0.0", "missing_lines": 3, "excluded_lines": 0, "num_branches": 0, "num_partial_branches": 0, "covered_branches": 0, "missing_branches": 0}, "missing_lines": [136, 137, 138], "excluded_lines": [], "executed_branches": [], "missing_branches": []}, "verify_sig": {"executed_lines": [], "summary": {"covered_lines": 0, "num_statements": 3, "percent_covered": 0.0, "percent_covered_display": "0.0", "missing_lines": 3, "excluded_lines": 0, "num_branches": 0, "num_partial_branches": 0, "covered_branches": 0, "missing_branches": 0}, "missing_lines": [142, 148, 149], "excluded_lines": [], "executed_branches": [], "missing_branches": []}, "build_license_payload": {"executed_lines": [], "summary": {"covered_lines": 0, "num_statements": 3, "percent_covered": 0.0, "percent_covered_display": "0.0", "missing_lines": 3, "excluded_lines": 0, "num_branches": 0, "num_partial_branches": 0, "covered_branches": 0, "missing_branches": 0}, "missing_lines": [158, 159, 160], "excluded_lines": [], "executed_branches": [], "missing_branches": []}, "require_license": {"executed_lines": [], "summary": {"covered_lines": 0, "num_statements": 11, "percent_covered": 0.0, "percent_covered_display": "0.0", "missing_lines": 11, "excluded_lines": 0, "num_branches": 6, "num_partial_branches": 0, "covered_branches": 0, "missing_branches": 6}, "missing_lines": [172, 174, 175, 181, 183, 184, 185, 188, 193, 194, 196], "excluded_lines": [], "executed_branches": [], "missing_branches": [[174, 175], [174, 181], [183, 184], [183, 188], [188, 193], [188, 196]]}, "": {"executed_lines": [2, 4, 5, 6, 7, 8, 9, 10, 11, 12, 15, 16, 18, 22, 23, 24, 25, 26, 27, 30, 33, 37, 49, 57, 85, 126, 129, 133, 141, 152, 163], "summary": {"covered_lines": 30, "num_statements": 30, "percent_covered": 100.0, "percent_covered_display": "100.0", "missing_lines": 0, "excluded_lines": 0, "num_branches": 0, "num_partial_branches": 0, "covered_branches": 0, "missing_branches": 0}, "missing_lines": [], "excluded_lines": [], "executed_branches": [], "missing_branches": []}}, "classes": {"HTTPResponseLike": {"executed_lines": [], "summary": {"covered_lines": 0, "num_statements": 1, "percent_covered": 0.0, "percent_covered_display": "0.0", "missing_lines": 1, "excluded_lines": 0, "num_branches": 0, "num_partial_branches": 0, "covered_branches": 0, "missing_branches": 0}, "missing_lines": [19], "excluded_lines": [], "executed_branches": [], "missing_branches": []}, "LicenseInfo": {"executed_lines": [], "summary": {"covered_lines": 0, "num_statements": 0, "percent_covered": 100.0, "percent_covered_display": "100.0", "missing_lines": 0, "excluded_lines": 0, "num_branches": 0, "num_partial_branches": 0, "covered_branches": 0, "missing_branches": 0}, "missing_lines": [], "excluded_lines": [], "executed_branches": [], "missing_branches": []}, "": {"executed_lines": [2, 4, 5, 6, 7, 8, 9, 10, 11, 12, 15, 16, 18, 22, 23, 24, 25, 26, 27, 30, 33, 37, 49, 57, 85, 126, 129, 133, 141, 152, 163], "summary": {"covered_lines": 30, "num_statements": 74, "percent_covered": 33.333333333333336, "percent_covered_display": "33.3", "missing_lines": 44, "excluded_lines": 0, "num_branches": 16, "num_partial_branches": 0, "covered_branches": 0, "missing_branches": 16}, "missing_lines": [34, 38, 39, 40, 41, 50, 51, 69, 74, 76, 82, 96, 97, 99, 101, 105, 106, 107, 108, 110, 111, 112, 115, 130, 136, 137, 138, 142, 148, 149, 158, 159, 160, 172, 174, 175, 181, 183, 184, 185, 188, 193, 194, 196], "excluded_lines": [], "executed_branches": [], "missing_branches": [[38, 39], [38, 40], [96, 97], [96, 99], [99, 101], [99, 105], [105, 106], [105, 110], [111, 112], [111, 115], [174, 175], [174, 181], [183, 184], [183, 188], [188, 193], [188, 196]]}}}, "firsttry/license_cache.py": {"executed_lines": [1, 2, 3, 4, 5, 6, 7, 8, 13, 14, 17, 18, 19, 20, 21, 22, 25, 29, 43, 58, 62, 75], "summary": {"covered_lines": 22, "num_statements": 48, "percent_covered": 42.30769230769231, "percent_covered_display": "42.3", "missing_lines": 26, "excluded_lines": 0, "num_branches": 4, "num_partial_branches": 0, "covered_branches": 0, "missing_branches": 4}, "missing_lines": [26, 30, 31, 32, 33, 39, 40, 44, 45, 59, 63, 64, 70, 71, 72, 82, 83, 84, 85, 87, 88, 89, 93, 95, 96, 97], "excluded_lines": [], "executed_branches": [], "missing_branches": [[84, 85], [84, 87], [88, 89], [88, 93]], "functions": {"_now": {"executed_lines": [], "summary": {"covered_lines": 0, "num_statements": 1, "percent_covered": 0.0, "percent_covered_display": "0.0", "missing_lines": 1, "excluded_lines": 0, "num_branches": 0, "num_partial_branches": 0, "covered_branches": 0, "missing_branches": 0}, "missing_lines": [26], "excluded_lines": [], "executed_branches": [], "missing_branches": []}, "load_cache": {"executed_lines": [], "summary": {"covered_lines": 0, "num_statements": 6, "percent_covered": 0.0, "percent_covered_display": "0.0", "missing_lines": 6, "excluded_lines": 0, "num_branches": 0, "num_partial_branches": 0, "covered_branches": 0, "missing_branches": 0}, "missing_lines": [30, 31, 32, 33, 39, 40], "excluded_lines": [], "executed_branches": [], "missing_branches": []}, "save_cache": {"executed_lines": [], "summary": {"covered_lines": 0, "num_statements": 2, "percent_covered": 0.0, "percent_covered_display": "0.0", "missing_lines": 2, "excluded_lines": 0, "num_branches": 0, "num_partial_branches": 0, "covered_branches": 0, "missing_branches": 0}, "missing_lines": [44, 45], "excluded_lines": [], "executed_branches": [], "missing_branches": []}, "is_fresh": {"executed_lines": [], "summary": {"covered_lines": 0, "num_statements": 1, "percent_covered": 0.0, "percent_covered_display": "0.0", "missing_lines": 1, "excluded_lines": 0, "num_branches": 0, "num_partial_branches": 0, "covered_branches": 0, "missing_branches": 0}, "missing_lines": [59], "excluded_lines": [], "executed_branches": [], "missing_branches": []}, "remote_verify": {"executed_lines": [], "summary": {"covered_lines": 0, "num_statements": 5, "percent_covered": 0.0, "percent_covered_display": "0.0", "missing_lines": 5, "excluded_lines": 0, "num_branches": 0, "num_partial_branches": 0, "covered_branches": 0, "missing_branches": 0}, "missing_lines": [63, 64, 70, 71, 72], "excluded_lines": [], "executed_branches": [], "missing_branches": []}, "assert_license": {"executed_lines": [], "summary": {"covered_lines": 0, "num_statements": 11, "percent_covered": 0.0, "percent_covered_display": "0.0", "missing_lines": 11, "excluded_lines": 0, "num_branches": 4, "num_partial_branches": 0, "covered_branches": 0, "missing_branches": 4}, "missing_lines": [82, 83, 84, 85, 87, 88, 89, 93, 95, 96, 97], "excluded_lines": [], "executed_branches": [], "missing_branches": [[84, 85], [84, 87], [88, 89], [88, 93]]}, "": {"executed_lines": [1, 2, 3, 4, 5, 6, 7, 8, 13, 14, 17, 18, 19, 20, 21, 22, 25, 29, 43, 58, 62, 75], "summary": {"covered_lines": 22, "num_statements": 22, "percent_covered": 100.0, "percent_covered_display": "100.0", "missing_lines": 0, "excluded_lines": 0, "num_branches": 0, "num_partial_branches": 0, "covered_branches": 0, "missing_branches": 0}, "missing_lines": [], "excluded_lines": [], "executed_branches": [], "missing_branches": []}}, "classes": {"CachedLicense": {"executed_lines": [], "summary": {"covered_lines": 0, "num_statements": 0, "percent_covered": 100.0, "percent_covered_display": "100.0", "missing_lines": 0, "excluded_lines": 0, "num_branches": 0, "num_partial_branches": 0, "covered_branches": 0, "missing_branches": 0}, "missing_lines": [], "excluded_lines": [], "executed_branches": [], "missing_branches": []}, "": {"executed_lines": [1, 2, 3, 4, 5, 6, 7, 8, 13, 14, 17, 18, 19, 20, 21, 22, 25, 29, 43, 58, 62, 75], "summary": {"covered_lines": 22, "num_statements": 48, "percent_covered": 42.30769230769231, "percent_covered_display": "42.3", "missing_lines": 26, "excluded_lines": 0, "num_branches": 4, "num_partial_branches": 0, "covered_branches": 0, "missing_branches": 4}, "missing_lines": [26, 30, 31, 32, 33, 39, 40, 44, 45, 59, 63, 64, 70, 71, 72, 82, 83, 84, 85, 87, 88, 89, 93, 95, 96, 97], "excluded_lines": [], "executed_branches": [], "missing_branches": [[84, 85], [84, 87], [88, 89], [88, 93]]}}}, "firsttry/mapper.py": {"executed_lines": [1, 3, 4, 7], "summary": {"covered_lines": 4, "num_statements": 18, "percent_covered": 14.285714285714286, "percent_covered_display": "14.3", "missing_lines": 14, "excluded_lines": 0, "num_branches": 10, "num_partial_branches": 0, "covered_branches": 0, "missing_branches": 10}, "missing_lines": [18, 20, 21, 22, 24, 25, 26, 28, 29, 30, 32, 33, 35, 36], "excluded_lines": [], "executed_branches": [], "missing_branches": [[20, 21], [20, 32], [21, 22], [21, 24], [25, 26], [25, 28], [29, 20], [29, 30], [32, 33], [32, 35]], "functions": {"guess_test_kexpr": {"executed_lines": [], "summary": {"covered_lines": 0, "num_statements": 14, "percent_covered": 0.0, "percent_covered_display": "0.0", "missing_lines": 14, "excluded_lines": 0, "num_branches": 10, "num_partial_branches": 0, "covered_branches": 0, "missing_branches": 10}, "missing_lines": [18, 20, 21, 22, 24, 25, 26, 28, 29, 30, 32, 33, 35, 36], "excluded_lines": [], "executed_branches": [], "missing_branches": [[20, 21], [20, 32], [21, 22], [21, 24], [25, 26], [25, 28], [29, 20], [29, 30], [32, 33], [32, 35]]}, "": {"executed_lines": [1, 3, 4, 7], "summary": {"covered_lines": 4, "num_statements": 4, "percent_covered": 100.0, "percent_covered_display": "100.0", "missing_lines": 0, "excluded_lines": 0, "num_branches": 0, "num_partial_branches": 0, "covered_branches": 0, "missing_branches": 0}, "missing_lines": [], "excluded_lines": [], "executed_branches": [], "missing_branches": []}}, "clas
[...]
: {"executed_lines": [1, 2, 3, 6], "summary": {"covered_lines": 4, "num_statements": 16, "percent_covered": 25.0, "percent_covered_display": "25.0", "missing_lines": 12, "excluded_lines": 0, "num_branches": 0, "num_partial_branches": 0, "covered_branches": 0, "missing_branches": 0}, "missing_lines": [8, 9, 11, 14, 15, 16, 17, 18, 19, 21, 22, 23], "excluded_lines": [], "executed_branches": [], "missing_branches": []}}}, "tools/firsttry/tests/test_cli_license_ok.py": {"executed_lines": [1, 2, 3, 6], "summary": {"covered_lines": 4, "num_statements": 15, "percent_covered": 26.666666666666668, "percent_covered_display": "26.7", "missing_lines": 11, "excluded_lines": 0, "num_branches": 0, "num_partial_branches": 0, "covered_branches": 0, "missing_branches": 0}, "missing_lines": [8, 13, 16, 17, 18, 19, 20, 21, 23, 24, 25], "excluded_lines": [], "executed_branches": [], "missing_branches": [], "functions": {"test_cli_runs_when_license_ok": {"executed_lines": [], "summary": {"covered_lines": 0, "num_statements": 11, "percent_covered": 0.0, "percent_covered_display": "0.0", "missing_lines": 11, "excluded_lines": 0, "num_branches": 0, "num_partial_branches": 0, "covered_branches": 0, "missing_branches": 0}, "missing_lines": [8, 13, 16, 17, 18, 19, 20, 21, 23, 24, 25], "excluded_lines": [], "executed_branches": [], "missing_branches": []}, "": {"executed_lines": [1, 2, 3, 6], "summary": {"covered_lines": 4, "num_statements": 4, "percent_covered": 100.0, "percent_covered_display": "100.0", "missing_lines": 0, "excluded_lines": 0, "num_branches": 0, "num_partial_branches": 0, "covered_branches": 0, "missing_branches": 0}, "missing_lines": [], "excluded_lines": [], "executed_branches": [], "missing_branches": []}}, "classes": {"": {"executed_lines": [1, 2, 3, 6], "summary": {"covered_lines": 4, "num_statements": 15, "percent_covered": 26.666666666666668, "percent_covered_display": "26.7", "missing_lines": 11, "excluded_lines": 0, "num_branches": 0, "num_partial_branches": 0, "covered_branches": 0, "missing_branches": 0}, "missing_lines": [8, 13, 16, 17, 18, 19, 20, 21, 23, 24, 25], "excluded_lines": [], "executed_branches": [], "missing_branches": []}}}, "tools/firsttry/tests/test_config.py": {"executed_lines": [1, 2, 5, 11], "summary": {"covered_lines": 4, "num_statements": 11, "percent_covered": 36.36363636363637, "percent_covered_display": "36.4", "missing_lines": 7, "excluded_lines": 0, "num_branches": 0, "num_partial_branches": 0, "covered_branches": 0, "missing_branches": 0}, "missing_lines": [6, 7, 8, 12, 15, 16, 17], "excluded_lines": [], "executed_branches": [], "missing_branches": [], "functions": {"test_defaults": {"executed_lines": [], "summary": {"covered_lines": 0, "num_statements": 3, "percent_covered": 0.0, "percent_covered_display": "0.0", "missing_lines": 3, "excluded_lines": 0, "num_branches": 0, "num_partial_branches": 0, "covered_branches": 0, "missing_branches": 0}, "missing_lines": [6, 7, 8], "excluded_lines": [], "executed_branches": [], "missing_branches": []}, "test_load_from_yaml": {"executed_lines": [], "summary": {"covered_lines": 0, "num_statements": 4, "percent_covered": 0.0, "percent_covered_display": "0.0", "missing_lines": 4, "excluded_lines": 0, "num_branches": 0, "num_partial_branches": 0, "covered_branches": 0, "missing_branches": 0}, "missing_lines": [12, 15, 16, 17], "excluded_lines": [], "executed_branches": [], "missing_branches": []}, "": {"executed_lines": [1, 2, 5, 11], "summary": {"covered_lines": 4, "num_statements": 4, "percent_covered": 100.0, "percent_covered_display": "100.0", "missing_lines": 0, "excluded_lines": 0, "num_branches": 0, "num_partial_branches": 0, "covered_branches": 0, "missing_branches": 0}, "missing_lines": [], "excluded_lines": [], "executed_branches": [], "missing_branches": []}}, "classes": {"": {"executed_lines": [1, 2, 5, 11], "summary": {"covered_lines": 4, "num_statements": 11, "percent_covered": 36.36363636363637, "percent_covered_display": "36.4", "missing_lines": 7, "excluded_lines": 0, "num_branches": 0, "num_partial_branches": 0, "covered_branches": 0, "missing_branches": 0}, "missing_lines": [6, 7, 8, 12, 15, 16, 17], "excluded_lines": [], "executed_branches": [], "missing_branches": []}}}, "tools/firsttry/tests/test_hooks.py": {"executed_lines": [1, 2, 5], "summary": {"covered_lines": 3, "num_statements": 9, "percent_covered": 33.333333333333336, "percent_covered_display": "33.3", "missing_lines": 6, "excluded_lines": 0, "num_branches": 0, "num_partial_branches": 0, "covered_branches": 0, "missing_branches": 0}, "missing_lines": [7, 8, 9, 10, 11, 12], "excluded_lines": [], "executed_branches": [], "missing_branches": [], "functions": {"test_install_pre_commit_hook": {"executed_lines": [], "summary": {"covered_lines": 0, "num_statements": 6, "percent_covered": 0.0, "percent_covered_display": "0.0", "missing_lines": 6, "excluded_lines": 0, "num_branches": 0, "num_partial_branches": 0, "covered_branches": 0, "missing_branches": 0}, "missing_lines": [7, 8, 9, 10, 11, 12], "excluded_lines": [], "executed_branches": [], "missing_branches": []}, "": {"executed_lines": [1, 2, 5], "summary": {"covered_lines": 3, "num_statements": 3, "percent_covered": 100.0, "percent_covered_display": "100.0", "missing_lines": 0, "excluded_lines": 0, "num_branches": 0, "num_partial_branches": 0, "covered_branches": 0, "missing_branches": 0}, "missing_lines": [], "excluded_lines": [], "executed_branches": [], "missing_branches": []}}, "classes": {"": {"executed_lines": [1, 2, 5], "summary": {"covered_lines": 3, "num_statements": 9, "percent_covered": 33.333333333333336, "percent_covered_display": "33.3", "missing_lines": 6, "excluded_lines": 0, "num_branches": 0, "num_partial_branches": 0, "covered_branches": 0, "missing_branches": 0}, "missing_lines": [7, 8, 9, 10, 11, 12], "excluded_lines": [], "executed_branches": [], "missing_branches": []}}}, "tools/firsttry/tests/test_license_cache.py": {"executed_lines": [1, 3, 12, 21, 28], "summary": {"covered_lines": 5, "num_statements": 27, "percent_covered": 18.51851851851852, "percent_covered_display": "18.5", "missing_lines": 22, "excluded_lines": 0, "num_branches": 0, "num_partial_branches": 0, "covered_branches": 0, "missing_branches": 0}, "missing_lines": [13, 14, 15, 16, 17, 18, 22, 23, 24, 25, 29, 30, 31, 34, 35, 36, 37, 39, 41, 42, 45, 46], "excluded_lines": [], "executed_branches": [], "missing_branches": [], "functions": {"test_cache_roundtrip": {"executed_lines": [], "summary": {"covered_lines": 0, "num_statements": 6, "percent_covered": 0.0, "percent_covered_display": "0.0", "missing_lines": 6, "excluded_lines": 0, "num_branches": 0, "num_partial_branches": 0, "covered_branches": 0, "missing_branches": 0}, "missing_lines": [13, 14, 15, 16, 17, 18], "excluded_lines": [], "executed_branches": [], "missing_branches": []}, "test_assert_license_missing_env": {"executed_lines": [], "summary": {"covered_lines": 0, "num_statements": 4, "percent_covered": 0.0, "percent_covered_display": "0.0", "missing_lines": 4, "excluded_lines": 0, "num_branches": 0, "num_partial_branches": 0, "covered_branches": 0, "missing_branches": 0}, "missing_lines": [22, 23, 24, 25], "excluded_lines": [], "executed_branches": [], "missing_branches": []}, "test_assert_license_uses_remote_then_cache": {"executed_lines": [], "summary": {"covered_lines": 0, "num_statements": 9, "percent_covered": 0.0, "percent_covered_display": "0.0", "missing_lines": 9, "excluded_lines": 0, "num_branches": 0, "num_partial_branches": 0, "covered_branches": 0, "missing_branches": 0}, "missing_lines": [29, 30, 31, 34, 39, 41, 42, 45, 46], "excluded_lines": [], "executed_branches": [], "missing_branches": []}, "test_assert_license_uses_remote_then_cache.fake_remote": {"executed_lines": [], "summary": {"covered_lines": 0, "num_statements": 3, "percent_covered": 0.0, "percent_covered_display": "0.0", "missing_lines": 3, "excluded_lines": 0, "num_branches": 0, "num_partial_branches": 0, "covered_branches": 0, "missing_branches": 0}, "missing_lines": [35, 36, 37], "excluded_lines": [], "executed_branches": [], "missing_branches": []}, "": {"executed_lines": [1, 3, 12, 21, 28], "summary": {"covered_lines": 5, "num_statements": 5, "percent_covered": 100.0, "percent_covered_display": "100.0", "missing_lines": 0, "excluded_lines": 0, "num_branches": 0, "num_partial_branches": 0, "covered_branches": 0, "missing_branches": 0}, "missing_lines": [], "excluded_lines": [], "executed_branches": [], "missing_branches": []}}, "classes": {"": {"executed_lines": [1, 3, 12, 21, 28], "summary": {"covered_lines": 5, "num_statements": 27, "percent_covered": 18.51851851851852, "percent_covered_display": "18.5", "missing_lines": 22, "excluded_lines": 0, "num_branches": 0, "num_partial_branches": 0, "covered_branches": 0, "missing_branches": 0}, "missing_lines": [13, 14, 15, 16, 17, 18, 22, 23, 24, 25, 29, 30, 31, 34, 35, 36, 37, 39, 41, 42, 45, 46], "excluded_lines": [], "executed_branches": [], "missing_branches": []}}}, "tools/firsttry/tests/test_mapper.py": {"executed_lines": [1, 4], "summary": {"covered_lines": 2, "num_statements": 4, "percent_covered": 50.0, "percent_covered_display": "50.0", "missing_lines": 2, "excluded_lines": 0, "num_branches": 0, "num_partial_branches": 0, "covered_branches": 0, "missing_branches": 0}, "missing_lines": [5, 8], "excluded_lines": [], "executed_branches": [], "missing_branches": [], "functions": {"test_guess_expr_from_changed": {"executed_lines": [], "summary": {"covered_lines": 0, "num_statements": 2, "percent_covered": 0.0, "percent_covered_display": "0.0", "missing_lines": 2, "excluded_lines": 0, "num_branches": 0, "num_partial_branches": 0, "covered_branches": 0, "missing_branches": 0}, "missing_lines": [5, 8], "excluded_lines": [], "executed_branches": [], "missing_branches": []}, "": {"executed_lines": [1, 4], "summary": {"covered_lines": 2, "num_statements": 2, "percent_covered": 100.0, "percent_covered_display": "100.0", "missing_lines": 0, "excluded_lines": 0, "num_branches": 0, "num_partial_branches": 0, "covered_branches": 0, "missing_branches": 0}, "missing_lines": [], "excluded_lines": [], "executed_branches": [], "missing_branches": []}}, "classes": {"": {"executed_lines": [1, 4], "summary": {"covered_lines": 2, "num_statements": 4, "percent_covered": 50.0, "percent_covered_display": "50.0", "missing_lines": 2, "excluded_lines": 0, "num_branches": 0, "num_partial_branches": 0, "covered_branches": 0, "missing_branches": 0}, "missing_lines": [5, 8], "excluded_lines": [], "executed_branches": [], "missing_branches": []}}}, "tools/firsttry/tests/test_runners.py": {"executed_lines": [1, 2, 3, 6, 17, 27], "summary": {"covered_lines": 6, "num_statements": 25, "percent_covered": 24.0, "percent_covered_display": "24.0", "missing_lines": 19, "excluded_lines": 0, "num_branches": 0, "num_partial_branches": 0, "covered_branches": 0, "missing_branches": 0}, "missing_lines": [7, 9, 10, 11, 12, 13, 14, 18, 20, 21, 22, 23, 24, 28, 29, 30, 34, 35, 36], "excluded_lines": [], "executed_branches": [], "missing_branches": [], "functions": {"test_parse_cobertura_line_rate": {"executed_lines": [], "summary": {"covered_lines": 0, "num_statements": 7, "percent_covered": 0.0, "percent_covered_display": "0.0", "missing_lines": 7, "excluded_lines": 0, "num_branches": 0, "num_partial_branches": 0, "covered_branches": 0, "missing_branches": 0}, "missing_lines": [7, 9, 10, 11, 12, 13, 14], "excluded_lines": [], "executed_branches": [], "missing_branches": []}, "test_coverage_gate_ok": {"executed_lines": [], "summary": {"covered_lines": 0, "num_statements": 6, "percent_covered": 0.0, "percent_covered_display": "0.0", "missing_lines": 6, "excluded_lines": 0, "num_branches": 0, "num_partial_branches": 0, "covered_branches": 0, "missing_branches": 0}, "missing_lines": [18, 20, 21, 22, 23, 24], "excluded_lines": [], "executed_branches": [], "missing_branches": []}, "test_exec_wrapper_monkeypatch": {"executed_lines": [], "summary": {"covered_lines": 0, "num_statements": 4, "percent_covered": 0.0, "percent_covered_display": "0.0", "missing_lines": 4, "excluded_lines": 0, "num_branches": 0, "num_partial_branches": 0, "covered_branches": 0, "missing_branches": 0}, "missing_lines": [28, 34, 35, 36], "excluded_lines": [], "executed_branches": [], "missing_branches": []}, "test_exec_wrapper_monkeypatch.fake_run": {"executed_lines": [], "summary": {"covered_lines": 0, "num_statements": 2, "percent_covered": 0.0, "percent_covered_display": "0.0", "missing_lines": 2, "excluded_lines": 0, "num_branches": 0, "num_partial_branches": 0, "covered_branches": 0, "missing_branches": 0}, "missing_lines": [29, 30], "excluded_lines": [], "executed_branches": [], "missing_branches": []}, "": {"executed_lines": [1, 2, 3, 6, 17, 27], "summary": {"covered_lines": 6, "num_statements": 6, "percent_covered": 100.0, "percent_covered_display": "100.0", "missing_lines": 0, "excluded_lines": 0, "num_branches": 0, "num_partial_branches": 0, "covered_branches": 0, "missing_branches": 0}, "missing_lines": [], "excluded_lines": [], "executed_branches": [], "missing_branches": []}}, "classes": {"": {"executed_lines": [1, 2, 3, 6, 17, 27], "summary": {"covered_lines": 6, "num_statements": 25, "percent_covered": 24.0, "percent_covered_display": "24.0", "missing_lines": 19, "excluded_lines": 0, "num_branches": 0, "num_partial_branches": 0, "covered_branches": 0, "missing_branches": 0}, "missing_lines": [7, 9, 10, 11, 12, 13, 14, 18, 20, 21, 22, 23, 24, 28, 29, 30, 34, 35, 36], "excluded_lines": [], "executed_branches": [], "missing_branches": []}}}, "tools/firsttry/tests/test_runners_extra.py": {"executed_lines": [1, 2, 5, 12, 21, 33], "summary": {"covered_lines": 6, "num_statements": 29, "percent_covered": 20.689655172413794, "percent_covered_display": "20.7", "missing_lines": 23, "excluded_lines": 0, "num_branches": 0, "num_partial_branches": 0, "covered_branches": 0, "missing_branches": 0}, "missing_lines": [6, 7, 8, 9, 13, 14, 15, 16, 17, 18, 22, 23, 27, 28, 29, 30, 34, 36, 37, 38, 40, 41, 42], "excluded_lines": [], "executed_branches": [], "missing_branches": [], "functions": {"test_coverage_gate_no_file": {"executed_lines": [], "summary": {"covered_lines": 0, "num_statements": 4, "percent_covered": 0.0, "percent_covered_display": "0.0", "missing_lines": 4, "excluded_lines": 0, "num_branches": 0, "num_partial_branches": 0, "covered_branches": 0, "missing_branches": 0}, "missing_lines": [6, 7, 8, 9], "excluded_lines": [], "executed_branches": [], "missing_branches": []}, "test_parse_cobertura_no_line_rate": {"executed_lines": [], "summary": {"covered_lines": 0, "num_statements": 6, "percent_covered": 0.0, "percent_covered_display": "0.0", "missing_lines": 6, "excluded_lines": 0, "num_branches": 0, "num_partial_branches": 0, "covered_branches": 0, "missing_branches": 0}, "missing_lines": [13, 14, 15, 16, 17, 18], "excluded_lines": [], "executed_branches": [], "missing_branches": []}, "test_run_black_check_failure": {"executed_lines": [], "summary": {"covered_lines": 0, "num_statements": 5, "percent_covered": 0.0, "percent_covered_display": "0.0", "missing_lines": 5, "excluded_lines": 0, "num_branches": 0, "num_partial_branches": 0, "covered_branches": 0, "missing_branches": 0}, "missing_lines": [22, 27, 28, 29, 30], "excluded_lines": [], "executed_branches": [], "missing_branches": []}, "test_run_black_check_failure.fake_run": {"executed_lines": [], "summary": {"covered_lines": 0, "num_statements": 1, "percent_covered": 0.0, "percent_covered_display": "0.0", "missing_lines": 1, "excluded_lines": 0, "num_branches": 0, "num_partial_branches": 0, "covered_branches": 0, "missing_branches": 0}, "missing_lines": [23], "excluded_lines": [], "executed_branches": [], "missing_branches": []}, "test_run_pytest_kexpr_builds_k": {"executed_lines": [], "summary": {"covered_lines": 0, "num_statements": 5, "percent_covered": 0.0, "percent_covered_display": "0.0", "missing_lines": 5, "excluded_lines": 0, "num_branches": 0, "num_partial_branches": 0, "covered_branches": 0, "missing_branches": 0}, "missing_lines": [34, 36, 40, 41, 42], "excluded_lines": [], "executed_branches": [], "missing_branches": []}, "test_run_pytest_kexpr_builds_k.fake_run": {"executed_lines": [], "summary": {"covered_lines": 0, "num_statements": 2, "percent_covered": 0.0, "percent_covered_display": "0.0", "missing_lines": 2, "excluded_lines": 0, "num_branches": 0, "num_partial_branches": 0, "covered_branches": 0, "missing_branches": 0}, "missing_lines": [37, 38], "excluded_lines": [], "executed_branches": [], "missing_branches": []}, "": {"executed_lines": [1, 2, 5, 12, 21, 33], "summary": {"covered_lines": 6, "num_statements": 6, "percent_covered": 100.0, "percent_covered_display": "100.0", "missing_lines": 0, "excluded_lines": 0, "num_branches": 0, "num_partial_branches": 0, "covered_branches": 0, "missing_branches": 0}, "missing_lines": [], "excluded_lines": [], "executed_branches": [], "missing_branches": []}}, "classes": {"": {"executed_lines": [1, 2, 5, 12, 21, 33], "summary": {"covered_lines": 6, "num_statements": 29, "percent_covered": 20.689655172413794, "percent_covered_display": "20.7", "missing_lines": 23, "excluded_lines": 0, "num_branches": 0, "num_partial_branches": 0, "covered_branches": 0, "missing_branches": 0}, "missing_lines": [6, 7, 8, 9, 13, 14, 15, 16, 17, 18, 22, 23, 27, 28, 29, 30, 34, 36, 37, 38, 40, 41, 42], "excluded_lines": [], "executed_branches": [], "missing_branches": []}}}, "tools/firsttry/tests/test_runners_monkeypatch_contract.py": {"executed_lines": [1, 8, 9, 10, 13], "summary": {"covered_lines": 4, "num_statements": 17, "percent_covered": 23.529411764705884, "percent_covered_display": "23.5", "missing_lines": 13, "excluded_lines": 0, "num_branches": 0, "num_partial_branches": 0, "covered_branches": 0, "missing_branches": 0}, "missing_lines": [25, 27, 29, 30, 31, 38, 41, 44, 45, 46, 47, 48, 49], "excluded_lines": [], "executed_branches": [], "missing_branches": [], "functions": {"test__exec_respects_runtime_monkeypatch": {"executed_lines": [], "summary": {"covered_lines": 0, "num_statements": 10, "percent_covered": 0.0, "percent_covered_display": "0.0", "missing_lines": 10, "excluded_lines": 0, "num_branches": 0, "num_partial_branches": 0, "covered_branches": 0, "missing_branches": 0}, "missing_lines": [25, 27, 38, 41, 44, 45, 46, 47, 48, 49], "excluded_lines": [], "executed_branches": [], "missing_branches": []}, "test__exec_respects_runtime_monkeypatch.fake_run": {"executed_lines": [], "summary": {"covered_lines": 0, "num_statements": 3, "percent_covered": 0.0, "percent_covered_display": "0.0", "missing_lines": 3, "excluded_lines": 0, "num_branches": 0, "num_partial_branches": 0, "covered_branches": 0, "missing_branches": 0}, "missing_lines": [29, 30, 31], "excluded_lines": [], "executed_branches": [], "missing_branches": []}, "": {"executed_lines": [1, 8, 9, 10, 13], "summary": {"covered_lines": 4, "num_statements": 4, "percent_covered": 100.0, "percent_covered_display": "100.0", "missing_lines": 0, "excluded_lines": 0, "num_branches": 0, "num_partial_branches": 0, "covered_branches": 0, "missing_branches": 0}, "missing_lines": [], "excluded_lines": [], "executed_branches": [], "missing_branches": []}}, "classes": {"": {"executed_lines": [1, 8, 9, 10, 13], "summary": {"covered_lines": 4, "num_statements": 17, "percent_covered": 23.529411764705884, "percent_covered_display": "23.5", "missing_lines": 13, "excluded_lines": 0, "num_branches": 0, "num_partial_branches": 0, "covered_branches": 0, "missing_branches": 0}, "missing_lines": [25, 27, 29, 30, 31, 38, 41, 44, 45, 46, 47, 48, 49], "excluded_lines": [], "executed_branches": [], "missing_branches": []}}}}, "totals": {"covered_lines": 455, "num_statements": 1926, "percent_covered": 18.38294448913918, "percent_covered_display": "18.4", "missing_lines": 1471, "excluded_lines": 7, "num_branches": 560, "num_partial_branches": 2, "covered_branches": 2, "missing_branches": 558}}