{"meta": {"format": 3, "version": "7.6.4", "timestamp": "2025-11-17T04:14:05.837646", "branch_coverage": false, "show_contexts": false}, "files": {"src/firsttry/__init__.py": {"executed_lines": [1, 11], "summary": {"covered_lines": 1, "num_statements": 1, "percent_covered": 100.0, "percent_covered_display": "100", "missing_lines": 0, "excluded_lines": 0}, "missing_lines": [], "excluded_lines": [], "functions": {"": {"executed_lines": [1, 11], "summary": {"covered_lines": 1, "num_statements": 1, "percent_covered": 100.0, "percent_covered_display": "100", "missing_lines": 0, "excluded_lines": 0}, "missing_lines": [], "excluded_lines": []}}, "classes": {"": {"executed_lines": [1, 11], "summary": {"covered_lines": 1, "num_statements": 1, "percent_covered": 100.0, "percent_covered_display": "100", "missing_lines": 0, "excluded_lines": 0}, "missing_lines": [], "excluded_lines": []}}}, "src/firsttry/__main__.py": {"executed_lines": [], "summary": {"covered_lines": 0, "num_statements": 4, "percent_covered": 0.0, "percent_covered_display": "0", "missing_lines": 4, "excluded_lines": 0}, "missing_lines": [2, 4, 6, 7], "excluded_lines": [], "functions": {"": {"executed_lines": [], "summary": {"covered_lines": 0, "num_statements": 4, "percent_covered": 0.0, "percent_covered_display": "0", "missing_lines": 4, "excluded_lines": 0}, "missing_lines": [2, 4, 6, 7], "excluded_lines": []}}, "classes": {"": {"executed_lines": [], "summary": {"covered_lines": 0, "num_statements": 4, "percent_covered": 0.0, "percent_covered_display": "0", "missing_lines": 4, "excluded_lines": 0}, "missing_lines": [2, 4, 6, 7], "excluded_lines": []}}}, "src/firsttry/_config_module.py": {"executed_lines": [1, 3, 16, 17, 18, 19, 21, 29], "summary": {"covered_lines": 8, "num_statements": 8, "percent_covered": 100.0, "percent_covered_display": "100", "missing_lines": 0, "excluded_lines": 0}, "missing_lines": [], "excluded_lines": [], "functions": {"": {"executed_lines": [1, 3, 16, 17, 18, 19, 21, 29], "summary": {"covered_lines": 8, "num_statements": 8, "percent_covered": 100.0, "percent_covered_display": "100", "missing_lines": 0, "excluded_lines": 0}, "missing_lines": [], "excluded_lines": []}}, "classes": {"": {"executed_lines": [1, 3, 16, 17, 18, 19, 21, 29], "summary": {"covered_lines": 8, "num_statements": 8, "percent_covered": 100.0, "percent_covered_display": "100", "missing_lines": 0, "excluded_lines": 0}, "missing_lines": [], "excluded_lines": []}}}, "src/firsttry/_original_config.py": {"executed_lines": [1, 3, 16, 17, 18, 19, 21, 29], "summary": {"covered_lines": 8, "num_statements": 8, "percent_covered": 100.0, "percent_covered_display": "100", "missing_lines": 0, "excluded_lines": 0}, "missing_lines": [], "excluded_lines": [], "functions": {"": {"executed_lines": [1, 3, 16, 17, 18, 19, 21, 29], "summary": {"covered_lines": 8, "num_statements": 8, "percent_covered": 100.0, "percent_covered_display": "100", "missing_lines": 0, "excluded_lines": 0}, "missing_lines": [], "excluded_lines": []}}, "classes": {"": {"executed_lines": [1, 3, 16, 17, 18, 19, 21, 29], "summary": {"covered_lines": 8, "num_statements": 8, "percent_covered": 100.0, "percent_covered_display": "100", "missing_lines": 0, "excluded_lines": 0}, "missing_lines": [], "excluded_lines": []}}}, "src/firsttry/agent_manager.py": {"executed_lines": [2, 4, 5, 7, 9, 20, 21, 22, 23, 26, 27, 28, 29, 30, 33, 34, 35, 36, 38, 39, 44, 45, 46, 47, 48, 57, 58, 59, 60, 61, 63, 64, 66, 67, 68, 69, 70, 73, 74, 75, 79, 80, 81, 83, 84, 85, 86, 89, 90, 97], "summary": {"covered_lines": 50, "num_statements": 57, "percent_covered": 87.71929824561404, "percent_covered_display": "88", "missing_lines": 7, "excluded_lines": 0}, "missing_lines": [76, 82, 92, 93, 94, 95, 96], "excluded_lines": [], "functions": {"SmartAgentManager.__init__": {"executed_lines": [35, 36], "summary": {"covered_lines": 2, "num_statements": 2, "percent_covered": 100.0, "percent_covered_display": "100", "missing_lines": 0, "excluded_lines": 0}, "missing_lines": [], "excluded_lines": []}, "SmartAgentManager.from_context": {"executed_lines": [44, 45, 46, 47, 48], "summary": {"covered_lines": 5, "num_statements": 5, "percent_covered": 100.0, "percent_covered_display": "100", "missing_lines": 0, "excluded_lines": 0}, "missing_lines": [], "excluded_lines": []}, "SmartAgentManager._compute_budget": {"executed_lines": [58, 59, 60, 61], "summary": {"covered_lines": 4, "num_statements": 4, "percent_covered": 100.0, "percent_covered_display": "100", "missing_lines": 0, "excluded_lines": 0}, "missing_lines": [], "excluded_lines": []}, "SmartAgentManager.allocate_for_plan": {"executed_lines": [64, 66, 67, 68, 69, 70, 73, 74, 75, 79, 80, 81, 83, 84, 85, 86, 89, 90, 97], "summary": {"covered_lines": 19, "num_statements": 26, "percent_covered": 73.07692307692308, "percent_covered_display": "73", "missing_lines": 7, "excluded_lines": 0}, "missing_lines": [76, 82, 92, 93, 94, 95, 96], "excluded_lines": []}, "": {"executed_lines": [2, 4, 5, 7, 9, 20, 21, 22, 23, 26, 27, 28, 29, 30, 33, 34, 38, 39, 57, 63], "summary": {"covered_lines": 20, "num_statements": 20, "percent_covered": 100.0, "percent_covered_display": "100", "missing_lines": 0, "excluded_lines": 0}, "missing_lines": [], "excluded_lines": []}}, "classes": {"MachineFacts": {"executed_lines": [], "summary": {"covered_lines": 0, "num_statements": 0, "percent_covered": 100.0, "percent_covered_display": "100", "missing_lines": 0, "excluded_lines": 0}, "missing_lines": [], "excluded_lines": []}, "RepoFacts": {"executed_lines": [], "summary": {"covered_lines": 0, "num_statements": 0, "percent_covered": 100.0, "percent_covered_display": "100", "missing_lines": 0, "excluded_lines": 0}, "missing_lines": [], "excluded_lines": []}, "SmartAgentManager": {"executed_lines": [35, 36, 44, 45, 46, 47, 48, 58, 59, 60, 61, 64, 66, 67, 68, 69, 70, 73, 74, 75, 79, 80, 81, 83, 84, 85, 86, 89, 90, 97], "summary": {"covered_lines": 30, "num_statements": 37, "percent_covered": 81.08108108108108, "percent_covered_display": "81", "missing_lines": 7, "excluded_lines": 0}, "missing_lines": [76, 82, 92, 93, 94, 95, 96], "excluded_lines": []}, "": {"executed_lines": [2, 4, 5, 7, 9, 20, 21, 22, 23, 26, 27, 28, 29, 30, 33, 34, 38, 39, 57, 63], "summary": {"covered_lines": 20, "num_statements": 20, "percent_covered": 100.0, "percent_covered_display": "100", "missing_lines": 0, "excluded_lines": 0}, "missing_lines": [], "excluded_lines": []}}}, "src/firsttry/cache.py": {"executed_lines": [1, 3, 4, 5, 6, 7, 8, 9, 11, 12, 13, 16, 19, 20, 23, 24, 27, 28, 31, 38, 39, 40, 43, 51, 53, 54, 56, 57, 58, 59, 60, 65, 67, 68, 69, 70, 73, 75, 76, 77, 78, 81, 90, 105, 113, 120, 133, 154, 160, 171, 177, 182, 183, 184, 186, 187, 189, 192, 193, 194, 203, 230, 254, 276, 285], "summary": {"covered_lines": 65, "num_statements": 146, "percent_covered": 44.52054794520548, "percent_covered_display": "45", "missing_lines": 81, "excluded_lines": 0}, "missing_lines": [61, 62, 66, 83, 84, 85, 86, 87, 92, 93, 94, 95, 96, 97, 98, 99, 101, 102, 107, 108, 109, 110, 115, 116, 117, 126, 127, 128, 129, 130, 141, 142, 143, 147, 148, 149, 150, 155, 156, 157, 161, 162, 163, 164, 165, 166, 168, 172, 173, 174, 185, 188, 205, 206, 207, 209, 210, 212, 214, 215, 216, 224, 225, 227, 232, 233, 234, 236, 251, 267, 268, 273, 278, 279, 280, 281, 282, 287, 288, 289, 290], "excluded_lines": [], "functions": {"_ensure_dir": {"executed_lines": [28], "summary": {"covered_lines": 1, "num_statements": 1, "percent_covered": 100.0, "percent_covered_display": "100", "missing_lines": 0, "excluded_lines": 0}, "missing_lines": [], "excluded_lines": []}, "_get_cache_file_path": {"executed_lines": [38, 39, 40], "summary": {"covered_lines": 3, "num_statements": 3, "percent_covered": 100.0, "percent_covered_display": "100", "missing_lines": 0, "excluded_lines": 0}, "missing_lines": [], "excluded_lines": []}, "load_cache": {"executed_lines": [51, 53, 54, 56, 57, 58, 59, 60, 65, 67, 68, 69, 70], "summary": {"covered_lines": 13, "num_statements": 16, "percent_covered": 81.25, "percent_covered_display": "81", "missing_lines": 3, "excluded_lines": 0}, "missing_lines": [61, 62, 66], "excluded_lines": []}, "save_cache": {"executed_lines": [75, 76, 77, 78], "summary": {"covered_lines": 4, "num_statements": 4, "percent_covered": 100.0, "percent_covered_display": "100", "missing_lines": 0, "excluded_lines": 0}, "missing_lines": [], "excluded_lines": []}, "sha256_file": {"executed_lines": [], "summary": {"covered_lines": 0, "num_statements": 5, "percent_covered": 0.0, "percent_covered_display": "0", "missing_lines": 5, "excluded_lines": 0}, "missing_lines": [83, 84, 85, 86, 87], "excluded_lines": []}, "sha256_of_paths": {"executed_lines": [], "summary": {"covered_lines": 0, "num_statements": 10, "percent_covered": 0.0, "percent_covered_display": "0", "missing_lines": 10, "excluded_lines": 0}, "missing_lines": [92, 93, 94, 95, 96, 97, 98, 99, 101, 102], "excluded_lines": []}, "get_repo_cache": {"executed_lines": [], "summary": {"covered_lines": 0, "num_statements": 4, "percent_covered": 0.0, "percent_covered_display": "0", "missing_lines": 4, "excluded_lines": 0}, "missing_lines": [107, 108, 109, 110], "excluded_lines": []}, "update_repo_cache": {"executed_lines": [], "summary": {"covered_lines": 0, "num_statements": 3, "percent_covered": 0.0, "percent_covered_display": "0", "missing_lines": 3, "excluded_lines": 0}, "missing_lines": [115, 116, 117], "excluded_lines": []}, "is_tool_cache_valid": {"executed_lines": [], "summary": {"covered_lines": 0, "num_statements": 5, "percent_covered": 0.0, "percent_covered_display": "0", "missing_lines": 5, "excluded_lines": 0}, "missing_lines": [126, 127, 128, 129, 130], "excluded_lines": []}, "write_tool_cache": {"executed_lines": [], "summary": {"covered_lines": 0, "num_statements": 7, "percent_covered": 0.0, "percent_covered_display": "0", "missing_lines": 7, "excluded_lines": 0}, "missing_lines": [141, 142, 143, 147, 148, 149, 150], "excluded_lines": []}, "_cache_file": {"executed_lines": [], "summary": {"covered_lines": 0, "num_statements": 3, "percent_covered": 0.0, "percent_covered_display": "0", "missing_lines": 3, "excluded_lines": 0}, "missing_lines": [155, 156, 157], "excluded_lines": []}, "load_cache_legacy": {"executed_lines": [], "summary": {"covered_lines": 0, "num_statements": 7, "percent_covered": 0.0, "percent_covered_display": "0", "missing_lines": 7, "excluded_lines": 0}, "missing_lines": [161, 162, 163, 164, 165, 166, 168], "excluded_lines": []}, "save_cache_legacy": {"executed_lines": [], "summary": {"covered_lines": 0, "num_statements": 3, "percent_covered": 0.0, "percent_covered_display": "0", "missing_lines": 3, "excluded_lines": 0}, "missing_lines": [172, 173, 174], "excluded_lines": []}, "should_skip_gate": {"executed_lines": [182, 183, 184, 186, 187, 189], "summary": {"covered_lines": 6, "num_statements": 8, "percent_covered": 75.0, "percent_covered_display": "75", "missing_lines": 2, "excluded_lines": 0}, "missing_lines": [185, 188], "excluded_lines": []}, "update_gate_cache": {"executed_lines": [193, 194], "summary": {"covered_lines": 2, "num_statements": 2, "percent_covered": 100.0, "percent_covered_display": "100", "missing_lines": 0, "excluded_lines": 0}, "missing_lines": [], "excluded_lines": []}, "load_tool_cache_entry": {"executed_lines": [], "summary": {"covered_lines": 0, "num_statements": 12, "percent_covered": 0.0, "percent_covered_display": "0", "missing_lines": 12, "excluded_lines": 0}, "missing_lines": [205, 206, 207, 209, 210, 212, 214, 215, 216, 224, 225, 227], "excluded_lines": []}, "save_tool_cache_entry": {"executed_lines": [], "summary": {"covered_lines": 0, "num_statements": 5, "percent_covered": 0.0, "percent_covered_display": "0", "missing_lines": 5, "excluded_lines": 0}, "missing_lines": [232, 233, 234, 236, 251], "excluded_lines": []}, "is_tool_cache_valid_fast": {"executed_lines": [], "summary": {"covered_lines": 0, "num_statements": 3, "percent_covered": 0.0, "percent_covered_display": "0", "missing_lines": 3, "excluded_lines": 0}, "missing_lines": [267, 268, 273], "excluded_lines": []}, "invalidate_tool_cache": {"executed_lines": [], "summary": {"covered_lines": 0, "num_statements": 5, "percent_covered": 0.0, "percent_covered_display": "0", "missing_lines": 5, "excluded_lines": 0}, "missing_lines": [278, 279, 280, 281, 282], "excluded_lines": []}, "clear_repo_cache": {"executed_lines": [], "summary": {"covered_lines": 0, "num_statements": 4, "percent_covered": 0.0, "percent_covered_display": "0", "missing_lines": 4, "excluded_lines": 0}, "missing_lines": [287, 288, 289, 290], "excluded_lines": []}, "": {"executed_lines": [1, 3, 4, 5, 6, 7, 8, 9, 11, 12, 13, 16, 19, 20, 23, 24, 27, 31, 43, 73, 81, 90, 105, 113, 120, 133, 154, 160, 171, 177, 192, 203, 230, 254, 276, 285], "summary": {"covered_lines": 36, "num_statements": 36, "percent_covered": 100.0, "percent_covered_display": "100", "missing_lines": 0, "excluded_lines": 0}, "missing_lines": [], "excluded_lines": []}}, "classes": {"": {"executed_lines": [1, 3, 4, 5, 6, 7, 8, 9, 11, 12, 13, 16, 19, 20, 23, 24, 27, 28, 31, 38, 39, 40, 43, 51, 53, 54, 56, 57, 58, 59, 60, 65, 67, 68, 69, 70, 73, 75, 76, 77, 78, 81, 90, 105, 113, 120, 133, 154, 160, 171, 177, 182, 183, 184, 186, 187, 189, 192, 193, 194, 203, 230, 254, 276, 285], "summary": {"covered_lines": 65, "num_statements": 146, "percent_covered": 44.52054794520548, "percent_covered_display": "45", "missing_lines": 81, "excluded_lines": 0}, "missing_lines": [61, 62, 66, 83, 84, 85, 86, 87, 92, 93, 94, 95, 96, 97, 98, 99, 101, 102, 107, 108, 109, 110, 115, 116, 117, 126, 127, 128, 129, 130, 141, 142, 143, 147, 148, 149, 150, 155, 156, 157, 161, 162, 163, 164, 165, 166, 168, 172, 173, 174, 185, 188, 205, 206, 207, 209, 210, 212, 214, 215, 216, 224, 225, 227, 232, 233, 234, 236, 251, 267, 268, 273, 278, 279, 280, 281, 282, 287, 288, 289, 290], "excluded_lines": []}}}, "src/firsttry/cache/__init__.py": {"executed_lines": [1, 13, 15, 16, 17, 23, 24, 25, 26, 27, 28, 32, 33, 34, 35, 39, 41, 44, 45, 46, 47, 49, 50, 51, 57], "summary": {"covered_lines": 24, "num_statements": 42, "percent_covered": 57.142857142857146, "percent_covered_display": "57", "missing_lines": 18, "excluded_lines": 2}, "missing_lines": [48, 52, 54, 58, 59, 60, 62, 66, 67, 68, 69, 70, 71, 72, 79, 80, 81, 82], "excluded_lines": [36, 37], "functions": {"load_cache": {"executed_lines": [], "summary": {"covered_lines": 0, "num_statements": 1, "percent_covered": 0.0, "percent_covered_display": "0", "missing_lines": 1, "excluded_lines": 0}, "missing_lines": [66], "excluded_lines": []}, "save_cache": {"executed_lines": [], "summary": {"covered_lines": 0, "num_statements": 1, "percent_covered": 0.0, "percent_covered_display": "0", "missing_lines": 1, "excluded_lines": 0}, "missing_lines": [67], "excluded_lines": []}, "load_cache_legacy": {"executed_lines": [], "summary": {"covered_lines": 0, "num_statements": 1, "percent_covered": 0.0, "percent_covered_display": "0", "missing_lines": 1, "excluded_lines": 0}, "missing_lines": [68], "excluded_lines": []}, "save_cache_legacy": {"executed_lines": [], "summary": {"covered_lines": 0, "num_statements": 1, "percent_covered": 0.0, "percent_covered_display": "0", "missing_lines": 1, "excluded_lines": 0}, "missing_lines": [69], "excluded_lines": []}, "sha256_of_paths": {"executed_lines": [], "summary": {"covered_lines": 0, "num_statements": 1, "percent_covered": 0.0, "percent_covered_display": "0", "missing_lines": 1, "excluded_lines": 0}, "missing_lines": [70], "excluded_lines": []}, "is_tool_cache_valid": {"executed_lines": [], "summary": {"covered_lines": 0, "num_statements": 1, "percent_covered": 0.0, "percent_covered_display": "0", "missing_lines": 1, "excluded_lines": 0}, "missing_lines": [71], "excluded_lines": []}, "write_tool_cache": {"executed_lines": [], "summary": {"covered_lines": 0, "num_statements": 0, "percent_covered": 100.0, "percent_covered_display": "100", "missing_lines": 0, "excluded_lines": 0}, "missing_lines": [], "excluded_lines": []}, "load_tool_cache_entry": {"executed_lines": [], "summary": {"covered_lines": 0, "num_statements": 1, "percent_covered": 0.0, "percent_covered_display": "0", "missing_lines": 1, "excluded_lines": 0}, "missing_lines": [79], "excluded_lines": []}, "save_tool_cache_entry": {"executed_lines": [], "summary": {"covered_lines": 0, "num_statements": 1, "percent_covered": 0.0, "percent_covered_display": "0", "missing_lines": 1, "excluded_lines": 0}, "missing_lines": [80], "excluded_lines": []}, "should_skip_gate": {"executed_lines": [], "summary": {"covered_lines": 0, "num_statements": 1, "percent_covered": 0.0, "percent_covered_display": "0", "missing_lines": 1, "excluded_lines": 0}, "missing_lines": [81], "excluded_lines": []}, "update_gate_cache": {"executed_lines": [], "summary": {"covered_lines": 0, "num_statements": 1, "percent_covered": 0.0, "percent_covered_display": "0", "missing_lines": 1, "excluded_lines": 0}, "missing_lines": [82], "excluded_lines": []}, "": {"executed_lines": [1, 13, 15, 16, 17, 23, 24, 25, 26, 27, 28, 32, 33, 34, 35, 39, 41, 44, 45, 46, 47, 49, 50, 51, 57], "summary": {"covered_lines": 24, "num_statements": 32, "percent_covered": 75.0, "percent_covered_display": "75", "missing_lines": 8, "excluded_lines": 2}, "missing_lines": [48, 52, 54, 58, 59, 60, 62, 72], "excluded_lines": [36, 37]}}, "classes": {"": {"executed_lines": [1, 13, 15, 16, 17, 23, 24, 25, 26, 27, 28, 32, 33, 34, 35, 39, 41, 44, 45, 46, 47, 49, 50, 51, 57], "summary": {"covered_lines": 24, "num_statements": 42, "percent_covered": 57.142857142857146, "percent_covered_display": "57", "missing_lines": 18, "excluded_lines": 2}, "missing_lines": [48, 52, 54, 58, 59, 60, 62, 66, 67, 68, 69, 70, 71, 72, 79, 80, 81, 82], "excluded_lines": [36, 37]}}}, "src/firsttry/cache/base.py": {"executed_lines": [1, 3, 4, 5, 6, 9, 10, 13, 14, 15, 18, 19, 21, 22, 25, 26], "summary": {"covered_lines": 15, "num_statements": 17, "percent_covered": 88.23529411764706, "percent_covered_display": "88", "missing_lines": 2, "excluded_lines": 0}, "missing_lines": [23, 27], "excluded_lines": [], "functions": {"BaseCache.get": {"executed_lines": [], "summary": {"covered_lines": 0, "num_statements": 1, "percent_covered": 0.0, "percent_covered_display": "0", "missing_lines": 1, "excluded_lines": 0}, "missing_lines": [23], "excluded_lines": []}, "BaseCache.put": {"executed_lines": [], "summary": {"covered_lines": 0, "num_statements": 1, "percent_covered": 0.0, "percent_covered_display": "0", "missing_lines": 1, "excluded_lines": 0}, "missing_lines": [27], "excluded_lines": []}, "": {"executed_lines": [1, 3, 4, 5, 6, 9, 10, 13, 14, 15, 18, 19, 21, 22, 25, 26], "summary": {"covered_lines": 15, "num_statements": 15, "percent_covered": 100.0, "percent_covered_display": "100", "missing_lines": 0, "excluded_lines": 0}, "missing_lines": [], "excluded_lines": []}}, "classes": {"CacheHit": {"executed_lines": [], "summary": {"covered_lines": 0, "num_statements": 0, "percent_covered": 100.0, "percent_covered_display": "100", "missing_lines": 0, "excluded_lines": 0}, "missing_lines": [], "excluded_lines": []}, "BaseCache": {"executed_lines": [], "summary": {"covered_lines": 0, "num_statements": 2, "percent_covered": 0.0, "percent_covered_display": "0", "missing_lines": 2, "excluded_lines": 0}, "missing_lines": [23, 27], "excluded_lines": []}, "": {"executed_lines": [1, 3, 4, 5, 6, 9, 10, 13, 14, 15, 18, 19, 21, 22, 25, 26], "summary": {"covered_lines": 15, "num_statements": 15, "percent_covered": 100.0, "percent_covered_display": "100", "missing_lines": 0, "excluded_lines": 0}, "missing_lines": [], "excluded_lines": []}}}, "src/firsttry/cache/local.py": {"executed_lines": [1, 3, 4, 5, 6, 8, 9, 12, 13, 17, 18, 19, 20, 22, 24, 25, 26, 27, 29, 30, 31, 32, 33, 34, 36, 37, 45, 46, 47, 53, 54, 56, 58, 63, 64], "summary": {"covered_lines": 34, "num_statements": 41, "percent_covered": 82.92682926829268, "percent_covered_display": "83", "missing_lines": 7, "excluded_lines": 0}, "missing_lines": [42, 43, 65, 66, 67, 68, 69], "excluded_lines": [], "functions": {"LocalCache.__init__": {"executed_lines": [18, 19, 20], "summary": {"covered_lines": 3, "num_statements": 3, "percent_covered": 100.0, "percent_covered_display": "100", "missing_lines": 0, "excluded_lines": 0}, "missing_lines": [], "excluded_lines": []}, "LocalCache._path_for": {"executed_lines": [24, 25, 26, 27], "summary": {"covered_lines": 4, "num_statements": 4, "percent_covered": 100.0, "percent_covered_display": "100", "missing_lines": 0, "excluded_lines": 0}, "missing_lines": [], "excluded_lines": []}, "LocalCache.get": {"executed_lines": [30, 31, 32, 33, 34, 36, 37], "summary": {"covered_lines": 7, "num_statements": 9, "percent_covered": 77.77777777777777, "percent_covered_display": "78", "missing_lines": 2, "excluded_lines": 0}, "missing_lines": [42, 43], "excluded_lines": []}, "LocalCache.put": {"executed_lines": [46, 47, 53, 54], "summary": {"covered_lines": 4, "num_statements": 4, "percent_covered": 100.0, "percent_covered_display": "100", "missing_lines": 0, "excluded_lines": 0}, "missing_lines": [], "excluded_lines": []}, "LocalCache._maybe_evict": {"executed_lines": [58, 63, 64], "summary": {"covered_lines": 3, "num_statements": 8, "percent_covered": 37.5, "percent_covered_display": "38", "missing_lines": 5, "excluded_lines": 0}, "missing_lines": [65, 66, 67, 68, 69], "excluded_lines": []}, "": {"executed_lines": [1, 3, 4, 5, 6, 8, 9, 12, 13, 17, 22, 29, 45, 56], "summary": {"covered_lines": 13, "num_statements": 13, "percent_covered": 100.0, "percent_covered_display": "100", "missing_lines": 0, "excluded_lines": 0}, "missing_lines": [], "excluded_lines": []}}, "classes": {"LocalCache": {"executed_lines": [18, 19, 20, 24, 25, 26, 27, 30, 31, 32, 33, 34, 36, 37, 46, 47, 53, 54, 58, 63, 64], "summary": {"covered_lines": 21, "num_statements": 28, "percent_covered": 75.0, "percent_covered_display": "75", "missing_lines": 7, "excluded_lines": 0}, "missing_lines": [42, 43, 65, 66, 67, 68, 69], "excluded_lines": []}, "": {"executed_lines": [1, 3, 4, 5, 6, 8, 9, 12, 13, 17, 22, 29, 45, 56], "summary": {"covered_lines": 13, "num_statements": 13, "percent_covered": 100.0, "percent_covered_display": "100", "missing_lines": 0, "excluded_lines": 0}, "missing_lines": [], "excluded_lines": []}}}, "src/firsttry/cache/s3.py": {"executed_lines": [1, 3, 4, 5, 6, 8, 9, 12, 13, 14, 16, 21, 26, 29, 38, 39, 40, 41, 44, 45, 46, 47, 48, 49, 51, 55, 56, 57, 58, 59, 60, 61, 63, 64, 66, 67, 69, 70, 71, 72, 77, 78, 80, 81, 83, 84, 89, 96, 98], "summary": {"covered_lines": 49, "num_statements": 56, "percent_covered": 87.5, "percent_covered_display": "88", "missing_lines": 7, "excluded_lines": 0}, "missing_lines": [17, 18, 30, 31, 53, 68, 82], "excluded_lines": [], "functions": {"_has_boto3": {"executed_lines": [13, 14, 16], "summary": {"covered_lines": 3, "num_statements": 5, "percent_covered": 60.0, "percent_covered_display": "60", "missing_lines": 2, "excluded_lines": 0}, "missing_lines": [17, 18], "excluded_lines": []}, "s3_enabled": {"executed_lines": [26], "summary": {"covered_lines": 1, "num_statements": 1, "percent_covered": 100.0, "percent_covered_display": "100", "missing_lines": 0, "excluded_lines": 0}, "missing_lines": [], "excluded_lines": []}, "require_s3_config_or_raise": {"executed_lines": [], "summary": {"covered_lines": 0, "num_statements": 2, "percent_covered": 0.0, "percent_covered_display": "0", "missing_lines": 2, "excluded_lines": 0}, "missing_lines": [30, 31], "excluded_lines": []}, "S3Cache.__init__": {"executed_lines": [46, 47, 48, 49, 51], "summary": {"covered_lines": 5, "num_statements": 6, "percent_covered": 83.33333333333333, "percent_covered_display": "83", "missing_lines": 1, "excluded_lines": 0}, "missing_lines": [53], "excluded_lines": []}, "S3Cache.from_env": {"executed_lines": [57, 58, 59, 60, 61], "summary": {"covered_lines": 5, "num_statements": 5, "percent_covered": 100.0, "percent_covered_display": "100", "missing_lines": 0, "excluded_lines": 0}, "missing_lines": [], "excluded_lines": []}, "S3Cache._key": {"executed_lines": [64], "summary": {"covered_lines": 1, "num_statements": 1, "percent_covered": 100.0, "percent_covered_display": "100", "missing_lines": 0, "excluded_lines": 0}, "missing_lines": [], "excluded_lines": []}, "S3Cache.get": {"executed_lines": [67, 69, 70, 71, 72, 77, 78], "summary": {"covered_lines": 7, "num_statements": 8, "percent_covered": 87.5, "percent_covered_display": "88", "missing_lines": 1, "excluded_lines": 0}, "missing_lines": [68], "excluded_lines": []}, "S3Cache.put": {"executed_lines": [81, 83, 84, 89, 96, 98], "summary": {"covered_lines": 6, "num_statements": 7, "percent_covered": 85.71428571428571, "percent_covered_display": "86", "missing_lines": 1, "excluded_lines": 0}, "missing_lines": [82], "excluded_lines": []}, "": {"executed_lines": [1, 3, 4, 5, 6, 8, 9, 12, 21, 29, 38, 39, 40, 41, 44, 45, 55, 56, 63, 66, 80], "summary": {"covered_lines": 21, "num_statements": 21, "percent_covered": 100.0, "percent_covered_display": "100", "missing_lines": 0, "excluded_lines": 0}, "missing_lines": [], "excluded_lines": []}}, "classes": {"_S3Conf": {"executed_lines": [], "summary": {"covered_lines": 0, "num_statements": 0, "percent_covered": 100.0, "percent_covered_display": "100", "missing_lines": 0, "excluded_lines": 0}, "missing_lines": [], "excluded_lines": []}, "S3Cache": {"executed_lines": [46, 47, 48, 49, 51, 57, 58, 59, 60, 61, 64, 67, 69, 70, 71, 72, 77, 78, 81, 83, 84, 89, 96, 98], "summary": {"covered_lines": 24, "num_statements": 27, "percent_covered": 88.88888888888889, "percent_covered_display": "89", "missing_lines": 3, "excluded_lines": 0}, "missing_lines": [53, 68, 82], "excluded_lines": []}, "": {"executed_lines": [1, 3, 4, 5, 6, 8, 9, 12, 13, 14, 16, 21, 26, 29, 38, 39, 40, 41, 44, 45, 55, 56, 63, 66, 80], "summary": {"covered_lines": 25, "num_statements": 29, "percent_covered": 86.20689655172414, "percent_covered_display": "86", "missing_lines": 4, "excluded_lines": 0}, "missing_lines": [17, 18, 30, 31], "excluded_lines": []}}}, "src/firsttry/cache_models.py": {"executed_lines": [2, 6, 7, 8, 9, 10, 13, 14, 15, 17, 18, 19, 22, 23, 24, 26, 27, 28, 29, 30, 31, 33, 47, 48, 60, 65, 70, 71, 72, 74, 75, 76, 77, 78, 79, 81, 82, 84, 85, 88, 89, 91, 92, 93, 96, 98], "summary": {"covered_lines": 42, "num_statements": 50, "percent_covered": 84.0, "percent_covered_display": "84", "missing_lines": 8, "excluded_lines": 0}, "missing_lines": [35, 50, 51, 62, 63, 67, 86, 94], "excluded_lines": [], "functions": {"ToolCacheEntry.to_json": {"executed_lines": [], "summary": {"covered_lines": 0, "num_statements": 1, "percent_covered": 0.0, "percent_covered_display": "0", "missing_lines": 1, "excluded_lines": 0}, "missing_lines": [35], "excluded_lines": []}, "ToolCacheEntry.from_json": {"executed_lines": [], "summary": {"covered_lines": 0, "num_statements": 2, "percent_covered": 0.0, "percent_covered_display": "0", "missing_lines": 2, "excluded_lines": 0}, "missing_lines": [50, 51], "excluded_lines": []}, "ToolCacheEntry.is_fresh": {"executed_lines": [], "summary": {"covered_lines": 0, "num_statements": 2, "percent_covered": 0.0, "percent_covered_display": "0", "missing_lines": 2, "excluded_lines": 0}, "missing_lines": [62, 63], "excluded_lines": []}, "ToolCacheEntry.get_timing": {"executed_lines": [], "summary": {"covered_lines": 0, "num_statements": 1, "percent_covered": 0.0, "percent_covered_display": "0", "missing_lines": 1, "excluded_lines": 0}, "missing_lines": [67], "excluded_lines": []}, "CacheStats.cache_efficiency": {"executed_lines": [84, 85], "summary": {"covered_lines": 2, "num_statements": 3, "percent_covered": 66.66666666666667, "percent_covered_display": "67", "missing_lines": 1, "excluded_lines": 0}, "missing_lines": [86], "excluded_lines": []}, "CacheStats.stat_efficiency": {"executed_lines": [91, 92, 93], "summary": {"covered_lines": 3, "num_statements": 4, "percent_covered": 75.0, "percent_covered_display": "75", "missing_lines": 1, "excluded_lines": 0}, "missing_lines": [94], "excluded_lines": []}, "CacheStats.to_dict": {"executed_lines": [98], "summary": {"covered_lines": 1, "num_statements": 1, "percent_covered": 100.0, "percent_covered_display": "100", "missing_lines": 0, "excluded_lines": 0}, "missing_lines": [], "excluded_lines": []}, "": {"executed_lines": [2, 6, 7, 8, 9, 10, 13, 14, 15, 17, 18, 19, 22, 23, 24, 26, 27, 28, 29, 30, 31, 33, 47, 48, 60, 65, 70, 71, 72, 74, 75, 76, 77, 78, 79, 81, 82, 88, 89, 96], "summary": {"covered_lines": 36, "num_statements": 36, "percent_covered": 100.0, "percent_covered_display": "100", "missing_lines": 0, "excluded_lines": 0}, "missing_lines": [], "excluded_lines": []}}, "classes": {"InputFileMeta": {"executed_lines": [], "summary": {"covered_lines": 0, "num_statements": 0, "percent_covered": 100.0, "percent_covered_display": "100", "missing_lines": 0, "excluded_lines": 0}, "missing_lines": [], "excluded_lines": []}, "ToolCacheEntry": {"executed_lines": [], "summary": {"covered_lines": 0, "num_statements": 6, "percent_covered": 0.0, "percent_covered_display": "0", "missing_lines": 6, "excluded_lines": 0}, "missing_lines": [35, 50, 51, 62, 63, 67], "excluded_lines": []}, "CacheStats": {"executed_lines": [84, 85, 91, 92, 93, 98], "summary": {"covered_lines": 6, "num_statements": 8, "percent_covered": 75.0, "percent_covered_display": "75", "missing_lines": 2, "excluded_lines": 0}, "missing_lines": [86, 94], "excluded_lines": []}, "": {"executed_lines": [2, 6, 7, 8, 9, 10, 13, 14, 15, 17, 18, 19, 22, 23, 24, 26, 27, 28, 29, 30, 31, 33, 47, 48, 60, 65, 70, 71, 72, 74, 75, 76, 77, 78, 79, 81, 82, 88, 89, 96], "summary": {"covered_lines": 36, "num_statements": 36, "percent_covered": 100.0, "percent_covered_display": "100", "missing_lines": 0, "excluded_lines": 0}, "missing_lines": [], "excluded_lines": []}}}, "src/firsttry/cache_utils.py": {"executed_lines": [2, 6, 8, 9, 10, 13, 33, 58, 74, 102, 120], "summary": {"covered_lines": 10, "num_statements": 63, "percent_covered": 15.873015873015873, "percent_covered_display": "16", "missing_lines": 53, "excluded_lines": 0}, "missing_lines": [19, 20, 21, 22, 23, 24, 26, 27, 29, 30, 42, 43, 46, 48, 49, 50, 51, 52, 53, 55, 64, 65, 67, 68, 69, 71, 85, 86, 88, 89, 92, 93, 96, 97, 99, 104, 106, 107, 108, 109, 110, 111, 113, 114, 115, 117, 122, 127, 128, 130, 131, 133, 135], "excluded_lines": [], "functions": {"collect_input_stats": {"executed_lines": [], "summary": {"covered_lines": 0, "num_statements": 10, "percent_covered": 0.0, "percent_covered_display": "0", "missing_lines": 10, "excluded_lines": 0}, "missing_lines": [19, 20, 21, 22, 23, 24, 26, 27, 29, 30], "excluded_lines": []}, "input_stats_match": {"executed_lines": [], "summary": {"covered_lines": 0, "num_statements": 10, "percent_covered": 0.0, "percent_covered_display": "0", "missing_lines": 10, "excluded_lines": 0}, "missing_lines": [42, 43, 46, 48, 49, 50, 51, 52, 53, 55], "excluded_lines": []}, "validate_cache_fast": {"executed_lines": [], "summary": {"covered_lines": 0, "num_statements": 6, "percent_covered": 0.0, "percent_covered_display": "0", "missing_lines": 6, "excluded_lines": 0}, "missing_lines": [64, 65, 67, 68, 69, 71], "excluded_lines": []}, "get_cache_state": {"executed_lines": [], "summary": {"covered_lines": 0, "num_statements": 9, "percent_covered": 0.0, "percent_covered_display": "0", "missing_lines": 9, "excluded_lines": 0}, "missing_lines": [85, 86, 88, 89, 92, 93, 96, 97, 99], "excluded_lines": []}, "update_cache_stats": {"executed_lines": [], "summary": {"covered_lines": 0, "num_statements": 11, "percent_covered": 0.0, "percent_covered_display": "0", "missing_lines": 11, "excluded_lines": 0}, "missing_lines": [104, 106, 107, 108, 109, 110, 111, 113, 114, 115, 117], "excluded_lines": []}, "format_cache_report": {"executed_lines": [], "summary": {"covered_lines": 0, "num_statements": 7, "percent_covered": 0.0, "percent_covered_display": "0", "missing_lines": 7, "excluded_lines": 0}, "missing_lines": [122, 127, 128, 130, 131, 133, 135], "excluded_lines": []}, "": {"executed_lines": [2, 6, 8, 9, 10, 13, 33, 58, 74, 102, 120], "summary": {"covered_lines": 10, "num_statements": 10, "percent_covered": 100.0, "percent_covered_display": "100", "missing_lines": 0, "excluded_lines": 0}, "missing_lines": [], "excluded_lines": []}}, "classes": {"": {"executed_lines": [2, 6, 8, 9, 10, 13, 33, 58, 74, 102, 120], "summary": {"covered_lines": 10, "num_statements": 63, "percent_covered": 15.873015873015873, "percent_covered_display": "16", "missing_lines": 53, "excluded_lines": 0}, "missing_lines": [19, 20, 21, 22, 23, 24, 26, 27, 29, 30, 42, 43, 46, 48, 49, 50, 51, 52, 53, 55, 64, 65, 67, 68, 69, 71, 85, 86, 88, 89, 92, 93, 96, 97, 99, 104, 106, 107, 108, 109, 110, 111, 113, 114, 115, 117, 122, 127, 128, 130, 131, 133, 135], "excluded_lines": []}}}, "src/firsttry/change_detector.py": {"executed_lines": [1, 5, 6, 9, 53, 55, 64, 65, 70, 71, 72, 75, 76, 79, 80, 83, 84, 87, 92, 95, 107, 110, 112, 115, 160], "summary": {"covered_lines": 24, "num_statements": 86, "percent_covered": 27.906976744186046, "percent_covered_display": "28", "missing_lines": 62, "excluded_lines": 0}, "missing_lines": [14, 16, 25, 26, 29, 38, 39, 42, 44, 50, 67, 68, 117, 120, 121, 124, 125, 128, 129, 132, 134, 135, 136, 137, 138, 139, 140, 143, 144, 147, 148, 151, 154, 155, 157, 176, 177, 180, 182, 183, 184, 187, 190, 192, 193, 194, 196, 197, 200, 201, 203, 204, 205, 208, 209, 211, 214, 215, 217, 218, 219, 221], "excluded_lines": [], "functions": {"get_changed_files": {"executed_lines": [], "summary": {"covered_lines": 0, "num_statements": 10, "percent_covered": 0.0, "percent_covered_display": "0", "missing_lines": 10, "excluded_lines": 0}, "missing_lines": [14, 16, 25, 26, 29, 38, 39, 42, 44, 50], "excluded_lines": []}, "categorize_changed_files": {"executed_lines": [55, 64, 65, 70, 71, 72, 75, 76, 79, 80, 83, 84, 87, 92, 95, 107, 110, 112], "summary": {"covered_lines": 18, "num_statements": 20, "percent_covered": 90.0, "percent_covered_display": "90", "missing_lines": 2, "excluded_lines": 0}, "missing_lines": [67, 68], "excluded_lines": []}, "map_changes_to_checks": {"executed_lines": [], "summary": {"covered_lines": 0, "num_statements": 23, "percent_covered": 0.0, "percent_covered_display": "0", "missing_lines": 23, "excluded_lines": 0}, "missing_lines": [117, 120, 121, 124, 125, 128, 129, 132, 134, 135, 136, 137, 138, 139, 140, 143, 144, 147, 148, 151, 154, 155, 157], "excluded_lines": []}, "filter_plan_by_changes": {"executed_lines": [], "summary": {"covered_lines": 0, "num_statements": 27, "percent_covered": 0.0, "percent_covered_display": "0", "missing_lines": 27, "excluded_lines": 0}, "missing_lines": [176, 177, 180, 182, 183, 184, 187, 190, 192, 193, 194, 196, 197, 200, 201, 203, 204, 205, 208, 209, 211, 214, 215, 217, 218, 219, 221], "excluded_lines": []}, "": {"executed_lines": [1, 5, 6, 9, 53, 115, 160], "summary": {"covered_lines": 6, "num_statements": 6, "percent_covered": 100.0, "percent_covered_display": "100", "missing_lines": 0, "excluded_lines": 0}, "missing_lines": [], "excluded_lines": []}}, "classes": {"": {"executed_lines": [1, 5, 6, 9, 53, 55, 64, 65, 70, 71, 72, 75, 76, 79, 80, 83, 84, 87, 92, 95, 107, 110, 112, 115, 160], "summary": {"covered_lines": 24, "num_statements": 86, "percent_covered": 27.906976744186046, "percent_covered_display": "28", "missing_lines": 62, "excluded_lines": 0}, "missing_lines": [14, 16, 25, 26, 29, 38, 39, 42, 44, 50, 67, 68, 117, 120, 121, 124, 125, 128, 129, 132, 134, 135, 136, 137, 138, 139, 140, 143, 144, 147, 148, 151, 154, 155, 157, 176, 177, 180, 182, 183, 184, 187, 190, 192, 193, 194, 196, 197, 200, 201, 203, 204, 205, 208, 209, 211, 214, 215, 217, 218, 219, 221], "excluded_lines": []}}}, "src/firsttry/changed.py": {"executed_lines": [1, 3, 4, 5, 21, 24, 34, 35, 36, 37, 38, 48, 53, 55, 56, 63, 65, 72, 73, 74, 76, 77, 78, 81, 83, 84, 85, 86, 87, 90, 97, 99, 100, 101, 102, 103, 106], "summary": {"covered_lines": 37, "num_statements": 42, "percent_covered": 88.0952380952381, "percent_covered_display": "88", "missing_lines": 5, "excluded_lines": 0}, "missing_lines": [41, 42, 45, 66, 68], "excluded_lines": [], "functions": {"_get_runner": {"executed_lines": [34, 35, 36, 37, 38], "summary": {"covered_lines": 5, "num_statements": 8, "percent_covered": 62.5, "percent_covered_display": "62", "missing_lines": 3, "excluded_lines": 0}, "missing_lines": [41, 42, 45], "excluded_lines": []}, "_git_diff_name_only": {"executed_lines": [53, 55, 56, 63, 65, 72, 73, 74, 76, 77, 78], "summary": {"covered_lines": 11, "num_statements": 13, "percent_covered": 84.61538461538461, "percent_covered_display": "85", "missing_lines": 2, "excluded_lines": 0}, "missing_lines": [66, 68], "excluded_lines": []}, "filter_python": {"executed_lines": [83, 84, 85, 86, 87], "summary": {"covered_lines": 5, "num_statements": 5, "percent_covered": 100.0, "percent_covered_display": "100", "missing_lines": 0, "excluded_lines": 0}, "missing_lines": [], "excluded_lines": []}, "get_changed_files": {"executed_lines": [97, 99, 100, 101, 102, 103, 106], "summary": {"covered_lines": 7, "num_statements": 7, "percent_covered": 100.0, "percent_covered_display": "100", "missing_lines": 0, "excluded_lines": 0}, "missing_lines": [], "excluded_lines": []}, "": {"executed_lines": [1, 3, 4, 5, 21, 24, 48, 81, 90], "summary": {"covered_lines": 9, "num_statements": 9, "percent_covered": 100.0, "percent_covered_display": "100", "missing_lines": 0, "excluded_lines": 0}, "missing_lines": [], "excluded_lines": []}}, "classes": {"": {"executed_lines": [1, 3, 4, 5, 21, 24, 34, 35, 36, 37, 38, 48, 53, 55, 56, 63, 65, 72, 73, 74, 76, 77, 78, 81, 83, 84, 85, 86, 87, 90, 97, 99, 100, 101, 102, 103, 106], "summary": {"covered_lines": 37, "num_statements": 42, "percent_covered": 88.0952380952381, "percent_covered_display": "88", "missing_lines": 5, "excluded_lines": 0}, "missing_lines": [41, 42, 45, 66, 68], "excluded_lines": []}}}, "src/firsttry/changes.py": {"executed_lines": [1, 3, 4, 7, 11, 12, 13, 14, 21], "summary": {"covered_lines": 9, "num_statements": 11, "percent_covered": 81.81818181818181, "percent_covered_display": "82", "missing_lines": 2, "excluded_lines": 0}, "missing_lines": [19, 20], "excluded_lines": [], "functions": {"get_changed_files": {"executed_lines": [11, 12, 13, 14, 21], "summary": {"covered_lines": 5, "num_statements": 7, "percent_covered": 71.42857142857143, "percent_covered_display": "71", "missing_lines": 2, "excluded_lines": 0}, "missing_lines": [19, 20], "excluded_lines": []}, "": {"executed_lines": [1, 3, 4, 7], "summary": {"covered_lines": 4, "num_statements": 4, "percent_covered": 100.0, "percent_covered_display": "100", "missing_lines": 0, "excluded_lines": 0}, "missing_lines": [], "excluded_lines": []}}, "classes": {"": {"executed_lines": [1, 3, 4, 7, 11, 12, 13, 14, 21], "summary": {"covered_lines": 9, "num_statements": 11, "percent_covered": 81.81818181818181, "percent_covered_display": "82", "missing_lines": 2, "excluded_lines": 0}, "missing_lines": [19, 20], "excluded_lines": []}}}, "src/firsttry/check_dependencies.py": {"executed_lines": [], "summary": {"covered_lines": 0, "num_statements": 96, "percent_covered": 0.0, "percent_covered_display": "0", "missing_lines": 96, "excluded_lines": 0}, "missing_lines": [1, 3, 4, 6, 9, 10, 13, 14, 15, 16, 20, 52, 54, 55, 56, 57, 58, 59, 62, 64, 67, 75, 77, 78, 80, 82, 83, 85, 88, 96, 97, 99, 100, 101, 102, 107, 109, 118, 123, 126, 127, 130, 133, 134, 137, 138, 139, 140, 141, 143, 144, 145, 148, 149, 151, 154, 158, 159, 161, 162, 163, 165, 166, 169, 170, 173, 174, 175, 177, 178, 179, 180, 181, 183, 184, 186, 187, 188, 190, 191, 193, 194, 195, 196, 198, 201, 203, 204, 207, 208, 211, 212, 213, 214, 216, 220], "excluded_lines": [], "functions": {"get_dependency_graph": {"executed_lines": [], "summary": {"covered_lines": 0, "num_statements": 6, "percent_covered": 0.0, "percent_covered_display": "0", "missing_lines": 6, "excluded_lines": 0}, "missing_lines": [54, 55, 56, 57, 58, 59], "excluded_lines": []}, "get_prerequisites": {"executed_lines": [], "summary": {"covered_lines": 0, "num_statements": 1, "percent_covered": 0.0, "percent_covered_display": "0", "missing_lines": 1, "excluded_lines": 0}, "missing_lines": [64], "excluded_lines": []}, "should_skip_due_to_dependencies": {"executed_lines": [], "summary": {"covered_lines": 0, "num_statements": 7, "percent_covered": 0.0, "percent_covered_display": "0", "missing_lines": 7, "excluded_lines": 0}, "missing_lines": [75, 77, 78, 80, 82, 83, 85], "excluded_lines": []}, "analyze_dependency_impact": {"executed_lines": [], "summary": {"covered_lines": 0, "num_statements": 8, "percent_covered": 0.0, "percent_covered_display": "0", "missing_lines": 8, "excluded_lines": 0}, "missing_lines": [96, 97, 99, 100, 101, 102, 107, 109], "excluded_lines": []}, "get_execution_order": {"executed_lines": [], "summary": {"covered_lines": 0, "num_statements": 17, "percent_covered": 0.0, "percent_covered_display": "0", "missing_lines": 17, "excluded_lines": 0}, "missing_lines": [123, 126, 127, 130, 133, 134, 137, 138, 139, 140, 141, 143, 144, 145, 148, 149, 151], "excluded_lines": []}, "validate_dependency_rules": {"executed_lines": [], "summary": {"covered_lines": 0, "num_statements": 18, "percent_covered": 0.0, "percent_covered_display": "0", "missing_lines": 18, "excluded_lines": 0}, "missing_lines": [158, 159, 161, 162, 163, 165, 166, 169, 170, 173, 174, 175, 177, 193, 194, 195, 196, 198], "excluded_lines": []}, "validate_dependency_rules.has_cycle": {"executed_lines": [], "summary": {"covered_lines": 0, "num_statements": 11, "percent_covered": 0.0, "percent_covered_display": "0", "missing_lines": 11, "excluded_lines": 0}, "missing_lines": [178, 179, 180, 181, 183, 184, 186, 187, 188, 190, 191], "excluded_lines": []}, "get_dependency_insights": {"executed_lines": [], "summary": {"covered_lines": 0, "num_statements": 10, "percent_covered": 0.0, "percent_covered_display": "0", "missing_lines": 10, "excluded_lines": 0}, "missing_lines": [203, 204, 207, 208, 211, 212, 213, 214, 216, 220], "excluded_lines": []}, "": {"executed_lines": [], "summary": {"covered_lines": 0, "num_statements": 18, "percent_covered": 0.0, "percent_covered_display": "0", "missing_lines": 18, "excluded_lines": 0}, "missing_lines": [1, 3, 4, 6, 9, 10, 13, 14, 15, 16, 20, 52, 62, 67, 88, 118, 154, 201], "excluded_lines": []}}, "classes": {"DependencyRule": {"executed_lines": [], "summary": {"covered_lines": 0, "num_statements": 0, "percent_covered": 100.0, "percent_covered_display": "100", "missing_lines": 0, "excluded_lines": 0}, "missing_lines": [], "excluded_lines": []}, "": {"executed_lines": [], "summary": {"covered_lines": 0, "num_statements": 96, "percent_covered": 0.0, "percent_covered_display": "0", "missing_lines": 96, "excluded_lines": 0}, "missing_lines": [1, 3, 4, 6, 9, 10, 13, 14, 15, 16, 20, 52, 54, 55, 56, 57, 58, 59, 62, 64, 67, 75, 77, 78, 80, 82, 83, 85, 88, 96, 97, 99, 100, 101, 102, 107, 109, 118, 123, 126, 127, 130, 133, 134, 137, 138, 139, 140, 141, 143, 144, 145, 148, 149, 151, 154, 158, 159, 161, 162, 163, 165, 166, 169, 170, 173, 174, 175, 177, 178, 179, 180, 181, 183, 184, 186, 187, 188, 190, 191, 193, 194, 195, 196, 198, 201, 203, 204, 207, 208, 211, 212, 213, 214, 216, 220], "excluded_lines": []}}}, "src/firsttry/check_registry.py": {"executed_lines": [1, 10, 12, 15, 95, 100, 105, 110, 115], "summary": {"covered_lines": 8, "num_statements": 13, "percent_covered": 61.53846153846154, "percent_covered_display": "62", "missing_lines": 5, "excluded_lines": 0}, "missing_lines": [97, 102, 107, 112, 117], "excluded_lines": [], "functions": {"get_checks_for_bucket": {"executed_lines": [], "summary": {"covered_lines": 0, "num_statements": 1, "percent_covered": 0.0, "percent_covered_display": "0", "missing_lines": 1, "excluded_lines": 0}, "missing_lines": [97], "excluded_lines": []}, "all_checks": {"executed_lines": [], "summary": {"covered_lines": 0, "num_statements": 1, "percent_covered": 0.0, "percent_covered_display": "0", "missing_lines": 1, "excluded_lines": 0}, "missing_lines": [102], "excluded_lines": []}, "get_check_info": {"executed_lines": [], "summary": {"covered_lines": 0, "num_statements": 1, "percent_covered": 0.0, "percent_covered_display": "0", "missing_lines": 1, "excluded_lines": 0}, "missing_lines": [107], "excluded_lines": []}, "is_check_mutating": {"executed_lines": [], "summary": {"covered_lines": 0, "num_statements": 1, "percent_covered": 0.0, "percent_covered_display": "0", "missing_lines": 1, "excluded_lines": 0}, "missing_lines": [112], "excluded_lines": []}, "get_check_inputs": {"executed_lines": [], "summary": {"covered_lines": 0, "num_statements": 1, "percent_covered": 0.0, "percent_covered_display": "0", "missing_lines": 1, "excluded_lines": 0}, "missing_lines": [117], "excluded_lines": []}, "": {"executed_lines": [1, 10, 12, 15, 95, 100, 105, 110, 115], "summary": {"covered_lines": 8, "num_statements": 8, "percent_covered": 100.0, "percent_covered_display": "100", "missing_lines": 0, "excluded_lines": 0}, "missing_lines": [], "excluded_lines": []}}, "classes": {"": {"executed_lines": [1, 10, 12, 15, 95, 100, 105, 110, 115], "summary": {"covered_lines": 8, "num_statements": 13, "percent_covered": 61.53846153846154, "percent_covered_display": "62", "missing_lines": 5, "excluded_lines": 0}, "missing_lines": [97, 102, 107, 112, 117], "excluded_lines": []}}}, "src/firsttry/checks_orchestrator.py": {"executed_lines": [2, 4, 5, 7, 10, 17, 18, 19, 22, 24, 25, 28, 29, 30, 36, 39, 40, 44, 54, 55, 62, 71, 80, 91, 93, 95, 96, 100, 101, 102, 103, 104, 106, 107, 108, 109, 110, 111, 112, 113, 117, 128, 139, 142, 143, 145, 146, 147, 148, 150, 151, 160, 162, 169, 170, 187, 188, 189, 191, 194, 196, 197, 198, 199, 201, 212, 214, 215, 216, 218, 221, 230, 233, 234, 235, 237, 239, 252, 268, 270, 272, 275, 276, 279, 280, 285, 286, 289, 290, 295, 296, 297, 300, 316, 317, 322, 323, 325, 328, 329, 331, 338], "summary": {"covered_lines": 102, "num_statements": 128, "percent_covered": 79.6875, "percent_covered_display": "80", "missing_lines": 26, "excluded_lines": 2}, "missing_lines": [32, 33, 42, 46, 48, 49, 94, 97, 115, 140, 153, 154, 157, 179, 180, 192, 202, 213, 273, 281, 291, 301, 302, 306, 313, 318], "excluded_lines": [56, 57], "functions": {"_timed_runner_execution": {"executed_lines": [17, 18, 19, 22, 24, 25, 28, 29, 30, 36, 39, 40, 44], "summary": {"covered_lines": 13, "num_statements": 19, "percent_covered": 68.42105263157895, "percent_covered_display": "68", "missing_lines": 6, "excluded_lines": 0}, "missing_lines": [32, 33, 42, 46, 48, 49], "excluded_lines": []}, "_family_of": {"executed_lines": [93, 95, 96], "summary": {"covered_lines": 3, "num_statements": 5, "percent_covered": 60.0, "percent_covered_display": "60", "missing_lines": 2, "excluded_lines": 0}, "missing_lines": [94, 97], "excluded_lines": []}, "_bucketize": {"executed_lines": [101, 102, 103, 104, 106, 107, 108, 109, 110, 111, 112, 113, 117], "summary": {"covered_lines": 13, "num_statements": 14, "percent_covered": 92.85714285714286, "percent_covered_display": "93", "missing_lines": 1, "excluded_lines": 0}, "missing_lines": [115], "excluded_lines": []}, "_run_bucket_with_timeout": {"executed_lines": [139, 142, 143, 145, 146, 147, 148, 150, 151, 160, 162, 187, 188, 189, 191, 194, 196, 197, 198, 199, 201, 212, 214, 215, 216, 218], "summary": {"covered_lines": 26, "num_statements": 33, "percent_covered": 78.78787878787878, "percent_covered_display": "79", "missing_lines": 7, "excluded_lines": 0}, "missing_lines": [140, 153, 154, 157, 192, 202, 213], "excluded_lines": []}, "_run_bucket_with_timeout.run_with_timeout": {"executed_lines": [169, 170], "summary": {"covered_lines": 2, "num_statements": 4, "percent_covered": 50.0, "percent_covered_display": "50", "missing_lines": 2, "excluded_lines": 0}, "missing_lines": [179, 180], "excluded_lines": []}, "_run_bucket": {"executed_lines": [230, 233, 234, 235, 237, 239], "summary": {"covered_lines": 6, "num_statements": 6, "percent_covered": 100.0, "percent_covered_display": "100", "missing_lines": 0, "excluded_lines": 0}, "missing_lines": [], "excluded_lines": []}, "run_orchestrator": {"executed_lines": [268, 270, 272, 275, 276, 279, 280, 285, 286, 289, 290, 295, 296, 297, 300, 316, 317, 322, 323, 325, 328, 329, 331], "summary": {"covered_lines": 23, "num_statements": 31, "percent_covered": 74.19354838709677, "percent_covered_display": "74", "missing_lines": 8, "excluded_lines": 0}, "missing_lines": [273, 281, 291, 301, 302, 306, 313, 318], "excluded_lines": []}, "": {"executed_lines": [2, 4, 5, 7, 10, 54, 55, 62, 71, 80, 91, 100, 128, 221, 252, 338], "summary": {"covered_lines": 16, "num_statements": 16, "percent_covered": 100.0, "percent_covered_display": "100", "missing_lines": 0, "excluded_lines": 2}, "missing_lines": [], "excluded_lines": [56, 57]}}, "classes": {"": {"executed_lines": [2, 4, 5, 7, 10, 17, 18, 19, 22, 24, 25, 28, 29, 30, 36, 39, 40, 44, 54, 55, 62, 71, 80, 91, 93, 95, 96, 100, 101, 102, 103, 104, 106, 107, 108, 109, 110, 111, 112, 113, 117, 128, 139, 142, 143, 145, 146, 147, 148, 150, 151, 160, 162, 169, 170, 187, 188, 189, 191, 194, 196, 197, 198, 199, 201, 212, 214, 215, 216, 218, 221, 230, 233, 234, 235, 237, 239, 252, 268, 270, 272, 275, 276, 279, 280, 285, 286, 289, 290, 295, 296, 297, 300, 316, 317, 322, 323, 325, 328, 329, 331, 338], "summary": {"covered_lines": 102, "num_statements": 128, "percent_covered": 79.6875, "percent_covered_display": "80", "missing_lines": 26, "excluded_lines": 2}, "missing_lines": [32, 33, 42, 46, 48, 49, 94, 97, 115, 140, 153, 154, 157, 179, 180, 192, 202, 213, 273, 281, 291, 301, 302, 306, 313, 318], "excluded_lines": [56, 57]}}}, "src/firsttry/ci_mapper.py": {"executed_lines": [1, 2, 3, 5, 9, 18, 28, 30, 31, 33, 34, 35, 36, 39, 41, 42, 43, 44, 45, 47, 48, 50, 51, 54, 55, 56, 58, 59, 60, 63, 64, 65, 68, 88, 89, 91, 92, 95, 97, 111, 139, 140, 141, 143, 144, 145, 146, 148, 149, 151, 152, 153, 156, 159, 161, 163, 164, 165, 166, 167, 170, 171, 180, 186, 187, 190, 191, 200, 201, 203, 204, 207, 208, 209, 210, 213, 219, 220, 222, 223, 224, 227, 231, 233], "summary": {"covered_lines": 84, "num_statements": 85, "percent_covered": 98.82352941176471, "percent_covered_display": "99", "missing_lines": 1, "excluded_lines": 0}, "missing_lines": [32], "excluded_lines": [], "functions": {"_looks_like_setup_step": {"executed_lines": [30, 31, 33, 34, 35, 36], "summary": {"covered_lines": 6, "num_statements": 7, "percent_covered": 85.71428571428571, "percent_covered_display": "86", "missing_lines": 1, "excluded_lines": 0}, "missing_lines": [32], "excluded_lines": []}, "_should_skip_step": {"executed_lines": [41, 42, 43, 44, 45, 47, 48, 50, 51], "summary": {"covered_lines": 9, "num_statements": 9, "percent_covered": 100.0, "percent_covered_display": "100", "missing_lines": 0, "excluded_lines": 0}, "missing_lines": [], "excluded_lines": []}, "_collect_workflow_files": {"executed_lines": [55, 56, 58, 59, 60], "summary": {"covered_lines": 5, "num_statements": 5, "percent_covered": 100.0, "percent_covered_display": "100", "missing_lines": 0, "excluded_lines": 0}, "missing_lines": [], "excluded_lines": []}, "_safe_load_yaml": {"executed_lines": [64, 65], "summary": {"covered_lines": 2, "num_statements": 2, "percent_covered": 100.0, "percent_covered_display": "100", "missing_lines": 0, "excluded_lines": 0}, "missing_lines": [], "excluded_lines": []}, "_normalize_step": {"executed_lines": [88, 89, 91, 92, 95, 97], "summary": {"covered_lines": 6, "num_statements": 6, "percent_covered": 100.0, "percent_covered_display": "100", "missing_lines": 0, "excluded_lines": 0}, "missing_lines": [], "excluded_lines": []}, "build_ci_plan": {"executed_lines": [139, 140, 141, 143, 144, 145, 146, 148, 149, 151, 152, 153, 156, 159, 161, 163, 164, 165, 166, 167, 170, 171, 180, 186, 187, 190, 191, 200, 201, 203, 204, 207, 208, 209, 210], "summary": {"covered_lines": 35, "num_statements": 35, "percent_covered": 100.0, "percent_covered_display": "100", "missing_lines": 0, "excluded_lines": 0}, "missing_lines": [], "excluded_lines": []}, "rewrite_run_cmd": {"executed_lines": [219, 220, 222, 223, 224, 227, 231, 233], "summary": {"covered_lines": 8, "num_statements": 8, "percent_covered": 100.0, "percent_covered_display": "100", "missing_lines": 0, "excluded_lines": 0}, "missing_lines": [], "excluded_lines": []}, "": {"executed_lines": [1, 2, 3, 5, 9, 18, 28, 39, 54, 63, 68, 111, 213], "summary": {"covered_lines": 13, "num_statements": 13, "percent_covered": 100.0, "percent_covered_display": "100", "missing_lines": 0, "excluded_lines": 0}, "missing_lines": [], "excluded_lines": []}}, "classes": {"": {"executed_lines": [1, 2, 3, 5, 9, 18, 28, 30, 31, 33, 34, 35, 36, 39, 41, 42, 43, 44, 45, 47, 48, 50, 51, 54, 55, 56, 58, 59, 60, 63, 64, 65, 68, 88, 89, 91, 92, 95, 97, 111, 139, 140, 141, 143, 144, 145, 146, 148, 149, 151, 152, 153, 156, 159, 161, 163, 164, 165, 166, 167, 170, 171, 180, 186, 187, 190, 191, 200, 201, 203, 204, 207, 208, 209, 210, 213, 219, 220, 222, 223, 224, 227, 231, 233], "summary": {"covered_lines": 84, "num_statements": 85, "percent_covered": 98.82352941176471, "percent_covered_display": "99", "missing_lines": 1, "excluded_lines": 0}, "missing_lines": [32], "excluded_lines": []}}}, "src/firsttry/ci_mapper_impl.py": {"executed_lines": [1, 3, 4, 5, 6, 7, 9, 12, 13, 14, 15, 16, 19, 20, 21, 22, 25, 26, 27, 28, 31, 38, 41, 42, 44, 46, 47, 48, 49, 50, 51, 52, 55, 56, 57, 58, 60, 62, 63, 64, 66, 67, 68, 70, 77, 80, 87, 88, 89, 90, 92, 93, 94, 96, 103, 127, 128, 129, 131, 133, 134, 136, 137, 139], "summary": {"covered_lines": 64, "num_statements": 64, "percent_covered": 100.0, "percent_covered_display": "100", "missing_lines": 0, "excluded_lines": 0}, "missing_lines": [], "excluded_lines": [], "functions": {"_collect_workflow_files": {"executed_lines": [38, 41, 42, 44, 46, 47, 48, 49, 50, 51, 52], "summary": {"covered_lines": 11, "num_statements": 11, "percent_covered": 100.0, "percent_covered_display": "100", "missing_lines": 0, "excluded_lines": 0}, "missing_lines": [], "excluded_lines": []}, "_extract_steps_from_job": {"executed_lines": [56, 57, 58, 60, 62, 63, 64, 66, 67, 68, 70, 77], "summary": {"covered_lines": 12, "num_statements": 12, "percent_covered": 100.0, "percent_covered_display": "100", "missing_lines": 0, "excluded_lines": 0}, "missing_lines": [], "excluded_lines": []}, "build_ci_plan": {"executed_lines": [87, 88, 89, 90, 92, 93, 94, 96, 103], "summary": {"covered_lines": 9, "num_statements": 9, "percent_covered": 100.0, "percent_covered_display": "100", "missing_lines": 0, "excluded_lines": 0}, "missing_lines": [], "excluded_lines": []}, "rewrite_run_cmd": {"executed_lines": [128, 129, 131, 133, 134, 136, 137, 139], "summary": {"covered_lines": 8, "num_statements": 8, "percent_covered": 100.0, "percent_covered_display": "100", "missing_lines": 0, "excluded_lines": 0}, "missing_lines": [], "excluded_lines": []}, "": {"executed_lines": [1, 3, 4, 5, 6, 7, 9, 12, 13, 14, 15, 16, 19, 20, 21, 22, 25, 26, 27, 28, 31, 55, 80, 127], "summary": {"covered_lines": 24, "num_statements": 24, "percent_covered": 100.0, "percent_covered_display": "100", "missing_lines": 0, "excluded_lines": 0}, "missing_lines": [], "excluded_lines": []}}, "classes": {"StepPlan": {"executed_lines": [], "summary": {"covered_lines": 0, "num_statements": 0, "percent_covered": 100.0, "percent_covered_display": "100", "missing_lines": 0, "excluded_lines": 0}, "missing_lines": [], "excluded_lines": []}, "JobPlan": {"executed_lines": [], "summary": {"covered_lines": 0, "num_statements": 0, "percent_covered": 100.0, "percent_covered_display": "100", "missing_lines": 0, "excluded_lines": 0}, "missing_lines": [], "excluded_lines": []}, "WorkflowPlan": {"executed_lines": [], "summary": {"covered_lines": 0, "num_statements": 0, "percent_covered": 100.0, "percent_covered_display": "100", "missing_lines": 0, "excluded_lines": 0}, "missing_lines": [], "excluded_lines": []}, "": {"executed_lines": [1, 3, 4, 5, 6, 7, 9, 12, 13, 14, 15, 16, 19, 20, 21, 22, 25, 26, 27, 28, 31, 38, 41, 42, 44, 46, 47, 48, 49, 50, 51, 52, 55, 56, 57, 58, 60, 62, 63, 64, 66, 67, 68, 70, 77, 80, 87, 88, 89, 90, 92, 93, 94, 96, 103, 127, 128, 129, 131, 133, 134, 136, 137, 139], "summary": {"covered_lines": 64, "num_statements": 64, "percent_covered": 100.0, "percent_covered_display": "100", "missing_lines": 0, "excluded_lines": 0}, "missing_lines": [], "excluded_lines": []}}}, "src/firsttry/ci_parity/cache_utils.py": {"executed_lines": [1, 10, 12, 13, 14, 15, 16, 17, 18, 19, 21, 22, 23, 24, 27, 29, 30, 31, 32, 41, 42, 43, 44, 47, 49, 50, 51, 54, 56, 59, 61, 62, 65, 71, 73, 75, 77, 78, 84, 86, 87, 89, 90, 105, 111, 112, 113, 115, 119, 120, 121, 139, 147, 152, 153, 154, 156, 162, 165, 166, 170, 172, 173, 176, 203, 213, 219, 220, 221, 222, 223, 224, 229, 230, 232, 233, 234, 237, 238, 239, 240, 241, 242, 247, 248, 253, 254, 257, 263, 264, 267, 268, 269, 270, 272, 273, 275, 276, 278, 280, 284, 285, 286, 290, 291, 292, 294, 295, 296, 297, 298, 303, 304, 305, 306, 307, 329, 332, 342], "summary": {"covered_lines": 118, "num_statements": 203, "percent_covered": 58.12807881773399, "percent_covered_display": "58", "missing_lines": 85, "excluded_lines": 0}, "missing_lines": [79, 81, 93, 94, 95, 96, 98, 99, 100, 101, 102, 116, 117, 118, 123, 126, 127, 128, 132, 133, 134, 135, 141, 143, 144, 157, 158, 159, 163, 167, 184, 186, 188, 189, 192, 193, 196, 197, 198, 200, 208, 209, 210, 235, 236, 245, 246, 287, 289, 299, 300, 311, 312, 313, 315, 316, 318, 320, 321, 322, 323, 324, 325, 326, 334, 335, 337, 338, 339, 344, 345, 346, 347, 348, 349, 350, 351, 352, 354, 355, 356, 357, 358, 359, 360], "excluded_lines": [], "functions": {"_run": {"executed_lines": [29, 30, 31, 32, 41, 42, 43, 44], "summary": {"covered_lines": 8, "num_statements": 8, "percent_covered": 100.0, "percent_covered_display": "100", "missing_lines": 0, "excluded_lines": 0}, "missing_lines": [], "excluded_lines": []}, "ensure_dirs": {"executed_lines": [49, 50, 51], "summary": {"covered_lines": 3, "num_statements": 3, "percent_covered": 100.0, "percent_covered_display": "100", "missing_lines": 0, "excluded_lines": 0}, "missing_lines": [], "excluded_lines": []}, "compute_local_fingerprint": {"executed_lines": [56], "summary": {"covered_lines": 1, "num_statements": 1, "percent_covered": 100.0, "percent_covered_display": "100", "missing_lines": 0, "excluded_lines": 0}, "missing_lines": [], "excluded_lines": []}, "read_remote_fingerprint": {"executed_lines": [61, 62], "summary": {"covered_lines": 2, "num_statements": 2, "percent_covered": 100.0, "percent_covered_display": "100", "missing_lines": 0, "excluded_lines": 0}, "missing_lines": [], "excluded_lines": []}, "auto_refresh_golden_cache": {"executed_lines": [71, 73, 75, 77, 78, 84, 86, 87, 89, 90], "summary": {"covered_lines": 10, "num_statements": 21, "percent_covered": 47.61904761904762, "percent_covered_display": "48", "missing_lines": 11, "excluded_lines": 0}, "missing_lines": [79, 81, 93, 94, 95, 96, 98, 99, 100, 101, 102], "excluded_lines": []}, "update_cache": {"executed_lines": [111, 112, 113, 115, 119, 120, 121], "summary": {"covered_lines": 7, "num_statements": 18, "percent_covered": 38.888888888888886, "percent_covered_display": "39", "missing_lines": 11, "excluded_lines": 0}, "missing_lines": [116, 117, 118, 123, 126, 127, 128, 132, 133, 134, 135], "excluded_lines": []}, "_extract_zip": {"executed_lines": [], "summary": {"covered_lines": 0, "num_statements": 3, "percent_covered": 0.0, "percent_covered_display": "0", "missing_lines": 3, "excluded_lines": 0}, "missing_lines": [141, 143, 144], "excluded_lines": []}, "safe_zip_extract_all": {"executed_lines": [152, 153, 154, 156, 162, 165, 166, 170, 172, 173], "summary": {"covered_lines": 10, "num_statements": 15, "percent_covered": 66.66666666666667, "percent_covered_display": "67", "missing_lines": 5, "excluded_lines": 0}, "missing_lines": [157, 158, 159, 163, 167], "excluded_lines": []}, "_iter_safe_tar_members": {"executed_lines": [], "summary": {"covered_lines": 0, "num_statements": 10, "percent_covered": 0.0, "percent_covered_display": "0", "missing_lines": 10, "excluded_lines": 0}, "missing_lines": [184, 186, 188, 189, 192, 193, 196, 197, 198, 200], "excluded_lines": []}, "safe_tar_extract_all": {"executed_lines": [], "summary": {"covered_lines": 0, "num_statements": 3, "percent_covered": 0.0, "percent_covered_display": "0", "missing_lines": 3, "excluded_lines": 0}, "missing_lines": [208, 209, 210], "excluded_lines": []}, "read_flaky_tests": {"executed_lines": [219, 220, 221, 222, 223, 224, 229, 230, 232, 233, 234, 237, 238, 239, 240, 241, 242, 247, 248], "summary": {"covered_lines": 19, "num_statements": 23, "percent_covered": 82.6086956521739, "percent_covered_display": "83", "missing_lines": 4, "excluded_lines": 0}, "missing_lines": [235, 236, 245, 246], "excluded_lines": []}, "load_flaky_nodeids": {"executed_lines": [254], "summary": {"covered_lines": 1, "num_statements": 1, "percent_covered": 100.0, "percent_covered_display": "100", "missing_lines": 0, "excluded_lines": 0}, "missing_lines": [], "excluded_lines": []}, "maybe_download_golden_cache": {"executed_lines": [263, 264, 267, 268, 269, 270, 272, 273, 275, 276, 278, 280, 284, 285, 286, 290, 291, 292, 294, 295, 296, 297, 298, 303, 304, 305, 306, 307, 329], "summary": {"covered_lines": 29, "num_statements": 46, "percent_covered": 63.04347826086956, "percent_covered_display": "63", "missing_lines": 17, "excluded_lines": 0}, "missing_lines": [287, 289, 299, 300, 311, 312, 313, 315, 316, 318, 320, 321, 322, 323, 324, 325, 326], "excluded_lines": []}, "clear_cache": {"executed_lines": [], "summary": {"covered_lines": 0, "num_statements": 5, "percent_covered": 0.0, "percent_covered_display": "0", "missing_lines": 5, "excluded_lines": 0}, "missing_lines": [334, 335, 337, 338, 339], "excluded_lines": []}, "_rm_rf": {"executed_lines": [], "summary": {"covered_lines": 0, "num_statements": 16, "percent_covered": 0.0, "percent_covered_display": "0", "missing_lines": 16, "excluded_lines": 0}, "missing_lines": [344, 345, 346, 347, 348, 349, 350, 351, 352, 354, 355, 356, 357, 358, 359, 360], "excluded_lines": []}, "": {"executed_lines": [1, 10, 12, 13, 14, 15, 16, 17, 18, 19, 21, 22, 23, 24, 27, 47, 54, 59, 65, 105, 139, 147, 176, 203, 213, 253, 257, 332, 342], "summary": {"covered_lines": 28, "num_statements": 28, "percent_covered": 100.0, "percent_covered_display": "100", "missing_lines": 0, "excluded_lines": 0}, "missing_lines": [], "excluded_lines": []}}, "classes": {"": {"executed_lines": [1, 10, 12, 13, 14, 15, 16, 17, 18, 19, 21, 22, 23, 24, 27, 29, 30, 31, 32, 41, 42, 43, 44, 47, 49, 50, 51, 54, 56, 59, 61, 62, 65, 71, 73, 75, 77, 78, 84, 86, 87, 89, 90, 105, 111, 112, 113, 115, 119, 120, 121, 139, 147, 152, 153, 154, 156, 162, 165, 166, 170, 172, 173, 176, 203, 213, 219, 220, 221, 222, 223, 224, 229, 230, 232, 233, 234, 237, 238, 239, 240, 241, 242, 247, 248, 253, 254, 257, 263, 264, 267, 268, 269, 270, 272, 273, 275, 276, 278, 280, 284, 285, 286, 290, 291, 292, 294, 295, 296, 297, 298, 303, 304, 305, 306, 307, 329, 332, 342], "summary": {"covered_lines": 118, "num_statements": 203, "percent_covered": 58.12807881773399, "percent_covered_display": "58", "missing_lines": 85, "excluded_lines": 0}, "missing_lines": [79, 81, 93, 94, 95, 96, 98, 99, 100, 101, 102, 116, 117, 118, 123, 126, 127, 128, 132, 133, 134, 135, 141, 143, 144, 157, 158, 159, 163, 167, 184, 186, 188, 189, 192, 193, 196, 197, 198, 200, 208, 209, 210, 235, 236, 245, 246, 287, 289, 299, 300, 311, 312, 313, 315, 316, 318, 320, 321, 322, 323, 324, 325, 326, 334, 335, 337, 338, 339, 344, 345, 346, 347, 348, 349, 350, 351, 352, 354, 355, 356, 357, 358, 359, 360], "excluded_lines": []}}}, "src/firsttry/ci_parity/detector.py": {"executed_lines": [1, 3, 4, 5, 6, 7, 8, 9, 11, 12, 13, 15, 31, 32, 33, 36, 37, 38, 41, 44, 45, 46, 47, 50, 51, 53, 55, 56, 57, 58, 59, 60, 61, 63, 64, 65, 66, 68, 69, 70, 71, 72, 74, 75, 76, 77, 79, 80, 81, 82, 83, 84, 86, 87, 88, 89, 91, 100, 101, 102, 103, 104, 105, 106, 109, 110, 112, 113, 115, 116, 117, 118, 119, 120, 121, 122, 123, 124, 125, 126, 129, 130, 131, 132, 133, 134, 137, 138, 139, 140, 141, 144, 149, 152, 154, 156, 157, 159, 160, 162, 165, 166, 167, 169, 170, 173, 175, 177, 178, 179, 181, 182, 184, 186, 187, 188, 189, 190, 192, 193, 195, 196, 197, 198, 199, 200, 201, 203, 204, 205, 206, 207, 208, 209, 210, 211, 213, 214, 215, 218, 220, 221, 222], "summary": {"covered_lines": 143, "num_statements": 166, "percent_covered": 86.144578313253, "percent_covered_display": "86", "missing_lines": 23, "excluded_lines": 0}, "missing_lines": [92, 93, 94, 95, 96, 97, 142, 143, 145, 146, 147, 148, 155, 161, 171, 174, 180, 223, 224, 226, 227, 228, 229], "excluded_lines": [], "functions": {"_scan_actions_runs": {"executed_lines": [51, 53, 68, 69, 70, 71, 72, 74, 75, 76, 77, 79, 80, 81, 82, 83, 84, 86, 87, 88, 89, 91, 100, 101, 102, 103, 104, 105, 106], "summary": {"covered_lines": 29, "num_statements": 35, "percent_covered": 82.85714285714286, "percent_covered_display": "83", "missing_lines": 6, "excluded_lines": 0}, "missing_lines": [92, 93, 94, 95, 96, 97], "excluded_lines": []}, "_scan_actions_runs._split_on_separators": {"executed_lines": [55, 56, 57, 58, 59, 60, 61, 63, 64, 65, 66], "summary": {"covered_lines": 11, "num_statements": 11, "percent_covered": 100.0, "percent_covered_display": "100", "missing_lines": 0, "excluded_lines": 0}, "missing_lines": [], "excluded_lines": []}, "_scan_pyproject": {"executed_lines": [110, 112, 113, 115, 116, 117, 118, 119, 120, 121, 122, 123, 124, 125, 126, 129, 130, 131, 132, 133, 134], "summary": {"covered_lines": 21, "num_statements": 21, "percent_covered": 100.0, "percent_covered_display": "100", "missing_lines": 0, "excluded_lines": 0}, "missing_lines": [], "excluded_lines": []}, "_extract_cov_threshold_from_args": {"executed_lines": [138, 139, 140, 141, 144, 149], "summary": {"covered_lines": 6, "num_statements": 12, "percent_covered": 50.0, "percent_covered_display": "50", "missing_lines": 6, "excluded_lines": 0}, "missing_lines": [142, 143, 145, 146, 147, 148], "excluded_lines": []}, "_is_runner_cmd": {"executed_lines": [154, 156, 157, 159, 160, 162], "summary": {"covered_lines": 6, "num_statements": 8, "percent_covered": 75.0, "percent_covered_display": "75", "missing_lines": 2, "excluded_lines": 0}, "missing_lines": [155, 161], "excluded_lines": []}, "detect": {"executed_lines": [166, 167, 169, 170, 173, 175, 177, 178, 179, 181, 182, 184, 186, 187, 188, 189, 190, 192, 193, 195, 196, 197, 198, 199, 200, 201, 203, 204, 205, 206, 207, 208, 209, 210, 211, 213, 214, 215], "summary": {"covered_lines": 38, "num_statements": 41, "percent_covered": 92.6829268292683, "percent_covered_display": "93", "missing_lines": 3, "excluded_lines": 0}, "missing_lines": [171, 174, 180], "excluded_lines": []}, "load_user_overrides": {"executed_lines": [220, 221, 222], "summary": {"covered_lines": 3, "num_statements": 9, "percent_covered": 33.333333333333336, "percent_covered_display": "33", "missing_lines": 6, "excluded_lines": 0}, "missing_lines": [223, 224, 226, 227, 228, 229], "excluded_lines": []}, "": {"executed_lines": [1, 3, 4, 5, 6, 7, 8, 9, 11, 12, 13, 15, 31, 32, 33, 36, 37, 38, 41, 44, 45, 46, 47, 50, 109, 137, 152, 165, 218], "summary": {"covered_lines": 29, "num_statements": 29, "percent_covered": 100.0, "percent_covered_display": "100", "missing_lines": 0, "excluded_lines": 0}, "missing_lines": [], "excluded_lines": []}}, "classes": {"_CmdSpec": {"executed_lines": [], "summary": {"covered_lines": 0, "num_statements": 0, "percent_covered": 100.0, "percent_covered_display": "100", "missing_lines": 0, "excluded_lines": 0}, "missing_lines": [], "excluded_lines": []}, "_CovSpec": {"executed_lines": [], "summary": {"covered_lines": 0, "num_statements": 0, "percent_covered": 100.0, "percent_covered_display": "100", "missing_lines": 0, "excluded_lines": 0}, "missing_lines": [], "excluded_lines": []}, "Detected": {"executed_lines": [], "summary": {"covered_lines": 0, "num_statements": 0, "percent_covered": 100.0, "percent_covered_display": "100", "missing_lines": 0, "excluded_lines": 0}, "missing_lines": [], "excluded_lines": []}, "": {"executed_lines": [1, 3, 4, 5, 6, 7, 8, 9, 11, 12, 13, 15, 31, 32, 33, 36, 37, 38, 41, 44, 45, 46, 47, 50, 51, 53, 55, 56, 57, 58, 59, 60, 61, 63, 64, 65, 66, 68, 69, 70, 71, 72, 74, 75, 76, 77, 79, 80, 81, 82, 83, 84, 86, 87, 88, 89, 91, 100, 101, 102, 103, 104, 105, 106, 109, 110, 112, 113, 115, 116, 117, 118, 119, 120, 121, 122, 123, 124, 125, 126, 129, 130, 131, 132, 133, 134, 137, 138, 139, 140, 141, 144, 149, 152, 154, 156, 157, 159, 160, 162, 165, 166, 167, 169, 170, 173, 175, 177, 178, 179, 181, 182, 184, 186, 187, 188, 189, 190, 192, 193, 195, 196, 197, 198, 199, 200, 201, 203, 204, 205, 206, 207, 208, 209, 210, 211, 213, 214, 215, 218, 220, 221, 222], "summary": {"covered_lines": 143, "num_statements": 166, "percent_covered": 86.144578313253, "percent_covered_display": "86", "missing_lines": 23, "excluded_lines": 0}, "missing_lines": [92, 93, 94, 95, 96, 97, 142, 143, 145, 146, 147, 148, 155, 161, 171, 174, 180, 223, 224, 226, 227, 228, 229], "excluded_lines": []}}}, "src/firsttry/ci_parity/monitor.py": {"executed_lines": [1, 2, 5, 10, 12, 13, 14, 16, 17, 18, 19, 20, 23, 25, 26, 30, 32, 33, 35, 36, 37, 38, 39, 48, 49, 50, 51, 52, 53, 54, 55, 56, 57, 58, 59, 62, 66, 71, 73, 74, 75, 76, 77, 80, 81, 82, 86], "summary": {"covered_lines": 47, "num_statements": 59, "percent_covered": 79.66101694915254, "percent_covered_display": "80", "missing_lines": 12, "excluded_lines": 0}, "missing_lines": [41, 42, 43, 44, 45, 46, 47, 63, 78, 79, 83, 84], "excluded_lines": [], "functions": {"_load_failures": {"executed_lines": [10, 12, 13, 14, 16, 17, 18, 19, 20], "summary": {"covered_lines": 9, "num_statements": 9, "percent_covered": 100.0, "percent_covered_display": "100", "missing_lines": 0, "excluded_lines": 0}, "missing_lines": [], "excluded_lines": []}, "main": {"executed_lines": [25, 26, 30, 32, 33, 35, 36, 37, 38, 39, 48, 49, 50, 51, 52, 53, 54, 55, 56, 57, 58, 59], "summary": {"covered_lines": 22, "num_statements": 29, "percent_covered": 75.86206896551724, "percent_covered_display": "76", "missing_lines": 7, "excluded_lines": 0}, "missing_lines": [41, 42, 43, 44, 45, 46, 47], "excluded_lines": []}, "load_report": {"executed_lines": [71, 73, 74, 75, 76, 77, 80, 81, 82, 86], "summary": {"covered_lines": 10, "num_statements": 14, "percent_covered": 71.42857142857143, "percent_covered_display": "71", "missing_lines": 4, "excluded_lines": 0}, "missing_lines": [78, 79, 83, 84], "excluded_lines": []}, "": {"executed_lines": [1, 2, 5, 23, 62, 66], "summary": {"covered_lines": 6, "num_statements": 7, "percent_covered": 85.71428571428571, "percent_covered_display": "86", "missing_lines": 1, "excluded_lines": 0}, "missing_lines": [63], "excluded_lines": []}}, "classes": {"": {"executed_lines": [1, 2, 5, 10, 12, 13, 14, 16, 17, 18, 19, 20, 23, 25, 26, 30, 32, 33, 35, 36, 37, 38, 39, 48, 49, 50, 51, 52, 53, 54, 55, 56, 57, 58, 59, 62, 66, 71, 73, 74, 75, 76, 77, 80, 81, 82, 86], "summary": {"covered_lines": 47, "num_statements": 59, "percent_covered": 79.66101694915254, "percent_covered_display": "80", "missing_lines": 12, "excluded_lines": 0}, "missing_lines": [41, 42, 43, 44, 45, 46, 47, 63, 78, 79, 83, 84], "excluded_lines": []}}}, "src/firsttry/ci_parity/parity_runner.py": {"executed_lines": [1, 18, 20, 21, 22, 23, 24, 25, 26, 27, 28, 29, 30, 32, 33, 34, 35, 36, 52, 53, 54, 55, 56, 57, 58, 59, 60, 61, 62, 63, 64, 65, 66, 67, 68, 69, 70, 73, 74, 76, 85, 107, 108, 109, 110, 111, 114, 123, 124, 125, 126, 127, 128, 131, 166, 177, 179, 180, 185, 211, 249, 275, 343, 358, 389, 423, 442, 462, 493, 520, 592, 596, 604, 605, 606, 608, 612, 849, 858, 859, 861, 883, 884, 885, 887, 891, 900, 901, 902, 903, 905, 906, 907, 908, 909, 910, 911, 914, 921, 922, 925, 941, 942, 944, 950, 953, 954, 965, 966, 967, 968, 969, 971, 979, 980, 981, 983, 986, 987, 988, 991, 992, 1005, 1006, 1007, 1015, 1016, 1018, 1024, 1030, 1031, 1034, 1035, 1047, 1048, 1049, 1050, 1051, 1053, 1061, 1067, 1068, 1091, 1092, 1094, 1098, 1101, 1161], "summary": {"covered_lines": 146, "num_statements": 587, "percent_covered": 24.87223168654174, "percent_covered_display": "25", "missing_lines": 441, "excluded_lines": 0}, "missing_lines": [37, 39, 41, 42, 44, 45, 47, 48, 77, 78, 79, 80, 81, 82, 87, 88, 89, 91, 92, 95, 96, 98, 99, 100, 101, 103, 141, 142, 144, 146, 147, 149, 150, 160, 161, 162, 163, 168, 169, 171, 172, 173, 174, 181, 182, 187, 188, 190, 191, 192, 194, 195, 202, 203, 204, 205, 206, 208, 213, 214, 217, 226, 227, 228, 229, 230, 231, 232, 233, 234, 235, 242, 243, 244, 246, 251, 252, 254, 255, 256, 258, 260, 261, 268, 269, 270, 272, 277, 278, 279, 280, 281, 283, 284, 285, 286, 289, 295, 296, 297, 298, 301, 302, 303, 304, 306, 309, 310, 317, 318, 319, 322, 323, 324, 325, 332, 333, 334, 335, 336, 337, 338, 340, 345, 346, 348, 349, 350, 351, 352, 355, 362, 364, 365, 367, 368, 369, 372, 373, 380, 381, 382, 383, 384, 386, 391, 392, 397, 398, 399, 400, 403, 408, 409, 416, 417, 418, 419, 420, 425, 426, 428, 429, 430, 431, 432, 433, 444, 445, 446, 448, 449, 450, 451, 452, 453, 454, 455, 457, 459, 468, 469, 471, 472, 474, 475, 476, 478, 479, 480, 481, 482, 484, 487, 488, 490, 495, 496, 497, 498, 499, 501, 502, 504, 505, 508, 510, 511, 513, 514, 515, 516, 517, 530, 531, 532, 533, 536, 537, 539, 540, 541, 542, 544, 545, 547, 550, 553, 556, 559, 562, 565, 566, 568, 569, 571, 572, 573, 574, 575, 576, 577, 578, 579, 580, 581, 583, 585, 586, 587, 589, 609, 620, 621, 622, 623, 625, 626, 627, 628, 629, 632, 633, 634, 637, 638, 639, 642, 645, 648, 649, 650, 658, 659, 662, 663, 664, 672, 673, 676, 677, 678, 680, 681, 682, 689, 690, 691, 699, 700, 701, 709, 710, 718, 719, 727, 733, 736, 738, 739, 741, 742, 743, 744, 745, 746, 751, 753, 754, 762, 764, 767, 768, 770, 771, 781, 784, 786, 787, 788, 791, 792, 793, 794, 797, 798, 803, 804, 805, 806, 807, 808, 809, 810, 811, 813, 814, 816, 817, 818, 819, 820, 821, 822, 825, 826, 827, 828, 829, 830, 831, 832, 833, 834, 835, 836, 837, 838, 840, 842, 843, 844, 846, 888, 945, 946, 947, 951, 972, 973, 974, 975, 977, 982, 989, 1019, 1020, 1022, 1025, 1026, 1027, 1032, 1054, 1055, 1056, 1057, 1059, 1062, 1063, 1064, 1069, 1070, 1072, 1077, 1078, 1080, 1081, 1082, 1084, 1086, 1087, 1088, 1089, 1095, 1096, 1110, 1113, 1114, 1115, 1116, 1117, 1120, 1121, 1122, 1125, 1126, 1127, 1128, 1129, 1130, 1131, 1132, 1133, 1134, 1137, 1140, 1143, 1144, 1145, 1146, 1147, 1148, 1149, 1150, 1151, 1152, 1153, 1154, 1155, 1158, 1162], "excluded_lines": [], "functions": {"ParityError.__init__": {"executed_lines": [], "summary": {"covered_lines": 0, "num_statements": 6, "percent_covered": 0.0, "percent_covered_display": "0", "missing_lines": 6, "excluded_lines": 0}, "missing_lines": [77, 78, 79, 80, 81, 82], "excluded_lines": []}, "load_lock": {"executed_lines": [], "summary": {"covered_lines": 0, "num_statements": 12, "percent_covered": 0.0, "percent_covered_display": "0", "missing_lines": 12, "excluded_lines": 0}, "missing_lines": [87, 88, 89, 91, 92, 95, 96, 98, 99, 100, 101, 103], "excluded_lines": []}, "classify_warm_outcome": {"executed_lines": [123, 124, 125, 126, 127, 128], "summary": {"covered_lines": 6, "num_statements": 6, "percent_covered": 100.0, "percent_covered_display": "100", "missing_lines": 0, "excluded_lines": 0}, "missing_lines": [], "excluded_lines": []}, "run": {"executed_lines": [], "summary": {"covered_lines": 0, "num_statements": 11, "percent_covered": 0.0, "percent_covered_display": "0", "missing_lines": 11, "excluded_lines": 0}, "missing_lines": [141, 142, 144, 146, 147, 149, 150, 160, 161, 162, 163], "excluded_lines": []}, "compute_file_hash": {"executed_lines": [], "summary": {"covered_lines": 0, "num_statements": 6, "percent_covered": 0.0, "percent_covered_display": "0", "missing_lines": 6, "excluded_lines": 0}, "missing_lines": [168, 169, 171, 172, 173, 174], "excluded_lines": []}, "get_installed_version": {"executed_lines": [179, 180], "summary": {"covered_lines": 2, "num_statements": 4, "percent_covered": 50.0, "percent_covered_display": "50", "missing_lines": 2, "excluded_lines": 0}, "missing_lines": [181, 182], "excluded_lines": []}, "check_versions": {"executed_lines": [], "summary": {"covered_lines": 0, "num_statements": 13, "percent_covered": 0.0, "percent_covered_display": "0", "missing_lines": 13, "excluded_lines": 0}, "missing_lines": [187, 188, 190, 191, 192, 194, 195, 202, 203, 204, 205, 206, 208], "excluded_lines": []}, "check_plugins": {"executed_lines": [], "summary": {"covered_lines": 0, "num_statements": 17, "percent_covered": 0.0, "percent_covered_display": "0", "missing_lines": 17, "excluded_lines": 0}, "missing_lines": [213, 214, 217, 226, 227, 228, 229, 230, 231, 232, 233, 234, 235, 242, 243, 244, 246], "excluded_lines": []}, "check_config_hashes": {"executed_lines": [], "summary": {"covered_lines": 0, "num_statements": 12, "percent_covered": 0.0, "percent_covered_display": "0", "missing_lines": 12, "excluded_lines": 0}, "missing_lines": [251, 252, 254, 255, 256, 258, 260, 261, 268, 269, 270, 272], "excluded_lines": []}, "check_test_collection": {"executed_lines": [], "summary": {"covered_lines": 0, "num_statements": 36, "percent_covered": 0.0, "percent_covered_display": "0", "missing_lines": 36, "excluded_lines": 0}, "missing_lines": [277, 278, 279, 280, 281, 283, 284, 285, 286, 289, 295, 296, 297, 298, 301, 302, 303, 304, 306, 309, 310, 317, 318, 319, 322, 323, 324, 325, 332, 333, 334, 335, 336, 337, 338, 340], "excluded_lines": []}, "check_environment": {"executed_lines": [], "summary": {"covered_lines": 0, "num_statements": 8, "percent_covered": 0.0, "percent_covered_display": "0", "missing_lines": 8, "excluded_lines": 0}, "missing_lines": [345, 346, 348, 349, 350, 351, 352, 355], "excluded_lines": []}, "check_scope_policy": {"executed_lines": [], "summary": {"covered_lines": 0, "num_statements": 14, "percent_covered": 0.0, "percent_covered_display": "0", "missing_lines": 14, "excluded_lines": 0}, "missing_lines": [362, 364, 365, 367, 368, 369, 372, 373, 380, 381, 382, 383, 384, 386], "excluded_lines": []}, "check_build_gate": {"executed_lines": [], "summary": {"covered_lines": 0, "num_statements": 14, "percent_covered": 0.0, "percent_covered_display": "0", "missing_lines": 14, "excluded_lines": 0}, "missing_lines": [391, 392, 397, 398, 399, 400, 403, 408, 409, 416, 417, 418, 419, 420], "excluded_lines": []}, "check_import_gate": {"executed_lines": [], "summary": {"covered_lines": 0, "num_statements": 8, "percent_covered": 0.0, "percent_covered_display": "0", "missing_lines": 8, "excluded_lines": 0}, "missing_lines": [425, 426, 428, 429, 430, 431, 432, 433], "excluded_lines": []}, "clear_caches": {"executed_lines": [], "summary": {"covered_lines": 0, "num_statements": 13, "percent_covered": 0.0, "percent_covered_display": "0", "missing_lines": 13, "excluded_lines": 0}, "missing_lines": [444, 445, 446, 448, 449, 450, 451, 452, 453, 454, 455, 457, 459], "excluded_lines": []}, "run_tool": {"executed_lines": [], "summary": {"covered_lines": 0, "num_statements": 16, "percent_covered": 0.0, "percent_covered_display": "0", "missing_lines": 16, "excluded_lines": 0}, "missing_lines": [468, 469, 471, 472, 474, 475, 476, 478, 479, 480, 481, 482, 484, 487, 488, 490], "excluded_lines": []}, "check_coverage": {"executed_lines": [], "summary": {"covered_lines": 0, "num_statements": 17, "percent_covered": 0.0, "percent_covered_display": "0", "missing_lines": 17, "excluded_lines": 0}, "missing_lines": [495, 496, 497, 498, 499, 501, 502, 504, 505, 508, 510, 511, 513, 514, 515, 516, 517], "excluded_lines": []}, "self_check": {"executed_lin
[...]
ed_lines": 1, "num_statements": 1, "percent_covered": 100.0, "percent_covered_display": "100", "missing_lines": 0, "excluded_lines": 0}, "missing_lines": [], "excluded_lines": []}}, "classes": {"": {"executed_lines": [1, 3], "summary": {"covered_lines": 1, "num_statements": 1, "percent_covered": 100.0, "percent_covered_display": "100", "missing_lines": 0, "excluded_lines": 0}, "missing_lines": [], "excluded_lines": []}}}, "src/firsttry/twin/fastpath.py": {"executed_lines": [1, 8, 10, 11, 12, 15, 16, 17, 19, 23, 25, 27, 30, 47, 50, 52, 53, 55, 57, 60, 62, 63, 64, 66, 72, 73, 74, 75, 76, 77, 78, 79, 82, 88, 89, 91, 92, 97, 98, 99, 100, 101, 102, 103, 104, 108], "summary": {"covered_lines": 45, "num_statements": 56, "percent_covered": 80.35714285714286, "percent_covered_display": "80", "missing_lines": 11, "excluded_lines": 0}, "missing_lines": [20, 22, 54, 56, 67, 68, 69, 93, 94, 105, 107], "excluded_lines": [], "functions": {"_is_extra_ignored": {"executed_lines": [52, 53, 55, 57], "summary": {"covered_lines": 4, "num_statements": 6, "percent_covered": 66.66666666666667, "percent_covered_display": "67", "missing_lines": 2, "excluded_lines": 0}, "missing_lines": [54, 56], "excluded_lines": []}, "scan_paths": {"executed_lines": [62, 63, 64, 66, 72, 73, 74, 75, 76, 77, 78, 79], "summary": {"covered_lines": 12, "num_statements": 15, "percent_covered": 80.0, "percent_covered_display": "80", "missing_lines": 3, "excluded_lines": 0}, "missing_lines": [67, 68, 69], "excluded_lines": []}, "hash_paths": {"executed_lines": [88, 89, 91, 92, 97, 98, 99, 100, 101, 102, 103, 104, 108], "summary": {"covered_lines": 13, "num_statements": 17, "percent_covered": 76.47058823529412, "percent_covered_display": "76", "missing_lines": 4, "excluded_lines": 0}, "missing_lines": [93, 94, 105, 107], "excluded_lines": []}, "": {"executed_lines": [1, 8, 10, 11, 12, 15, 16, 17, 19, 23, 25, 27, 30, 47, 50, 60, 82], "summary": {"covered_lines": 16, "num_statements": 18, "percent_covered": 88.88888888888889, "percent_covered_display": "89", "missing_lines": 2, "excluded_lines": 0}, "missing_lines": [20, 22], "excluded_lines": []}}, "classes": {"": {"executed_lines": [1, 8, 10, 11, 12, 15, 16, 17, 19, 23, 25, 27, 30, 47, 50, 52, 53, 55, 57, 60, 62, 63, 64, 66, 72, 73, 74, 75, 76, 77, 78, 79, 82, 88, 89, 91, 92, 97, 98, 99, 100, 101, 102, 103, 104, 108], "summary": {"covered_lines": 45, "num_statements": 56, "percent_covered": 80.35714285714286, "percent_covered_display": "80", "missing_lines": 11, "excluded_lines": 0}, "missing_lines": [20, 22, 54, 56, 67, 68, 69, 93, 94, 105, 107], "excluded_lines": []}}}, "src/firsttry/twin/fastpath_scan.py": {"executed_lines": [1, 7, 9, 10, 11, 13, 14, 15, 16, 19, 20, 23, 40, 43, 45, 46, 48, 49, 50, 53, 68, 70, 83, 84, 85, 87, 88, 89, 90, 91, 92, 95], "summary": {"covered_lines": 31, "num_statements": 43, "percent_covered": 72.09302325581395, "percent_covered_display": "72", "missing_lines": 12, "excluded_lines": 0}, "missing_lines": [18, 47, 71, 72, 73, 75, 76, 77, 78, 79, 80, 101], "excluded_lines": [], "functions": {"_is_extra_ignored": {"executed_lines": [45, 46, 48, 49, 50], "summary": {"covered_lines": 5, "num_statements": 6, "percent_covered": 83.33333333333333, "percent_covered_display": "83", "missing_lines": 1, "excluded_lines": 0}, "missing_lines": [47], "excluded_lines": []}, "scan_paths": {"executed_lines": [68, 70, 83, 84, 85, 87, 88, 89, 90, 91, 92], "summary": {"covered_lines": 11, "num_statements": 20, "percent_covered": 55.0, "percent_covered_display": "55", "missing_lines": 9, "excluded_lines": 0}, "missing_lines": [71, 72, 73, 75, 76, 77, 78, 79, 80], "excluded_lines": []}, "get_backend": {"executed_lines": [], "summary": {"covered_lines": 0, "num_statements": 1, "percent_covered": 0.0, "percent_covered_display": "0", "missing_lines": 1, "excluded_lines": 0}, "missing_lines": [101], "excluded_lines": []}, "": {"executed_lines": [1, 7, 9, 10, 11, 13, 14, 15, 16, 19, 20, 23, 40, 43, 53, 95], "summary": {"covered_lines": 15, "num_statements": 16, "percent_covered": 93.75, "percent_covered_display": "94", "missing_lines": 1, "excluded_lines": 0}, "missing_lines": [18], "excluded_lines": []}}, "classes": {"": {"executed_lines": [1, 7, 9, 10, 11, 13, 14, 15, 16, 19, 20, 23, 40, 43, 45, 46, 48, 49, 50, 53, 68, 70, 83, 84, 85, 87, 88, 89, 90, 91, 92, 95], "summary": {"covered_lines": 31, "num_statements": 43, "percent_covered": 72.09302325581395, "percent_covered_display": "72", "missing_lines": 12, "excluded_lines": 0}, "missing_lines": [18, 47, 71, 72, 73, 75, 76, 77, 78, 79, 80, 101], "excluded_lines": []}}}, "src/firsttry/twin/graph.py": {"executed_lines": [1, 3, 4, 5, 8, 9, 10, 11, 12, 13, 14, 15, 16, 19, 20, 21, 22, 23, 24, 25, 26, 29, 30, 31, 32, 33, 35, 37, 49, 50, 61, 62, 72, 73, 99, 114], "summary": {"covered_lines": 36, "num_statements": 63, "percent_covered": 57.142857142857146, "percent_covered_display": "57", "missing_lines": 27, "excluded_lines": 0}, "missing_lines": [38, 51, 63, 74, 75, 76, 77, 86, 87, 95, 96, 101, 102, 103, 104, 105, 106, 107, 108, 109, 110, 111, 112, 115, 116, 117, 118], "excluded_lines": [], "functions": {"CodebaseTwin.to_json": {"executed_lines": [], "summary": {"covered_lines": 0, "num_statements": 1, "percent_covered": 0.0, "percent_covered_display": "0", "missing_lines": 1, "excluded_lines": 0}, "missing_lines": [38], "excluded_lines": []}, "CodebaseTwin._file_to_dict": {"executed_lines": [], "summary": {"covered_lines": 0, "num_statements": 1, "percent_covered": 0.0, "percent_covered_display": "0", "missing_lines": 1, "excluded_lines": 0}, "missing_lines": [51], "excluded_lines": []}, "CodebaseTwin._proj_to_dict": {"executed_lines": [], "summary": {"covered_lines": 0, "num_statements": 1, "percent_covered": 0.0, "percent_covered_display": "0", "missing_lines": 1, "excluded_lines": 0}, "missing_lines": [63], "excluded_lines": []}, "CodebaseTwin.from_json": {"executed_lines": [], "summary": {"covered_lines": 0, "num_statements": 8, "percent_covered": 0.0, "percent_covered_display": "0", "missing_lines": 8, "excluded_lines": 0}, "missing_lines": [74, 75, 76, 77, 86, 87, 95, 96], "excluded_lines": []}, "CodebaseTwin.impacted_files": {"executed_lines": [], "summary": {"covered_lines": 0, "num_statements": 12, "percent_covered": 0.0, "percent_covered_display": "0", "missing_lines": 12, "excluded_lines": 0}, "missing_lines": [101, 102, 103, 104, 105, 106, 107, 108, 109, 110, 111, 112], "excluded_lines": []}, "CodebaseTwin.project_of_file": {"executed_lines": [], "summary": {"covered_lines": 0, "num_statements": 4, "percent_covered": 0.0, "percent_covered_display": "0", "missing_lines": 4, "excluded_lines": 0}, "missing_lines": [115, 116, 117, 118], "excluded_lines": []}, "": {"executed_lines": [1, 3, 4, 5, 8, 9, 10, 11, 12, 13, 14, 15, 16, 19, 20, 21, 22, 23, 24, 25, 26, 29, 30, 31, 32, 33, 35, 37, 49, 50, 61, 62, 72, 73, 99, 114], "summary": {"covered_lines": 36, "num_statements": 36, "percent_covered": 100.0, "percent_covered_display": "100", "missing_lines": 0, "excluded_lines": 0}, "missing_lines": [], "excluded_lines": []}}, "classes": {"FileNode": {"executed_lines": [], "summary": {"covered_lines": 0, "num_statements": 0, "percent_covered": 100.0, "percent_covered_display": "100", "missing_lines": 0, "excluded_lines": 0}, "missing_lines": [], "excluded_lines": []}, "ProjectNode": {"executed_lines": [], "summary": {"covered_lines": 0, "num_statements": 0, "percent_covered": 100.0, "percent_covered_display": "100", "missing_lines": 0, "excluded_lines": 0}, "missing_lines": [], "excluded_lines": []}, "CodebaseTwin": {"executed_lines": [], "summary": {"covered_lines": 0, "num_statements": 27, "percent_covered": 0.0, "percent_covered_display": "0", "missing_lines": 27, "excluded_lines": 0}, "missing_lines": [38, 51, 63, 74, 75, 76, 77, 86, 87, 95, 96, 101, 102, 103, 104, 105, 106, 107, 108, 109, 110, 111, 112, 115, 116, 117, 118], "excluded_lines": []}, "": {"executed_lines": [1, 3, 4, 5, 8, 9, 10, 11, 12, 13, 14, 15, 16, 19, 20, 21, 22, 23, 24, 25, 26, 29, 30, 31, 32, 33, 35, 37, 49, 50, 61, 62, 72, 73, 99, 114], "summary": {"covered_lines": 36, "num_statements": 36, "percent_covered": 100.0, "percent_covered_display": "100", "missing_lines": 0, "excluded_lines": 0}, "missing_lines": [], "excluded_lines": []}}}, "src/firsttry/twin/hashers.py": {"executed_lines": [1, 3, 4, 5, 6, 8, 12, 15, 18, 23, 24, 25, 28, 30, 32, 33, 34, 35, 38, 40, 41, 42, 43, 44, 45, 46, 47, 48, 51, 56, 57, 59, 60, 61, 66, 68, 69, 71, 72, 75, 76, 77, 83, 85, 86, 88, 90, 92, 93, 98, 99, 101, 102, 103], "summary": {"covered_lines": 53, "num_statements": 57, "percent_covered": 92.98245614035088, "percent_covered_display": "93", "missing_lines": 4, "excluded_lines": 0}, "missing_lines": [62, 63, 96, 97], "excluded_lines": [], "functions": {"_new_b3": {"executed_lines": [15], "summary": {"covered_lines": 1, "num_statements": 1, "percent_covered": 100.0, "percent_covered_display": "100", "missing_lines": 0, "excluded_lines": 0}, "missing_lines": [], "excluded_lines": []}, "hash_bytes": {"executed_lines": [23, 24, 25], "summary": {"covered_lines": 3, "num_statements": 3, "percent_covered": 100.0, "percent_covered_display": "100", "missing_lines": 0, "excluded_lines": 0}, "missing_lines": [], "excluded_lines": []}, "hash_file": {"executed_lines": [30, 32, 33, 34, 35], "summary": {"covered_lines": 5, "num_statements": 5, "percent_covered": 100.0, "percent_covered_display": "100", "missing_lines": 0, "excluded_lines": 0}, "missing_lines": [], "excluded_lines": []}, "hash_files": {"executed_lines": [40, 41, 42, 43, 44, 45, 46, 47, 48], "summary": {"covered_lines": 9, "num_statements": 9, "percent_covered": 100.0, "percent_covered_display": "100", "missing_lines": 0, "excluded_lines": 0}, "missing_lines": [], "excluded_lines": []}, "tool_version_hash": {"executed_lines": [56, 57, 59, 60, 61], "summary": {"covered_lines": 5, "num_statements": 7, "percent_covered": 71.42857142857143, "percent_covered_display": "71", "missing_lines": 2, "excluded_lines": 0}, "missing_lines": [62, 63], "excluded_lines": []}, "env_fingerprint": {"executed_lines": [68, 69, 71, 72], "summary": {"covered_lines": 4, "num_statements": 4, "percent_covered": 100.0, "percent_covered_display": "100", "missing_lines": 0, "excluded_lines": 0}, "missing_lines": [], "excluded_lines": []}, "Hasher.enumerate_files": {"executed_lines": [86, 88], "summary": {"covered_lines": 2, "num_statements": 2, "percent_covered": 100.0, "percent_covered_display": "100", "missing_lines": 0, "excluded_lines": 0}, "missing_lines": [], "excluded_lines": []}, "Hasher.compute_hashes": {"executed_lines": [92, 93, 98, 99], "summary": {"covered_lines": 4, "num_statements": 6, "percent_covered": 66.66666666666667, "percent_covered_display": "67", "missing_lines": 2, "excluded_lines": 0}, "missing_lines": [96, 97], "excluded_lines": []}, "Hasher.hash_all": {"executed_lines": [102, 103], "summary": {"covered_lines": 2, "num_statements": 2, "percent_covered": 100.0, "percent_covered_display": "100", "missing_lines": 0, "excluded_lines": 0}, "missing_lines": [], "excluded_lines": []}, "": {"executed_lines": [1, 3, 4, 5, 6, 8, 12, 18, 28, 38, 51, 66, 75, 76, 77, 83, 85, 90, 101], "summary": {"covered_lines": 18, "num_statements": 18, "percent_covered": 100.0, "percent_covered_display": "100", "missing_lines": 0, "excluded_lines": 0}, "missing_lines": [], "excluded_lines": []}}, "classes": {"Hasher": {"executed_lines": [86, 88, 92, 93, 98, 99, 102, 103], "summary": {"covered_lines": 8, "num_statements": 10, "percent_covered": 80.0, "percent_covered_display": "80", "missing_lines": 2, "excluded_lines": 0}, "missing_lines": [96, 97], "excluded_lines": []}, "": {"executed_lines": [1, 3, 4, 5, 6, 8, 12, 15, 18, 23, 24, 25, 28, 30, 32, 33, 34, 35, 38, 40, 41, 42, 43, 44, 45, 46, 47, 48, 51, 56, 57, 59, 60, 61, 66, 68, 69, 71, 72, 75, 76, 77, 83, 85, 90, 101], "summary": {"covered_lines": 45, "num_statements": 47, "percent_covered": 95.74468085106383, "percent_covered_display": "96", "missing_lines": 2, "excluded_lines": 0}, "missing_lines": [62, 63], "excluded_lines": []}}}, "src/firsttry/twin/scanner_node.py": {"executed_lines": [], "summary": {"covered_lines": 0, "num_statements": 13, "percent_covered": 0.0, "percent_covered_display": "0", "missing_lines": 13, "excluded_lines": 0}, "missing_lines": [1, 3, 4, 6, 7, 10, 11, 12, 13, 14, 15, 16, 18], "excluded_lines": [], "functions": {"attach_node_projects": {"executed_lines": [], "summary": {"covered_lines": 0, "num_statements": 7, "percent_covered": 0.0, "percent_covered_display": "0", "missing_lines": 7, "excluded_lines": 0}, "missing_lines": [11, 12, 13, 14, 15, 16, 18], "excluded_lines": []}, "": {"executed_lines": [], "summary": {"covered_lines": 0, "num_statements": 6, "percent_covered": 0.0, "percent_covered_display": "0", "missing_lines": 6, "excluded_lines": 0}, "missing_lines": [1, 3, 4, 6, 7, 10], "excluded_lines": []}}, "classes": {"": {"executed_lines": [], "summary": {"covered_lines": 0, "num_statements": 13, "percent_covered": 0.0, "percent_covered_display": "0", "missing_lines": 13, "excluded_lines": 0}, "missing_lines": [1, 3, 4, 6, 7, 10, 11, 12, 13, 14, 15, 16, 18], "excluded_lines": []}}}, "src/firsttry/twin/scanner_python.py": {"executed_lines": [], "summary": {"covered_lines": 0, "num_statements": 71, "percent_covered": 0.0, "percent_covered_display": "0", "missing_lines": 71, "excluded_lines": 0}, "missing_lines": [1, 3, 4, 5, 7, 9, 10, 11, 12, 13, 16, 17, 18, 19, 20, 23, 25, 26, 27, 28, 29, 30, 31, 32, 33, 34, 35, 38, 39, 40, 41, 42, 43, 44, 45, 46, 47, 48, 49, 50, 53, 54, 56, 57, 58, 59, 64, 65, 68, 69, 70, 71, 72, 73, 75, 76, 77, 78, 79, 81, 82, 85, 86, 87, 88, 89, 90, 93, 94, 95, 97], "excluded_lines": [], "functions": {"_iter_py_files": {"executed_lines": [], "summary": {"covered_lines": 0, "num_statements": 4, "percent_covered": 0.0, "percent_covered_display": "0", "missing_lines": 4, "excluded_lines": 0}, "missing_lines": [17, 18, 19, 20], "excluded_lines": []}, "_module_name": {"executed_lines": [], "summary": {"covered_lines": 0, "num_statements": 11, "percent_covered": 0.0, "percent_covered_display": "0", "missing_lines": 11, "excluded_lines": 0}, "missing_lines": [25, 26, 27, 28, 29, 30, 31, 32, 33, 34, 35], "excluded_lines": []}, "_imports_from_ast": {"executed_lines": [], "summary": {"covered_lines": 0, "num_statements": 12, "percent_covered": 0.0, "percent_covered_display": "0", "missing_lines": 12, "excluded_lines": 0}, "missing_lines": [39, 40, 41, 42, 43, 44, 45, 46, 47, 48, 49, 50], "excluded_lines": []}, "build_python_twin": {"executed_lines": [], "summary": {"covered_lines": 0, "num_statements": 30, "percent_covered": 0.0, "percent_covered_display": "0", "missing_lines": 30, "excluded_lines": 0}, "missing_lines": [54, 56, 57, 58, 59, 64, 65, 68, 69, 70, 71, 72, 73, 75, 76, 77, 78, 79, 81, 82, 85, 86, 87, 88, 89, 90, 93, 94, 95, 97], "excluded_lines": []}, "": {"executed_lines": [], "summary": {"covered_lines": 0, "num_statements": 14, "percent_covered": 0.0, "percent_covered_display": "0", "missing_lines": 14, "excluded_lines": 0}, "missing_lines": [1, 3, 4, 5, 7, 9, 10, 11, 12, 13, 16, 23, 38, 53], "excluded_lines": []}}, "classes": {"": {"executed_lines": [], "summary": {"covered_lines": 0, "num_statements": 71, "percent_covered": 0.0, "percent_covered_display": "0", "missing_lines": 71, "excluded_lines": 0}, "missing_lines": [1, 3, 4, 5, 7, 9, 10, 11, 12, 13, 16, 17, 18, 19, 20, 23, 25, 26, 27, 28, 29, 30, 31, 32, 33, 34, 35, 38, 39, 40, 41, 42, 43, 44, 45, 46, 47, 48, 49, 50, 53, 54, 56, 57, 58, 59, 64, 65, 68, 69, 70, 71, 72, 73, 75, 76, 77, 78, 79, 81, 82, 85, 86, 87, 88, 89, 90, 93, 94, 95, 97], "excluded_lines": []}}}, "src/firsttry/twin/store.py": {"executed_lines": [], "summary": {"covered_lines": 0, "num_statements": 14, "percent_covered": 0.0, "percent_covered_display": "0", "missing_lines": 14, "excluded_lines": 0}, "missing_lines": [1, 3, 5, 8, 9, 12, 13, 14, 15, 18, 19, 20, 21, 22], "excluded_lines": [], "functions": {"twin_path": {"executed_lines": [], "summary": {"covered_lines": 0, "num_statements": 1, "percent_covered": 0.0, "percent_covered_display": "0", "missing_lines": 1, "excluded_lines": 0}, "missing_lines": [9], "excluded_lines": []}, "save_twin": {"executed_lines": [], "summary": {"covered_lines": 0, "num_statements": 3, "percent_covered": 0.0, "percent_covered_display": "0", "missing_lines": 3, "excluded_lines": 0}, "missing_lines": [13, 14, 15], "excluded_lines": []}, "load_twin": {"executed_lines": [], "summary": {"covered_lines": 0, "num_statements": 4, "percent_covered": 0.0, "percent_covered_display": "0", "missing_lines": 4, "excluded_lines": 0}, "missing_lines": [19, 20, 21, 22], "excluded_lines": []}, "": {"executed_lines": [], "summary": {"covered_lines": 0, "num_statements": 6, "percent_covered": 0.0, "percent_covered_display": "0", "missing_lines": 6, "excluded_lines": 0}, "missing_lines": [1, 3, 5, 8, 12, 18], "excluded_lines": []}}, "classes": {"": {"executed_lines": [], "summary": {"covered_lines": 0, "num_statements": 14, "percent_covered": 0.0, "percent_covered_display": "0", "missing_lines": 14, "excluded_lines": 0}, "missing_lines": [1, 3, 5, 8, 9, 12, 13, 14, 15, 18, 19, 20, 21, 22], "excluded_lines": []}}}, "src/firsttry/utils/proc.py": {"executed_lines": [1, 3, 5, 6, 7, 8, 9, 11, 14, 29, 39], "summary": {"covered_lines": 10, "num_statements": 27, "percent_covered": 37.03703703703704, "percent_covered_display": "37", "missing_lines": 17, "excluded_lines": 0}, "missing_lines": [16, 17, 18, 19, 20, 21, 22, 23, 24, 26, 36, 53, 54, 55, 63, 64, 65], "excluded_lines": [], "functions": {"_to_str": {"executed_lines": [], "summary": {"covered_lines": 0, "num_statements": 10, "percent_covered": 0.0, "percent_covered_display": "0", "missing_lines": 10, "excluded_lines": 0}, "missing_lines": [16, 17, 18, 19, 20, 21, 22, 23, 24, 26], "excluded_lines": []}, "to_str": {"executed_lines": [], "summary": {"covered_lines": 0, "num_statements": 1, "percent_covered": 0.0, "percent_covered_display": "0", "missing_lines": 1, "excluded_lines": 0}, "missing_lines": [36], "excluded_lines": []}, "run_cmd": {"executed_lines": [], "summary": {"covered_lines": 0, "num_statements": 6, "percent_covered": 0.0, "percent_covered_display": "0", "missing_lines": 6, "excluded_lines": 0}, "missing_lines": [53, 54, 55, 63, 64, 65], "excluded_lines": []}, "": {"executed_lines": [1, 3, 5, 6, 7, 8, 9, 11, 14, 29, 39], "summary": {"covered_lines": 10, "num_statements": 10, "percent_covered": 100.0, "percent_covered_display": "100", "missing_lines": 0, "excluded_lines": 0}, "missing_lines": [], "excluded_lines": []}}, "classes": {"": {"executed_lines": [1, 3, 5, 6, 7, 8, 9, 11, 14, 29, 39], "summary": {"covered_lines": 10, "num_statements": 27, "percent_covered": 37.03703703703704, "percent_covered_display": "37", "missing_lines": 17, "excluded_lines": 0}, "missing_lines": [16, 17, 18, 19, 20, 21, 22, 23, 24, 26, 36, 53, 54, 55, 63, 64, 65], "excluded_lines": []}}}, "src/firsttry/vscode_skel.py": {"executed_lines": [1, 3, 27], "summary": {"covered_lines": 3, "num_statements": 3, "percent_covered": 100.0, "percent_covered_display": "100", "missing_lines": 0, "excluded_lines": 0}, "missing_lines": [], "excluded_lines": [], "functions": {"": {"executed_lines": [1, 3, 27], "summary": {"covered_lines": 3, "num_statements": 3, "percent_covered": 100.0, "percent_covered_display": "100", "missing_lines": 0, "excluded_lines": 0}, "missing_lines": [], "excluded_lines": []}}, "classes": {"": {"executed_lines": [1, 3, 27], "summary": {"covered_lines": 3, "num_statements": 3, "percent_covered": 100.0, "percent_covered_display": "100", "missing_lines": 0, "excluded_lines": 0}, "missing_lines": [], "excluded_lines": []}}}}, "totals": {"covered_lines": 5636, "num_statements": 11318, "percent_covered": 49.79678388407846, "percent_covered_display": "50", "missing_lines": 5682, "excluded_lines": 66}}