{
  "tasks": [
    {
      "name": "ruff:firsttry-run",
      "check_id": "ruff:firsttry-run",
      "status": "fail",
      "duration_ms": 1387,
      "stdout": "E401 [*] Multiple imports on one line\n --> src/firsttry/cache/local.py:4:1\n  |\n2 | from pathlib import Path\n3 | from typing import Optional, Dict, Any\n4 | import json, time\n  | ^^^^^^^^^^^^^^^^^\n5 | from .base import BaseCache, CacheHit\n  |\nhelp: Split imports\n\nE701 Multiple statements on one line (colon)\n  --> src/firsttry/cache/local.py:53:16\n   |\n51 |             return\n52 |         for f in files[self.max_entries:]:\n53 |             try: f.unlink(missing_ok=True)\n   |                ^\n54 |             except Exception: pass\n   |\n\nE701 Multiple statements on one line (colon)\n  --> src/firsttry/cache/local.py:54:29\n   |\n52 |         for f in files[self.max_entries:]:\n53 |             try: f.unlink(missing_ok=True)\n54 |             except Exception: pass\n   |                             ^\n   |\n\nE401 [*] Multiple imports on one line\n --> src/firsttry/cache/s3.py:4:1\n  |\n2 | from typing import Optional, Dict, Any\n3 | from dataclasses import dataclass\n4 | import json, os\n  | ^^^^^^^^^^^^^^^\n5 |\n6 | from .base import BaseCache, CacheHit\n  |\nhelp: Split imports\n\nF821 Undefined name `cmd_init`\n   --> src/firsttry/cli.py:421:16\n    |\n420 |     elif args.cmd == \"init\":\n421 |         return cmd_init()\n    |                ^^^^^^^^\n422 |\n423 |     elif args.cmd == \"list-checks\":\n    |\n\nF821 Undefined name `cmd_list_checks`\n   --> src/firsttry/cli.py:424:16\n    |\n423 |     elif args.cmd == \"list-checks\":\n424 |         return cmd_list_checks()\n    |                ^^^^^^^^^^^^^^^\n425 |\n426 |     else:\n    |\n\nE401 [*] Multiple imports on one line\n   --> src/firsttry/cli.py:574:5\n    |\n572 | def cmd_doctor(repo_root: str | None = None) -> int:\n573 |     from pathlib import Path\n574 |     import shutil, platform, sys, os\n    |     ^^^^^^^^^^^^^^^^^^^^^^^^^^^^^^^^\n575 |     repo_root = Path(repo_root or \".\").resolve()\n    |\nhelp: Split imports\n\nF401 [*] `sys` imported but unused\n   --> src/firsttry/cli.py:574:30\n    |\n572 | def cmd_doctor(repo_root: str | None = None) -> int:\n573 |     from pathlib import Path\n574 |     import shutil, platform, sys, os\n    |                              ^^^\n575 |     repo_root = Path(repo_root or \".\").resolve()\n    |\nhelp: Remove unused import: `sys`\n\nE702 Multiple statements on one line (semicolon)\n   --> src/firsttry/cli.py:597:25\n    |\n595 |     # Node tools\n596 |     print(\"Node.js Environment:\")\n597 |     node = which(\"node\"); npm = which(\"npm\"); npx = which(\"npx\")\n    |                         ^\n598 |     print(f\" - node: {'OK -> ' + node if node else 'MISSING'}\")\n599 |     print(f\" - npm:  {'OK -> ' + npm if npm else 'MISSING'}\")\n    |\n\nE702 Multiple statements on one line (semicolon)\n   --> src/firsttry/cli.py:597:45\n    |\n595 |     # Node tools\n596 |     print(\"Node.js Environment:\")\n597 |     node = which(\"node\"); npm = which(\"npm\"); npx = which(\"npx\")\n    |                                             ^\n598 |     print(f\" - node: {'OK -> ' + node if node else 'MISSING'}\")\n599 |     print(f\" - npm:  {'OK -> ' + npm if npm else 'MISSING'}\")\n    |\n\nF821 Undefined name `resolve_ci_plan`\n   --> src/firsttry/cli.py:713:19\n    |\n711 |             return 2\n712 |     elif source == \"ci\":\n713 |         ci_plan = resolve_ci_plan(ctx[\"repo_root\"])\n    |                   ^^^^^^^^^^^^^^^\n714 |         if ci_plan is None:\n715 |             print(\"firsttry: no CI files found to build a CI-based plan.\")\n    |\n\nF821 Undefined name `resolve_ci_plan`\n   --> src/firsttry/cli.py:723:23\n    |\n721 |         plan = plan_from_config_with_timeout(cfg, timeout_seconds=2.5)\n722 |         if plan is None:\n723 |             ci_plan = resolve_ci_plan(ctx[\"repo_root\"])\n    |                       ^^^^^^^^^^^^^^^\n724 |             if ci_plan is not None:\n725 |                 plan = ci_plan\n    |\n\nE731 Do not assign a `lambda` expression, use a `def`\n   --> src/firsttry/cli.py:756:9\n    |\n754 |         from .ci_parser import resolve_ci_plan\n755 |     except Exception:\n756 |         resolve_ci_plan = lambda root: None\n    |         ^^^^^^^^^^^^^^^^^^^^^^^^^^^^^^^^^^^\n757 |\n758 |     # make repo profile available to runners\n    |\nhelp: Rewrite `resolve_ci_plan` as a `def`\n\nF401 [*] `typing.Any` imported but unused\n --> src/firsttry/config.py:4:26\n  |\n2 | from dataclasses import dataclass, field\n3 | from pathlib import Path\n4 | from typing import Dict, Any\n  |                          ^^^\n5 |\n6 | try:\n  |\nhelp: Remove unused import: `typing.Any`\n\nF401 [*] `concurrent.futures.ThreadPoolExecutor` imported but unused\n --> src/firsttry/executor/dag.py:4:32\n  |\n2 | from dataclasses import dataclass\n3 | from typing import Dict, Set, List, Optional\n4 | from concurrent.futures import ThreadPoolExecutor, Future\n  |                                ^^^^^^^^^^^^^^^^^^\n5 | from threading import Lock\n6 | from pathlib import Path\n  |\nhelp: Remove unused import: `concurrent.futures.ThreadPoolExecutor`\n\nF401 [*] `..planner.dag.Task` imported but unused\n  --> src/firsttry/executor/dag.py:9:33\n   |\n 7 | import time\n 8 |\n 9 | from ..planner.dag import Plan, Task\n   |                                 ^^^^\n10 | from ..runners.base import CheckRunner, RunResult\n11 | from ..runners.registry import default_registry\n   |\nhelp: Remove unused import: `..planner.dag.Task`\n\nF401 [*] `..cache.local.LocalCache` imported but unused\n  --> src/firsttry/executor/dag.py:13:27\n   |\n11 | from ..runners.registry import default_registry\n12 | from ..cache.base import BaseCache, CacheHit\n13 | from ..cache.local import LocalCache\n   |                           ^^^^^^^^^^\n14 | from ..cache.s3 import S3Cache\n   |\nhelp: Remove unused import: `..cache.local.LocalCache`\n\nF401 [*] `..cache.s3.S3Cache` imported but unused\n  --> src/firsttry/executor/dag.py:14:24\n   |\n12 | from ..cache.base import BaseCache, CacheHit\n13 | from ..cache.local import LocalCache\n14 | from ..cache.s3 import S3Cache\n   |                        ^^^^^^^\n   |\nhelp: Remove unused import: `..cache.s3.S3Cache`\n\nF811 [*] Redefinition of unused `ThreadPoolExecutor` from line 4\n   --> src/firsttry/executor/dag.py:126:40\n    |\n124 |         self._build_graph()\n125 |         futures: Dict[str, Future] = {}\n126 |         from concurrent.futures import ThreadPoolExecutor\n    |                                        ^^^^^^^^^^^^^^^^^^ `ThreadPoolExecutor` redefined here\n127 |         with ThreadPoolExecutor(max_workers=self.max_workers) as pool:\n128 |             while True:\n    |\n   ::: src/firsttry/executor/dag.py:4:32\n    |\n  2 | from dataclasses import dataclass\n  3 | from typing import Dict, Set, List, Optional\n  4 | from concurrent.futures import ThreadPoolExecutor, Future\n    |                                ------------------ previous definition of `ThreadPoolExecutor` here\n  5 | from threading import Lock\n  6 | from pathlib import Path\n    |\nhelp: Remove definition: `ThreadPoolExecutor`\n\nF811 [*] Redefinition of unused `LocalCache` from line 13\n   --> src/firsttry/executor/dag.py:143:31\n    |\n142 | def default_caches(repo_root: Path, use_remote: bool) -> List[BaseCache]:\n143 |     from ..cache.local import LocalCache\n    |                               ^^^^^^^^^^ `LocalCache` redefined here\n144 |     from ..cache.s3 import S3Cache\n    |\n   ::: src/firsttry/executor/dag.py:13:27\n    |\n 11 | from ..runners.registry import default_registry\n 12 | from ..cache.base import BaseCache, CacheHit\n 13 | from ..cache.local import LocalCache\n    |                           ---------- previous definition of `LocalCache` here\n 14 | from ..cache.s3 import S3Cache\n    |\nhelp: Remove definition: `LocalCache`\n\nF811 [*] Redefinition of unused `S3Cache` from line 14\n   --> src/firsttry/executor/dag.py:144:28\n    |\n142 | def default_caches(repo_root: Path, use_remote: bool) -> List[BaseCache]:\n143 |     from ..cache.local import LocalCache\n144 |     from ..cache.s3 import S3Cache\n    |                            ^^^^^^^ `S3Cache` redefined here\n145 |\n146 |     caches: List[BaseCache] = []\n    |\n   ::: src/firsttry/executor/dag.py:14:24\n    |\n 12 | from ..cache.base import BaseCache, CacheHit\n 13 | from ..cache.local import LocalCache\n 14 | from ..cache.s3 import S3Cache\n    |                        ------- previous definition of `S3Cache` here\n    |\nhelp: Remove definition: `S3Cache`\n\nF401 [*] `typing.Iterable` imported but unused\n --> src/firsttry/executor/key_builder.py:3:20\n  |\n1 | from __future__ import annotations\n2 | from pathlib import Path\n3 | from typing import Iterable, Set\n  |                    ^^^^^^^^\n4 | from ..twin.hashers import hash_bytes, hash_file, tool_version_hash, env_fingerprint\n  |\nhelp: Remove unused import: `typing.Iterable`\n\nF401 [*] `pathlib.Path` imported but unused\n --> src/firsttry/planner/dag.py:3:21\n  |\n1 | from __future__ import annotations\n2 | from dataclasses import dataclass, field\n3 | from pathlib import Path\n  |                     ^^^^\n4 | from typing import Dict, List, Set, Iterable\n5 | from ..twin.graph import CodebaseTwin\n  |\nhelp: Remove unused import: `pathlib.Path`\n\nF401 [*] `typing.Iterable` imported but unused\n --> src/firsttry/planner/dag.py:4:37\n  |\n2 | from dataclasses import dataclass, field\n3 | from pathlib import Path\n4 | from typing import Dict, List, Set, Iterable\n  |                                     ^^^^^^^^\n5 | from ..twin.graph import CodebaseTwin\n  |\nhelp: Remove unused import: `typing.Iterable`\n\nF401 [*] `typing.List` imported but unused\n --> src/firsttry/run_swarm.py:3:20\n  |\n1 | from __future__ import annotations\n2 | from pathlib import Path\n3 | from typing import List\n  |                    ^^^^\n4 | from .planner.dag import Plan\n5 | from .executor.dag import DagExecutor, default_caches\n  |\nhelp: Remove unused import: `typing.List`\n\nF401 [*] `..twin.hashers.tool_version_hash` imported but unused\n --> src/firsttry/runners/base.py:6:51\n  |\n4 | from typing import List, Dict, Any, Protocol, Optional\n5 | import shutil\n6 | from ..twin.hashers import hash_bytes, hash_file, tool_version_hash, env_fingerprint\n  |                                                   ^^^^^^^^^^^^^^^^^\n  |\nhelp: Remove unused import\n\nF401 [*] `..twin.hashers.env_fingerprint` imported but unused\n --> src/firsttry/runners/base.py:6:70\n  |\n4 | from typing import List, Dict, Any, Protocol, Optional\n5 | import shutil\n6 | from ..twin.hashers import hash_bytes, hash_file, tool_version_hash, env_fingerprint\n  |                                                                      ^^^^^^^^^^^^^^^\n  |\nhelp: Remove unused import\n\nF401 [*] `pathlib.Path` imported but unused\n --> src/firsttry/twin/graph.py:3:21\n  |\n1 | from __future__ import annotations\n2 | from dataclasses import dataclass, field\n3 | from pathlib import Path\n  |                     ^^^^\n4 | from typing import Dict, Set, List, Optional, Tuple\n5 | import json\n  |\nhelp: Remove unused import: `pathlib.Path`\n\nF401 [*] `typing.Tuple` imported but unused\n --> src/firsttry/twin/graph.py:4:47\n  |\n2 | from dataclasses import dataclass, field\n3 | from pathlib import Path\n4 | from typing import Dict, Set, List, Optional, Tuple\n  |                                               ^^^^^\n5 | import json\n  |\nhelp: Remove unused import: `typing.Tuple`\n\nE401 [*] Multiple imports on one line\n --> src/firsttry/twin/hashers.py:3:1\n  |\n1 | from __future__ import annotations\n2 | from pathlib import Path\n3 | import hashlib, subprocess\n  | ^^^^^^^^^^^^^^^^^^^^^^^^^^\n4 |\n5 | def hash_bytes(b: bytes) -> str:\n  |\nhelp: Split imports\n\nE401 [*] Multiple imports on one line\n  --> src/firsttry/twin/hashers.py:32:5\n   |\n30 | def env_fingerprint() -> str:\n31 |     # Keep it cheap and deterministic: python version + platform\n32 |     import sys, platform\n   |     ^^^^^^^^^^^^^^^^^^^^\n33 |     s = f\"py={sys.version_info[:3]}|impl={platform.python_implementation()}|plat={platform.platform()}\"\n34 |     return hash_bytes(s.encode())\n   |\nhelp: Split imports\n\nF401 [*] `typing.Tuple` imported but unused\n --> src/firsttry/twin/scanner_python.py:3:30\n  |\n1 | from __future__ import annotations\n2 | from pathlib import Path\n3 | from typing import Iterable, Tuple, Optional\n  |                              ^^^^^\n4 | import ast, tomllib\n5 | from .graph import CodebaseTwin, FileNode, ProjectNode\n  |\nhelp: Remove unused import: `typing.Tuple`\n\nE401 [*] Multiple imports on one line\n --> src/firsttry/twin/scanner_python.py:4:1\n  |\n2 | from pathlib import Path\n3 | from typing import Iterable, Tuple, Optional\n4 | import ast, tomllib\n  | ^^^^^^^^^^^^^^^^^^^\n5 | from .graph import CodebaseTwin, FileNode, ProjectNode\n6 | from .hashers import hash_file, hash_dir\n  |\nhelp: Split imports\n\nFound 33 errors.\n[*] 24 fixable with the `--fix` option (1 hidden fix can be enabled with the `--unsafe-fixes` option).\n",
      "stderr": "",
      "cache_status": "miss-run"
    },
    {
      "name": "mypy:firsttry-run",
      "check_id": "mypy:firsttry-run",
      "status": "fail",
      "duration_ms": 5046,
      "stdout": "benchmarks/repos/repo-a-no-config/tests/test_utils1.py:1: error: Invalid syntax  [syntax]\nFound 1 error in 1 file (errors prevented further checking)\n",
      "stderr": "",
      "cache_status": "miss-run"
    },
    {
      "name": "pytest:firsttry-run",
      "check_id": "pytest:firsttry-run",
      "status": "fail",
      "duration_ms": 11662,
      "stdout": "\n==================================== ERRORS ====================================\n___ ERROR collecting benchmarks/repos/repo-a-no-config/tests/test_utils1.py ____\n.venv/lib/python3.12/site-packages/_pytest/python.py:498: in importtestmodule\n    mod = import_path(\n.venv/lib/python3.12/site-packages/_pytest/pathlib.py:587: in import_path\n    importlib.import_module(module_name)\n/usr/lib/python3.12/importlib/__init__.py:90: in import_module\n    return _bootstrap._gcd_import(name[level:], package, level)\n           ^^^^^^^^^^^^^^^^^^^^^^^^^^^^^^^^^^^^^^^^^^^^^^^^^^^^\n<frozen importlib._bootstrap>:1387: in _gcd_import\n    ???\n<frozen importlib._bootstrap>:1360: in _find_and_load\n    ???\n<frozen importlib._bootstrap>:1331: in _find_and_load_unlocked\n    ???\n<frozen importlib._bootstrap>:935: in _load_unlocked\n    ???\n.venv/lib/python3.12/site-packages/_pytest/assertion/rewrite.py:177: in exec_module\n    source_stat, co = _rewrite_test(fn, self.config)\n                      ^^^^^^^^^^^^^^^^^^^^^^^^^^^^^^\n.venv/lib/python3.12/site-packages/_pytest/assertion/rewrite.py:357: in _rewrite_test\n    tree = ast.parse(source, filename=strfn)\n           ^^^^^^^^^^^^^^^^^^^^^^^^^^^^^^^^^\n/usr/lib/python3.12/ast.py:52: in parse\n    return compile(source, filename, mode, flags,\nE     File \"/workspaces/Firstry/benchmarks/repos/repo-a-no-config/tests/test_utils1.py\", line 1\nE       test 1\nE            ^\nE   SyntaxError: invalid syntax\n___ ERROR collecting benchmarks/repos/repo-a-no-config/tests/test_utils10.py ___\n.venv/lib/python3.12/site-packages/_pytest/python.py:498: in importtestmodule\n    mod = import_path(\n.venv/lib/python3.12/site-packages/_pytest/pathlib.py:587: in import_path\n    importlib.import_module(module_name)\n/usr/lib/python3.12/importlib/__init__.py:90: in import_module\n    return _bootstrap._gcd_import(name[level:], package, level)\n           ^^^^^^^^^^^^^^^^^^^^^^^^^^^^^^^^^^^^^^^^^^^^^^^^^^^^\n<frozen importlib._bootstrap>:1387: in _gcd_import\n    ???\n<frozen importlib._bootstrap>:1360: in _find_and_load\n    ???\n<frozen importlib._bootstrap>:1331: in _find_and_load_unlocked\n    ???\n<frozen importlib._bootstrap>:935: in _load_unlocked\n    ???\n.venv/lib/python3.12/site-packages/_pytest/assertion/rewrite.py:177: in exec_module\n    source_stat, co = _rewrite_test(fn, self.config)\n                      ^^^^^^^^^^^^^^^^^^^^^^^^^^^^^^\n.venv/lib/python3.12/site-packages/_pytest/assertion/rewrite.py:357: in _rewrite_test\n    tree = ast.parse(source, filename=strfn)\n           ^^^^^^^^^^^^^^^^^^^^^^^^^^^^^^^^^\n/usr/lib/python3.12/ast.py:52: in parse\n    return compile(source, filename, mode, flags,\nE     File \"/workspaces/Firstry/benchmarks/repos/repo-a-no-config/tests/test_utils10.py\", line 1\nE       test 10\nE            ^^\nE   SyntaxError: invalid syntax\n___ ERROR collecting benchmarks/repos/repo-a-no-config/tests/test_utils11.py ___\n.venv/lib/python3.12/site-packages/_pytest/python.py:498: in importtestmodule\n    mod = import_path(\n.venv/lib/python3.12/site-packages/_pytest/pathlib.py:587: in import_path\n    importlib.import_module(module_name)\n/usr/lib/python3.12/importlib/__init__.py:90: in import_module\n    return _bootstrap._gcd_import(name[level:], package, level)\n           ^^^^^^^^^^^^^^^^^^^^^^^^^^^^^^^^^^^^^^^^^^^^^^^^^^^^\n<frozen importlib._bootstrap>:1387: in _gcd_import\n    ???\n<frozen importlib._bootstrap>:1360: in _find_and_load\n    ???\n<frozen importlib._bootstrap>:1331: in _find_and_load_unlocked\n    ???\n<frozen importlib._bootstrap>:935: in _load_unlocked\n    ???\n.venv/lib/python3.12/site-packages/_pytest/assertion/rewrite.py:177: in exec_module\n    source_stat, co = _rewrite_test(fn, self.config)\n                      ^^^^^^^^^^^^^^^^^^^^^^^^^^^^^^\n.venv/lib/python3.12/site-packages/_pytest/assertion/rewrite.py:357: in _rewrite_test\n    tree = ast.parse(source, filename=strfn)\n           ^^^^^^^^^^^^^^^^^^^^^^^^^^^^^^^^^\n/usr/lib/python3.12/ast.py:52: in parse\n    return compile(source, filename, mode, flags,\nE     File \"/workspaces/Firstry/benchmarks/repos/repo-a-no-config/tests/test_utils11.py\", line 1\nE       test 11\nE            ^^\nE   SyntaxError: invalid syntax\n___ ERROR collecting benchmarks/repos/repo-a-no-config/tests/test_utils12.py ___\n.venv/lib/python3.12/site-packages/_pytest/python.py:498: in importtestmodule\n    mod = import_path(\n.venv/lib/python3.12/site-packages/_pytest/pathlib.py:587: in import_path\n    importlib.import_module(module_name)\n/usr/lib/python3.12/importlib/__init__.py:90: in import_module\n    return _bootstrap._gcd_import(name[level:], package, level)\n           ^^^^^^^^^^^^^^^^^^^^^^^^^^^^^^^^^^^^^^^^^^^^^^^^^^^^\n<frozen importlib._bootstrap>:1387: in _gcd_import\n    ???\n<frozen importlib._bootstrap>:1360: in _find_and_load\n    ???\n<frozen importlib._bootstrap>:1331: in _find_and_load_unlocked\n    ???\n<frozen importlib._bootstrap>:935: in _load_unlocked\n    ???\n.venv/lib/python3.12/site-packages/_pytest/assertion/rewrite.py:177: in exec_module\n    source_stat, co = _rewrite_test(fn, self.config)\n                      ^^^^^^^^^^^^^^^^^^^^^^^^^^^^^^\n.venv/lib/python3.12/site-packages/_pytest/assertion/rewrite.py:357: in _rewrite_test\n    tree = ast.parse(source, filename=strfn)\n           ^^^^^^^^^^^^^^^^^^^^^^^^^^^^^^^^^\n/usr/lib/python3.12/ast.py:52: in parse\n    return compile(source, filename, mode, flags,\nE     File \"/workspaces/Firstry/benchmarks/repos/repo-a-no-config/tests/test_utils12.py\", line 1\nE       test 12\nE            ^^\nE   SyntaxError: invalid syntax\n___ ERROR collecting benchmarks/repos/repo-a-no-config/tests/test_utils13.py ___\n.venv/lib/python3.12/site-packages/_pytest/python.py:498: in importtestmodule\n    mod = import_path(\n.venv/lib/python3.12/site-packages/_pytest/pathlib.py:587: in import_path\n    importlib.import_module(module_name)\n/usr/lib/python3.12/importlib/__init__.py:90: in import_module\n    return _bootstrap._gcd_import(name[level:], package, level)\n           ^^^^^^^^^^^^^^^^^^^^^^^^^^^^^^^^^^^^^^^^^^^^^^^^^^^^\n<frozen importlib._bootstrap>:1387: in _gcd_import\n    ???\n<frozen importlib._bootstrap>:1360: in _find_and_load\n    ???\n<frozen importlib._bootstrap>:1331: in _find_and_load_unlocked\n    ???\n<frozen importlib._bootstrap>:935: in _load_unlocked\n    ???\n.venv/lib/python3.12/site-packages/_pytest/assertion/rewrite.py:177: in exec_module\n    source_stat, co = _rewrite_test(fn, self.config)\n                      ^^^^^^^^^^^^^^^^^^^^^^^^^^^^^^\n.venv/lib/python3.12/site-packages/_pytest/assertion/rewrite.py:357: in _rewrite_test\n    tree = ast.parse(source, filename=strfn)\n           ^^^^^^^^^^^^^^^^^^^^^^^^^^^^^^^^^\n/usr/lib/python3.12/ast.py:52: in parse\n    return compile(source, filename, mode, flags,\nE     File \"/workspaces/Firstry/benchmarks/repos/repo-a-no-config/tests/test_utils13.py\", line 1\nE       test 13\nE            ^^\nE   SyntaxError: invalid syntax\n___ ERROR collecting benchmarks/repos/repo-a-no-config/tests/test_utils14.py ___\n.venv/lib/python3.12/site-packages/_pytest/python.py:498: in importtestmodule\n    mod = import_path(\n.venv/lib/python3.12/site-packages/_pytest/pathlib.py:587: in import_path\n    importlib.import_module(module_name)\n/usr/lib/python3.12/importlib/__init__.py:90: in import_module\n    return _bootstrap._gcd_import(name[level:], package, level)\n           ^^^^^^^^^^^^^^^^^^^^^^^^^^^^^^^^^^^^^^^^^^^^^^^^^^^^\n<frozen importlib._bootstrap>:1387: in _gcd_import\n    ???\n<frozen importlib._bootstrap>:1360: in _find_and_load\n    ???\n<frozen importlib._bootstrap>:1331: in _find_and_load_unlocked\n    ???\n<frozen importlib._bootstrap>:935: in _load_unlocked\n    ???\n.venv/lib/python3.12/site-packages/_pytest/assertion/rewrite.py:177: in exec_module\n    source_stat, co = _rewrite_test(fn, self.config)\n                      ^^^^^^^^^^^^^^^^^^^^^^^^^^^^^^\n.venv/lib/python3.12/site-packages/_pytest/assertion/rewrite.py:357: in _rewrite_test\n    tree = ast.parse(source, filename=strfn)\n           ^^^^^^^^^^^^^^^^^^^^^^^^^^^^^^^^^\n/usr/lib/python3.12/ast.py:52: in parse\n    return compile(source, filename, mode, flags,\nE     File \"/workspaces/Firstry/benchmarks/repos/repo-a-no-config/tests/test_utils14.py\", line 1\nE       test 14\nE            ^^\nE   SyntaxError: invalid syntax\n___ ERROR collecting benchmarks/repos/repo-a-no-config/tests/test_utils15.py ___\n.venv/lib/python3.12/site-packages/_pytest/python.py:498: in importtestmodule\n    mod = import_path(\n.venv/lib/python3.12/site-packages/_pytest/pathlib.py:587: in import_path\n    importlib.import_module(module_name)\n/usr/lib/python3.12/importlib/__init__.py:90: in import_module\n    return _bootstrap._gcd_import(name[level:], package, level)\n           ^^^^^^^^^^^^^^^^^^^^^^^^^^^^^^^^^^^^^^^^^^^^^^^^^^^^\n<frozen importlib._bootstrap>:1387: in _gcd_import\n    ???\n<frozen importlib._bootstrap>:1360: in _find_and_load\n    ???\n<frozen importlib._bootstrap>:1331: in _find_and_load_unlocked\n    ???\n<frozen importlib._bootstrap>:935: in _load_unlocked\n    ???\n.venv/lib/python3.12/site-packages/_pytest/assertion/rewrite.py:177: in exec_module\n    source_stat, co = _rewrite_test(fn, self.config)\n                      ^^^^^^^^^^^^^^^^^^^^^^^^^^^^^^\n.venv/lib/python3.12/site-packages/_pytest/assertion/rewrite.py:357: in _rewrite_test\n    tree = ast.parse(source, filename=strfn)\n           ^^^^^^^^^^^^^^^^^^^^^^^^^^^^^^^^^\n/usr/lib/python3.12/ast.py:52: in parse\n    return compile(source, filename, mode, flags,\nE     File \"/workspaces/Firstry/benchmarks/repos/repo-a-no-config/tests/test_utils15.py\", line 1\nE       test 15\nE            ^^\nE   SyntaxError: invalid syntax\n___ ERROR collecting benchmarks/repos/repo-a-no-config/tests/test_utils16.py ___\n.venv/lib/python3.12/site-packages/_pytest/python.py:498: in importtestmodule\n    mod = import_path(\n.venv/lib/python3.12/site-packages/_pytest/pathlib.py:587: in import_path\n    importlib.import_module(module_name)\n/usr/lib/python3.12/importlib/__init__.py:90: in import_module\n    return _bootstrap._gcd_import(name[level:], package, level)\n           ^^^^^^^^^^^^^^^^^^^^^^^^^^^^^^^^^^^^^^^^^^^^^^^^^^^^\n<frozen importlib._bootstrap>:1387: in _gcd_import\n    ???\n<frozen importlib._bootstrap>:1360: in _find_and_load\n    ???\n<frozen importlib._bootstrap>:1331: in _find_and_load_unlocked\n    ???\n<frozen importlib._bootstrap>:935: in _load_unlocked\n    ???\n.venv/lib/python3.12/site-packages/_pytest/assertion/rewrite.py:177: in exec_module\n    source_stat, co = _rewrite_test(fn, self.config)\n                      ^^^^^^^^^^^^^^^^^^^^^^^^^^^^^^\n.venv/lib/python3.12/site-packages/_pytest/assertion/rewrite.py:357: in _rewrite_test\n    tree = ast.parse(source, filename=strfn)\n           ^^^^^^^^^^^^^^^^^^^^^^^^^^^^^^^^^\n/usr/lib/python3.12/ast.py:52: in parse\n    return compile(source, filename, mode, flags,\nE     File \"/workspaces/Firstry/benchmarks/repos/repo-a-no-config/tests/test_utils16.py\", line 1\nE       test 16\nE            ^^\nE   SyntaxError: invalid syntax\n___ ERROR collecting benchmarks/repos/repo-a-no-config/tests/test_utils17.py ___\n.venv/lib/python3.12/site-packages/_pytest/python.py:498: in importtestmodule\n    mod = import_path(\n.venv/lib/python3.12/site-packages/_pytest/pathlib.py:587: in import_path\n    importlib.import_module(module_name)\n/usr/lib/python3.12/importlib/__init__.py:90: in import_module\n    return _bootstrap._gcd_import(name[level:], package, level)\n           ^^^^^^^^^^^^^^^^^^^^^^^^^^^^^^^^^^^^^^^^^^^^^^^^^^^^\n<frozen importlib._bootstrap>:1387: in _gcd_import\n    ???\n<frozen importlib._bootstrap>:1360: in _find_and_load\n    ???\n<frozen importlib._bootstrap>:1331: in _find_and_load_unlocked\n    ???\n<frozen importlib._bootstrap>:935: in _load_unlocked\n    ???\n.venv/lib/python3.12/site-packages/_pytest/assertion/rewrite.py:177: in exec_module\n    source_stat, co = _rewrite_test(fn, self.config)\n                      ^^^^^^^^^^^^^^^^^^^^^^^^^^^^^^\n.venv/lib/python3.12/site-packages/_pytest/assertion/rewrite.py:357: in _rewrite_test\n    tree = ast.parse(source, filename=strfn)\n           ^^^^^^^^^^^^^^^^^^^^^^^^^^^^^^^^^\n/usr/lib/python3.12/ast.py:52: in parse\n    return compile(source, filename, mode, flags,\nE     File \"/workspaces/Firstry/benchmarks/repos/repo-a-no-config/tests/test_utils17.py\", line 1\nE       test 17\nE            ^^\nE   SyntaxError: invalid syntax\n___ ERROR collecting benchmarks/repos/repo-a-no-config/tests/test_utils18.py ___\n.venv/lib/python3.12/site-packages/_pytest/python.py:498: in importtestmodule\n    mod = import_path(\n.venv/lib/python3.12/site-packages/_pytest/pathlib.py:587: in import_path\n    importlib.import_module(module_name)\n/usr/lib/python3.12/importlib/__init__.py:90: in import_module\n    return _bootstrap._gcd_import(name[level:], package, level)\n           ^^^^^^^^^^^^^^^^^^^^^^^^^^^^^^^^^^^^^^^^^^^^^^^^^^^^\n<frozen importlib._bootstrap>:1387: in _gcd_import\n    ???\n<frozen importlib._bootstrap>:1360: in _find_and_load\n    ???\n<frozen importlib._bootstrap>:1331: in _find_and_load_unlocked\n    ???\n<frozen importlib._bootstrap>:935: in _load_unlocked\n    ???\n.venv/lib/python3.12/site-packages/_pytest/assertion/rewrite.py:177: in exec_module\n    source_stat, co = _rewrite_test(fn, self.config)\n                      ^^^^^^^^^^^^^^^^^^^^^^^^^^^^^^\n.venv/lib/python3.12/site-packages/_pytest/assertion/rewrite.py:357: in _rewrite_test\n    tree = ast.parse(source, filename=strfn)\n           ^^^^^^^^^^^^^^^^^^^^^^^^^^^^^^^^^\n/usr/lib/python3.12/ast.py:52: in parse\n    return compile(source, filename, mode, flags,\nE     File \"/workspaces/Firstry/benchmarks/repos/repo-a-no-config/tests/test_utils18.py\", line 1\nE       test 18\nE            ^^\nE   SyntaxError: invalid syntax\n___ ERROR collecting benchmarks/repos/repo-a-no-config/tests/test_utils19.py ___\n.venv/lib/python3.12/site-packages/_pytest/python.py:498: in importtestmodule\n    mod = import_path(\n.venv/lib/python3.12/site-packages/_pytest/pathlib.py:587: in import_path\n    importlib.import_module(module_name)\n/usr/lib/python3.12/importlib/__init__.py:90: in import_module\n    return _bootstrap._gcd_import(name[level:], package, level)\n           ^^^^^^^^^^^^^^^^^^^^^^^^^^^^^^^^^^^^^^^^^^^^^^^^^^^^\n<frozen importlib._bootstrap>:1387: in _gcd_import\n    ???\n<frozen importlib._bootstrap>:1360: in _find_and_load\n    ???\n<frozen importlib._bootstrap>:1331: in _find_and_load_unlocked\n    ???\n<frozen importlib._bootstrap>:935: in _load_unlocked\n    ???\n.venv/lib/python3.12/site-packages/_pytest/assertion/rewrite.py:177: in exec_module\n    source_stat, co = _rewrite_test(fn, self.config)\n                      ^^^^^^^^^^^^^^^^^^^^^^^^^^^^^^\n.venv/lib/python3.12/site-packages/_pytest/assertion/rewrite.py:357: in _rewrite_test\n    tree = ast.parse(source, filename=strfn)\n           ^^^^^^^^^^^^^^^^^^^^^^^^^^^^^^^^^\n/usr/lib/python3.12/ast.py:52: in parse\n    return compile(source, filename, mode, flags,\nE     File \"/workspaces/Firstry/benchmarks/repos/repo-a-no-config/tests/test_utils19.py\", line 1\nE       test 19\nE            ^^\nE   SyntaxError: invalid syntax\n___ ERROR collecting benchmarks/repos/repo-a-no-config/tests/test_utils2.py ____\n.venv/lib/python3.12/site-packages/_pytest/python.py:498: in importtestmodule\n    mod = import_path(\n.venv/lib/python3.12/site-packages/_pytest/pathlib.py:587: in import_path\n    importlib.import_module(module_name)\n/usr/lib/python3.12/importlib/__init__.py:90: in import_module\n    return _bootstrap._gcd_import(name[level:], package, level)\n           ^^^^^^^^^^^^^^^^^^^^^^^^^^^^^^^^^^^^^^^^^^^^^^^^^^^^\n<frozen importlib._bootstrap>:1387: in _gcd_import\n    ???\n<frozen importlib._bootstrap>:1360: in _find_and_load\n    ???\n<frozen importlib._bootstrap>:1331: in _find_and_load_unlocked\n    ???\n<frozen importlib._bootstrap>:935: in _load_unlocked\n    ???\n.venv/lib/python3.12/site-packages/_pytest/assertion/rewrite.py:177: in exec_module\n    source_stat, co = _rewrite_test(fn, self.config)\n                      ^^^^^^^^^^^^^^^^^^^^^^^^^^^^^^\n.venv/lib/python3.12/site-packages/_pytest/assertion/rewrite.py:357: in _rewrite_test\n    tree = ast.parse(source, filename=strfn)\n           ^^^^^^^^^^^^^^^^^^^^^^^^^^^^^^^^^\n/usr/lib/python3.12/ast.py:52: in parse\n    return compile(source, filename, mode, flags,\nE     File \"/workspaces/Firstry/benchmarks/repos/repo-a-no-config/tests/test_utils2.py\", line 1\nE       test 2\nE            ^\nE   SyntaxError: invalid syntax\n___ ERROR collecting benchmarks/repos/repo-a-no-config/tests/test_utils20.py ___\n.venv/lib/python3.12/site-packages/_pytest/python.py:498: in importtestmodule\n    mod = import_path(\n.venv/lib/python3.12/site-packages/_pytest/pathlib.py:587: in import_path\n    importlib.import_module(module_name)\n/usr/lib/python3.12/importlib/__init__.py:90: in import_module\n    return _bootstrap._gcd_import(name[level:], package, level)\n           ^^^^^^^^^^^^^^^^^^^^^^^^^^^^^^^^^^^^^^^^^^^^^^^^^^^^\n<frozen importlib._bootstrap>:1387: in _gcd_import\n    ???\n<frozen importlib._bootstrap>:1360: in _find_and_load\n    ???\n<frozen importlib._bootstrap>:1331: in _find_and_load_unlocked\n    ???\n<frozen importlib._bootstrap>:935: in _load_unlocked\n    ???\n.venv/lib/python3.12/site-packages/_pytest/assertion/rewrite.py:177: in exec_module\n    source_stat, co = _rewrite_test(fn, self.config)\n                      ^^^^^^^^^^^^^^^^^^^^^^^^^^^^^^\n.venv/lib/python3.12/site-packages/_pytest/assertion/rewrite.py:357: in _rewrite_test\n    tree = ast.parse(source, filename=strfn)\n           ^^^^^^^^^^^^^^^^^^^^^^^^^^^^^^^^^\n/usr/lib/python3.12/ast.py:52: in parse\n    return compile(source, filename, mode, flags,\nE     File \"/workspaces/Firstry/benchmarks/repos/repo-a-no-config/tests/test_utils20.py\", line 1\nE       test 20\nE            ^^\nE   SyntaxError: invalid syntax\n___ ERROR collecting benchmarks/repos/repo-a-no-config/tests/test_utils21.py ___\n.venv/lib/python3.12/site-packages/_pytest/python.py:498: in importtestmodule\n    mod = import_path(\n.venv/lib/python3.12/site-packages/_pytest/pathlib.py:587: in import_path\n    importlib.import_module(module_name)\n/usr/lib/python3.12/importlib/__init__.py:90: in import_module\n    return _bootstrap._gcd_import(name[level:], package, level)\n           ^^^^^^^^^^^^^^^^^^^^^^^^^^^^^^^^^^^^^^^^^^^^^^^^^^^^\n<frozen importlib._bootstrap>:1387: in _gcd_import\n    ???\n<frozen importlib._bootstrap>:1360: in _find_and_load\n    ???\n<frozen importlib._bootstrap>:1331: in _find_and_load_unlocked\n    ???\n<frozen importlib._bootstrap>:935: in _load_unlocked\n    ???\n.venv/lib/python3.12/site-packages/_pytest/assertion/rewrite.py:177: in exec_module\n    source_stat, co = _rewrite_test(fn, self.config)\n                      ^^^^^^^^^^^^^^^^^^^^^^^^^^^^^^\n.venv/lib/python3.12/site-packages/_pytest/assertion/rewrite.py:357: in _rewrite_test\n    tree = ast.parse(source, filename=strfn)\n           ^^^^^^^^^^^^^^^^^^^^^^^^^^^^^^^^^\n/usr/lib/python3.12/ast.py:52: in parse\n    return compile(source, filename, mode, flags,\nE     File \"/workspaces/Firstry/benchmarks/repos/repo-a-no-config/tests/test_utils21.py\", line 1\nE       test 21\nE            ^^\nE   SyntaxError: invalid syntax\n___ ERROR collecting benchmarks/repos/repo-a-no-config/tests/test_utils22.py ___\n.venv/lib/python3.12/site-packages/_pytest/python.py:498: in importtestmodule\n    mod = import_path(\n.venv/lib/python3.12/site-packages/_pytest/pathlib.py:587: in import_path\n    importlib.import_module(module_name)\n/usr/lib/python3.12/importlib/__init__.py:90: in import_module\n    return _bootstrap._gcd_import(name[level:], package, level)\n           ^^^^^^^^^^^^^^^^^^^^^^^^^^^^^^^^^^^^^^^^^^^^^^^^^^^^\n<frozen importlib._bootstrap>:1387: in _gcd_import\n    ???\n<frozen importlib._bootstrap>:1360: in _find_and_load\n    ???\n<frozen importlib._bootstrap>:1331: in _find_and_load_unlocked\n    ???\n<frozen importlib._bootstrap>:935: in _load_unlocked\n    ???\n.venv/lib/python3.12/site-packages/_pytest/assertion/rewrite.py:177: in exec_module\n    source_stat, co = _rewrite_test(fn, self.config)\n                      ^^^^^^^^^^^^^^^^^^^^^^^^^^^^^^\n.venv/lib/python3.12/site-packages/_pytest/assertion/rewrite.py:357: in _rewrite_test\n    tree = ast.parse(source, filename=strfn)\n           ^^^^^^^^^^^^^^^^^^^^^^^^^^^^^^^^^\n/usr/lib/python3.12/ast.py:52: in parse\n    return compile(source, filename, mode, flags,\nE     File \"/workspaces/Firstry/benchmarks/repos/repo-a-no-config/tests/test_utils22.py\", line 1\nE       test 22\nE            ^^\nE   SyntaxError: invalid syntax\n___ ERROR collecting benchmarks/repos/repo-a-no-config/tests/test_utils23.py ___\n.venv/lib/python3.12/site-packages/_pytest/python.py:498: in importtestmodule\n    mod = import_path(\n.venv/lib/python3.12/site-packages/_pytest/pathlib.py:587: in import_path\n    importlib.import_module(module_name)\n/usr/lib/python3.12/importlib/__init__.py:90: in import_module\n    return _bootstrap._gcd_import(name[level:], package, level)\n           ^^^^^^^^^^^^^^^^^^^^^^^^^^^^^^^^^^^^^^^^^^^^^^^^^^^^\n<frozen importlib._bootstrap>:1387: in _gcd_import\n    ???\n<frozen importlib._bootstrap>:1360: in _find_and_load\n    ???\n<frozen importlib._bootstrap>:1331: in _find_and_load_unlocked\n    ???\n<frozen importlib._bootstrap>:935: in _load_unlocked\n    ???\n.venv/lib/python3.12/site-packages/_pytest/assertion/rewrite.py:177: in exec_module\n    source_stat, co = _rewrite_test(fn, self.config)\n                      ^^^^^^^^^^^^^^^^^^^^^^^^^^^^^^\n.venv/lib/python3.12/site-packages/_pytest/assertion/rewrite.py:357: in _rewrite_test\n    tree = ast.parse(source, filename=strfn)\n           ^^^^^^^^^^^^^^^^^^^^^^^^^^^^^^^^^\n/usr/lib/python3.12/ast.py:52: in parse\n    return compile(source, filename, mode, flags,\nE     File \"/workspaces/Firstry/benchmarks/repos/repo-a-no-config/tests/test_utils23.py\", line 1\nE       test 23\nE            ^^\nE   SyntaxError: invalid syntax\n___ ERROR collecting benchmarks/repos/repo-a-no-config/tests/test_utils24.py ___\n.venv/lib/python3.12/site-packages/_pytest/python.py:498: in importtestmodule\n    mod = import_path(\n.venv/lib/python3.12/site-packages/_pytest/pathlib.py:587: in import_path\n    importlib.import_module(module_name)\n/usr/lib/python3.12/importlib/__init__.py:90: in import_module\n    return _bootstrap._gcd_import(name[level:], package, level)\n           ^^^^^^^^^^^^^^^^^^^^^^^^^^^^^^^^^^^^^^^^^^^^^^^^^^^^\n<frozen importlib._bootstrap>:1387: in _gcd_import\n    ???\n<frozen importlib._bootstrap>:1360: in _find_and_load\n    ???\n<frozen importlib._bootstrap>:1331: in _find_and_load_unlocked\n    ???\n<frozen importlib._bootstrap>:935: in _load_unlocked\n    ???\n.venv/lib/python3.12/site-packages/_pytest/assertion/rewrite.py:177: in exec_module\n    source_stat, co = _rewrite_test(fn, self.config)\n                      ^^^^^^^^^^^^^^^^^^^^^^^^^^^^^^\n.venv/lib/python3.12/site-packages/_pytest/assertion/rewrite.py:357: in _rewrite_test\n    tree = ast.parse(source, filename=strfn)\n           ^^^^^^^^^^^^^^^^^^^^^^^^^^^^^^^^^\n/usr/lib/python3.12/ast.py:52: in parse\n    return compile(source, filename, mode, flags,\nE     File \"/workspaces/Firstry/benchmarks/repos/repo-a-no-config/tests/test_utils24.py\", line 1\nE       test 24\nE            ^^\nE   SyntaxError: invalid syntax\n___ ERROR collecting benchmarks/repos/repo-a-no-config/tests/test_utils25.py ___\n.venv/lib/python3.12/site-packages/_pytest/python.py:498: in importtestmodule\n    mod = import_path(\n.venv/lib/python3.12/site-packages/_pytest/pathlib.py:587: in import_path\n    importlib.import_module(module_name)\n/usr/lib/python3.12/importlib/__init__.py:90: in import_module\n    return _bootstrap._gcd_import(name[level:], package, level)\n           ^^^^^^^^^^^^^^^^^^^^^^^^^^^^^^^^^^^^^^^^^^^^^^^^^^^^\n<frozen importlib._bootstrap>:1387: in _gcd_import\n    ???\n<frozen importlib._bootstrap>:1360: in _find_and_load\n    ???\n<frozen importlib._bootstrap>:1331: in _find_and_load_unlocked\n    ???\n<frozen importlib._bootstrap>:935: in _load_unlocked\n    ???\n.venv/lib/python3.12/site-packages/_pytest/assertion/rewrite.py:177: in exec_module\n    source_stat, co = _rewrite_test(fn, self.config)\n                      ^^^^^^^^^^^^^^^^^^^^^^^^^^^^^^\n.venv/lib/python3.12/site-packages/_pytest/assertion/rewrite.py:357: in _rewrite_test\n    tree = ast.parse(source, filename=strfn)\n           ^^^^^^^^^^^^^^^^^^^^^^^^^^^^^^^^^\n/usr/lib/python3.12/ast.py:52: in parse\n    return compile(source, filename, mode, flags,\nE     File \"/workspaces/Firstry/benchmarks/repos/repo-a-no-config/tests/test_utils25.py\", line 1\nE       test 25\nE            ^^\nE   SyntaxError: invalid syntax\n___ ERROR collecting benchmarks/repos/repo-a-no-config/tests/test_utils26.py ___\n.venv/lib/python3.12/site-packages/_pytest/python.py:498: in importtestmodule\n    mod = import_path(\n.venv/lib/python3.12/site-packages/_pytest/pathlib.py:587: in import_path\n    importlib.import_module(module_name)\n/usr/lib/python3.12/importlib/__init__.py:90: in import_module\n    return _bootstrap._gcd_import(name[level:], package, level)\n           ^^^^^^^^^^^^^^^^^^^^^^^^^^^^^^^^^^^^^^^^^^^^^^^^^^^^\n<frozen importlib._bootstrap>:1387: in _gcd_import\n    ???\n<frozen importlib._bootstrap>:1360: in _find_and_load\n    ???\n<frozen importlib._bootstrap>:1331: in _find_and_load_unlocked\n    ???\n<frozen importlib._bootstrap>:935: in _load_unlocked\n    ???\n.venv/lib/python3.12/site-packages/_pytest/assertion/rewrite.py:177: in exec_module\n    source_stat, co = _rewrite_test(fn, self.config)\n                      ^^^^^^^^^^^^^^^^^^^^^^^^^^^^^^\n.venv/lib/python3.12/site-packages/_pytest/assertion/rewrite.py:357: in _rewrite_test\n    tree = ast.parse(source, filename=strfn)\n           ^^^^^^^^^^^^^^^^^^^^^^^^^^^^^^^^^\n/usr/lib/python3.12/ast.py:52: in parse\n    return compile(source, filename, mode, flags,\nE     File \"/workspaces/Firstry/benchmarks/repos/repo-a-no-config/tests/test_utils26.py\", line 1\nE       test 26\nE            ^^\nE   SyntaxError: invalid syntax\n___ ERROR collecting benchmarks/repos/repo-a-no-config/tests/test_utils27.py ___\n.venv/lib/python3.12/site-packages/_pytest/python.py:498: in importtestmodule\n    mod = import_path(\n.venv/lib/python3.12/site-packages/_pytest/pathlib.py:587: in import_path\n    importlib.import_module(module_name)\n/usr/lib/python3.12/importlib/__init__.py:90: in import_module\n    return _bootstrap._gcd_import(name[level:], package, level)\n           ^^^^^^^^^^^^^^^^^^^^^^^^^^^^^^^^^^^^^^^^^^^^^^^^^^^^\n<frozen importlib._bootstrap>:1387: in _gcd_import\n    ???\n<frozen importlib._bootstrap>:1360: in _find_and_load\n    ???\n<frozen importlib._bootstrap>:1331: in _find_and_load_unlocked\n    ???\n<frozen importlib._bootstrap>:935: in _load_unlocked\n    ???\n.venv/lib/python3.12/site-packages/_pytest/assertion/rewrite.py:177: in exec_module\n    source_stat, co = _rewrite_test(fn, self.config)\n                      ^^^^^^^^^^^^^^^^^^^^^^^^^^^^^^\n.venv/lib/python3.12/site-packages/_pytest/assertion/rewrite.py:357: in _rewrite_test\n    tree = ast.parse(source, filename=strfn)\n           ^^^^^^^^^^^^^^^^^^^^^^^^^^^^^^^^^\n/usr/lib/python3.12/ast.py:52: in parse\n    return compile(source, filename, mode, flags,\nE     File \"/workspaces/Firstry/benchmarks/repos/repo-a-no-config/tests/test_utils27.py\", line 1\nE       test 27\nE            ^^\nE   SyntaxError: invalid syntax\n___ ERROR collecting benchmarks/repos/repo-a-no-config/tests/test_utils28.py ___\n.venv/lib/python3.12/site-packages/_pytest/python.py:498: in importtestmodule\n    mod = import_path(\n.venv/lib/python3.12/site-packages/_pytest/pathlib.py:587: in import_path\n    importlib.import_module(module_name)\n/usr/lib/python3.12/importlib/__init__.py:90: in import_module\n    return _bootstrap._gcd_import(name[level:], package, level)\n           ^^^^^^^^^^^^^^^^^^^^^^^^^^^^^^^^^^^^^^^^^^^^^^^^^^^^\n<frozen importlib._bootstrap>:1387: in _gcd_import\n    ???\n<frozen importlib._bootstrap>:1360: in _find_and_load\n    ???\n<frozen importlib._bootstrap>:1331: in _find_and_load_unlocked\n    ???\n<frozen importlib._bootstrap>:935: in _load_unlocked\n    ???\n.venv/lib/python3.12/site-packages/_pytest/assertion/rewrite.py:177: in exec_module\n    source_stat, co = _rewrite_test(fn, self.config)\n                      ^^^^^^^^^^^^^^^^^^^^^^^^^^^^^^\n.venv/lib/python3.12/site-packages/_pytest/assertion/rewrite.py:357: in _rewrite_test\n    tree = ast.parse(source, filename=strfn)\n           ^^^^^^^^^^^^^^^^^^^^^^^^^^^^^^^^^\n/usr/lib/python3.12/ast.py:52: in parse\n    return compile(source, filename, mode, flags,\nE     File \"/workspaces/Firstry/benchmarks/repos/repo-a-no-config/tests/test_utils28.py\", line 1\nE       test 28\nE            ^^\nE   SyntaxError: invalid syntax\n___ ERROR collecting benchmarks/repos/repo-a-no-config/tests/test_utils29.py ___\n.venv/lib/python3.12/site-packages/_pytest/python.py:498: in importtestmodule\n    mod = import_path(\n.venv/lib/python3.12/site-packages/_pytest/pathlib.py:587: in import_path\n    importlib.import_module(module_name)\n/usr/lib/python3.12/importlib/__init__.py:90: in import_module\n    return _bootstrap._gcd_import(name[level:], package, level)\n           ^^^^^^^^^^^^^^^^^^^^^^^^^^^^^^^^^^^^^^^^^^^^^^^^^^^^\n<frozen importlib._bootstrap>:1387: in _gcd_import\n    ???\n<frozen importlib._bootstrap>:1360: in _find_and_load\n    ???\n<frozen importlib._bootstrap>:1331: in _find_and_load_unlocked\n    ???\n<frozen importlib._bootstrap>:935: in _load_unlocked\n    ???\n.venv/lib/python3.12/site-packages/_pytest/assertion/rewrite.py:177: in exec_module\n    source_stat, co = _rewrite_test(fn, self.config)\n                      ^^^^^^^^^^^^^^^^^^^^^^^^^^^^^^\n.venv/lib/python3.12/site-packages/_pytest/assertion/rewrite.py:357: in _rewrite_test\n    tree = ast.parse(source, filename=strfn)\n           ^^^^^^^^^^^^^^^^^^^^^^^^^^^^^^^^^\n/usr/lib/python3.12/ast.py:52: in parse\n    return compile(source, filename, mode, flags,\nE     File \"/workspaces/Firstry/benchmarks/repos/repo-a-no-config/tests/test_utils29.py\", line 1\nE       test 29\nE            ^^\nE   SyntaxError: invalid syntax\n___ ERROR collecting benchmarks/repos/repo-a-no-config/tests/test_utils3.py ____\n.venv/lib/python3.12/site-packages/_pytest/python.py:498: in importtestmodule\n    mod = import_path(\n.venv/lib/python3.12/site-packages/_pytest/pathlib.py:587: in import_path\n    importlib.import_module(module_name)\n/usr/lib/python3.12/importlib/__init__.py:90: in import_module\n    return _bootstrap._gcd_import(name[level:], package, level)\n           ^^^^^^^^^^^^^^^^^^^^^^^^^^^^^^^^^^^^^^^^^^^^^^^^^^^^\n<frozen importlib._bootstrap>:1387: in _gcd_import\n    ???\n<frozen importlib._bootstrap>:1360: in _find_and_load\n    ???\n<frozen importlib._bootstrap>:1331: in _find_and_load_unlocked\n    ???\n<frozen importlib._bootstrap>:935: in _load_unlocked\n    ???\n.venv/lib/python3.12/site-packages/_pytest/assertion/rewrite.py:177: in exec_module\n    source_stat, co = _rewrite_test(fn, self.config)\n                      ^^^^^^^^^^^^^^^^^^^^^^^^^^^^^^\n.venv/lib/python3.12/site-packages/_pytest/assertion/rewrite.py:357: in _rewrite_test\n    tree = ast.parse(source, filename=strfn)\n           ^^^^^^^^^^^^^^^^^^^^^^^^^^^^^^^^^\n/usr/lib/python3.12/ast.py:52: in parse\n    return compile(source, filename, mode, flags,\nE     File \"/workspaces/Firstry/benchmarks/repos/repo-a-no-config/tests/test_utils3.py\", line 1\nE       test 3\nE            ^\nE   SyntaxError: invalid syntax\n___ ERROR collecting benchmarks/repos/repo-a-no-config/tests/test_utils30.py ___\n.venv/lib/python3.12/site-packages/_pytest/python.py:498: in importtestmodule\n    mod = import_path(\n.venv/lib/python3.12/site-packages/_pytest/pathlib.py:587: in import_path\n    importlib.import_module(module_name)\n/usr/lib/python3.12/importlib/__init__.py:90: in import_module\n    return _bootstrap._gcd_import(name[level:], package, level)\n           ^^^^^^^^^^^^^^^^^^^^^^^^^^^^^^^^^^^^^^^^^^^^^^^^^^^^\n<frozen importlib._bootstrap>:1387: in _gcd_import\n    ???\n<frozen importlib._bootstrap>:1360: in _find_and_load\n    ???\n<frozen importlib._bootstrap>:1331: in _find_and_load_unlocked\n    ???\n<frozen importlib._bootstrap>:935: in _load_unlocked\n    ???\n.venv/lib/python3.12/site-packages/_pytest/assertion/rewrite.py:177: in exec_module\n    source_stat, co = _rewrite_test(fn, self.config)\n                      ^^^^^^^^^^^^^^^^^^^^^^^^^^^^^^\n.venv/lib/python3.12/site-packages/_pytest/assertion/rewrite.py:357: in _rewrite_test\n    tree = ast.parse(source, filename=strfn)\n           ^^^^^^^^^^^^^^^^^^^^^^^^^^^^^^^^^\n/usr/lib/python3.12/ast.py:52: in parse\n    return compile(source, filename, mode, flags,\nE     File \"/workspaces/Firstry/benchmarks/repos/repo-a-no-config/tests/test_utils30.py\", line 1\nE       test 30\nE            ^^\nE   SyntaxError: invalid syntax\n___ ERROR collecting benchmarks/repos/repo-a-no-config/tests/test_utils31.py ___\n.venv/lib/python3.12/site-packages/_pytest/python.py:498: in importtestmodule\n    mod = import_path(\n.venv/lib/python3.12/site-packages/_pytest/pathlib.py:587: in import_path\n    importlib.import_module(module_name)\n/usr/lib/python3.12/importlib/__init__.py:90: in import_module\n    return _bootstrap._gcd_import(name[level:], package, level)\n           ^^^^^^^^^^^^^^^^^^^^^^^^^^^^^^^^^^^^^^^^^^^^^^^^^^^^\n<frozen importlib._bootstrap>:1387: in _gcd_import\n    ???\n<frozen importlib._bootstrap>:1360: in _find_and_load\n    ???\n<frozen importlib._bootstrap>:1331: in _find_and_load_unlocked\n    ???\n<frozen importlib._bootstrap>:935: in _load_unlocked\n    ???\n.venv/lib/python3.12/site-packages/_pytest/assertion/rewrite.py:177: in exec_module\n    source_stat, co = _rewrite_test(fn, self.config)\n                      ^^^^^^^^^^^^^^^^^^^^^^^^^^^^^^\n.venv/lib/python3.12/site-packages/_pytest/assertion/rewrite.py:357: in _rewrite_test\n    tree = ast.parse(source, filename=strfn)\n           ^^^^^^^^^^^^^^^^^^^^^^^^^^^^^^^^^\n/usr/lib/python3.12/ast.py:52: in parse\n    return compile(source, filename, mode, flags,\nE     File \"/workspaces/Firstry/benchmarks/repos/repo-a-no-config/tests/test_utils31.py\", line 1\nE       test 31\nE            ^^\nE   SyntaxError: invalid syntax\n___ ERROR collecting benchmarks/repos/repo-a-no-config/tests/test_utils32.py ___\n.venv/lib/python3.12/site-packages/_pytest/python.py:498: in importtestmodule\n    mod = import_path(\n.venv/lib/python3.12/site-packages/_pytest/pathlib.py:587: in import_path\n    importlib.import_module(module_name)\n/usr/lib/python3.12/importlib/__init__.py:90: in import_module\n    return _bootstrap._gcd_import(name[level:], package, level)\n           ^^^^^^^^^^^^^^^^^^^^^^^^^^^^^^^^^^^^^^^^^^^^^^^^^^^^\n<frozen importlib._bootstrap>:1387: in _gcd_import\n    ???\n<frozen importlib._bootstrap>:1360: in _find_and_load\n    ???\n<frozen importlib._bootstrap>:1331: in _find_and_load_unlocked\n    ???\n<frozen importlib._bootstrap>:935: in _load_unlocked\n    ???\n.venv/lib/python3.12/site-packages/_pytest/assertion/rewrite.py:177: in exec_module\n    source_stat, co = _rewrite_test(fn, self.config)\n                      ^^^^^^^^^^^^^^^^^^^^^^^^^^^^^^\n.venv/lib/python3.12/site-packages/_pytest/assertion/rewrite.py:357: in _rewrite_test\n    tree = ast.parse(source, filename=strfn)\n           ^^^^^^^^^^^^^^^^^^^^^^^^^^^^^^^^^\n/usr/lib/python3.12/ast.py:52: in parse\n    return compile(source, filename, mode, flags,\nE     File \"/workspaces/Firstry/benchmarks/repos/repo-a-no-config/tests/test_utils32.py\", line 1\nE       test 32\nE            ^^\nE   SyntaxError: invalid syntax\n___ ERROR collecting benchmarks/repos/repo-a-no-config/tests/test_utils33.py ___\n.venv/lib/python3.12/site-packages/_pytest/python.py:498: in importtestmodule\n    mod = import_path(\n.venv/lib/python3.12/site-packages/_pytest/pathlib.py:587: in import_path\n    importlib.import_module(module_name)\n/usr/lib/python3.12/importlib/__init__.py:90: in import_module\n    return _bootstrap._gcd_import(name[level:], package, level)\n           ^^^^^^^^^^^^^^^^^^^^^^^^^^^^^^^^^^^^^^^^^^^^^^^^^^^^\n<frozen importlib._bootstrap>:1387: in _gcd_import\n    ???\n<frozen importlib._bootstrap>:1360: in _find_and_load\n    ???\n<frozen importlib._bootstrap>:1331: in _find_and_load_unlocked\n    ???\n<frozen importlib._bootstrap>:935: in _load_unlocked\n    ???\n.venv/lib/python3.12/site-packages/_pytest/assertion/rewrite.py:177: in exec_module\n    source_stat, co = _rewrite_test(fn, self.config)\n                      ^^^^^^^^^^^^^^^^^^^^^^^^^^^^^^\n.venv/lib/python3.12/site-packages/_pytest/assertion/rewrite.py:357: in _rewrite_test\n    tree = ast.parse(source, filename=strfn)\n           ^^^^^^^^^^^^^^^^^^^^^^^^^^^^^^^^^\n/usr/lib/python3.12/ast.py:52: in parse\n    return compile(source, filename, mode, flags,\nE     File \"/workspaces/Firstry/benchmarks/repos/repo-a-no-config/tests/test_utils33.py\", line 1\nE       test 33\nE            ^^\nE   SyntaxError: invalid syntax\n___ ERROR collecting benchmarks/repos/repo-a-no-config/tests/test_utils34.py ___\n.venv/lib/python3.12/site-packages/_pytest/python.py:498: in importtestmodule\n    mod = import_path(\n.venv/lib/python3.12/site-packages/_pytest/pathlib.py:587: in import_path\n    importlib.import_module(module_name)\n/usr/lib/python3.12/importlib/__init__.py:90: in import_module\n    return _bootstrap._gcd_import(name[level:], package, level)\n           ^^^^^^^^^^^^^^^^^^^^^^^^^^^^^^^^^^^^^^^^^^^^^^^^^^^^\n<frozen importlib._bootstrap>:1387: in _gcd_import\n    ???\n<frozen importlib._bootstrap>:1360: in _find_and_load\n    ???\n<frozen importlib._bootstrap>:1331: in _find_and_load_unlocked\n    ???\n<frozen importlib._bootstrap>:935: in _load_unlocked\n    ???\n.venv/lib/python3.12/site-packages/_pytest/assertion/rewrite.py:177: in exec_module\n    source_stat, co = _rewrite_test(fn, self.config)\n                      ^^^^^^^^^^^^^^^^^^^^^^^^^^^^^^\n.venv/lib/python3.12/site-packages/_pytest/assertion/rewrite.py:357: in _rewrite_test\n    tree = ast.parse(source, filename=strfn)\n           ^^^^^^^^^^^^^^^^^^^^^^^^^^^^^^^^^\n/usr/lib/python3.12/ast.py:52: in parse\n    return compile(source, filename, mode, flags,\nE     File \"/workspaces/Firstry/benchmarks/repos/repo-a-no-config/tests/test_utils34.py\", line 1\nE       test 34\nE            ^^\nE   SyntaxError: invalid syntax\n___ ERROR collecting benchmarks/repos/repo-a-no-config/tests/test_utils35.py ___\n.venv/lib/python3.12/site-packages/_pytest/python.py:498: in importtestmodule\n    mod = import_path(\n.venv/lib/python3.12/site-packages/_pytest/pathlib.py:587: in import_path\n    importlib.import_module(module_name)\n/usr/lib/python3.12/importlib/__init__.py:90: in import_module\n    return _bootstrap._gcd_import(name[level:], package, level)\n           ^^^^^^^^^^^^^^^^^^^^^^^^^^^^^^^^^^^^^^^^^^^^^^^^^^^^\n<frozen importlib._bootstrap>:1387: in _gcd_import\n    ???\n<frozen importlib._bootstrap>:1360: in _find_and_load\n    ???\n<frozen importlib._bootstrap>:1331: in _find_and_load_unlocked\n    ???\n<frozen importlib._bootstrap>:935: in _load_unlocked\n    ???\n.venv/lib/python3.12/site-packages/_pytest/assertion/rewrite.py:177: in exec_module\n    source_stat, co = _rewrite_test(fn, self.config)\n                      ^^^^^^^^^^^^^^^^^^^^^^^^^^^^^^\n.venv/lib/python3.12/site-packages/_pytest/assertion/rewrite.py:357: in _rewrite_test\n    tree = ast.parse(source, filename=strfn)\n           ^^^^^^^^^^^^^^^^^^^^^^^^^^^^^^^^^\n/usr/lib/python3.12/ast.py:52: in parse\n    return compile(source, filename, mode, flags,\nE     File \"/workspaces/Firstry/benchmarks/repos/repo-a-no-config/tests/test_utils35.py\", line 1\nE       test 35\nE            ^^\nE   SyntaxError: invalid syntax\n___ ERROR collecting benchmarks/repos/repo-a-no-config/tests/test_utils36.py ___\n.venv/lib/python3.12/site-packages/_pytest/python.py:498: in importtestmodule\n    mod = import_path(\n.venv/lib/python3.12/site-packages/_pytest/pathlib.py:587: in import_path\n    importlib.import_module(module_name)\n/usr/lib/python3.12/importlib/__init__.py:90: in import_module\n    return _bootstrap._gcd_import(name[level:], package, level)\n           ^^^^^^^^^^^^^^^^^^^^^^^^^^^^^^^^^^^^^^^^^^^^^^^^^^^^\n<frozen importlib._bootstrap>:1387: in _gcd_import\n    ???\n<frozen importlib._bootstrap>:1360: in _find_and_load\n    ???\n<frozen importlib._bootstrap>:1331: in _find_and_load_unlocked\n    ???\n<frozen importlib._bootstrap>:935: in _load_unlocked\n    ???\n.venv/lib/python3.12/site-packages/_pytest/assertion/rewrite.py:177: in exec_module\n    source_stat, co = _rewrite_test(fn, self.config)\n                      ^^^^^^^^^^^^^^^^^^^^^^^^^^^^^^\n.venv/lib/python3.12/site-packages/_pytest/assertion/rewrite.py:357: in _rewrite_test\n    tree = ast.parse(source, filename=strfn)\n           ^^^^^^^^^^^^^^^^^^^^^^^^^^^^^^^^^\n/usr/lib/python3.12/ast.py:52: in parse\n    return compile(source, filename, mode, flags,\nE     File \"/workspaces/Firstry/benchmarks/repos/repo-a-no-config/tests/test_utils36.py\", line 1\nE       test 36\nE            ^^\nE   SyntaxError: invalid syntax\n___ ERROR collecting benchmarks/repos/repo-a-no-config/tests/test_utils37.py ___\n.venv/lib/python3.12/site-packages/_pytest/python.py:498: in importtestmodule\n    mod = import_path(\n.venv/lib/python3.12/site-packages/_pytest/pathlib.py:587: in import_path\n    importlib.import_module(module_name)\n/usr/lib/python3.12/importlib/__init__.py:90: in import_module\n    return _bootstrap._gcd_import(name[level:], package, level)\n           ^^^^^^^^^^^^^^^^^^^^^^^^^^^^^^^^^^^^^^^^^^^^^^^^^^^^\n<frozen importlib._bootstrap>:1387: in _gcd_import\n    ???\n<frozen importlib._bootstrap>:1360: in _find_and_load\n    ???\n<frozen importlib._bootstrap>:1331: in _find_and_load_unlocked\n    ???\n<frozen importlib._bootstrap>:935: in _load_unlocked\n    ???\n.venv/lib/python3.12/site-packages/_pytest/assertion/rewrite.py:177: in exec_module\n    source_stat, co = _rewrite_test(fn, self.config)\n                      ^^^^^^^^^^^^^^^^^^^^^^^^^^^^^^\n.venv/lib/python3.12/site-packages/_pytest/assertion/rewrite.py:357: in _rewrite_test\n    tree = ast.parse(source, filename=strfn)\n           ^^^^^^^^^^^^^^^^^^^^^^^^^^^^^^^^^\n/usr/lib/python3.12/ast.py:52: in parse\n    return compile(source, filename, mode, flags,\nE     File \"/workspaces/Firstry/benchmarks/repos/repo-a-no-config/tests/test_utils37.py\", line 1\nE       test 37\nE            ^^\nE   SyntaxError: invalid syntax\n___ ERROR collecting benchmarks/repos/repo-a-no-config/tests/test_utils38.py ___\n.venv/lib/python3.12/site-packages/_pytest/python.py:498: in importtestmodule\n    mod = import_path(\n.venv/lib/python3.12/site-packages/_pytest/pathlib.py:587: in import_path\n    importlib.import_module(module_name)\n/usr/lib/python3.12/importlib/__init__.py:90: in import_module\n    return _bootstrap._gcd_import(name[level:], package, level)\n           ^^^^^^^^^^^^^^^^^^^^^^^^^^^^^^^^^^^^^^^^^^^^^^^^^^^^\n<frozen importlib._bootstrap>:1387: in _gcd_import\n    ???\n<frozen importlib._bootstrap>:1360: in _find_and_load\n    ???\n<frozen importlib._bootstrap>:1331: in _find_and_load_unlocked\n    ???\n<frozen importlib._bootstrap>:935: in _load_unlocked\n    ???\n.venv/lib/python3.12/site-packages/_pytest/assertion/rewrite.py:177: in exec_module\n    source_stat, co = _rewrite_test(fn, self.config)\n                      ^^^^^^^^^^^^^^^^^^^^^^^^^^^^^^\n.venv/lib/python3.12/site-packages/_pytest/assertion/rewrite.py:357: in _rewrite_test\n    tree = ast.parse(source, filename=strfn)\n           ^^^^^^^^^^^^^^^^^^^^^^^^^^^^^^^^^\n/usr/lib/python3.12/ast.py:52: in parse\n    return compile(source, filename, mode, flags,\nE     File \"/workspaces/Firstry/benchmarks/repos/repo-a-no-config/tests/test_utils38.py\", line 1\nE       test 38\nE            ^^\nE   SyntaxError: invalid syntax\n___ ERROR collecting benchmarks/repos/repo-a-no-config/tests/test_utils39.py ___\n.venv/lib/python3.12/site-packages/_pytest/python.py:498: in importtestmodule\n    mod = import_path(\n.venv/lib/python3.12/site-packages/_pytest/pathlib.py:587: in import_path\n    importlib.import_module(module_name)\n/usr/lib/python3.12/importlib/__init__.py:90: in import_module\n    return _bootstrap._gcd_import(name[level:], package, level)\n           ^^^^^^^^^^^^^^^^^^^^^^^^^^^^^^^^^^^^^^^^^^^^^^^^^^^^\n<frozen importlib._bootstrap>:1387: in _gcd_import\n    ???\n<frozen importlib._bootstrap>:1360: in _find_and_load\n    ???\n<frozen importlib._bootstrap>:1331: in _find_and_load_unlocked\n    ???\n<frozen importlib._bootstrap>:935: in _load_unlocked\n    ???\n.venv/lib/python3.12/site-packages/_pytest/assertion/rewrite.py:177: in exec_module\n    source_stat, co = _rewrite_test(fn, self.config)\n                      ^^^^^^^^^^^^^^^^^^^^^^^^^^^^^^\n.venv/lib/python3.12/site-packages/_pytest/assertion/rewrite.py:357: in _rewrite_test\n    tree = ast.parse(source, filename=strfn)\n           ^^^^^^^^^^^^^^^^^^^^^^^^^^^^^^^^^\n/usr/lib/python3.12/ast.py:52: in parse\n    return compile(source, filename, mode, flags,\nE     File \"/workspaces/Firstry/benchmarks/repos/repo-a-no-config/tests/test_utils39.py\", line 1\nE       test 39\nE            ^^\nE   SyntaxError: invalid syntax\n___ ERROR collecting benchmarks/repos/repo-a-no-config/tests/test_utils4.py ____\n.venv/lib/python3.12/site-packages/_pytest/python.py:498: in importtestmodule\n    mod = import_path(\n.venv/lib/python3.12/site-packages/_pytest/pathlib.py:587: in import_path\n    importlib.import_module(module_name)\n/usr/lib/python3.12/importlib/__init__.py:90: in import_module\n    return _bootstrap._gcd_import(name[level:], package, level)\n           ^^^^^^^^^^^^^^^^^^^^^^^^^^^^^^^^^^^^^^^^^^^^^^^^^^^^\n<frozen importlib._bootstrap>:1387: in _gcd_import\n    ???\n<frozen importlib._bootstrap>:1360: in _find_and_load\n    ???\n<frozen importlib._bootstrap>:1331: in _find_and_load_unlocked\n    ???\n<frozen importlib._bootstrap>:935: in _load_unlocked\n    ???\n.venv/lib/python3.12/site-packages/_pytest/assertion/rewrite.py:177: in exec_module\n    source_stat, co = _rewrite_test(fn, self.config)\n                      ^^^^^^^^^^^^^^^^^^^^^^^^^^^^^^\n.venv/lib/python3.12/site-packages/_pytest/assertion/rewrite.py:357: in _rewrite_test\n    tree = ast.parse(source, filename=strfn)\n           ^^^^^^^^^^^^^^^^^^^^^^^^^^^^^^^^^\n/usr/lib/python3.12/ast.py:52: in parse\n    return compile(source, filename, mode, flags,\nE     File \"/workspaces/Firstry/benchmarks/repos/repo-a-no-config/tests/test_utils4.py\", line 1\nE       test 4\nE            ^\nE   SyntaxError: invalid syntax\n___ ERROR collecting benchmarks/repos/repo-a-no-config/tests/test_utils40.py ___\n.venv/lib/python3.12/site-packages/_pytest/python.py:498: in importtestmodule\n    mod = import_path(\n.venv/lib/python3.12/site-packages/_pytest/pathlib.py:587: in import_path\n    importlib.import_module(module_name)\n/usr/lib/python3.12/importlib/__init__.py:90: in import_module\n    return _bootstrap._gcd_import(name[level:], package, level)\n           ^^^^^^^^^^^^^^^^^^^^^^^^^^^^^^^^^^^^^^^^^^^^^^^^^^^^\n<frozen importlib._bootstrap>:1387: in _gcd_import\n    ???\n<frozen importlib._bootstrap>:1360: in _find_and_load\n    ???\n<frozen importlib._bootstrap>:1331: in _find_and_load_unlocked\n    ???\n<frozen importlib._bootstrap>:935: in _load_unlocked\n    ???\n.venv/lib/python3.12/site-packages/_pytest/assertion/rewrite.py:177: in exec_module\n    source_stat, co = _rewrite_test(fn, self.config)\n                      ^^^^^^^^^^^^^^^^^^^^^^^^^^^^^^\n.venv/lib/python3.12/site-packages/_pytest/assertion/rewrite.py:357: in _rewrite_test\n    tree = ast.parse(source, filename=strfn)\n           ^^^^^^^^^^^^^^^^^^^^^^^^^^^^^^^^^\n/usr/lib/python3.12/ast.py:52: in parse\n    return compile(source, filename, mode, flags,\nE     File \"/workspaces/Firstry/benchmarks/repos/repo-a-no-config/tests/test_utils40.py\", line 1\nE       test 40\nE            ^^\nE   SyntaxError: invalid syntax\n___ ERROR collecting benchmarks/repos/repo-a-no-config/tests/test_utils41.py ___\n.venv/lib/python3.12/site-packages/_pytest/python.py:498: in importtestmodule\n    mod = import_path(\n.venv/lib/python3.12/site-packages/_pytest/pathlib.py:587: in import_path\n    importlib.import_module(module_name)\n/usr/lib/python3.12/importlib/__init__.py:90: in import_module\n    return _bootstrap._gcd_import(name[level:], package, level)\n           ^^^^^^^^^^^^^^^^^^^^^^^^^^^^^^^^^^^^^^^^^^^^^^^^^^^^\n<frozen importlib._bootstrap>:1387: in _gcd_import\n    ???\n<frozen importlib._bootstrap>:1360: in _find_and_load\n    ???\n<frozen importlib._bootstrap>:1331: in _find_and_load_unlocked\n    ???\n<frozen importlib._bootstrap>:935: in _load_unlocked\n    ???\n.venv/lib/python3.12/site-packages/_pytest/assertion/rewrite.py:177: in exec_module\n    source_stat, co = _rewrite_test(fn, self.config)\n                      ^^^^^^^^^^^^^^^^^^^^^^^^^^^^^^\n.venv/lib/python3.12/site-packages/_pytest/assertion/rewrite.py:357: in _rewrite_test\n    tree = ast.parse(source, filename=strfn)\n           ^^^^^^^^^^^^^^^^^^^^^^^^^^^^^^^^^\n/usr/lib/python3.12/ast.py:52: in parse\n    return compile(source, filename, mode, flags,\nE     File \"/workspaces/Firstry/benchmarks/repos/repo-a-no-config/tests/test_utils41.py\", line 1\nE       test 41\nE            ^^\nE   SyntaxError: invalid syntax\n___ ERROR collecting benchmarks/repos/repo-a-no-config/tests/test_utils42.py ___\n.venv/lib/python3.12/site-packages/_pytest/python.py:498: in importtestmodule\n    mod = import_path(\n.venv/lib/python3.12/site-packages/_pytest/pathlib.py:587: in import_path\n    importlib.import_module(module_name)\n/usr/lib/python3.12/importlib/__init__.py:90: in import_module\n    return _bootstrap._gcd_import(name[level:], package, level)\n           ^^^^^^^^^^^^^^^^^^^^^^^^^^^^^^^^^^^^^^^^^^^^^^^^^^^^\n<frozen importlib._bootstrap>:1387: in _gcd_import\n    ???\n<frozen importlib._bootstrap>:1360: in _find_and_load\n    ???\n<frozen importlib._bootstrap>:1331: in _find_and_load_unlocked\n    ???\n<frozen importlib._bootstrap>:935: in _load_unlocked\n    ???\n.venv/lib/python3.12/site-packages/_pytest/assertion/rewrite.py:177: in exec_module\n    source_stat, co = _rewrite_test(fn, self.config)\n                      ^^^^^^^^^^^^^^^^^^^^^^^^^^^^^^\n.venv/lib/python3.12/site-packages/_pytest/assertion/rewrite.py:357: in _rewrite_test\n    tree = ast.parse(source, filename=strfn)\n           ^^^^^^^^^^^^^^^^^^^^^^^^^^^^^^^^^\n/usr/lib/python3.12/ast.py:52: in parse\n    return compile(source, filename, mode, flags,\nE     File \"/workspaces/Firstry/benchmarks/repos/repo-a-no-config/tests/test_utils42.py\", line 1\nE       test 42\nE            ^^\nE   SyntaxError: invalid syntax\n___ ERROR collecting benchmarks/repos/repo-a-no-config/tests/test_utils43.py ___\n.venv/lib/python3.12/site-packages/_pytest/python.py:498: in importtestmodule\n    mod = import_path(\n.venv/lib/python3.12/site-packages/_pytest/pathlib.py:587: in import_path\n    importlib.import_module(module_name)\n/usr/lib/python3.12/importlib/__init__.py:90: in import_module\n    return _bootstrap._gcd_import(name[level:], package, level)\n           ^^^^^^^^^^^^^^^^^^^^^^^^^^^^^^^^^^^^^^^^^^^^^^^^^^^^\n<frozen importlib._bootstrap>:1387: in _gcd_import\n    ???\n<frozen importlib._bootstrap>:1360: in _find_and_load\n    ???\n<frozen importlib._bootstrap>:1331: in _find_and_load_unlocked\n    ???\n<frozen importlib._bootstrap>:935: in _load_unlocked\n    ???\n.venv/lib/python3.12/site-packages/_pytest/assertion/rewrite.py:177: in exec_module\n    source_stat, co = _rewrite_test(fn, self.config)\n                      ^^^^^^^^^^^^^^^^^^^^^^^^^^^^^^\n.venv/lib/python3.12/site-packages/_pytest/assertion/rewrite.py:357: in _rewrite_test\n    tree = ast.parse(source, filename=strfn)\n           ^^^^^^^^^^^^^^^^^^^^^^^^^^^^^^^^^\n/usr/lib/python3.12/ast.py:52: in parse\n    return compile(source, filename, mode, flags,\nE     File \"/workspaces/Firstry/benchmarks/repos/repo-a-no-config/tests/test_utils43.py\", line 1\nE       test 43\nE            ^^\nE   SyntaxError: invalid syntax\n___ ERROR collecting benchmarks/repos/repo-a-no-config/tests/test_utils44.py ___\n.venv/lib/python3.12/site-packages/_pytest/python.py:498: in importtestmodule\n    mod = import_path(\n.venv/lib/python3.12/site-packages/_pytest/pathlib.py:587: in import_path\n    importlib.import_module(module_name)\n/usr/lib/python3.12/importlib/__init__.py:90: in import_module\n    return _bootstrap._gcd_import(name[level:], package, level)\n           ^^^^^^^^^^^^^^^^^^^^^^^^^^^^^^^^^^^^^^^^^^^^^^^^^^^^\n<frozen importlib._bootstrap>:1387: in _gcd_import\n    ???\n<frozen importlib._bootstrap>:1360: in _find_and_load\n    ???\n<frozen importlib._bootstrap>:1331: in _find_and_load_unlocked\n    ???\n<frozen importlib._bootstrap>:935: in _load_unlocked\n    ???\n.venv/lib/python3.12/site-packages/_pytest/assertion/rewrite.py:177: in exec_module\n    source_stat, co = _rewrite_test(fn, self.config)\n                      ^^^^^^^^^^^^^^^^^^^^^^^^^^^^^^\n.venv/lib/python3.12/site-packages/_pytest/assertion/rewrite.py:357: in _rewrite_test\n    tree = ast.parse(source, filename=strfn)\n           ^^^^^^^^^^^^^^^^^^^^^^^^^^^^^^^^^\n/usr/lib/python3.12/ast.py:52: in parse\n    return compile(source, filename, mode, flags,\nE     File \"/workspaces/Firstry/benchmarks/repos/repo-a-no-config/tests/test_utils44.py\", line 1\nE       test 44\nE            ^^\nE   SyntaxError: invalid syntax\n___ ERROR collecting benchmarks/repos/repo-a-no-config/tests/test_utils45.py ___\n.venv/lib/python3.12/site-packages/_pytest/python.py:498: in importtestmodule\n    mod = import_path(\n.venv/lib/python3.12/site-packages/_pytest/pathlib.py:587: in import_path\n    importlib.import_module(module_name)\n/usr/lib/python3.12/importlib/__init__.py:90: in import_module\n    return _bootstrap._gcd_import(name[level:], package, level)\n           ^^^^^^^^^^^^^^^^^^^^^^^^^^^^^^^^^^^^^^^^^^^^^^^^^^^^\n<frozen importlib._bootstrap>:1387: in _gcd_import\n    ???\n<frozen importlib._bootstrap>:1360: in _find_and_load\n    ???\n<frozen importlib._bootstrap>:1331: in _find_and_load_unlocked\n    ???\n<frozen importlib._bootstrap>:935: in _load_unlocked\n    ???\n.venv/lib/python3.12/site-packages/_pytest/assertion/rewrite.py:177: in exec_module\n    source_stat, co = _rewrite_test(fn, self.config)\n                      ^^^^^^^^^^^^^^^^^^^^^^^^^^^^^^\n.venv/lib/python3.12/site-packages/_pytest/assertion/rewrite.py:357: in _rewrite_test\n    tree = ast.parse(source, filename=strfn)\n           ^^^^^^^^^^^^^^^^^^^^^^^^^^^^^^^^^\n/usr/lib/python3.12/ast.py:52: in parse\n    return compile(source, filename, mode, flags,\nE     File \"/workspaces/Firstry/benchmarks/repos/repo-a-no-config/tests/test_utils45.py\", line 1\nE       test 45\nE            ^^\nE   SyntaxError: invalid syntax\n___ ERROR collecting benchmarks/repos/repo-a-no-config/tests/test_utils46.py ___\n.venv/lib/python3.12/site-packages/_pytest/python.py:498: in importtestmodule\n    mod = import_path(\n.venv/lib/python3.12/site-packages/_pytest/pathlib.py:587: in import_path\n    importlib.import_module(module_name)\n/usr/lib/python3.12/importlib/__init__.py:90: in import_module\n    return _bootstrap._gcd_import(name[level:], package, level)\n           ^^^^^^^^^^^^^^^^^^^^^^^^^^^^^^^^^^^^^^^^^^^^^^^^^^^^\n<frozen importlib._bootstrap>:1387: in _gcd_import\n    ???\n<frozen importlib._bootstrap>:1360: in _find_and_load\n    ???\n<frozen importlib._bootstrap>:1331: in _find_and_load_unlocked\n    ???\n<frozen importlib._bootstrap>:935: in _load_unlocked\n    ???\n.venv/lib/python3.12/site-packages/_pytest/assertion/rewrite.py:177: in exec_module\n    source_stat, co = _rewrite_test(fn, self.config)\n                      ^^^^^^^^^^^^^^^^^^^^^^^^^^^^^^\n.venv/lib/python3.12/site-packages/_pytest/assertion/rewrite.py:357: in _rewrite_test\n    tree = ast.parse(source, filename=strfn)\n           ^^^^^^^^^^^^^^^^^^^^^^^^^^^^^^^^^\n/usr/lib/python3.12/ast.py:52: in parse\n    return compile(source, filename, mode, flags,\nE     File \"/workspaces/Firstry/benchmarks/repos/repo-a-no-config/tests/test_utils46.py\", line 1\nE       test 46\nE            ^^\nE   SyntaxError: invalid syntax\n___ ERROR collecting benchmarks/repos/repo-a-no-config/tests/test_utils47.py ___\n.venv/lib/python3.12/site-packages/_pytest/python.py:498: in importtestmodule\n    mod = import_path(\n.venv/lib/python3.12/site-packages/_pytest/pathlib.py:587: in import_path\n    importlib.import_module(module_name)\n/usr/lib/python3.12/importlib/__init__.py:90: in import_module\n    return _bootstrap._gcd_import(name[level:], package, level)\n           ^^^^^^^^^^^^^^^^^^^^^^^^^^^^^^^^^^^^^^^^^^^^^^^^^^^^\n<frozen importlib._bootstrap>:1387: in _gcd_import\n    ???\n<frozen importlib._bootstrap>:1360: in _find_and_load\n    ???\n<frozen importlib._bootstrap>:1331: in _find_and_load_unlocked\n    ???\n<frozen importlib._bootstrap>:935: in _load_unlocked\n    ???\n.venv/lib/python3.12/site-packages/_pytest/assertion/rewrite.py:177: in exec_module\n    source_stat, co = _rewrite_test(fn, self.config)\n                      ^^^^^^^^^^^^^^^^^^^^^^^^^^^^^^\n.venv/lib/python3.12/site-packages/_pytest/assertion/rewrite.py:357: in _rewrite_test\n    tree = ast.parse(source, filename=strfn)\n           ^^^^^^^^^^^^^^^^^^^^^^^^^^^^^^^^^\n/usr/lib/python3.12/ast.py:52: in parse\n    return compile(source, filename, mode, flags,\nE     File \"/workspaces/Firstry/benchmarks/repos/repo-a-no-config/tests/test_utils47.py\", line 1\nE       test 47\nE            ^^\nE   SyntaxError: invalid syntax\n___ ERROR collecting benchmarks/repos/repo-a-no-config/tests/test_utils48.py ___\n.venv/lib/python3.12/site-packages/_pytest/python.py:498: in importtestmodule\n    mod = import_path(\n.venv/lib/python3.12/site-packages/_pytest/pathlib.py:587: in import_path\n    importlib.import_module(module_name)\n/usr/lib/python3.12/importlib/__init__.py:90: in import_module\n    return _bootstrap._gcd_import(name[level:], package, level)\n           ^^^^^^^^^^^^^^^^^^^^^^^^^^^^^^^^^^^^^^^^^^^^^^^^^^^^\n<frozen importlib._bootstrap>:1387: in _gcd_import\n    ???\n<frozen importlib._bootstrap>:1360: in _find_and_load\n    ???\n<frozen importlib._bootstrap>:1331: in _find_and_load_unlocked\n    ???\n<frozen importlib._bootstrap>:935: in _load_unlocked\n    ???\n.venv/lib/python3.12/site-packages/_pytest/assertion/rewrite.py:177: in exec_module\n    source_stat, co = _rewrite_test(fn, self.config)\n                      ^^^^^^^^^^^^^^^^^^^^^^^^^^^^^^\n.venv/lib/python3.12/site-packages/_pytest/assertion/rewrite.py:357: in _rewrite_test\n    tree = ast.parse(source, filename=strfn)\n           ^^^^^^^^^^^^^^^^^^^^^^^^^^^^^^^^^\n/usr/lib/python3.12/ast.py:52: in parse\n    return compile(source, filename, mode, flags,\nE     File \"/workspaces/Firstry/benchmarks/repos/repo-a-no-config/tests/test_utils48.py\", line 1\nE       test 48\nE            ^^\nE   SyntaxError: invalid syntax\n___ ERROR collecting benchmarks/repos/repo-a-no-config/tests/test_utils49.py ___\n.venv/lib/python3.12/site-packages/_pytest/python.py:498: in importtestmodule\n    mod = import_path(\n.venv/lib/python3.12/site-packages/_pytest/pathlib.py:587: in import_path\n    importlib.import_module(module_name)\n/usr/lib/python3.12/importlib/__init__.py:90: in import_module\n    return _bootstrap._gcd_import(name[level:], package, level)\n           ^^^^^^^^^^^^^^^^^^^^^^^^^^^^^^^^^^^^^^^^^^^^^^^^^^^^\n<frozen importlib._bootstrap>:1387: in _gcd_import\n    ???\n<frozen importlib._bootstrap>:1360: in _find_and_load\n    ???\n<frozen importlib._bootstrap>:1331: in _find_and_load_unlocked\n    ???\n<frozen importlib._bootstrap>:935: in _load_unlocked\n    ???\n.venv/lib/python3.12/site-packages/_pytest/assertion/rewrite.py:177: in exec_module\n    source_stat, co = _rewrite_test(fn, self.config)\n                      ^^^^^^^^^^^^^^^^^^^^^^^^^^^^^^\n.venv/lib/python3.12/site-packages/_pytest/assertion/rewrite.py:357: in _rewrite_test\n    tree = ast.parse(source, filename=strfn)\n           ^^^^^^^^^^^^^^^^^^^^^^^^^^^^^^^^^\n/usr/lib/python3.12/ast.py:52: in parse\n    return compile(source, filename, mode, flags,\nE     File \"/workspaces/Firstry/benchmarks/repos/repo-a-no-config/tests/test_utils49.py\", line 1\nE       test 49\nE            ^^\nE   SyntaxError: invalid syntax\n___ ERROR collecting benchmarks/repos/repo-a-no-config/tests/test_utils5.py ____\n.venv/lib/python3.12/site-packages/_pytest/python.py:498: in importtestmodule\n    mod = import_path(\n.venv/lib/python3.12/site-packages/_pytest/pathlib.py:587: in import_path\n    importlib.import_module(module_name)\n/usr/lib/python3.12/importlib/__init__.py:90: in import_module\n    return _bootstrap._gcd_import(name[level:], package, level)\n           ^^^^^^^^^^^^^^^^^^^^^^^^^^^^^^^^^^^^^^^^^^^^^^^^^^^^\n<frozen importlib._bootstrap>:1387: in _gcd_import\n    ???\n<frozen importlib._bootstrap>:1360: in _find_and_load\n    ???\n<frozen importlib._bootstrap>:1331: in _find_and_load_unlocked\n    ???\n<frozen importlib._bootstrap>:935: in _load_unlocked\n    ???\n.venv/lib/python3.12/site-packages/_pytest/assertion/rewrite.py:177: in exec_module\n    source_stat, co = _rewrite_test(fn, self.config)\n                      ^^^^^^^^^^^^^^^^^^^^^^^^^^^^^^\n.venv/lib/python3.12/site-packages/_pytest/assertion/rewrite.py:357: in _rewrite_test\n    tree = ast.parse(source, filename=strfn)\n           ^^^^^^^^^^^^^^^^^^^^^^^^^^^^^^^^^\n/usr/lib/python3.12/ast.py:52: in parse\n    return compile(source, filename, mode, flags,\nE     File \"/workspaces/Firstry/benchmarks/repos/repo-a-no-config/tests/test_utils5.py\", line 1\nE       test 5\nE            ^\nE   SyntaxError: invalid syntax\n___ ERROR collecting benchmarks/repos/repo-a-no-config/tests/test_utils50.py ___\n.venv/lib/python3.12/site-packages/_pytest/python.py:498: in importtestmodule\n    mod = import_path(\n.venv/lib/python3.12/site-packages/_pytest/pathlib.py:587: in import_path\n    importlib.import_module(module_name)\n/usr/lib/python3.12/importlib/__init__.py:90: in import_module\n    return _bootstrap._gcd_import(name[level:], package, level)\n           ^^^^^^^^^^^^^^^^^^^^^^^^^^^^^^^^^^^^^^^^^^^^^^^^^^^^\n<frozen importlib._bootstrap>:1387: in _gcd_import\n    ???\n<frozen importlib._bootstrap>:1360: in _find_and_load\n    ???\n<frozen importlib._bootstrap>:1331: in _find_and_load_unlocked\n    ???\n<frozen importlib._bootstrap>:935: in _load_unlocked\n    ???\n.venv/lib/python3.12/site-packages/_pytest/assertion/rewrite.py:177: in exec_module\n    source_stat, co = _rewrite_test(fn, self.config)\n                      ^^^^^^^^^^^^^^^^^^^^^^^^^^^^^^\n.venv/lib/python3.12/site-packages/_pytest/assertion/rewrite.py:357: in _rewrite_test\n    tree = ast.parse(source, filename=strfn)\n           ^^^^^^^^^^^^^^^^^^^^^^^^^^^^^^^^^\n/usr/lib/python3.12/ast.py:52: in parse\n    return compile(source, filename, mode, flags,\nE     File \"/workspaces/Firstry/benchmarks/repos/repo-a-no-config/tests/test_utils50.py\", line 1\nE       test 50\nE            ^^\nE   SyntaxError: invalid syntax\n___ ERROR collecting benchmarks/repos/repo-a-no-config/tests/test_utils6.py ____\n.venv/lib/python3.12/site-packages/_pytest/python.py:498: in importtestmodule\n    mod = import_path(\n.venv/lib/python3.12/site-packages/_pytest/pathlib.py:587: in import_path\n    importlib.import_module(module_name)\n/usr/lib/python3.12/importlib/__init__.py:90: in import_module\n    return _bootstrap._gcd_import(name[level:], package, level)\n           ^^^^^^^^^^^^^^^^^^^^^^^^^^^^^^^^^^^^^^^^^^^^^^^^^^^^\n<frozen importlib._bootstrap>:1387: in _gcd_import\n    ???\n<frozen importlib._bootstrap>:1360: in _find_and_load\n    ???\n<frozen importlib._bootstrap>:1331: in _find_and_load_unlocked\n    ???\n<frozen importlib._bootstrap>:935: in _load_unlocked\n    ???\n.venv/lib/python3.12/site-packages/_pytest/assertion/rewrite.py:177: in exec_module\n    source_stat, co = _rewrite_test(fn, self.config)\n                      ^^^^^^^^^^^^^^^^^^^^^^^^^^^^^^\n.venv/lib/python3.12/site-packages/_pytest/assertion/rewrite.py:357: in _rewrite_test\n    tree = ast.parse(source, filename=strfn)\n           ^^^^^^^^^^^^^^^^^^^^^^^^^^^^^^^^^\n/usr/lib/python3.12/ast.py:52: in parse\n    return compile(source, filename, mode, flags,\nE     File \"/workspaces/Firstry/benchmarks/repos/repo-a-no-config/tests/test_utils6.py\", line 1\nE       test 6\nE            ^\nE   SyntaxError: invalid syntax\n___ ERROR collecting benchmarks/repos/repo-a-no-config/tests/test_utils7.py ____\n.venv/lib/python3.12/site-packages/_pytest/python.py:498: in importtestmodule\n    mod = import_path(\n.venv/lib/python3.12/site-packages/_pytest/pathlib.py:587: in import_path\n    importlib.import_module(module_name)\n/usr/lib/python3.12/importlib/__init__.py:90: in import_module\n    return _bootstrap._gcd_import(name[level:], package, level)\n           ^^^^^^^^^^^^^^^^^^^^^^^^^^^^^^^^^^^^^^^^^^^^^^^^^^^^\n<frozen importlib._bootstrap>:1387: in _gcd_import\n    ???\n<frozen importlib._bootstrap>:1360: in _find_and_load\n    ???\n<frozen importlib._bootstrap>:1331: in _find_and_load_unlocked\n    ???\n<frozen importlib._bootstrap>:935: in _load_unlocked\n    ???\n.venv/lib/python3.12/site-packages/_pytest/assertion/rewrite.py:177: in exec_module\n    source_stat, co = _rewrite_test(fn, self.config)\n                      ^^^^^^^^^^^^^^^^^^^^^^^^^^^^^^\n.venv/lib/python3.12/site-packages/_pytest/assertion/rewrite.py:357: in _rewrite_test\n    tree = ast.parse(source, filename=strfn)\n           ^^^^^^^^^^^^^^^^^^^^^^^^^^^^^^^^^\n/usr/lib/python3.12/ast.py:52: in parse\n    return compile(source, filename, mode, flags,\nE     File \"/workspaces/Firstry/benchmarks/repos/repo-a-no-config/tests/test_utils7.py\", line 1\nE       test 7\nE            ^\nE   SyntaxError: invalid syntax\n___ ERROR collecting benchmarks/repos/repo-a-no-config/tests/test_utils8.py ____\n.venv/lib/python3.12/site-packages/_pytest/python.py:498: in importtestmodule\n    mod = import_path(\n.venv/lib/python3.12/site-packages/_pytest/pathlib.py:587: in import_path\n    importlib.import_module(module_name)\n/usr/lib/python3.12/importlib/__init__.py:90: in import_module\n    return _bootstrap._gcd_import(name[level:], package, level)\n           ^^^^^^^^^^^^^^^^^^^^^^^^^^^^^^^^^^^^^^^^^^^^^^^^^^^^\n<frozen importlib._bootstrap>:1387: in _gcd_import\n    ???\n<frozen importlib._bootstrap>:1360: in _find_and_load\n    ???\n<frozen importlib._bootstrap>:1331: in _find_and_load_unlocked\n    ???\n<frozen importlib._bootstrap>:935: in _load_unlocked\n    ???\n.venv/lib/python3.12/site-packages/_pytest/assertion/rewrite.py:177: in exec_module\n    source_stat, co = _rewrite_test(fn, self.config)\n                      ^^^^^^^^^^^^^^^^^^^^^^^^^^^^^^\n.venv/lib/python3.12/site-packages/_pytest/assertion/rewrite.py:357: in _rewrite_test\n    tree = ast.parse(source, filename=strfn)\n           ^^^^^^^^^^^^^^^^^^^^^^^^^^^^^^^^^\n/usr/lib/python3.12/ast.py:52: in parse\n    return compile(source, filename, mode, flags,\nE     File \"/workspaces/Firstry/benchmarks/repos/repo-a-no-config/tests/test_utils8.py\", line 1\nE       test 8\nE            ^\nE   SyntaxError: invalid syntax\n___ ERROR collecting benchmarks/repos/repo-a-no-config/tests/test_utils9.py ____\n.venv/lib/python3.12/site-packages/_pytest/python.py:498: in importtestmodule\n    mod = import_path(\n.venv/lib/python3.12/site-packages/_pytest/pathlib.py:587: in import_path\n    importlib.import_module(module_name)\n/usr/lib/python3.12/importlib/__init__.py:90: in import_module\n    return _bootstrap._gcd_import(name[level:], package, level)\n           ^^^^^^^^^^^^^^^^^^^^^^^^^^^^^^^^^^^^^^^^^^^^^^^^^^^^\n<frozen importlib._bootstrap>:1387: in _gcd_import\n    ???\n<frozen importlib._bootstrap>:1360: in _find_and_load\n    ???\n<frozen importlib._bootstrap>:1331: in _find_and_load_unlocked\n    ???\n<frozen importlib._bootstrap>:935: in _load_unlocked\n    ???\n.venv/lib/python3.12/site-packages/_pytest/assertion/rewrite.py:177: in exec_module\n    source_stat, co = _rewrite_test(fn, self.config)\n                      ^^^^^^^^^^^^^^^^^^^^^^^^^^^^^^\n.venv/lib/python3.12/site-packages/_pytest/assertion/rewrite.py:357: in _rewrite_test\n    tree = ast.parse(source, filename=strfn)\n           ^^^^^^^^^^^^^^^^^^^^^^^^^^^^^^^^^\n/usr/lib/python3.12/ast.py:52: in parse\n    return compile(source, filename, mode, flags,\nE     File \"/workspaces/Firstry/benchmarks/repos/repo-a-no-config/tests/test_utils9.py\", line 1\nE       test 9\nE            ^\nE   SyntaxError: invalid syntax\n_____ ERROR collecting benchmarks/repos/repo-b-ci-only/tests/test_main.py ______\nImportError while importing test module '/workspaces/Firstry/benchmarks/repos/repo-b-ci-only/tests/test_main.py'.\nHint: make sure your test modules/packages have valid Python names.\nTraceback:\n/usr/lib/python3.12/importlib/__init__.py:90: in import_module\n    return _bootstrap._gcd_import(name[level:], package, level)\n           ^^^^^^^^^^^^^^^^^^^^^^^^^^^^^^^^^^^^^^^^^^^^^^^^^^^^\nbenchmarks/repos/repo-b-ci-only/tests/test_main.py:5: in <module>\n    from src.main import DataProcessor, process_data, validate_config\nE   ModuleNotFoundError: No module named 'src'\n_________________ ERROR collecting licensing/tests/test_api.py _________________\nImportError while importing test module '/workspaces/Firstry/licensing/tests/test_api.py'.\nHint: make sure your test modules/packages have valid Python names.\nTraceback:\n/usr/lib/python3.12/importlib/__init__.py:90: in import_module\n    return _bootstrap._gcd_import(name[level:], package, level)\n           ^^^^^^^^^^^^^^^^^^^^^^^^^^^^^^^^^^^^^^^^^^^^^^^^^^^^\nlicensing/tests/test_api.py:1: in <module>\n    from fastapi.testclient import TestClient\nE   ModuleNotFoundError: No module named 'fastapi'\n______________ ERROR collecting licensing/tests/test_webhooks.py _______________\nImportError while importing test module '/workspaces/Firstry/licensing/tests/test_webhooks.py'.\nHint: make sure your test modules/packages have valid Python names.\nTraceback:\n/usr/lib/python3.12/importlib/__init__.py:90: in import_module\n    return _bootstrap._gcd_import(name[level:], package, level)\n           ^^^^^^^^^^^^^^^^^^^^^^^^^^^^^^^^^^^^^^^^^^^^^^^^^^^^\nlicensing/tests/test_webhooks.py:4: in <module>\n    from fastapi.testclient import TestClient\nE   ModuleNotFoundError: No module named 'fastapi'\n______________ ERROR collecting tests/test_argparse_entrypoint.py ______________\nImportError while importing test module '/workspaces/Firstry/tests/test_argparse_entrypoint.py'.\nHint: make sure your test modules/packages have valid Python names.\nTraceback:\n/usr/lib/python3.12/importlib/__init__.py:90: in import_module\n    return _bootstrap._gcd_import(name[level:], package, level)\n           ^^^^^^^^^^^^^^^^^^^^^^^^^^^^^^^^^^^^^^^^^^^^^^^^^^^^\ntests/test_argparse_entrypoint.py:6: in <module>\n    from firsttry import __version__\nE   ModuleNotFoundError: No module named 'firsttry'\n_____________________ ERROR collecting tests/test_cache.py _____________________\nImportError while importing test module '/workspaces/Firstry/tests/test_cache.py'.\nHint: make sure your test modules/packages have valid Python names.\nTraceback:\n/usr/lib/python3.12/importlib/__init__.py:90: in import_module\n    return _bootstrap._gcd_import(name[level:], package, level)\n           ^^^^^^^^^^^^^^^^^^^^^^^^^^^^^^^^^^^^^^^^^^^^^^^^^^^^\ntests/test_cache.py:1: in <module>\n    from firsttry.cache import (\nE   ModuleNotFoundError: No module named 'firsttry'\n________________ ERROR collecting tests/test_cache_fastpaths.py ________________\nImportError while importing test module '/workspaces/Firstry/tests/test_cache_fastpaths.py'.\nHint: make sure your test modules/packages have valid Python names.\nTraceback:\n/usr/lib/python3.12/importlib/__init__.py:90: in import_module\n    return _bootstrap._gcd_import(name[level:], package, level)\n           ^^^^^^^^^^^^^^^^^^^^^^^^^^^^^^^^^^^^^^^^^^^^^^^^^^^^\ntests/test_cache_fastpaths.py:3: in <module>\n    from firsttry.cache import load_cache, save_cache\nE   ModuleNotFoundError: No module named 'firsttry'\n________________ ERROR collecting tests/test_changed_module.py _________________\nImportError while importing test module '/workspaces/Firstry/tests/test_changed_module.py'.\nHint: make sure your test modules/packages have valid Python names.\nTraceback:\n/usr/lib/python3.12/importlib/__init__.py:90: in import_module\n    return _bootstrap._gcd_import(name[level:], package, level)\n           ^^^^^^^^^^^^^^^^^^^^^^^^^^^^^^^^^^^^^^^^^^^^^^^^^^^^\ntests/test_changed_module.py:3: in <module>\n    import firsttry.changed as ch\nE   ModuleNotFoundError: No module named 'firsttry'\n____________________ ERROR collecting tests/test_changes.py ____________________\nImportError while importing test module '/workspaces/Firstry/tests/test_changes.py'.\nHint: make sure your test modules/packages have valid Python names.\nTraceback:\n/usr/lib/python3.12/importlib/__init__.py:90: in import_module\n    return _bootstrap._gcd_import(name[level:], package, level)\n           ^^^^^^^^^^^^^^^^^^^^^^^^^^^^^^^^^^^^^^^^^^^^^^^^^^^^\ntests/test_changes.py:3: in <module>\n    from firsttry.changes import get_changed_files\nE   ModuleNotFoundError: No module named 'firsttry'\n__________ ERROR collecting tests/test_checks_orchestrator_buckets.py __________\nImportError while importing test module '/workspaces/Firstry/tests/test_checks_orchestrator_buckets.py'.\nHint: make sure your test modules/packages have valid Python names.\nTraceback:\n/usr/lib/python3.12/importlib/__init__.py:90: in import_module\n    return _bootstrap._gcd_import(name[level:], package, level)\n           ^^^^^^^^^^^^^^^^^^^^^^^^^^^^^^^^^^^^^^^^^^^^^^^^^^^^\ntests/test_checks_orchestrator_buckets.py:6: in <module>\n    import anyio\nE   ModuleNotFoundError: No module named 'anyio'\n___________________ ERROR collecting tests/test_ci_mapper.py ___________________\nImportError while importing test module '/workspaces/Firstry/tests/test_ci_mapper.py'.\nHint: make sure your test modules/packages have valid Python names.\nTraceback:\n/usr/lib/python3.12/importlib/__init__.py:90: in import_module\n    return _bootstrap._gcd_import(name[level:], package, level)\n           ^^^^^^^^^^^^^^^^^^^^^^^^^^^^^^^^^^^^^^^^^^^^^^^^^^^^\ntests/test_ci_mapper.py:2: in <module>\n    from firsttry.ci_mapper import build_ci_plan, rewrite_run_cmd\nE   ModuleNotFoundError: No module named 'firsttry'\n______________ ERROR collecting tests/test_ci_mapper_adaptive.py _______________\nImportError while importing test module '/workspaces/Firstry/tests/test_ci_mapper_adaptive.py'.\nHint: make sure your test modules/packages have valid Python names.\nTraceback:\n/usr/lib/python3.12/importlib/__init__.py:90: in import_module\n    return _bootstrap._gcd_import(name[level:], package, level)\n           ^^^^^^^^^^^^^^^^^^^^^^^^^^^^^^^^^^^^^^^^^^^^^^^^^^^^\ntests/test_ci_mapper_adaptive.py:2: in <module>\n    from firsttry import ci_mapper\nE   ModuleNotFoundError: No module named 'firsttry'\n____________ ERROR collecting tests/test_ci_mapper_comprehensive.py ____________\nImportError while importing test module '/workspaces/Firstry/tests/test_ci_mapper_comprehensive.py'.\nHint: make sure your test modules/packages have valid Python names.\nTraceback:\n/usr/lib/python3.12/importlib/__init__.py:90: in import_module\n    return _bootstrap._gcd_import(name[level:], package, level)\n           ^^^^^^^^^^^^^^^^^^^^^^^^^^^^^^^^^^^^^^^^^^^^^^^^^^^^\ntests/test_ci_mapper_comprehensive.py:3: in <module>\n    from firsttry import ci_mapper\nE   ModuleNotFoundError: No module named 'firsttry'\n_____________ ERROR collecting tests/test_ci_mapper_impl_added.py ______________\nImportError while importing test module '/workspaces/Firstry/tests/test_ci_mapper_impl_added.py'.\nHint: make sure your test modules/packages have valid Python names.\nTraceback:\n/usr/lib/python3.12/importlib/__init__.py:90: in import_module\n    return _bootstrap._gcd_import(name[level:], package, level)\n           ^^^^^^^^^^^^^^^^^^^^^^^^^^^^^^^^^^^^^^^^^^^^^^^^^^^^\ntests/test_ci_mapper_impl_added.py:4: in <module>\n    from firsttry import ci_mapper_impl as impl\nE   ModuleNotFoundError: No module named 'firsttry'\n_________ ERROR collecting tests/test_ci_mapper_impl_comprehensive.py __________\nImportError while importing test module '/workspaces/Firstry/tests/test_ci_mapper_impl_comprehensive.py'.\nHint: make sure your test modules/packages have valid Python names.\nTraceback:\n/usr/lib/python3.12/importlib/__init__.py:90: in import_module\n    return _bootstrap._gcd_import(name[level:], package, level)\n           ^^^^^^^^^^^^^^^^^^^^^^^^^^^^^^^^^^^^^^^^^^^^^^^^^^^^\ntests/test_ci_mapper_impl_comprehensive.py:1: in <module>\n    from firsttry.ci_mapper_impl import (\nE   ModuleNotFoundError: No module named 'firsttry'\n_____________ ERROR collecting tests/test_ci_mapper_impl_module.py _____________\nImportError while importing test module '/workspaces/Firstry/tests/test_ci_mapper_impl_module.py'.\nHint: make sure your test modules/packages have valid Python names.\nTraceback:\n/usr/lib/python3.12/importlib/__init__.py:90: in import_module\n    return _bootstrap._gcd_import(name[level:], package, level)\n           ^^^^^^^^^^^^^^^^^^^^^^^^^^^^^^^^^^^^^^^^^^^^^^^^^^^^\ntests/test_ci_mapper_impl_module.py:3: in <module>\n    from firsttry.ci_mapper_impl import build_ci_plan, rewrite_run_cmd\nE   ModuleNotFoundError: No module named 'firsttry'\n______________ ERROR collecting tests/test_ci_mapper_impl_more.py ______________\nImportError while importing test module '/workspaces/Firstry/tests/test_ci_mapper_impl_more.py'.\nHint: make sure your test modules/packages have valid Python names.\nTraceback:\n/usr/lib/python3.12/importlib/__init__.py:90: in import_module\n    return _bootstrap._gcd_import(name[level:], package, level)\n           ^^^^^^^^^^^^^^^^^^^^^^^^^^^^^^^^^^^^^^^^^^^^^^^^^^^^\ntests/test_ci_mapper_impl_more.py:2: in <module>\n    from firsttry import ci_mapper_impl as impl\nE   ModuleNotFoundError: No module named 'firsttry'\n________________ ERROR collecting tests/test_ci_mapper_more.py _________________\nImportError while importing test module '/workspaces/Firstry/tests/test_ci_mapper_more.py'.\nHint: make sure your test modules/packages have valid Python names.\nTraceback:\n/usr/lib/python3.12/importlib/__init__.py:90: in import_module\n    return _bootstrap._gcd_import(name[level:], package, level)\n           ^^^^^^^^^^^^^^^^^^^^^^^^^^^^^^^^^^^^^^^^^^^^^^^^^^^^\ntests/test_ci_mapper_more.py:2: in <module>\n    from firsttry import ci_mapper\nE   ModuleNotFoundError: No module named 'firsttry'\n_______________ ERROR collecting tests/test_cli_comprehensive.py _______________\nImportError while importing test module '/workspaces/Firstry/tests/test_cli_comprehensive.py'.\nHint: make sure your test modules/packages have valid Python names.\nTraceback:\n/usr/lib/python3.12/importlib/__init__.py:90: in import_module\n    return _bootstrap._gcd_import(name[level:], package, level)\n           ^^^^^^^^^^^^^^^^^^^^^^^^^^^^^^^^^^^^^^^^^^^^^^^^^^^^\ntests/test_cli_comprehensive.py:2: in <module>\n    from firsttry import cli\nE   ModuleNotFoundError: No module named 'firsttry'\n________________ ERROR collecting tests/test_cli_gates_json.py _________________\nImportError while importing test module '/workspaces/Firstry/tests/test_cli_gates_json.py'.\nHint: make sure your test modules/packages have valid Python names.\nTraceback:\n/usr/lib/python3.12/importlib/__init__.py:90: in import_module\n    return _bootstrap._gcd_import(name[level:], package, level)\n           ^^^^^^^^^^^^^^^^^^^^^^^^^^^^^^^^^^^^^^^^^^^^^^^^^^^^\ntests/test_cli_gates_json.py:9: in <module>\n    from firsttry.cli import build_parser\nE   ModuleNotFoundError: No module named 'firsttry'\n_______________ ERROR collecting tests/test_cli_install_hooks.py _______________\nImportError while importing test module '/workspaces/Firstry/tests/test_cli_install_hooks.py'.\nHint: make sure your test modules/packages have valid Python names.\nTraceback:\n/usr/lib/python3.12/importlib/__init__.py:90: in import_module\n    return _bootstrap._gcd_import(name[level:], package, level)\n           ^^^^^^^^^^^^^^^^^^^^^^^^^^^^^^^^^^^^^^^^^^^^^^^^^^^^\ntests/test_cli_install_hooks.py:3: in <module>\n    from tests.cli_utils import run_cli\nE   ModuleNotFoundError: No module named 'tests.cli_utils'\n_________ ERROR collecting tests/test_cli_mirror_ci_cli_integration.py _________\nImportError while importing test module '/workspaces/Firstry/tests/test_cli_mirror_ci_cli_integration.py'.\nHint: make sure your test modules/packages have valid Python names.\nTraceback:\n/usr/lib/python3.12/importlib/__init__.py:90: in import_module\n    return _bootstrap._gcd_import(name[level:], package, level)\n           ^^^^^^^^^^^^^^^^^^^^^^^^^^^^^^^^^^^^^^^^^^^^^^^^^^^^\ntests/test_cli_mirror_ci_cli_integration.py:1: in <module>\n    from firsttry import ci_mapper\nE   ModuleNotFoundError: No module named 'firsttry'\n______________ ERROR collecting tests/test_cli_parser_and_json.py ______________\nImportError while importing test module '/workspaces/Firstry/tests/test_cli_parser_and_json.py'.\nHint: make sure your test modules/packages have valid Python names.\nTraceback:\n/usr/lib/python3.12/importlib/__init__.py:90: in import_module\n    return _bootstrap._gcd_import(name[level:], package, level)\n           ^^^^^^^^^^^^^^^^^^^^^^^^^^^^^^^^^^^^^^^^^^^^^^^^^^^^\ntests/test_cli_parser_and_json.py:9: in <module>\n    from firsttry.cli import build_parser\nE   ModuleNotFoundError: No module named 'firsttry'\n__________________ ERROR collecting tests/test_cli_routing.py __________________\nImportError while importing test module '/workspaces/Firstry/tests/test_cli_routing.py'.\nHint: make sure your test modules/packages have valid Python names.\nTraceback:\n/usr/lib/python3.12/importlib/__init__.py:90: in import_module\n    return _bootstrap._gcd_import(name[level:], package, level)\n           ^^^^^^^^^^^^^^^^^^^^^^^^^^^^^^^^^^^^^^^^^^^^^^^^^^^^\ntests/test_cli_routing.py:3: in <module>\n    from tests.cli_utils import run_cli\nE   ModuleNotFoundError: No module named 'tests.cli_utils'\n_______________ ERROR collecting tests/test_cli_runner_loader.py _______________\nImportError while importing test module '/workspaces/Firstry/tests/test_cli_runner_loader.py'.\nHint: make sure your test modules/packages have valid Python names.\nTraceback:\n/usr/lib/python3.12/importlib/__init__.py:90: in import_module\n    return _bootstrap._gcd_import(name[level:], package, level)\n           ^^^^^^^^^^^^^^^^^^^^^^^^^^^^^^^^^^^^^^^^^^^^^^^^^^^^\ntests/test_cli_runner_loader.py:23: in <module>\n    from firsttry import cli\nE   ModuleNotFoundError: No module named 'firsttry'\n_______________ ERROR collecting tests/test_context_builders.py ________________\nImportError while importing test module '/workspaces/Firstry/tests/test_context_builders.py'.\nHint: make sure your test modules/packages have valid Python names.\nTraceback:\n/usr/lib/python3.12/importlib/__init__.py:90: in import_module\n    return _bootstrap._gcd_import(name[level:], package, level)\n           ^^^^^^^^^^^^^^^^^^^^^^^^^^^^^^^^^^^^^^^^^^^^^^^^^^^^\ntests/test_context_builders.py:3: in <module>\n    from firsttry.context_builders import build_context, build_repo_profile\nE   ModuleNotFoundError: No module named 'firsttry'\n_____________________ ERROR collecting tests/test_db_pg.py _____________________\nImportError while importing test module '/workspaces/Firstry/tests/test_db_pg.py'.\nHint: make sure your test modules/packages have valid Python names.\nTraceback:\n/usr/lib/python3.12/importlib/__init__.py:90: in import_module\n    return _bootstrap._gcd_import(name[level:], package, level)\n           ^^^^^^^^^^^^^^^^^^^^^^^^^^^^^^^^^^^^^^^^^^^^^^^^^^^^\ntests/test_db_pg.py:2: in <module>\n    from firsttry.db_pg import (\nE   ModuleNotFoundError: No module named 'firsttry'\n___________________ ERROR collecting tests/test_db_sqlite.py ___________________\nImportError while importing test module '/workspaces/Firstry/tests/test_db_sqlite.py'.\nHint: make sure your test modules/packages have valid Python names.\nTraceback:\n/usr/lib/python3.12/importlib/__init__.py:90: in import_module\n    return _bootstrap._gcd_import(name[level:], package, level)\n           ^^^^^^^^^^^^^^^^^^^^^^^^^^^^^^^^^^^^^^^^^^^^^^^^^^^^\ntests/test_db_sqlite.py:8: in <module>\n    import sqlalchemy as sa\nE   ModuleNotFoundError: No module named 'sqlalchemy'\n_________________ ERROR collecting tests/test_docker_smoke.py __________________\nImportError while importing test module '/workspaces/Firstry/tests/test_docker_smoke.py'.\nHint: make sure your test modules/packages have valid Python names.\nTraceback:\n/usr/lib/python3.12/importlib/__init__.py:90: in import_module\n    return _bootstrap._gcd_import(name[level:], package, level)\n           ^^^^^^^^^^^^^^^^^^^^^^^^^^^^^^^^^^^^^^^^^^^^^^^^^^^^\ntests/test_docker_smoke.py:4: in <module>\n    from firsttry.docker_smoke import build_compose_cmds, check_health\nE   ModuleNotFoundError: No module named 'firsttry'\n______________ ERROR collecting tests/test_docker_smoke_extra.py _______________\nImportError while importing test module '/workspaces/Firstry/tests/test_docker_smoke_extra.py'.\nHint: make sure your test modules/packages have valid Python names.\nTraceback:\n/usr/lib/python3.12/importlib/__init__.py:90: in import_module\n    return _bootstrap._gcd_import(name[level:], package, level)\n           ^^^^^^^^^^^^^^^^^^^^^^^^^^^^^^^^^^^^^^^^^^^^^^^^^^^^\ntests/test_docker_smoke_extra.py:5: in <module>\n    import firsttry.docker_smoke as ds\nE   ModuleNotFoundError: No module named 'firsttry'\n_____________ ERROR collecting tests/test_doctor_comprehensive.py ______________\nImportError while importing test module '/workspaces/Firstry/tests/test_doctor_comprehensive.py'.\nHint: make sure your test modules/packages have valid Python names.\nTraceback:\n/usr/lib/python3.12/importlib/__init__.py:90: in import_module\n    return _bootstrap._gcd_import(name[level:], package, level)\n           ^^^^^^^^^^^^^^^^^^^^^^^^^^^^^^^^^^^^^^^^^^^^^^^^^^^^\ntests/test_doctor_comprehensive.py:3: in <module>\n    from firsttry import doctor as doc\nE   ModuleNotFoundError: No module named 'firsttry'\n________________ ERROR collecting tests/test_doctor_parallel.py ________________\nImportError while importing test module '/workspaces/Firstry/tests/test_doctor_parallel.py'.\nHint: make sure your test modules/packages have valid Python names.\nTraceback:\n/usr/lib/python3.12/importlib/__init__.py:90: in import_module\n    return _bootstrap._gcd_import(name[level:], package, level)\n           ^^^^^^^^^^^^^^^^^^^^^^^^^^^^^^^^^^^^^^^^^^^^^^^^^^^^\ntests/test_doctor_parallel.py:4: in <module>\n    import firsttry.doctor as doc\nE   ModuleNotFoundError: No module named 'firsttry'\n_________________ ERROR collecting tests/test_doctor_report.py _________________\nImportError while importing test module '/workspaces/Firstry/tests/test_doctor_report.py'.\nHint: make sure your test modules/packages have valid Python names.\nTraceback:\n/usr/lib/python3.12/importlib/__init__.py:90: in import_module\n    return _bootstrap._gcd_import(name[level:], package, level)\n           ^^^^^^^^^^^^^^^^^^^^^^^^^^^^^^^^^^^^^^^^^^^^^^^^^^^^\ntests/test_doctor_report.py:2: in <module>\n    from firsttry import doctor\nE   ModuleNotFoundError: No module named 'firsttry'\n_____________ ERROR collecting tests/test_doctor_skip_all_warns.py _____________\nImportError while importing test module '/workspaces/Firstry/tests/test_doctor_skip_all_warns.py'.\nHint: make sure your test modules/packages have valid Python names.\nTraceback:\n/usr/lib/python3.12/importlib/__init__.py:90: in import_module\n    return _bootstrap._gcd_import(name[level:], package, level)\n           ^^^^^^^^^^^^^^^^^^^^^^^^^^^^^^^^^^^^^^^^^^^^^^^^^^^^\ntests/test_doctor_skip_all_warns.py:2: in <module>\n    from firsttry.doctor import run_doctor_report\nE   ModuleNotFoundError: No module named 'firsttry'\n______________________ ERROR collecting tests/test_env.py ______________________\nImportError while importing test module '/workspaces/Firstry/tests/test_env.py'.\nHint: make sure your test modules/packages have valid Python names.\nTraceback:\n/usr/lib/python3.12/importlib/__init__.py:90: in import_module\n    return _bootstrap._gcd_import(name[level:], package, level)\n           ^^^^^^^^^^^^^^^^^^^^^^^^^^^^^^^^^^^^^^^^^^^^^^^^^^^^\ntests/test_env.py:1: in <module>\n    from firsttry.env import detect_environment, DetectedEnv\nE   ModuleNotFoundError: No module named 'firsttry'\n______________ ERROR collecting tests/test_fast_stop_behavior.py _______________\nImportError while importing test module '/workspaces/Firstry/tests/test_fast_stop_behavior.py'.\nHint: make sure your test modules/packages have valid Python names.\nTraceback:\n/usr/lib/python3.12/importlib/__init__.py:90: in import_module\n    return _bootstrap._gcd_import(name[level:], package, level)\n           ^^^^^^^^^^^^^^^^^^^^^^^^^^^^^^^^^^^^^^^^^^^^^^^^^^^^\ntests/test_fast_stop_behavior.py:1: in <module>\n    from firsttry import pro_features\nE   ModuleNotFoundError: No module named 'firsttry'\n___________________ ERROR collecting tests/test_gate_base.py ___________________\nImportError while importing test module '/workspaces/Firstry/tests/test_gate_base.py'.\nHint: make sure your test modules/packages have valid Python names.\nTraceback:\n/usr/lib/python3.12/importlib/__init__.py:90: in import_module\n    return _bootstrap._gcd_import(name[level:], package, level)\n           ^^^^^^^^^^^^^^^^^^^^^^^^^^^^^^^^^^^^^^^^^^^^^^^^^^^^\ntests/test_gate_base.py:1: in <module>\n    from firsttry.gates.base import Gate\nE   ModuleNotFoundError: No module named 'firsttry'\n_____________________ ERROR collecting tests/test_gates.py _____________________\nImportError while importing test module '/workspaces/Firstry/tests/test_gates.py'.\nHint: make sure your test modules/packages have valid Python names.\nTraceback:\n/usr/lib/python3.12/importlib/__init__.py:90: in import_module\n    return _bootstrap._gcd_import(name[level:], package, level)\n           ^^^^^^^^^^^^^^^^^^^^^^^^^^^^^^^^^^^^^^^^^^^^^^^^^^^^\ntests/test_gates.py:1: in <module>\n    from firsttry.gates import run_pre_commit_gate, run_pre_push_gate\nE   ModuleNotFoundError: No module named 'firsttry'\n________________ ERROR collecting tests/test_gates_commands.py _________________\nImportError while importing test module '/workspaces/Firstry/tests/test_gates_commands.py'.\nHint: make sure your test modules/packages have valid Python names.\nTraceback:\n/usr/lib/python3.12/importlib/__init__.py:90: in import_module\n    return _bootstrap._gcd_import(name[level:], package, level)\n           ^^^^^^^^^^^^^^^^^^^^^^^^^^^^^^^^^^^^^^^^^^^^^^^^^^^^\ntests/test_gates_commands.py:9: in <module>\n    from firsttry import gates\nE   ModuleNotFoundError: No module named 'firsttry'\n______________ ERROR collecting tests/test_gates_comprehensive.py ______________\nImportError while importing test module '/workspaces/Firstry/tests/test_gates_comprehensive.py'.\nHint: make sure your test modules/packages have valid Python names.\nTraceback:\n/usr/lib/python3.12/importlib/__init__.py:90: in import_module\n    return _bootstrap._gcd_import(name[level:], package, level)\n           ^^^^^^^^^^^^^^^^^^^^^^^^^^^^^^^^^^^^^^^^^^^^^^^^^^^^\ntests/test_gates_comprehensive.py:7: in <module>\n    from firsttry import gates\nE   ModuleNotFoundError: No module named 'firsttry'\n________________ ERROR collecting tests/test_gates_contract.py _________________\nImportError while importing test module '/workspaces/Firstry/tests/test_gates_contract.py'.\nHint: make sure your test modules/packages have valid Python names.\nTraceback:\n/usr/lib/python3.12/importlib/__init__.py:90: in import_module\n    return _bootstrap._gcd_import(name[level:], package, level)\n           ^^^^^^^^^^^^^^^^^^^^^^^^^^^^^^^^^^^^^^^^^^^^^^^^^^^^\ntests/test_gates_contract.py:1: in <module>\n    from firsttry import gates\nE   ModuleNotFoundError: No module named 'firsttry'\n__________________ ERROR collecting tests/test_gates_core.py ___________________\nImportError while importing test module '/workspaces/Firstry/tests/test_gates_core.py'.\nHint: make sure your test modules/packages have valid Python names.\nTraceback:\n/usr/lib/python3.12/importlib/__init__.py:90: in import_module\n    return _bootstrap._gcd_import(name[level:], package, level)\n           ^^^^^^^^^^^^^^^^^^^^^^^^^^^^^^^^^^^^^^^^^^^^^^^^^^^^\ntests/test_gates_core.py:7: in <module>\n    import firsttry.gates as gates\nE   ModuleNotFoundError: No module named 'firsttry'\n_________________ ERROR collecting tests/test_gates_extras.py __________________\nImportError while importing test module '/workspaces/Firstry/tests/test_gates_extras.py'.\nHint: make sure your test modules/packages have valid Python names.\nTraceback:\n/usr/lib/python3.12/importlib/__init__.py:90: in import_module\n    return _bootstrap._gcd_import(name[level:], package, level)\n           ^^^^^^^^^^^^^^^^^^^^^^^^^^^^^^^^^^^^^^^^^^^^^^^^^^^^\ntests/test_gates_extras.py:1: in <module>\n    import firsttry.gates as gates\nE   ModuleNotFoundError: No module named 'firsttry'\n___________ ERROR collecting tests/test_gates_pytest_rich_output.py ____________\nImportError while importing test module '/workspaces/Firstry/tests/test_gates_pytest_rich_output.py'.\nHint: make sure your test modules/packages have valid Python names.\nTraceback:\n/usr/lib/python3.12/importlib/__init__.py:90: in import_module\n    return _bootstrap._gcd_import(name[level:], package, level)\n           ^^^^^^^^^^^^^^^^^^^^^^^^^^^^^^^^^^^^^^^^^^^^^^^^^^^^\ntests/test_gates_pytest_rich_output.py:8: in <module>\n    from firsttry.gates import check_tests\nE   ModuleNotFoundError: No module named 'firsttry'\n____________________ ERROR collecting tests/test_go_gate.py ____________________\nImportError while importing test module '/workspaces/Firstry/tests/test_go_gate.py'.\nHint: make sure your test modules/packages have valid Python names.\nTraceback:\n/usr/lib/python3.12/importlib/__init__.py:90: in import_module\n    return _bootstrap._gcd_import(name[level:], package, level)\n           ^^^^^^^^^^^^^^^^^^^^^^^^^^^^^^^^^^^^^^^^^^^^^^^^^^^^\ntests/test_go_gate.py:3: in <module>\n    from firsttry.gates.go_tests import GoTestGate\nE   ModuleNotFoundError: No module named 'firsttry'\n_____________ ERROR collecting tests/test_license_guard_mapping.py _____________\nImportError while importing test module '/workspaces/Firstry/tests/test_license_guard_mapping.py'.\nHint: make sure your test modules/packages have valid Python names.\nTraceback:\n/usr/lib/python3.12/importlib/__init__.py:90: in import_module\n    return _bootstrap._gcd_import(name[level:], package, level)\n           ^^^^^^^^^^^^^^^^^^^^^^^^^^^^^^^^^^^^^^^^^^^^^^^^^^^^\ntests/test_license_guard_mapping.py:3: in <module>\n    from firsttry.license_guard import get_tier\nE   ModuleNotFoundError: No module named 'firsttry'\n_________________ ERROR collecting tests/test_license_hmac.py __________________\nImportError while importing test module '/workspaces/Firstry/tests/test_license_hmac.py'.\nHint: make sure your test modules/packages have valid Python names.\nTraceback:\n/usr/lib/python3.12/importlib/__init__.py:90: in import_module\n    return _bootstrap._gcd_import(name[level:], package, level)\n           ^^^^^^^^^^^^^^^^^^^^^^^^^^^^^^^^^^^^^^^^^^^^^^^^^^^^\ntests/test_license_hmac.py:2: in <module>\n    from firsttry.license import (\nE   ModuleNotFoundError: No module named 'firsttry'\n________________ ERROR collecting tests/test_license_verify.py _________________\nImportError while importing test module '/workspaces/Firstry/tests/test_license_verify.py'.\nHint: make sure your test modules/packages have valid Python names.\nTraceback:\n/usr/lib/python3.12/importlib/__init__.py:90: in import_module\n    return _bootstrap._gcd_import(name[level:], package, level)\n           ^^^^^^^^^^^^^^^^^^^^^^^^^^^^^^^^^^^^^^^^^^^^^^^^^^^^\ntests/test_license_verify.py:2: in <module>\n    from firsttry import license as lic_mod\nE   ModuleNotFoundError: No module named 'firsttry'\n____________ ERROR collecting tests/test_mirror_ci_run_fast_fail.py ____________\nImportError while importing test module '/workspaces/Firstry/tests/test_mirror_ci_run_fast_fail.py'.\nHint: make sure your test modules/packages have valid Python names.\nTraceback:\n/usr/lib/python3.12/importlib/__init__.py:90: in import_module\n    return _bootstrap._gcd_import(name[level:], package, level)\n           ^^^^^^^^^^^^^^^^^^^^^^^^^^^^^^^^^^^^^^^^^^^^^^^^^^^^\ntests/test_mirror_ci_run_fast_fail.py:1: in <module>\n    from firsttry import pro_features\nE   ModuleNotFoundError: No module named 'firsttry'\n___________ ERROR collecting tests/test_mirror_ci_safety_and_env.py ____________\nImportError while importing test module '/workspaces/Firstry/tests/test_mirror_ci_safety_and_env.py'.\nHint: make sure your test modules/packages have valid Python names.\nTraceback:\n/usr/lib/python3.12/importlib/__init__.py:90: in import_module\n    return _bootstrap._gcd_import(name[level:], package, level)\n           ^^^^^^^^^^^^^^^^^^^^^^^^^^^^^^^^^^^^^^^^^^^^^^^^^^^^\ntests/test_mirror_ci_safety_and_env.py:1: in <module>\n    from firsttry import pro_features\nE   ModuleNotFoundError: No module named 'firsttry'\n__________________ ERROR collecting tests/test_module_main.py __________________\nImportError while importing test module '/workspaces/Firstry/tests/test_module_main.py'.\nHint: make sure your test modules/packages have valid Python names.\nTraceback:\n/usr/lib/python3.12/importlib/__init__.py:90: in import_module\n    return _bootstrap._gcd_import(name[level:], package, level)\n           ^^^^^^^^^^^^^^^^^^^^^^^^^^^^^^^^^^^^^^^^^^^^^^^^^^^^\ntests/test_module_main.py:5: in <module>\n    from firsttry import __version__\nE   ModuleNotFoundError: No module named 'firsttry'\n___________________ ERROR collecting tests/test_node_gate.py ___________________\nImportError while importing test module '/workspaces/Firstry/tests/test_node_gate.py'.\nHint: make sure your test modules/packages have valid Python names.\nTraceback:\n/usr/lib/python3.12/importlib/__init__.py:90: in import_module\n    return _bootstrap._gcd_import(name[level:], package, level)\n           ^^^^^^^^^^^^^^^^^^^^^^^^^^^^^^^^^^^^^^^^^^^^^^^^^^^^\ntests/test_node_gate.py:3: in <module>\n    from firsttry.gates.node_tests import NodeNpmTestGate\nE   ModuleNotFoundError: No module named 'firsttry'\n_______________ ERROR collecting tests/test_pro_feature_gate.py ________________\nImportError while importing test module '/workspaces/Firstry/tests/test_pro_feature_gate.py'.\nHint: make sure your test modules/packages have valid Python names.\nTraceback:\n/usr/lib/python3.12/importlib/__init__.py:90: in import_module\n    return _bootstrap._gcd_import(name[level:], package, level)\n           ^^^^^^^^^^^^^^^^^^^^^^^^^^^^^^^^^^^^^^^^^^^^^^^^^^^^\ntests/test_pro_feature_gate.py:1: in <module>\n    from firsttry.license import require_license\nE   ModuleNotFoundError: No module named 'firsttry'\n____________ ERROR collecting tests/test_pro_feature_gate_allow.py _____________\nImportError while importing test module '/workspaces/Firstry/tests/test_pro_feature_gate_allow.py'.\nHint: make sure your test modules/packages have valid Python names.\nTraceback:\n/usr/lib/python3.12/importlib/__init__.py:90: in import_module\n    return _bootstrap._gcd_import(name[level:], package, level)\n           ^^^^^^^^^^^^^^^^^^^^^^^^^^^^^^^^^^^^^^^^^^^^^^^^^^^^\ntests/test_pro_feature_gate_allow.py:1: in <module>\n    from firsttry import license as lic_mod\nE   ModuleNotFoundError: No module named 'firsttry'\n______________ ERROR collecting tests/test_pro_features_extra.py _______________\nImportError while importing test module '/workspaces/Firstry/tests/test_pro_features_extra.py'.\nHint: make sure your test modules/packages have valid Python names.\nTraceback:\n/usr/lib/python3.12/importlib/__init__.py:90: in import_module\n    return _bootstrap._gcd_import(name[level:], package, level)\n           ^^^^^^^^^^^^^^^^^^^^^^^^^^^^^^^^^^^^^^^^^^^^^^^^^^^^\ntests/test_pro_features_extra.py:1: in <module>\n    from firsttry import pro_features as pf\nE   ModuleNotFoundError: No module named 'firsttry'\n____________ ERROR collecting tests/test_pro_features_normalize.py _____________\nImportError while importing test module '/workspaces/Firstry/tests/test_pro_features_normalize.py'.\nHint: make sure your test modules/packages have valid Python names.\nTraceback:\n/usr/lib/python3.12/importlib/__init__.py:90: in import_module\n    return _bootstrap._gcd_import(name[level:], package, level)\n           ^^^^^^^^^^^^^^^^^^^^^^^^^^^^^^^^^^^^^^^^^^^^^^^^^^^^\ntests/test_pro_features_normalize.py:1: in <module>\n    from firsttry.pro_features import normalize_license\nE   ModuleNotFoundError: No module named 'firsttry'\n___________________ ERROR collecting tests/test_profiles.py ____________________\nImportError while importing test module '/workspaces/Firstry/tests/test_profiles.py'.\nHint: make sure your test modules/packages have valid Python names.\nTraceback:\n/usr/lib/python3.12/importlib/__init__.py:90: in import_module\n    return _bootstrap._gcd_import(name[level:], package, level)\n           ^^^^^^^^^^^^^^^^^^^^^^^^^^^^^^^^^^^^^^^^^^^^^^^^^^^^\ntests/test_profiles.py:3: in <module>\n    from firsttry.profiles import list_profiles, get_profile\nE   ModuleNotFoundError: No module named 'firsttry'\n________________ ERROR collecting tests/test_pure_functions.py _________________\nImportError while importing test module '/workspaces/Firstry/tests/test_pure_functions.py'.\nHint: make sure your test modules/packages have valid Python names.\nTraceback:\n/usr/lib/python3.12/importlib/__init__.py:90: in import_module\n    return _bootstrap._gcd_import(name[level:], package, level)\n           ^^^^^^^^^^^^^^^^^^^^^^^^^^^^^^^^^^^^^^^^^^^^^^^^^^^^\ntests/test_pure_functions.py:3: in <module>\n    from firsttry.repo_rules import plan_checks_for_repo\nE   ModuleNotFoundError: No module named 'firsttry'\n_______________ ERROR collecting tests/test_python_lint_gate.py ________________\nImportError while importing test module '/workspaces/Firstry/tests/test_python_lint_gate.py'.\nHint: make sure your test modules/packages have valid Python names.\nTraceback:\n/usr/lib/python3.12/importlib/__init__.py:90: in import_module\n    return _bootstrap._gcd_import(name[level:], package, level)\n           ^^^^^^^^^^^^^^^^^^^^^^^^^^^^^^^^^^^^^^^^^^^^^^^^^^^^\ntests/test_python_lint_gate.py:3: in <module>\n    from firsttry.gates.python_lint import PythonRuffGate\nE   ModuleNotFoundError: No module named 'firsttry'\n___________________ ERROR collecting tests/test_quickfix.py ____________________\nImportError while importing test module '/workspaces/Firstry/tests/test_quickfix.py'.\nHint: make sure your test modules/packages have valid Python names.\nTraceback:\n/usr/lib/python3.12/importlib/__init__.py:90: in import_module\n    return _bootstrap._gcd_import(name[level:], package, level)\n           ^^^^^^^^^^^^^^^^^^^^^^^^^^^^^^^^^^^^^^^^^^^^^^^^^^^^\ntests/test_quickfix.py:2: in <module>\n    from firsttry.doctor import CheckResult\nE   ModuleNotFoundError: No module named 'firsttry'\n____________ ERROR collecting tests/test_quickfix_comprehensive.py _____________\nImportError while importing test module '/workspaces/Firstry/tests/test_quickfix_comprehensive.py'.\nHint: make sure your test modules/packages have valid Python names.\nTraceback:\n/usr/lib/python3.12/importlib/__init__.py:90: in import_module\n    return _bootstrap._gcd_import(name[level:], package, level)\n           ^^^^^^^^^^^^^^^^^^^^^^^^^^^^^^^^^^^^^^^^^^^^^^^^^^^^\ntests/test_quickfix_comprehensive.py:3: in <module>\n    from firsttry import quickfix as qf\nE   ModuleNotFoundError: No module named 'firsttry'\n________________ ERROR collecting tests/test_quickfix_extra.py _________________\nImportError while importing test module '/workspaces/Firstry/tests/test_quickfix_extra.py'.\nHint: make sure your test modules/packages have valid Python names.\nTraceback:\n/usr/lib/python3.12/importlib/__init__.py:90: in import_module\n    return _bootstrap._gcd_import(name[level:], package, level)\n           ^^^^^^^^^^^^^^^^^^^^^^^^^^^^^^^^^^^^^^^^^^^^^^^^^^^^\ntests/test_quickfix_extra.py:1: in <module>\n    import firsttry.quickfix as qf\nE   ModuleNotFoundError: No module named 'firsttry'\n______________ ERROR collecting tests/test_quickfix_heuristics.py ______________\nImportError while importing test module '/workspaces/Firstry/tests/test_quickfix_heuristics.py'.\nHint: make sure your test modules/packages have valid Python names.\nTraceback:\n/usr/lib/python3.12/importlib/__init__.py:90: in import_module\n    return _bootstrap._gcd_import(name[level:], package, level)\n           ^^^^^^^^^^^^^^^^^^^^^^^^^^^^^^^^^^^^^^^^^^^^^^^^^^^^\ntests/test_quickfix_heuristics.py:1: in <module>\n    from firsttry import quickfix\nE   ModuleNotFoundError: No module named 'firsttry'\n___________ ERROR collecting tests/test_quickfix_integration_hint.py ___________\nImportError while importing test module '/workspaces/Firstry/tests/test_quickfix_integration_hint.py'.\nHint: make sure your test modules/packages have valid Python names.\nTraceback:\n/usr/lib/python3.12/importlib/__init__.py:90: in import_module\n    return _bootstrap._gcd_import(name[level:], package, level)\n           ^^^^^^^^^^^^^^^^^^^^^^^^^^^^^^^^^^^^^^^^^^^^^^^^^^^^\ntests/test_quickfix_integration_hint.py:1: in <module>\n    from firsttry import pro_features\nE   ModuleNotFoundError: No module named 'firsttry'\n___________________ ERROR collecting tests/test_reporting.py ___________________\nImportError while importing test module '/workspaces/Firstry/tests/test_reporting.py'.\nHint: make sure your test modules/packages have valid Python names.\nTraceback:\n/usr/lib/python3.12/importlib/__init__.py:90: in import_module\n    return _bootstrap._gcd_import(name[level:], package, level)\n           ^^^^^^^^^^^^^^^^^^^^^^^^^^^^^^^^^^^^^^^^^^^^^^^^^^^^\ntests/test_reporting.py:9: in <module>\n    from firsttry.reporting import print_summary\nE   ModuleNotFoundError: No module named 'firsttry'\n_____________ ERROR collecting tests/test_reports_tier_display.py ______________\nImportError while importing test module '/workspaces/Firstry/tests/test_reports_tier_display.py'.\nHint: make sure your test modules/packages have valid Python names.\nTraceback:\n/usr/lib/python3.12/importlib/__init__.py:90: in import_module\n    return _bootstrap._gcd_import(name[level:], package, level)\n           ^^^^^^^^^^^^^^^^^^^^^^^^^^^^^^^^^^^^^^^^^^^^^^^^^^^^\ntests/test_reports_tier_display.py:3: in <module>\n    from firsttry.reports.tier_map import (\nE   ModuleNotFoundError: No module named 'firsttry'\n_________________ ERROR collecting tests/test_runner_light.py __________________\nImportError while importing test module '/workspaces/Firstry/tests/test_runner_light.py'.\nHint: make sure your test modules/packages have valid Python names.\nTraceback:\n/usr/lib/python3.12/importlib/__init__.py:90: in import_module\n    return _bootstrap._gcd_import(name[level:], package, level)\n           ^^^^^^^^^^^^^^^^^^^^^^^^^^^^^^^^^^^^^^^^^^^^^^^^^^^^\ntests/test_runner_light.py:1: in <module>\n    from firsttry.runner_light import run_profile\nE   ModuleNotFoundError: No module named 'firsttry'\n__________________ ERROR collecting tests/test_self_repair.py __________________\nImportError while importing test module '/workspaces/Firstry/tests/test_self_repair.py'.\nHint: make sure your test modules/packages have valid Python names.\nTraceback:\n/usr/lib/python3.12/importlib/__init__.py:90: in import_module\n    return _bootstrap._gcd_import(name[level:], package, level)\n           ^^^^^^^^^^^^^^^^^^^^^^^^^^^^^^^^^^^^^^^^^^^^^^^^^^^^\ntests/test_self_repair.py:6: in <module>\n    from firsttry import self_repair\nE   ModuleNotFoundError: No module named 'firsttry'\n__________________ ERROR collecting tests/test_vscode_skel.py __________________\nImportError while importing test module '/workspaces/Firstry/tests/test_vscode_skel.py'.\nHint: make sure your test modules/packages have valid Python names.\nTraceback:\n/usr/lib/python3.12/importlib/__init__.py:90: in import_module\n    return _bootstrap._gcd_import(name[level:], package, level)\n           ^^^^^^^^^^^^^^^^^^^^^^^^^^^^^^^^^^^^^^^^^^^^^^^^^^^^\ntests/test_vscode_skel.py:2: in <module>\n    from firsttry.vscode_skel import PACKAGE_JSON, EXTENSION_JS\nE   ModuleNotFoundError: No module named 'firsttry'\n____________ ERROR collecting tools/firsttry/tests/test_changed.py _____________\nImportError while importing test module '/workspaces/Firstry/tools/firsttry/tests/test_changed.py'.\nHint: make sure your test modules/packages have valid Python names.\nTraceback:\n/usr/lib/python3.12/importlib/__init__.py:90: in import_module\n    return _bootstrap._gcd_import(name[level:], package, level)\n           ^^^^^^^^^^^^^^^^^^^^^^^^^^^^^^^^^^^^^^^^^^^^^^^^^^^^\ntools/firsttry/tests/test_changed.py:1: in <module>\n    from firsttry.changed import get_changed_files, filter_python\nE   ModuleNotFoundError: No module named 'firsttry'\n______________ ERROR collecting tools/firsttry/tests/test_cli.py _______________\nImportError while importing test module '/workspaces/Firstry/tools/firsttry/tests/test_cli.py'.\nHint: make sure your test modules/packages have valid Python names.\nTraceback:\n/usr/lib/python3.12/importlib/__init__.py:90: in import_module\n    return _bootstrap._gcd_import(name[level:], package, level)\n           ^^^^^^^^^^^^^^^^^^^^^^^^^^^^^^^^^^^^^^^^^^^^^^^^^^^^\ntools/firsttry/tests/test_cli.py:1: in <module>\n    from click.testing import CliRunner\nE   ModuleNotFoundError: No module named 'click'\n__________ ERROR collecting tools/firsttry/tests/test_cli_license.py ___________\nImportError while importing test module '/workspaces/Firstry/tools/firsttry/tests/test_cli_license.py'.\nHint: make sure your test modules/packages have valid Python names.\nTraceback:\n/usr/lib/python3.12/importlib/__init__.py:90: in import_module\n    return _bootstrap._gcd_import(name[level:], package, level)\n           ^^^^^^^^^^^^^^^^^^^^^^^^^^^^^^^^^^^^^^^^^^^^^^^^^^^^\ntools/firsttry/tests/test_cli_license.py:1: in <module>\n    from click.testing import CliRunner\nE   ModuleNotFoundError: No module named 'click'\n_________ ERROR collecting tools/firsttry/tests/test_cli_license_ok.py _________\nImportError while importing test module '/workspaces/Firstry/tools/firsttry/tests/test_cli_license_ok.py'.\nHint: make sure your test modules/packages have valid Python names.\nTraceback:\n/usr/lib/python3.12/importlib/__init__.py:90: in import_module\n    return _bootstrap._gcd_import(name[level:], package, level)\n           ^^^^^^^^^^^^^^^^^^^^^^^^^^^^^^^^^^^^^^^^^^^^^^^^^^^^\ntools/firsttry/tests/test_cli_license_ok.py:1: in <module>\n    from click.testing import CliRunner\nE   ModuleNotFoundError: No module named 'click'\n_____________ ERROR collecting tools/firsttry/tests/test_config.py _____________\nImportError while importing test module '/workspaces/Firstry/tools/firsttry/tests/test_config.py'.\nHint: make sure your test modules/packages have valid Python names.\nTraceback:\n/usr/lib/python3.12/importlib/__init__.py:90: in import_module\n    return _bootstrap._gcd_import(name[level:], package, level)\n           ^^^^^^^^^^^^^^^^^^^^^^^^^^^^^^^^^^^^^^^^^^^^^^^^^^^^\ntools/firsttry/tests/test_config.py:2: in <module>\n    from firsttry.config import FirstTryConfig\nE   ModuleNotFoundError: No module named 'firsttry'\n_____________ ERROR collecting tools/firsttry/tests/test_hooks.py ______________\nImportError while importing test module '/workspaces/Firstry/tools/firsttry/tests/test_hooks.py'.\nHint: make sure your test modules/packages have valid Python names.\nTraceback:\n/usr/lib/python3.12/importlib/__init__.py:90: in import_module\n    return _bootstrap._gcd_import(name[level:], package, level)\n           ^^^^^^^^^^^^^^^^^^^^^^^^^^^^^^^^^^^^^^^^^^^^^^^^^^^^\ntools/firsttry/tests/test_hooks.py:2: in <module>\n    from firsttry.hooks import install_pre_commit_hook\nE   ModuleNotFoundError: No module named 'firsttry'\n_________ ERROR collecting tools/firsttry/tests/test_license_cache.py __________\nImportError while importing test module '/workspaces/Firstry/tools/firsttry/tests/test_license_cache.py'.\nHint: make sure your test modules/packages have valid Python names.\nTraceback:\n/usr/lib/python3.12/importlib/__init__.py:90: in import_module\n    return _bootstrap._gcd_import(name[level:], package, level)\n           ^^^^^^^^^^^^^^^^^^^^^^^^^^^^^^^^^^^^^^^^^^^^^^^^^^^^\ntools/firsttry/tests/test_license_cache.py:3: in <module>\n    from firsttry.license_cache import (\nE   ModuleNotFoundError: No module named 'firsttry'\n_____________ ERROR collecting tools/firsttry/tests/test_mapper.py _____________\nImportError while importing test module '/workspaces/Firstry/tools/firsttry/tests/test_mapper.py'.\nHint: make sure your test modules/packages have valid Python names.\nTraceback:\n/usr/lib/python3.12/importlib/__init__.py:90: in import_module\n    return _bootstrap._gcd_import(name[level:], package, level)\n           ^^^^^^^^^^^^^^^^^^^^^^^^^^^^^^^^^^^^^^^^^^^^^^^^^^^^\ntools/firsttry/tests/test_mapper.py:1: in <module>\n    from firsttry.mapper import guess_test_kexpr\nE   ModuleNotFoundError: No module named 'firsttry'\n____________ ERROR collecting tools/firsttry/tests/test_runners.py _____________\nImportError while importing test module '/workspaces/Firstry/tools/firsttry/tests/test_runners.py'.\nHint: make sure your test modules/packages have valid Python names.\nTraceback:\n/usr/lib/python3.12/importlib/__init__.py:90: in import_module\n    return _bootstrap._gcd_import(name[level:], package, level)\n           ^^^^^^^^^^^^^^^^^^^^^^^^^^^^^^^^^^^^^^^^^^^^^^^^^^^^\ntools/firsttry/tests/test_runners.py:3: in <module>\n    from firsttry import runners\nE   ModuleNotFoundError: No module named 'firsttry'\n_________ ERROR collecting tools/firsttry/tests/test_runners_extra.py __________\nImportError while importing test module '/workspaces/Firstry/tools/firsttry/tests/test_runners_extra.py'.\nHint: make sure your test modules/packages have valid Python names.\nTraceback:\n/usr/lib/python3.12/importlib/__init__.py:90: in import_module\n    return _bootstrap._gcd_import(name[level:], package, level)\n           ^^^^^^^^^^^^^^^^^^^^^^^^^^^^^^^^^^^^^^^^^^^^^^^^^^^^\ntools/firsttry/tests/test_runners_extra.py:2: in <module>\n    from firsttry import runners\nE   ModuleNotFoundError: No module named 'firsttry'\n__ ERROR collecting tools/firsttry/tests/test_runners_monkeypatch_contract.py __\nImportError while importing test module '/workspaces/Firstry/tools/firsttry/tests/test_runners_monkeypatch_contract.py'.\nHint: make sure your test modules/packages have valid Python names.\nTraceback:\n/usr/lib/python3.12/importlib/__init__.py:90: in import_module\n    return _bootstrap._gcd_import(name[level:], package, level)\n           ^^^^^^^^^^^^^^^^^^^^^^^^^^^^^^^^^^^^^^^^^^^^^^^^^^^^\ntools/firsttry/tests/test_runners_monkeypatch_contract.py:10: in <module>\n    import firsttry.runners as runners\nE   ModuleNotFoundError: No module named 'firsttry'\n=========================== short test summary info ============================\nERROR benchmarks/repos/repo-a-no-config/tests/test_utils1.py\nERROR benchmarks/repos/repo-a-no-config/tests/test_utils10.py\nERROR benchmarks/repos/repo-a-no-config/tests/test_utils11.py\nERROR benchmarks/repos/repo-a-no-config/tests/test_utils12.py\nERROR benchmarks/repos/repo-a-no-config/tests/test_utils13.py\nERROR benchmarks/repos/repo-a-no-config/tests/test_utils14.py\nERROR benchmarks/repos/repo-a-no-config/tests/test_utils15.py\nERROR benchmarks/repos/repo-a-no-config/tests/test_utils16.py\nERROR benchmarks/repos/repo-a-no-config/tests/test_utils17.py\nERROR benchmarks/repos/repo-a-no-config/tests/test_utils18.py\nERROR benchmarks/repos/repo-a-no-config/tests/test_utils19.py\nERROR benchmarks/repos/repo-a-no-config/tests/test_utils2.py\nERROR benchmarks/repos/repo-a-no-config/tests/test_utils20.py\nERROR benchmarks/repos/repo-a-no-config/tests/test_utils21.py\nERROR benchmarks/repos/repo-a-no-config/tests/test_utils22.py\nERROR benchmarks/repos/repo-a-no-config/tests/test_utils23.py\nERROR benchmarks/repos/repo-a-no-config/tests/test_utils24.py\nERROR benchmarks/repos/repo-a-no-config/tests/test_utils25.py\nERROR benchmarks/repos/repo-a-no-config/tests/test_utils26.py\nERROR benchmarks/repos/repo-a-no-config/tests/test_utils27.py\nERROR benchmarks/repos/repo-a-no-config/tests/test_utils28.py\nERROR benchmarks/repos/repo-a-no-config/tests/test_utils29.py\nERROR benchmarks/repos/repo-a-no-config/tests/test_utils3.py\nERROR benchmarks/repos/repo-a-no-config/tests/test_utils30.py\nERROR benchmarks/repos/repo-a-no-config/tests/test_utils31.py\nERROR benchmarks/repos/repo-a-no-config/tests/test_utils32.py\nERROR benchmarks/repos/repo-a-no-config/tests/test_utils33.py\nERROR benchmarks/repos/repo-a-no-config/tests/test_utils34.py\nERROR benchmarks/repos/repo-a-no-config/tests/test_utils35.py\nERROR benchmarks/repos/repo-a-no-config/tests/test_utils36.py\nERROR benchmarks/repos/repo-a-no-config/tests/test_utils37.py\nERROR benchmarks/repos/repo-a-no-config/tests/test_utils38.py\nERROR benchmarks/repos/repo-a-no-config/tests/test_utils39.py\nERROR benchmarks/repos/repo-a-no-config/tests/test_utils4.py\nERROR benchmarks/repos/repo-a-no-config/tests/test_utils40.py\nERROR benchmarks/repos/repo-a-no-config/tests/test_utils41.py\nERROR benchmarks/repos/repo-a-no-config/tests/test_utils42.py\nERROR benchmarks/repos/repo-a-no-config/tests/test_utils43.py\nERROR benchmarks/repos/repo-a-no-config/tests/test_utils44.py\nERROR benchmarks/repos/repo-a-no-config/tests/test_utils45.py\nERROR benchmarks/repos/repo-a-no-config/tests/test_utils46.py\nERROR benchmarks/repos/repo-a-no-config/tests/test_utils47.py\nERROR benchmarks/repos/repo-a-no-config/tests/test_utils48.py\nERROR benchmarks/repos/repo-a-no-config/tests/test_utils49.py\nERROR benchmarks/repos/repo-a-no-config/tests/test_utils5.py\nERROR benchmarks/repos/repo-a-no-config/tests/test_utils50.py\nERROR benchmarks/repos/repo-a-no-config/tests/test_utils6.py\nERROR benchmarks/repos/repo-a-no-config/tests/test_utils7.py\nERROR benchmarks/repos/repo-a-no-config/tests/test_utils8.py\nERROR benchmarks/repos/repo-a-no-config/tests/test_utils9.py\nERROR benchmarks/repos/repo-b-ci-only/tests/test_main.py\nERROR licensing/tests/test_api.py\nERROR licensing/tests/test_webhooks.py\nERROR tests/test_argparse_entrypoint.py\nERROR tests/test_cache.py\nERROR tests/test_cache_fastpaths.py\nERROR tests/test_changed_module.py\nERROR tests/test_changes.py\nERROR tests/test_checks_orchestrator_buckets.py\nERROR tests/test_ci_mapper.py\nERROR tests/test_ci_mapper_adaptive.py\nERROR tests/test_ci_mapper_comprehensive.py\nERROR tests/test_ci_mapper_impl_added.py\nERROR tests/test_ci_mapper_impl_comprehensive.py\nERROR tests/test_ci_mapper_impl_module.py\nERROR tests/test_ci_mapper_impl_more.py\nERROR tests/test_ci_mapper_more.py\nERROR tests/test_cli_comprehensive.py\nERROR tests/test_cli_gates_json.py\nERROR tests/test_cli_install_hooks.py\nERROR tests/test_cli_mirror_ci_cli_integration.py\nERROR tests/test_cli_parser_and_json.py\nERROR tests/test_cli_routing.py\nERROR tests/test_cli_runner_loader.py\nERROR tests/test_context_builders.py\nERROR tests/test_db_pg.py\nERROR tests/test_db_sqlite.py\nERROR tests/test_docker_smoke.py\nERROR tests/test_docker_smoke_extra.py\nERROR tests/test_doctor_comprehensive.py\nERROR tests/test_doctor_parallel.py\nERROR tests/test_doctor_report.py\nERROR tests/test_doctor_skip_all_warns.py\nERROR tests/test_env.py\nERROR tests/test_fast_stop_behavior.py\nERROR tests/test_gate_base.py\nERROR tests/test_gates.py\nERROR tests/test_gates_commands.py\nERROR tests/test_gates_comprehensive.py\nERROR tests/test_gates_contract.py\nERROR tests/test_gates_core.py\nERROR tests/test_gates_extras.py\nERROR tests/test_gates_pytest_rich_output.py\nERROR tests/test_go_gate.py\nERROR tests/test_license_guard_mapping.py\nERROR tests/test_license_hmac.py\nERROR tests/test_license_verify.py\nERROR tests/test_mirror_ci_run_fast_fail.py\nERROR tests/test_mirror_ci_safety_and_env.py\nERROR tests/test_module_main.py\nERROR tests/test_node_gate.py\nERROR tests/test_pro_feature_gate.py\nERROR tests/test_pro_feature_gate_allow.py\nERROR tests/test_pro_features_extra.py\nERROR tests/test_pro_features_normalize.py\nERROR tests/test_profiles.py\nERROR tests/test_pure_functions.py\nERROR tests/test_python_lint_gate.py\nERROR tests/test_quickfix.py\nERROR tests/test_quickfix_comprehensive.py\nERROR tests/test_quickfix_extra.py\nERROR tests/test_quickfix_heuristics.py\nERROR tests/test_quickfix_integration_hint.py\nERROR tests/test_reporting.py\nERROR tests/test_reports_tier_display.py\nERROR tests/test_runner_light.py\nERROR tests/test_self_repair.py\nERROR tests/test_vscode_skel.py\nERROR tools/firsttry/tests/test_changed.py\nERROR tools/firsttry/tests/test_cli.py\nERROR tools/firsttry/tests/test_cli_license.py\nERROR tools/firsttry/tests/test_cli_license_ok.py\nERROR tools/firsttry/tests/test_config.py\nERROR tools/firsttry/tests/test_hooks.py\nERROR tools/firsttry/tests/test_license_cache.py\nERROR tools/firsttry/tests/test_mapper.py\nERROR tools/firsttry/tests/test_runners.py\nERROR tools/firsttry/tests/test_runners_extra.py\nERROR tools/firsttry/tests/test_runners_monkeypatch_contract.py\n!!!!!!!!!!!!!!!!!! Interrupted: 129 errors during collection !!!!!!!!!!!!!!!!!!!\n",
      "stderr": "",
      "cache_status": "miss-run"
    }
  ]
}