{
  "repo": "/workspaces/Firstry",
  "detect": {
    "python": true,
    "node": true,
    "go": false,
    "infra": false
  },
  "results": [
    {
      "name": "ruff",
      "status": "fail",
      "from_cache": true,
      "cache_state": "hit-policy",
      "meta": {
        "stdout": "F401 [*] `firsttry.progress` imported but unused\n  --> demo_caching.py:16:22\n   |\n14 | from firsttry.run_profiles import select_checks, get_profile_description\n15 | from firsttry.cached_orchestrator import run_checks_for_profile\n16 | from firsttry import progress\n   |                      ^^^^^^^^\n   |\nhelp: Remove unused import: `firsttry.progress`\n\nF541 [*] f-string without any placeholders\n  --> demo_caching.py:36:15\n   |\n34 |         print(f\"   Checks: {', '.join(checks)}\")\n35 |         \n36 |         print(f\"\\n--- First run (cache miss) ---\")\n   |               ^^^^^^^^^^^^^^^^^^^^^^^^^^^^^^^^^^^\n37 |         results1 = await run_checks_for_profile(\n38 |             repo_root=repo_root,\n   |\nhelp: Remove extraneous `f` prefix\n\nF841 Local variable `results1` is assigned to but never used\n  --> demo_caching.py:37:9\n   |\n36 |         print(f\"\\n--- First run (cache miss) ---\")\n37 |         results1 = await run_checks_for_profile(\n   |         ^^^^^^^^\n38 |             repo_root=repo_root,\n39 |             checks=checks,\n   |\nhelp: Remove assignment to unused variable `results1`\n\nF541 [*] f-string without any placeholders\n  --> demo_caching.py:44:15\n   |\n42 |         )\n43 |         \n44 |         print(f\"\\n--- Second run (cache hit) ---\")\n   |               ^^^^^^^^^^^^^^^^^^^^^^^^^^^^^^^^^^^\n45 |         results2 = await run_checks_for_profile(\n46 |             repo_root=repo_root,\n   |\nhelp: Remove extraneous `f` prefix\n\nF401 [*] `sys` imported but unused\n --> demo_simplified_cli.py:8:8\n  |\n7 | import subprocess\n8 | import sys\n  |        ^^^\n9 | from pathlib import Path\n  |\nhelp: Remove unused import: `sys`\n\nF541 [*] f-string without any placeholders\n  --> demo_smart_pytest.py:48:11\n   |\n47 |     # Build different command examples\n48 |     print(f\"\\n\ud83d\udd27 Command Examples:\")\n   |           ^^^^^^^^^^^^^^^^^^^^^^^^^\n49 |     \n50 |     smoke_cmd = build_pytest_command(repo_root, mode=\"smoke\")\n   |\nhelp: Remove extraneous `f` prefix\n\nF541 [*] f-string without any placeholders\n  --> demo_smart_pytest.py:63:11\n   |\n62 |     # Test smart pytest execution\n63 |     print(f\"\\n\ud83d\ude80 Running smart pytest...\")\n   |           ^^^^^^^^^^^^^^^^^^^^^^^^^^^^^^^\n64 |     try:\n65 |         result = await run_smart_pytest(\n   |\nhelp: Remove extraneous `f` prefix\n\nF541 [*] f-string without any placeholders\n  --> demo_smart_pytest.py:74:19\n   |\n72 |         print(f\"\ud83d\udcca Result: {result['status']}\")\n73 |         if result.get('cached'):\n74 |             print(f\"\u26a1 Used cached result\")\n   |                   ^^^^^^^^^^^^^^^^^^^^^^^^\n75 |         else:\n76 |             print(f\"\u23f1\ufe0f  Duration: {result.get('duration', 0):.2f}s\")\n   |\nhelp: Remove extraneous `f` prefix\n\nF541 [*] f-string without any placeholders\n  --> demo_smart_pytest.py:82:19\n   |\n80 |             # Show first few lines of output\n81 |             output_lines = result['output'].split('\\n')[:5]\n82 |             print(f\"\ud83d\udcdd Output preview:\")\n   |                   ^^^^^^^^^^^^^^^^^^^^^\n83 |             for line in output_lines:\n84 |                 if line.strip():\n   |\nhelp: Remove extraneous `f` prefix\n\nF401 [*] `os` imported but unused\n  --> demo_step12_enhanced_orchestrator.py:9:8\n   |\n 7 | import asyncio\n 8 | import sys\n 9 | import os\n   |        ^^\n10 | from pathlib import Path\n   |\nhelp: Remove unused import: `os`\n\nF541 [*] f-string without any placeholders\n  --> demo_step12_enhanced_orchestrator.py:55:15\n   |\n53 |                 print(f\"  \u2022 {check}: {status} ({elapsed:.2f}s)\")\n54 |         \n55 |         print(f\"\\n\ud83d\udcca Performance Summary:\")\n   |               ^^^^^^^^^^^^^^^^^^^^^^^^^^^^\n56 |         print(f\"  \u2022 Total execution time: {total_time:.2f}s\")\n57 |         print(f\"  \u2022 Cached hits: {cached_count}/{len(results)}\")\n   |\nhelp: Remove extraneous `f` prefix\n\nF401 [*] `shutil` imported but unused\n  --> demo_step12_final_validation.py:11:8\n   |\n 9 | import asyncio\n10 | import tempfile\n11 | import shutil\n   |        ^^^^^^\n12 | from pathlib import Path\n13 | import json\n   |\nhelp: Remove unused import: `shutil`\n\nF401 [*] `firsttry.performance_validator.run_comprehensive_benchmark` imported but unused\n  --> demo_step12_final_validation.py:21:5\n   |\n19 | from firsttry.performance_validator import (\n20 |     PerformanceBenchmark,\n21 |     run_comprehensive_benchmark,\n   |     ^^^^^^^^^^^^^^^^^^^^^^^^^^^\n22 |     create_test_project,\n23 |     validate_performance_targets\n   |\nhelp: Remove unused import\n\nF401 [*] `firsttry.performance_validator.validate_performance_targets` imported but unused\n  --> demo_step12_final_validation.py:23:5\n   |\n21 |     run_comprehensive_benchmark,\n22 |     create_test_project,\n23 |     validate_performance_targets\n   |     ^^^^^^^^^^^^^^^^^^^^^^^^^^^^\n24 | )\n25 | from firsttry.run_profiles import get_profile_description\n   |\nhelp: Remove unused import\n\nF401 [*] `firsttry.smart_pytest.analyze_test_suite` imported but unused\n  --> demo_step12_final_validation.py:28:35\n   |\n26 | from firsttry.check_dependencies import get_dependency_insights\n27 | # from firsttry.cache import get_cache_stats  # Not implemented yet\n28 | from firsttry.smart_pytest import analyze_test_suite\n   |                                   ^^^^^^^^^^^^^^^^^^\n29 | from firsttry.smart_npm import analyze_npm_project\n30 | from firsttry import __version__\n   |\nhelp: Remove unused import: `firsttry.smart_pytest.analyze_test_suite`\n\nF401 [*] `firsttry.smart_npm.analyze_npm_project` imported but unused\n  --> demo_step12_final_validation.py:29:32\n   |\n27 | # from firsttry.cache import get_cache_stats  # Not implemented yet\n28 | from firsttry.smart_pytest import analyze_test_suite\n29 | from firsttry.smart_npm import analyze_npm_project\n   |                                ^^^^^^^^^^^^^^^^^^^\n30 | from firsttry import __version__\n   |\nhelp: Remove unused import: `firsttry.smart_npm.analyze_npm_project`\n\nF541 [*] f-string without any placeholders\n  --> demo_step12_final_validation.py:38:11\n   |\n36 |     print(\"=\" * 60)\n37 |     print(f\"Version: {__version__}\")\n38 |     print(f\"Target: 120s \u2192 <60s execution time\")\n   |           ^^^^^^^^^^^^^^^^^^^^^^^^^^^^^^^^^^^^^\n39 |     print()\n   |\nhelp: Remove extraneous `f` prefix\n\nF541 [*] f-string without any placeholders\n  --> demo_step12_final_validation.py:61:11\n   |\n59 |         print(f\"      {description}\")\n60 |     \n61 |     print(f\"\\n\ud83c\udfaf Performance Targets:\")\n   |           ^^^^^^^^^^^^^^^^^^^^^^^^^^^^\n62 |     print(f\"   \u2022 Full suite: <60s (from 120s baseline)\")\n63 |     print(f\"   \u2022 Incremental development: <30s\")\n   |\nhelp: Remove extraneous `f` prefix\n\nF541 [*] f-string without any placeholders\n  --> demo_step12_final_validation.py:62:11\n   |\n61 |     print(f\"\\n\ud83c\udfaf Performance Targets:\")\n62 |     print(f\"   \u2022 Full suite: <60s (from 120s baseline)\")\n   |           ^^^^^^^^^^^^^^^^^^^^^^^^^^^^^^^^^^^^^^^^^^^^^\n63 |     print(f\"   \u2022 Incremental development: <30s\")\n64 |     print(f\"   \u2022 Cache hits: <10s\")\n   |\nhelp: Remove extraneous `f` prefix\n\nF541 [*] f-string without any placeholders\n  --> demo_step12_final_validation.py:63:11\n   |\n61 |     print(f\"\\n\ud83c\udfaf Performance Targets:\")\n62 |     print(f\"   \u2022 Full suite: <60s (from 120s baseline)\")\n63 |     print(f\"   \u2022 Incremental development: <30s\")\n   |           ^^^^^^^^^^^^^^^^^^^^^^^^^^^^^^^^^^^^^\n64 |     print(f\"   \u2022 Cache hits: <10s\")\n65 |     print(f\"   \u2022 Overall improvement: 2x or better\")\n   |\nhelp: Remove extraneous `f` prefix\n\nF541 [*] f-string without any placeholders\n  --> demo_step12_final_validation.py:64:11\n   |\n62 |     print(f\"   \u2022 Full suite: <60s (from 120s baseline)\")\n63 |     print(f\"   \u2022 Incremental development: <30s\")\n64 |     print(f\"   \u2022 Cache hits: <10s\")\n   |           ^^^^^^^^^^^^^^^^^^^^^^^^\n65 |     print(f\"   \u2022 Overall improvement: 2x or better\")\n   |\nhelp: Remove extraneous `f` prefix\n\nF541 [*] f-string without any placeholders\n  --> demo_step12_final_validation.py:65:11\n   |\n63 |     print(f\"   \u2022 Incremental development: <30s\")\n64 |     print(f\"   \u2022 Cache hits: <10s\")\n65 |     print(f\"   \u2022 Overall improvement: 2x or better\")\n   |           ^^^^^^^^^^^^^^^^^^^^^^^^^^^^^^^^^^^^^^^^^\n   |\nhelp: Remove extraneous `f` prefix\n\nF541 [*] f-string without any placeholders\n  --> demo_step12_final_validation.py:82:11\n   |\n80 |     # Dependency system\n81 |     insights = get_dependency_insights([\"ruff\", \"mypy\", \"pytest\", \"black\", \"npm test\"])\n82 |     print(f\"\\n\ud83d\udd17 Dependency System:\")\n   |           ^^^^^^^^^^^^^^^^^^^^^^^^^^\n83 |     print(f\"   \u2022 Rules: {insights['total_rules']} total ({insights['strict_rules']} strict)\")\n84 |     print(f\"   \u2022 Execution levels: {insights['execution_levels']}\")\n   |\nhelp: Remove extraneous `f` prefix\n\nF541 [*] f-string without any placeholders\n  --> demo_step12_final_validation.py:88:11\n   |\n87 |     # Caching system\n88 |     print(f\"\\n\ud83d\udcbe Caching System:\")\n   |           ^^^^^^^^^^^^^^^^^^^^^^^\n89 |     print(f\"   \u2022 Global cache: ~/.firsttry/cache.json\")\n90 |     print(f\"   \u2022 SHA256 file hashing for validation\")\n   |\nhelp: Remove extraneous `f` prefix\n\nF541 [*] f-string without any placeholders\n  --> demo_step12_final_validation.py:89:11\n   |\n87 |     # Caching system\n88 |     print(f\"\\n\ud83d\udcbe Caching System:\")\n89 |     print(f\"   \u2022 Global cache: ~/.firsttry/cache.json\")\n   |           ^^^^^^^^^^^^^^^^^^^^^^^^^^^^^^^^^^^^^^^^^^^^\n90 |     print(f\"   \u2022 SHA256 file hashing for validation\")\n91 |     print(f\"   \u2022 Cross-repo cache sharing\")\n   |\nhelp: Remove extraneous `f` prefix\n\nF541 [*] f-string without any placeholders\n  --> demo_step12_final_validation.py:90:11\n   |\n88 |     print(f\"\\n\ud83d\udcbe Caching System:\")\n89 |     print(f\"   \u2022 Global cache: ~/.firsttry/cache.json\")\n90 |     print(f\"   \u2022 SHA256 file hashing for validation\")\n   |           ^^^^^^^^^^^^^^^^^^^^^^^^^^^^^^^^^^^^^^^^^^\n91 |     print(f\"   \u2022 Cross-repo cache sharing\")\n92 |     print(f\"   \u2022 Tool-specific input pattern matching\")\n   |\nhelp: Remove extraneous `f` prefix\n\nF541 [*] f-string without any placeholders\n  --> demo_step12_final_validation.py:91:11\n   |\n89 |     print(f\"   \u2022 Global cache: ~/.firsttry/cache.json\")\n90 |     print(f\"   \u2022 SHA256 file hashing for validation\")\n91 |     print(f\"   \u2022 Cross-repo cache sharing\")\n   |           ^^^^^^^^^^^^^^^^^^^^^^^^^^^^^^^^\n92 |     print(f\"   \u2022 Tool-specific input pattern matching\")\n   |\nhelp: Remove extraneous `f` prefix\n\nF541 [*] f-string without any placeholders\n  --> demo_step12_final_validation.py:92:11\n   |\n90 |     print(f\"   \u2022 SHA256 file hashing for validation\")\n91 |     print(f\"   \u2022 Cross-repo cache sharing\")\n92 |     print(f\"   \u2022 Tool-specific input pattern matching\")\n   |           ^^^^^^^^^^^^^^^^^^^^^^^^^^^^^^^^^^^^^^^^^^^^\n   |\nhelp: Remove extraneous `f` prefix\n\nF541 [*] f-string without any placeholders\n   --> demo_step12_final_validation.py:157:15\n    |\n156 |         # Quick benchmark demo (just 1 run for demo speed)\n157 |         print(f\"\\n\u26a1 Running quick benchmark demo...\")\n    |               ^^^^^^^^^^^^^^^^^^^^^^^^^^^^^^^^^^^^^^^\n158 |         \n159 |         benchmark = PerformanceBenchmark(str(test_project))\n    |\nhelp: Remove extraneous `f` prefix\n\nF541 [*] f-string without any placeholders\n   --> demo_step12_final_validation.py:204:15\n    |\n203 |         # Show results\n204 |         print(f\"\\n\ud83d\udcca Demo Results:\")\n    |               ^^^^^^^^^^^^^^^^^^^^^\n205 |         print(f\"   \u2022 Baseline: {baseline_result.duration:.1f}s\")\n206 |         print(f\"   \u2022 Optimized: {optimized_result.duration:.1f}s\")\n    |\nhelp: Remove extraneous `f` prefix\n\nF541 [*] f-string without any placeholders\n   --> demo_step12_final_validation.py:219:15\n    |\n217 |             data = json.load(f)\n218 |         \n219 |         print(f\"\\n\ud83d\udcc4 Exported benchmark data sample:\")\n    |               ^^^^^^^^^^^^^^^^^^^^^^^^^^^^^^^^^^^^^^^\n220 |         print(f\"   \u2022 Total scenarios: {data['benchmark_info']['total_scenarios']}\")\n221 |         print(f\"   \u2022 Total runs: {data['benchmark_info']['total_runs']}\")\n    |\nhelp: Remove extraneous `f` prefix\n\nF541 [*] f-string without any placeholders\n   --> demo_step12_final_validation.py:272:11\n    |\n270 |         print(f\"   \u2022 Improvement: {achievement['improvement']}\")\n271 |     \n272 |     print(f\"\\n\ud83c\udf89 Overall Assessment:\")\n    |           ^^^^^^^^^^^^^^^^^^^^^^^^^^^\n273 |     print(f\"   \u2705 ALL PERFORMANCE TARGETS EXCEEDED\")\n274 |     print(f\"   \u2705 120s \u2192 <60s target: ACHIEVED (25-45s typical)\")\n    |\nhelp: Remove extraneous `f` prefix\n\nF541 [*] f-string without any placeholders\n   --> demo_step12_final_validation.py:273:11\n    |\n272 |     print(f\"\\n\ud83c\udf89 Overall Assessment:\")\n273 |     print(f\"   \u2705 ALL PERFORMANCE TARGETS EXCEEDED\")\n    |           ^^^^^^^^^^^^^^^^^^^^^^^^^^^^^^^^^^^^^^^^^\n274 |     print(f\"   \u2705 120s \u2192 <60s target: ACHIEVED (25-45s typical)\")\n275 |     print(f\"   \u2705 2x improvement target: EXCEEDED (2.7-4.8x typical)\")\n    |\nhelp: Remove extraneous `f` prefix\n\nF541 [*] f-string without any placeholders\n   --> demo_step12_final_validation.py:274:11\n    |\n272 |     print(f\"\\n\ud83c\udf89 Overall Assessment:\")\n273 |     print(f\"   \u2705 ALL PERFORMANCE TARGETS EXCEEDED\")\n274 |     print(f\"   \u2705 120s \u2192 <60s target: ACHIEVED (25-45s typical)\")\n    |           ^^^^^^^^^^^^^^^^^^^^^^^^^^^^^^^^^^^^^^^^^^^^^^^^^^^^^^\n275 |     print(f\"   \u2705 2x improvement target: EXCEEDED (2.7-4.8x typical)\")\n276 |     print(f\"   \u2705 Developer experience: DRAMATICALLY IMPROVED\")\n    |\nhelp: Remove extraneous `f` prefix\n\nF541 [*] f-string without any placeholders\n   --> demo_step12_final_validation.py:275:11\n    |\n273 |     print(f\"   \u2705 ALL PERFORMANCE TARGETS EXCEEDED\")\n274 |     print(f\"   \u2705 120s \u2192 <60s target: ACHIEVED (25-45s typical)\")\n275 |     print(f\"   \u2705 2x improvement target: EXCEEDED (2.7-4.8x typical)\")\n    |           ^^^^^^^^^^^^^^^^^^^^^^^^^^^^^^^^^^^^^^^^^^^^^^^^^^^^^^^^^^^\n276 |     print(f\"   \u2705 Developer experience: DRAMATICALLY IMPROVED\")\n    |\nhelp: Remove extraneous `f` prefix\n\nF541 [*] f-string without any placeholders\n   --> demo_step12_final_validation.py:276:11\n    |\n274 |     print(f\"   \u2705 120s \u2192 <60s target: ACHIEVED (25-45s typical)\")\n275 |     print(f\"   \u2705 2x improvement target: EXCEEDED (2.7-4.8x typical)\")\n276 |     print(f\"   \u2705 Developer experience: DRAMATICALLY IMPROVED\")\n    |           ^^^^^^^^^^^^^^^^^^^^^^^^^^^^^^^^^^^^^^^^^^^^^^^^^^^^\n    |\nhelp: Remove extraneous `f` prefix\n\nE722 Do not use bare `except`\n   --> demo_step12_final_validation.py:348:13\n    |\n346 |                     saved = int(saved_str)\n347 |                 total_max_savings = max(total_max_savings, saved)\n348 |             except:\n    |             ^^^^^^\n349 |                 pass\n    |\n\nF541 [*] f-string without any placeholders\n   --> demo_step12_final_validation.py:351:11\n    |\n349 |                 pass\n350 |     \n351 |     print(f\"\\n\ud83d\udca1 Cumulative Impact:\")\n    |           ^^^^^^^^^^^^^^^^^^^^^^^^^^\n352 |     print(f\"   \u2022 Individual optimizations stack multiplicatively\") \n353 |     print(f\"   \u2022 Best case scenario: 2-4s (full cache hits)\")\n    |\nhelp: Remove extraneous `f` prefix\n\nF541 [*] f-string without any placeholders\n   --> demo_step12_final_validation.py:352:11\n    |\n351 |     print(f\"\\n\ud83d\udca1 Cumulative Impact:\")\n352 |     print(f\"   \u2022 Individual optimizations stack multiplicatively\") \n    |           ^^^^^^^^^^^^^^^^^^^^^^^^^^^^^^^^^^^^^^^^^^^^^^^^^^^^^^^\n353 |     print(f\"   \u2022 Best case scenario: 2-4s (full cache hits)\")\n354 |     print(f\"   \u2022 Typical scenario: 25-45s (mixed optimizations)\")\n    |\nhelp: Remove extraneous `f` prefix\n\nF541 [*] f-string without any placeholders\n   --> demo_step12_final_validation.py:353:11\n    |\n351 |     print(f\"\\n\ud83d\udca1 Cumulative Impact:\")\n352 |     print(f\"   \u2022 Individual optimizations stack multiplicatively\") \n353 |     print(f\"   \u2022 Best case scenario: 2-4s (full cache hits)\")\n    |           ^^^^^^^^^^^^^^^^^^^^^^^^^^^^^^^^^^^^^^^^^^^^^^^^^^\n354 |     print(f\"   \u2022 Typical scenario: 25-45s (mixed optimizations)\")\n355 |     print(f\"   \u2022 Worst case scenario: 45-60s (cold cache, full suite)\")\n    |\nhelp: Remove extraneous `f` prefix\n\nF541 [*] f-string without any placeholders\n   --> demo_step12_final_validation.py:354:11\n    |\n352 |     print(f\"   \u2022 Individual optimizations stack multiplicatively\") \n353 |     print(f\"   \u2022 Best case scenario: 2-4s (full cache hits)\")\n354 |     print(f\"   \u2022 Typical scenario: 25-45s (mixed optimizations)\")\n    |           ^^^^^^^^^^^^^^^^^^^^^^^^^^^^^^^^^^^^^^^^^^^^^^^^^^^^^^\n355 |     print(f\"   \u2022 Worst case scenario: 45-60s (cold cache, full suite)\")\n    |\nhelp: Remove extraneous `f` prefix\n\nF541 [*] f-string without any placeholders\n   --> demo_step12_final_validation.py:355:11\n    |\n353 |     print(f\"   \u2022 Best case scenario: 2-4s (full cache hits)\")\n354 |     print(f\"   \u2022 Typical scenario: 25-45s (mixed optimizations)\")\n355 |     print(f\"   \u2022 Worst case scenario: 45-60s (cold cache, full suite)\")\n    |           ^^^^^^^^^^^^^^^^^^^^^^^^^^^^^^^^^^^^^^^^^^^^^^^^^^^^^^^^^^^^\n    |\nhelp: Remove extraneous `f` prefix\n\nF401 [*] `shutil` imported but unused\n  --> demo_step4_dependencies.py:11:8\n   |\n 9 | import asyncio\n10 | import tempfile\n11 | import shutil\n   |        ^^^^^^\n12 | from pathlib import Path\n   |\nhelp: Remove unused import: `shutil`\n\nF541 [*] f-string without any placeholders\n  --> demo_step4_dependencies.py:41:11\n   |\n39 |         print(f\"     Reason: {rule.reason}\")\n40 |     \n41 |     print(f\"\\n\ud83d\udcca Rules Summary:\")\n   |           ^^^^^^^^^^^^^^^^^^^^^^\n42 |     print(f\"   \u2022 Total Rules: {len(DEPENDENCY_RULES)}\")\n43 |     print(f\"   \u2022 Strict Rules: {len([r for r in DEPENDENCY_RULES if r.strict])}\")\n   |\nhelp: Remove extraneous `f` prefix\n\nF541 [*] f-string without any placeholders\n  --> demo_step4_dependencies.py:66:15\n   |\n64 |     if prerequisite_counts:\n65 |         most_critical = max(prerequisite_counts.items(), key=lambda x: x[1])\n66 |         print(f\"\\n\ud83c\udfaf Most Critical Prerequisite:\")\n   |               ^^^^^^^^^^^^^^^^^^^^^^^^^^^^^^^^^^^\n67 |         print(f\"   '{most_critical[0]}' blocks {most_critical[1]} other checks\")\n   |\nhelp: Remove extraneous `f` prefix\n\nF541 [*] f-string without any placeholders\n  --> demo_step4_dependencies.py:83:11\n   |\n81 |         print(f\"  Level {level}: {', '.join(checks)} ({parallelism})\")\n82 |     \n83 |     print(f\"\\n\ud83d\udca1 Benefits:\")\n   |           ^^^^^^^^^^^^^^^^^\n84 |     print(f\"   \u2022 Prerequisites run first automatically\")\n85 |     print(f\"   \u2022 Independent checks can run in parallel\")\n   |\nhelp: Remove extraneous `f` prefix\n\nF541 [*] f-string without any placeholders\n  --> demo_step4_dependencies.py:84:11\n   |\n83 |     print(f\"\\n\ud83d\udca1 Benefits:\")\n84 |     print(f\"   \u2022 Prerequisites run first automatically\")\n   |           ^^^^^^^^^^^^^^^^^^^^^^^^^^^^^^^^^^^^^^^^^^^^^\n85 |     print(f\"   \u2022 Independent checks can run in parallel\")\n86 |     print(f\"   \u2022 Failed prerequisites block dependent checks\")\n   |\nhelp: Remove extraneous `f` prefix\n\nF541 [*] f-string without any placeholders\n  --> demo_step4_dependencies.py:85:11\n   |\n83 |     print(f\"\\n\ud83d\udca1 Benefits:\")\n84 |     print(f\"   \u2022 Prerequisites run first automatically\")\n85 |     print(f\"   \u2022 Independent checks can run in parallel\")\n   |           ^^^^^^^^^^^^^^^^^^^^^^^^^^^^^^^^^^^^^^^^^^^^^^\n86 |     print(f\"   \u2022 Failed prerequisites block dependent checks\")\n   |\nhelp: Remove extraneous `f` prefix\n\nF541 [*] f-string without any placeholders\n  --> demo_step4_dependencies.py:86:11\n   |\n84 |     print(f\"   \u2022 Prerequisites run first automatically\")\n85 |     print(f\"   \u2022 Independent checks can run in parallel\")\n86 |     print(f\"   \u2022 Failed prerequisites block dependent checks\")\n   |           ^^^^^^^^^^^^^^^^^^^^^^^^^^^^^^^^^^^^^^^^^^^^^^^^^^^\n   |\nhelp: Remove extraneous `f` prefix\n\nF541 [*] f-string without any placeholders\n   --> demo_step4_dependencies.py:141:19\n    |\n139 |                 print(f\"     \u274c {skip['check']} \u2190 blocked by {skip['blocked_by']}{strictness}\")\n140 |         else:\n141 |             print(f\"   \u2705 All checks would run\")\n    |                   ^^^^^^^^^^^^^^^^^^^^^^^^^^^^^\n    |\nhelp: Remove extraneous `f` prefix\n\nF541 [*] f-string without any placeholders\n   --> demo_step4_dependencies.py:163:19\n    |\n162 |         if analysis['skipped_details']:\n163 |             print(f\"   \u2022 Skipped details:\")\n    |                   ^^^^^^^^^^^^^^^^^^^^^^^^\n164 |             for check, details in analysis['skipped_details'].items():\n165 |                 print(f\"     - {check}: {details['reason']}\")\n    |\nhelp: Remove extraneous `f` prefix\n\nF541 [*] f-string without any placeholders\n   --> demo_step4_dependencies.py:168:11\n    |\n167 |     # Calculate time savings (estimated)\n168 |     print(f\"\\n\u23f1\ufe0f Time Savings Estimation:\")\n    |           ^^^^^^^^^^^^^^^^^^^^^^^^^^^^^^^\n169 |     print(f\"   \u2022 Ruff failure scenario:\")\n170 |     print(f\"     - Dev profile: Skip mypy (~30s saved)\")\n    |\nhelp: Remove extraneous `f` prefix\n\nF541 [*] f-string without any placeholders\n   --> demo_step4_dependencies.py:169:11\n    |\n167 |     # Calculate time savings (estimated)\n168 |     print(f\"\\n\u23f1\ufe0f Time Savings Estimation:\")\n169 |     print(f\"   \u2022 Ruff failure scenario:\")\n    |           ^^^^^^^^^^^^^^^^^^^^^^^^^^^^^^\n170 |     print(f\"     - Dev profile: Skip mypy (~30s saved)\")\n171 |     print(f\"     - Strict profile: Skip mypy, pytest, npm test, ci-parity (~90s saved)\")\n    |\nhelp: Remove extraneous `f` prefix\n\nF541 [*] f-string without any placeholders\n   --> demo_step4_dependencies.py:170:11\n    |\n168 |     print(f\"\\n\u23f1\ufe0f Time Savings Estimation:\")\n169 |     print(f\"   \u2022 Ruff failure scenario:\")\n170 |     print(f\"     - Dev profile: Skip mypy (~30s saved)\")\n    |           ^^^^^^^^^^^^^^^^^^^^^^^^^^^^^^^^^^^^^^^^^^^^^\n171 |     print(f\"     - Strict profile: Skip mypy, pytest, npm test, ci-parity (~90s saved)\")\n172 |     print(f\"   \u2022 Impact: 30-90s time savings when basic linting fails\")\n    |\nhelp: Remove extraneous `f` prefix\n\nF541 [*] f-string without any placeholders\n   --> demo_step4_dependencies.py:171:11\n    |\n169 |     print(f\"   \u2022 Ruff failure scenario:\")\n170 |     print(f\"     - Dev profile: Skip mypy (~30s saved)\")\n171 |     print(f\"     - Strict profile: Skip mypy, pytest, npm test, ci-parity (~90s saved)\")\n    |           ^^^^^^^^^^^^^^^^^^^^^^^^^^^^^^^^^^^^^^^^^^^^^^^^^^^^^^^^^^^^^^^^^^^^^^^^^^^^^\n172 |     print(f\"   \u2022 Impact: 30-90s time savings when basic linting fails\")\n    |\nhelp: Remove extraneous `f` prefix\n\nF541 [*] f-string without any placeholders\n   --> demo_step4_dependencies.py:172:11\n    |\n170 |     print(f\"     - Dev profile: Skip mypy (~30s saved)\")\n171 |     print(f\"     - Strict profile: Skip mypy, pytest, npm test, ci-parity (~90s saved)\")\n172 |     print(f\"   \u2022 Impact: 30-90s time savings when basic linting fails\")\n    |           ^^^^^^^^^^^^^^^^^^^^^^^^^^^^^^^^^^^^^^^^^^^^^^^^^^^^^^^^^^^^\n    |\nhelp: Remove extraneous `f` prefix\n\nF541 [*] f-string without any placeholders\n   --> demo_step4_dependencies.py:245:19\n    |\n244 |             # Show what would happen in strict mode\n245 |             print(f\"\\n\ud83d\udd04 Same scenario in STRICT profile:\")\n    |                   ^^^^^^^^^^^^^^^^^^^^^^^^^^^^^^^^^^^^^^^^\n246 |             result_strict = await run_checks_for_profile(\n247 |                 repo_root=str(repo_dir),\n    |\nhelp: Remove extraneous `f` prefix\n\nF541 [*] f-string without any placeholders\n   --> demo_step4_dependencies.py:278:11\n    |\n276 |     insights = get_dependency_insights(all_checks)\n277 |     \n278 |     print(f\"\ud83d\udcca System Overview:\")\n    |           ^^^^^^^^^^^^^^^^^^^^^^\n279 |     print(f\"   \u2022 Total dependency rules: {insights['total_rules']}\")\n280 |     print(f\"   \u2022 Strict rules: {insights['strict_rules']}\")\n    |\nhelp: Remove extraneous `f` prefix\n\nF541 [*] f-string without any placeholders\n   --> demo_step4_dependencies.py:292:15\n    |\n290 |         print(f\"   \u26a0\ufe0f  Validation errors: {len(insights['validation_errors'])}\")\n291 |     else:\n292 |         print(f\"   \u2705 Configuration is valid\")\n    |               ^^^^^^^^^^^^^^^^^^^^^^^^^^^^^^^\n    |\nhelp: Remove extraneous `f` prefix\n\nF401 [*] `firsttry.progress` imported but unused\n  --> demo_step7_smart_pytest.py:15:22\n   |\n13 | from firsttry.run_profiles import select_checks, get_pytest_mode_for_profile\n14 | from firsttry.cached_orchestrator import run_checks_for_profile\n15 | from firsttry import progress\n   |                      ^^^^^^^^\n   |\nhelp: Remove unused import: `firsttry.progress`\n\nF541 [*] f-string without any placeholders\n  --> demo_step7_smart_pytest.py:64:27\n   |\n62 |                 pytest_result = results[\"pytest\"]\n63 |                 if pytest_result.get(\"cached\"):\n64 |                     print(f\"   \ud83e\uddea Pytest: cached result\")\n   |                           ^^^^^^^^^^^^^^^^^^^^^^^^^^^^^^\n65 |                 elif pytest_result.get(\"test_files\"):\n66 |                     test_count = len(pytest_result[\"test_files\"])\n   |\nhelp: Remove extraneous `f` prefix\n\nF541 [*] f-string without any placeholders\n  --> demo_step7_smart_pytest.py:77:11\n   |\n75 |         print(\"=\" * 50)\n76 |     \n77 |     print(f\"\\n\ud83c\udf89 Step 7 Demo Complete!\")\n   |           ^^^^^^^^^^^^^^^^^^^^^^^^^^^^^\n78 |     print(f\"Smart pytest system successfully integrated with:\")\n79 |     print(f\"  \u2022 Profile-based pytest modes (smoke/smart/full)\")\n   |\nhelp: Remove extraneous `f` prefix\n\nF541 [*] f-string without any placeholders\n  --> demo_step7_smart_pytest.py:78:11\n   |\n77 |     print(f\"\\n\ud83c\udf89 Step 7 Demo Complete!\")\n78 |     print(f\"Smart pytest system successfully integrated with:\")\n   |           ^^^^^^^^^^^^^^^^^^^^^^^^^^^^^^^^^^^^^^^^^^^^^^^^^^^^\n79 |     print(f\"  \u2022 Profile-based pytest modes (smoke/smart/full)\")\n80 |     print(f\"  \u2022 Change-based test targeting\")\n   |\nhelp: Remove extraneous `f` prefix\n\nF541 [*] f-string without any placeholders\n  --> demo_step7_smart_pytest.py:79:11\n   |\n77 |     print(f\"\\n\ud83c\udf89 Step 7 Demo Complete!\")\n78 |     print(f\"Smart pytest system successfully integrated with:\")\n79 |     print(f\"  \u2022 Profile-based pytest modes (smoke/smart/full)\")\n   |           ^^^^^^^^^^^^^^^^^^^^^^^^^^^^^^^^^^^^^^^^^^^^^^^^^^^^\n80 |     print(f\"  \u2022 Change-based test targeting\")\n81 |     print(f\"  \u2022 Failed test prioritization\")\n   |\nhelp: Remove extraneous `f` prefix\n\nF541 [*] f-string without any placeholders\n  --> demo_step7_smart_pytest.py:80:11\n   |\n78 |     print(f\"Smart pytest system successfully integrated with:\")\n79 |     print(f\"  \u2022 Profile-based pytest modes (smoke/smart/full)\")\n80 |     print(f\"  \u2022 Change-based test targeting\")\n   |           ^^^^^^^^^^^^^^^^^^^^^^^^^^^^^^^^^^\n81 |     print(f\"  \u2022 Failed test prioritization\")\n82 |     print(f\"  \u2022 Cache-aware test execution\")\n   |\nhelp: Remove extraneous `f` prefix\n\nF541 [*] f-string without any placeholders\n  --> demo_step7_smart_pytest.py:81:11\n   |\n79 |     print(f\"  \u2022 Profile-based pytest modes (smoke/smart/full)\")\n80 |     print(f\"  \u2022 Change-based test targeting\")\n81 |     print(f\"  \u2022 Failed test prioritization\")\n   |           ^^^^^^^^^^^^^^^^^^^^^^^^^^^^^^^^^\n82 |     print(f\"  \u2022 Cache-aware test execution\")\n   |\nhelp: Remove extraneous `f` prefix\n\nF541 [*] f-string without any placeholders\n  --> demo_step7_smart_pytest.py:82:11\n   |\n80 |     print(f\"  \u2022 Change-based test targeting\")\n81 |     print(f\"  \u2022 Failed test prioritization\")\n82 |     print(f\"  \u2022 Cache-aware test execution\")\n   |           ^^^^^^^^^^^^^^^^^^^^^^^^^^^^^^^^^\n   |\nhelp: Remove extraneous `f` prefix\n\nF541 [*] f-string without any placeholders\n  --> demo_step8_parallel_pytest.py:37:15\n   |\n36 |     if analysis[\"sample_counts\"]:\n37 |         print(f\"   Sample test counts:\")\n   |               ^^^^^^^^^^^^^^^^^^^^^^^^^\n38 |         for file, count in list(analysis[\"sample_counts\"].items())[:3]:\n39 |             print(f\"     {file}: {count} tests\")\n   |\nhelp: Remove extraneous `f` prefix\n\nF541 [*] f-string without any placeholders\n  --> demo_step8_parallel_pytest.py:43:11\n   |\n41 |     # Show test discovery\n42 |     test_files = discover_all_tests(repo_root)\n43 |     print(f\"\\n\ud83d\udd0d Test Discovery:\")\n   |           ^^^^^^^^^^^^^^^^^^^^^^^\n44 |     print(f\"   Found {len(test_files)} test files\")\n45 |     if test_files:\n   |\nhelp: Remove extraneous `f` prefix\n\nF541 [*] f-string without any placeholders\n  --> demo_step8_parallel_pytest.py:46:15\n   |\n44 |     print(f\"   Found {len(test_files)} test files\")\n45 |     if test_files:\n46 |         print(f\"   Examples:\")\n   |               ^^^^^^^^^^^^^^^\n47 |         for test_file in test_files[:5]:\n48 |             print(f\"     {test_file}\")\n   |\nhelp: Remove extraneous `f` prefix\n\nF541 [*] f-string without any placeholders\n  --> demo_step8_parallel_pytest.py:55:15\n   |\n53 |     if test_files:\n54 |         chunks = create_test_chunks(test_files, max_workers=4)\n55 |         print(f\"\\n\ud83e\udde9 Chunking Strategy:\")\n   |               ^^^^^^^^^^^^^^^^^^^^^^^^^^\n56 |         print(f\"   Created {len(chunks)} chunks\")\n57 |         for i, chunk in enumerate(chunks):\n   |\nhelp: Remove extraneous `f` prefix\n\nF541 [*] f-string without any placeholders\n  --> demo_step8_parallel_pytest.py:62:15\n   |\n60 |     # Test parallel execution\n61 |     if analysis['total_files'] > 0:\n62 |         print(f\"\\n\ud83c\udfc3 Testing Parallel Execution:\")\n   |               ^^^^^^^^^^^^^^^^^^^^^^^^^^^^^^^^^^^\n63 |         \n64 |         try:\n   |\nhelp: Remove extraneous `f` prefix\n\nF541 [*] f-string without any placeholders\n  --> demo_step8_parallel_pytest.py:75:19\n   |\n73 |             )\n74 |             \n75 |             print(f\"\ud83d\udcca Parallel Execution Results:\")\n   |                   ^^^^^^^^^^^^^^^^^^^^^^^^^^^^^^^^^\n76 |             print(f\"   Status: {result['status']}\")\n77 |             print(f\"   Chunking used: {result.get('chunking_used', False)}\")\n   |\nhelp: Remove extraneous `f` prefix\n\nF541 [*] f-string without any placeholders\n  --> demo_step8_parallel_pytest.py:86:23\n   |\n84 |                 print(f\"   Failed chunks: {result.get('failed_chunks', 0)}\")\n85 |             else:\n86 |                 print(f\"   Single execution mode\")\n   |                       ^^^^^^^^^^^^^^^^^^^^^^^^^^^\n87 |                 print(f\"   Duration: {result.get('duration', 0):.2f}s\")\n88 |                 print(f\"   Files: {result.get('file_count', 0)}\")\n   |\nhelp: Remove extraneous `f` prefix\n\nF541 [*] f-string without any placeholders\n  --> demo_step8_parallel_pytest.py:91:23\n   |\n90 |             if result.get('cached'):\n91 |                 print(f\"   \u26a1 Used cached result\")\n   |                       ^^^^^^^^^^^^^^^^^^^^^^^^^^^\n92 |             \n93 |             # Show output preview\n   |\nhelp: Remove extraneous `f` prefix\n\nF541 [*] f-string without any placeholders\n  --> demo_step8_parallel_pytest.py:97:23\n   |\n95 |             if output:\n96 |                 lines = output.split('\\n')[:8]\n97 |                 print(f\"\\n\ud83d\udcdd Output Preview:\")\n   |                       ^^^^^^^^^^^^^^^^^^^^^^^\n98 |                 for line in lines:\n99 |                     if line.strip():\n   |\nhelp: Remove extraneous `f` prefix\n\nF541 [*] f-string without any placeholders\n   --> demo_step8_parallel_pytest.py:105:11\n    |\n103 |             print(f\"   \u274c Error: {e}\")\n104 |     \n105 |     print(f\"\\n\ud83c\udf89 Step 8 Demo Complete!\")\n    |           ^^^^^^^^^^^^^^^^^^^^^^^^^^^^^\n106 |     print(f\"Parallel pytest system features:\")\n107 |     print(f\"  \u2022 Automatic test suite analysis\")\n    |\nhelp: Remove extraneous `f` prefix\n\nF541 [*] f-string without any placeholders\n   --> demo_step8_parallel_pytest.py:106:11\n    |\n105 |     print(f\"\\n\ud83c\udf89 Step 8 Demo Complete!\")\n106 |     print(f\"Parallel pytest system features:\")\n    |           ^^^^^^^^^^^^^^^^^^^^^^^^^^^^^^^^^^^\n107 |     print(f\"  \u2022 Automatic test suite analysis\")\n108 |     print(f\"  \u2022 Intelligent chunking for large suites (>200 tests)\")\n    |\nhelp: Remove extraneous `f` prefix\n\nF541 [*] f-string without any placeholders\n   --> demo_step8_parallel_pytest.py:107:11\n    |\n105 |     print(f\"\\n\ud83c\udf89 Step 8 Demo Complete!\")\n106 |     print(f\"Parallel pytest system features:\")\n107 |     print(f\"  \u2022 Automatic test suite analysis\")\n    |           ^^^^^^^^^^^^^^^^^^^^^^^^^^^^^^^^^^^^\n108 |     print(f\"  \u2022 Intelligent chunking for large suites (>200 tests)\")\n109 |     print(f\"  \u2022 Parallel chunk execution with result aggregation\")\n    |\nhelp: Remove extraneous `f` prefix\n\nF541 [*] f-string without any placeholders\n   --> demo_step8_parallel_pytest.py:108:11\n    |\n106 |     print(f\"Parallel pytest system features:\")\n107 |     print(f\"  \u2022 Automatic test suite analysis\")\n108 |     print(f\"  \u2022 Intelligent chunking for large suites (>200 tests)\")\n    |           ^^^^^^^^^^^^^^^^^^^^^^^^^^^^^^^^^^^^^^^^^^^^^^^^^^^^^^^^^\n109 |     print(f\"  \u2022 Parallel chunk execution with result aggregation\")\n110 |     print(f\"  \u2022 Fallback to single execution for small suites\")\n    |\nhelp: Remove extraneous `f` prefix\n\nF541 [*] f-string without any placeholders\n   --> demo_step8_parallel_pytest.py:109:11\n    |\n107 |     print(f\"  \u2022 Automatic test suite analysis\")\n108 |     print(f\"  \u2022 Intelligent chunking for large suites (>200 tests)\")\n109 |     print(f\"  \u2022 Parallel chunk execution with result aggregation\")\n    |           ^^^^^^^^^^^^^^^^^^^^^^^^^^^^^^^^^^^^^^^^^^^^^^^^^^^^^^^\n110 |     print(f\"  \u2022 Fallback to single execution for small suites\")\n111 |     print(f\"  \u2022 Cache-aware with chunk-level caching\")\n    |\nhelp: Remove extraneous `f` prefix\n\nF541 [*] f-string without any placeholders\n   --> demo_step8_parallel_pytest.py:110:11\n    |\n108 |     print(f\"  \u2022 Intelligent chunking for large suites (>200 tests)\")\n109 |     print(f\"  \u2022 Parallel chunk execution with result aggregation\")\n110 |     print(f\"  \u2022 Fallback to single execution for small suites\")\n    |           ^^^^^^^^^^^^^^^^^^^^^^^^^^^^^^^^^^^^^^^^^^^^^^^^^^^^\n111 |     print(f\"  \u2022 Cache-aware with chunk-level caching\")\n    |\nhelp: Remove extraneous `f` prefix\n\nF541 [*] f-string without any placeholders\n   --> demo_step8_parallel_pytest.py:111:11\n    |\n109 |     print(f\"  \u2022 Parallel chunk execution with result aggregation\")\n110 |     print(f\"  \u2022 Fallback to single execution for small suites\")\n111 |     print(f\"  \u2022 Cache-aware with chunk-level caching\")\n    |           ^^^^^^^^^^^^^^^^^^^^^^^^^^^^^^^^^^^^^^^^^^^\n    |\nhelp: Remove extraneous `f` prefix\n\nF401 [*] `os` imported but unused\n  --> demo_step9_npm_optimization.py:10:8\n   |\n 9 | import asyncio\n10 | import os\n   |        ^^\n11 | import tempfile\n12 | import shutil\n   |\nhelp: Remove unused import: `os`\n\nF401 [*] `firsttry.smart_npm.detect_js_project_type` imported but unused\n  --> demo_step9_npm_optimization.py:21:5\n   |\n20 | from firsttry.smart_npm import (\n21 |     detect_js_project_type,\n   |     ^^^^^^^^^^^^^^^^^^^^^^\n22 |     get_js_related_files, \n23 |     should_skip_npm_tests,\n   |\nhelp: Remove unused import\n\nF401 [*] `firsttry.smart_npm.get_js_related_files` imported but unused\n  --> demo_step9_npm_optimization.py:22:5\n   |\n20 | from firsttry.smart_npm import (\n21 |     detect_js_project_type,\n22 |     get_js_related_files, \n   |     ^^^^^^^^^^^^^^^^^^^^\n23 |     should_skip_npm_tests,\n24 |     run_smart_npm_test,\n   |\nhelp: Remove unused import\n\nF541 [*] f-string without any placeholders\n   --> demo_step9_npm_optimization.py:249:11\n    |\n247 |     analysis = analyze_npm_project(str(repo_dir))\n248 |     \n249 |     print(f\"\\n\ud83d\udcca Project Analysis:\")\n    |           ^^^^^^^^^^^^^^^^^^^^^^^^^\n250 |     print(f\"  \u2022 Is JS Project: {analysis['project_info']['is_js_project']}\")\n251 |     print(f\"  \u2022 Package Manager: {analysis['project_info']['package_manager']}\")\n    |\nhelp: Remove extraneous `f` prefix\n\nF541 [*] f-string without any placeholders\n   --> demo_step9_npm_optimization.py:258:11\n    |\n256 |     print(f\"  \u2022 Estimated Duration: {analysis['estimated_duration']}\")\n257 |     \n258 |     print(f\"\\n\ud83d\udcc4 Sample JS Files:\")\n    |           ^^^^^^^^^^^^^^^^^^^^^^^^\n259 |     for file in analysis['js_files_sample']:\n260 |         print(f\"    {file}\")\n    |\nhelp: Remove extraneous `f` prefix\n\nF541 [*] f-string without any placeholders\n   --> demo_step9_npm_optimization.py:272:11\n    |\n270 |     # Test 1: No changes (should skip)\n271 |     decision = should_skip_npm_tests(repo_dir, changed_files=[])\n272 |     print(f\"\ud83d\udccb No files changed:\")\n    |           ^^^^^^^^^^^^^^^^^^^^^^^\n273 |     print(f\"   Should skip: {decision['should_skip']}\")\n274 |     print(f\"   Reason: {decision['reason']}\")\n    |\nhelp: Remove extraneous `f` prefix\n\nF541 [*] f-string without any placeholders\n   --> demo_step9_npm_optimization.py:278:11\n    |\n276 |     # Test 2: Only Python file changed (should skip)  \n277 |     decision = should_skip_npm_tests(repo_dir, changed_files=[\"main.py\", \"README.md\"])\n278 |     print(f\"\\n\ud83d\udccb Only Python/docs changed:\")\n    |           ^^^^^^^^^^^^^^^^^^^^^^^^^^^^^^^^^\n279 |     print(f\"   Should skip: {decision['should_skip']}\")\n280 |     print(f\"   Reason: {decision['reason']}\")\n    |\nhelp: Remove extraneous `f` prefix\n\nF541 [*] f-string without any placeholders\n   --> demo_step9_npm_optimization.py:288:11\n    |\n286 |         \"main.py\"\n287 |     ])\n288 |     print(f\"\\n\ud83d\udccb JS/TS files changed:\")\n    |           ^^^^^^^^^^^^^^^^^^^^^^^^^^^^\n289 |     print(f\"   Should skip: {decision['should_skip']}\")\n290 |     print(f\"   Reason: {decision['reason']}\")\n    |\nhelp: Remove extraneous `f` prefix\n\nF541 [*] f-string without any placeholders\n   --> demo_step9_npm_optimization.py:299:11\n    |\n297 |         \"tsconfig.json\"\n298 |     ])\n299 |     print(f\"\\n\ud83d\udccb Config files changed:\")\n    |           ^^^^^^^^^^^^^^^^^^^^^^^^^^^^^\n300 |     print(f\"   Should skip: {decision['should_skip']}\")\n301 |     print(f\"   Reason: {decision['reason']}\")\n    |\nhelp: Remove extraneous `f` prefix\n\nF541 [*] f-string without any placeholders\n   --> demo_step9_npm_optimization.py:306:11\n    |\n304 |     # Test 5: Manual override (should run)\n305 |     decision = should_skip_npm_tests(repo_dir, changed_files=[\"main.py\"], force_run=True)\n306 |     print(f\"\\n\ud83d\udccb Manual override --run-npm-anyway:\")\n    |           ^^^^^^^^^^^^^^^^^^^^^^^^^^^^^^^^^^^^^^^^^\n307 |     print(f\"   Should skip: {decision['should_skip']}\")\n308 |     print(f\"   Reason: {decision['reason']}\")\n    |\nhelp: Remove extraneous `f` prefix\n\nF541 [*] f-string without any placeholders\n   --> demo_step9_npm_optimization.py:328:11\n    |\n327 |     # Scenario 2: Would run if JS files changed (simulate)\n328 |     print(f\"\\n\ud83d\udccb Scenario 2: JS files changed (would run)\")\n    |           ^^^^^^^^^^^^^^^^^^^^^^^^^^^^^^^^^^^^^^^^^^^^^^^^\n329 |     result = await run_smart_npm_test(\n330 |         repo_root=repo_dir,\n    |\nhelp: Remove extraneous `f` prefix\n\nF541 [*] f-string without any placeholders\n   --> demo_step9_npm_optimization.py:340:11\n    |\n339 |     # Scenario 3: Manual override\n340 |     print(f\"\\n\ud83d\udccb Scenario 3: Manual override --run-npm-anyway\")\n    |           ^^^^^^^^^^^^^^^^^^^^^^^^^^^^^^^^^^^^^^^^^^^^^^^^^^^^\n341 |     result = await run_smart_npm_test(\n342 |         repo_root=repo_dir,\n    |\nhelp: Remove extraneous `f` prefix\n\nF541 [*] f-string without any placeholders\n   --> demo_step9_npm_optimization.py:396:11\n    |\n394 |         print(f\"     Improvement: {scenario['improvement']}\")\n395 |     \n396 |     print(f\"\\n\ud83d\udca1 Key Benefits:\")\n    |           ^^^^^^^^^^^^^^^^^^^^^\n397 |     print(f\"   \u2022 Skip npm tests when no JS/TS files changed\")\n398 |     print(f\"   \u2022 Cache results based on JS file hashes\")\n    |\nhelp: Remove extraneous `f` prefix\n\nF541 [*] f-string without any placeholders\n   --> demo_step9_npm_optimization.py:397:11\n    |\n396 |     print(f\"\\n\ud83d\udca1 Key Benefits:\")\n397 |     print(f\"   \u2022 Skip npm tests when no JS/TS files changed\")\n    |           ^^^^^^^^^^^^^^^^^^^^^^^^^^^^^^^^^^^^^^^^^^^^^^^^^^\n398 |     print(f\"   \u2022 Cache results based on JS file hashes\")\n399 |     print(f\"   \u2022 Detect package manager (npm/yarn/pnpm/bun)\")\n    |\nhelp: Remove extraneous `f` prefix\n\nF541 [*] f-string without any placeholders\n   --> demo_step9_npm_optimization.py:398:11\n    |\n396 |     print(f\"\\n\ud83d\udca1 Key Benefits:\")\n397 |     print(f\"   \u2022 Skip npm tests when no JS/TS files changed\")\n398 |     print(f\"   \u2022 Cache results based on JS file hashes\")\n    |           ^^^^^^^^^^^^^^^^^^^^^^^^^^^^^^^^^^^^^^^^^^^^^\n399 |     print(f\"   \u2022 Detect package manager (npm/yarn/pnpm/bun)\")\n400 |     print(f\"   \u2022 Manual override with --run-npm-anyway\")\n    |\nhelp: Remove extraneous `f` prefix\n\nF541 [*] f-string without any placeholders\n   --> demo_step9_npm_optimization.py:399:11\n    |\n397 |     print(f\"   \u2022 Skip npm tests when no JS/TS files changed\")\n398 |     print(f\"   \u2022 Cache results based on JS file hashes\")\n399 |     print(f\"   \u2022 Detect package manager (npm/yarn/pnpm/bun)\")\n    |           ^^^^^^^^^^^^^^^^^^^^^^^^^^^^^^^^^^^^^^^^^^^^^^^^^^\n400 |     print(f\"   \u2022 Manual override with --run-npm-anyway\")\n401 |     print(f\"   \u2022 Automatic timeout protection (2min)\")\n    |\nhelp: Remove extraneous `f` prefix\n\nF541 [*] f-string without any placeholders\n   --> demo_step9_npm_optimization.py:400:11\n    |\n398 |     print(f\"   \u2022 Cache results based on JS file hashes\")\n399 |     print(f\"   \u2022 Detect package manager (npm/yarn/pnpm/bun)\")\n400 |     print(f\"   \u2022 Manual override with --run-npm-anyway\")\n    |           ^^^^^^^^^^^^^^^^^^^^^^^^^^^^^^^^^^^^^^^^^^^^^\n401 |     print(f\"   \u2022 Automatic timeout protection (2min)\")\n    |\nhelp: Remove extraneous `f` prefix\n\nF541 [*] f-string without any placeholders\n   --> demo_step9_npm_optimization.py:401:11\n    |\n399 |     print(f\"   \u2022 Detect package manager (npm/yarn/pnpm/bun)\")\n400 |     print(f\"   \u2022 Manual override with --run-npm-anyway\")\n401 |     print(f\"   \u2022 Automatic timeout protection (2min)\")\n    |           ^^^^^^^^^^^^^^^^^^^^^^^^^^^^^^^^^^^^^^^^^^^\n    |\nhelp: Remove extraneous `f` prefix\n\nF401 [*] `sys` imported but unused\n  --> speed_test.py:10:8\n   |\n 8 | import time\n 9 | import json\n10 | import sys\n   |        ^^^\n11 | from typing import Dict, List, Tuple, Any\n12 | from pathlib import Path\n   |\nhelp: Remove unused import: `sys`\n\nF401 [*] `typing.Tuple` imported but unused\n  --> speed_test.py:11:32\n   |\n 9 | import json\n10 | import sys\n11 | from typing import Dict, List, Tuple, Any\n   |                                ^^^^^\n12 | from pathlib import Path\n   |\nhelp: Remove unused import: `typing.Tuple`\n\nF401 [*] `pathlib.Path` imported but unused\n  --> speed_test.py:12:21\n   |\n10 | import sys\n11 | from typing import Dict, List, Tuple, Any\n12 | from pathlib import Path\n   |                     ^^^^\n13 |\n14 | def run_command_with_timing(cmd: List[str], description: str, timeout: int = 60) -> Dict[str, Any]:\n   |\nhelp: Remove unused import: `pathlib.Path`\n\nF541 [*] f-string without any placeholders\n   --> speed_test.py:132:11\n    |\n130 |     durations = [r[\"duration_seconds\"] for r in results]\n131 |     \n132 |     print(f\"\\n\ud83d\udcca SUMMARY STATISTICS:\")\n    |           ^^^^^^^^^^^^^^^^^^^^^^^^^^^\n133 |     print(f\"  Total Tests:       {len(results)}\")\n134 |     print(f\"  Successful:        {len(successful_tests)} ({len(successful_tests)/len(results)*100:.1f}%)\")\n    |\nhelp: Remove extraneous `f` prefix\n\nF541 [*] f-string without any placeholders\n   --> speed_test.py:142:11\n    |\n141 |     # Performance breakdown\n142 |     print(f\"\\n\u26a1 PERFORMANCE BREAKDOWN:\")\n    |           ^^^^^^^^^^^^^^^^^^^^^^^^^^^^^^\n143 |     sorted_results = sorted(results, key=lambda x: x[\"duration_seconds\"])\n    |\nhelp: Remove extraneous `f` prefix\n\nF541 [*] f-string without any placeholders\n   --> speed_test.py:154:11\n    |\n152 |     other_commands = [r for r in results if r not in run_commands and r not in help_commands]\n153 |     \n154 |     print(f\"\\n\ud83d\udcc8 CATEGORY ANALYSIS:\")\n    |           ^^^^^^^^^^^^^^^^^^^^^^^^^^\n155 |     if run_commands:\n156 |         run_avg = sum(r[\"duration_seconds\"] for r in run_commands) / len(run_commands)\n    |\nhelp: Remove extraneous `f` prefix\n\nF541 [*] f-string without any placeholders\n   --> speed_test.py:170:15\n    |\n168 |     bucketed_commands = [r for r in results if \"run\" in r[\"command\"] and \"tier\" in r[\"command\"]]\n169 |     if bucketed_commands:\n170 |         print(f\"\\n\ud83e\udea3 BUCKETED EXECUTION ANALYSIS:\")\n    |               ^^^^^^^^^^^^^^^^^^^^^^^^^^^^^^^^^^^^\n171 |         for result in bucketed_commands:\n172 |             phases = []\n    |\nhelp: Remove extraneous `f` prefix\n\nF541 [*] f-string without any placeholders\n   --> speed_test.py:185:15\n    |\n183 |     # Failure analysis\n184 |     if failed_tests:\n185 |         print(f\"\\n\u274c FAILURE ANALYSIS:\")\n    |               ^^^^^^^^^^^^^^^^^^^^^^^^^\n186 |         for result in failed_tests:\n187 |             print(f\"  \u2022 {result['description']}: {result['stderr'][:100]}...\")\n    |\nhelp: Remove extraneous `f` prefix\n\nF541 [*] f-string without any placeholders\n   --> speed_test.py:190:11\n    |\n189 |     # Performance recommendations\n190 |     print(f\"\\n\ud83d\udca1 PERFORMANCE INSIGHTS:\")\n    |           ^^^^^^^^^^^^^^^^^^^^^^^^^^^^^\n191 |     \n192 |     fastest = min(results, key=lambda x: x[\"duration_seconds\"])\n    |\nhelp: Remove extraneous `f` prefix\n\nF541 [*] f-string without any placeholders\n   --> speed_test.py:203:19\n    |\n201 |             print(f\"  \u2022 Long-running commands detected (>{10}s). Consider optimizing check execution.\")\n202 |         if len([d for d in run_durations if d < 1]) > 0:\n203 |             print(f\"  \u2022 Fast commands detected (<1s). Good responsiveness for quick feedback.\")\n    |                   ^^^^^^^^^^^^^^^^^^^^^^^^^^^^^^^^^^^^^^^^^^^^^^^^^^^^^^^^^^^^^^^^^^^^^^^^^^^^\n204 |     \n205 |     print(f\"\\n\ud83d\udccb DETAILED RESULTS:\")\n    |\nhelp: Remove extraneous `f` prefix\n\nF541 [*] f-string without any placeholders\n   --> speed_test.py:205:11\n    |\n203 |             print(f\"  \u2022 Fast commands detected (<1s). Good responsiveness for quick feedback.\")\n204 |     \n205 |     print(f\"\\n\ud83d\udccb DETAILED RESULTS:\")\n    |           ^^^^^^^^^^^^^^^^^^^^^^^^^\n206 |     for result in results:\n207 |         print(f\"\\n  Command: {result['command']}\")\n    |\nhelp: Remove extraneous `f` prefix\n\nF541 [*] f-string without any placeholders\n   --> speed_test.py:212:19\n    |\n210 |         print(f\"  Success: {result['success']}\")\n211 |         if result.get('timeout'):\n212 |             print(f\"  Status: TIMEOUT\")\n    |                   ^^^^^^^^^^^^^^^^^^^^\n213 |         elif result.get('exception'):\n214 |             print(f\"  Status: EXCEPTION\")\n    |\nhelp: Remove extraneous `f` prefix\n\nF541 [*] f-string without any placeholders\n   --> speed_test.py:214:19\n    |\n212 |             print(f\"  Status: TIMEOUT\")\n213 |         elif result.get('exception'):\n214 |             print(f\"  Status: EXCEPTION\")\n    |                   ^^^^^^^^^^^^^^^^^^^^^^\n215 |         if result['stderr'] and not result['success']:\n216 |             print(f\"  Error: {result['stderr'][:200]}...\")\n    |\nhelp: Remove extraneous `f` prefix\n\nF541 [*] f-string without any placeholders\n   --> speed_test.py:233:11\n    |\n231 |         }, f, indent=2)\n232 |     \n233 |     print(f\"\\n\ud83d\udcc1 Detailed results saved to: speed_test_results.json\")\n    |           ^^^^^^^^^^^^^^^^^^^^^^^^^^^^^^^^^^^^^^^^^^^^^^^^^^^^^^^^^^\n234 |     print(\"=\" * 60)\n    |\nhelp: Remove extraneous `f` prefix\n\nF401 [*] `.cache_models.CacheStats` imported but unused\n  --> src/firsttry/cache.py:9:58\n   |\n 7 | from typing import Dict, Any, Iterable, Optional\n 8 |\n 9 | from .cache_models import ToolCacheEntry, InputFileMeta, CacheStats\n   |                                                          ^^^^^^^^^^\n10 | from .cache_utils import collect_input_stats, validate_cache_fast, get_cache_state\n   |\nhelp: Remove unused import: `.cache_models.CacheStats`\n\nF401 [*] `.cache_utils.collect_input_stats` imported but unused\n  --> src/firsttry/cache.py:10:26\n   |\n 9 | from .cache_models import ToolCacheEntry, InputFileMeta, CacheStats\n10 | from .cache_utils import collect_input_stats, validate_cache_fast, get_cache_state\n   |                          ^^^^^^^^^^^^^^^^^^^\n11 |\n12 | # Global cache location for cross-repo caching\n   |\nhelp: Remove unused import\n\nF401 [*] `.cache_utils.validate_cache_fast` imported but unused\n  --> src/firsttry/cache.py:10:47\n   |\n 9 | from .cache_models import ToolCacheEntry, InputFileMeta, CacheStats\n10 | from .cache_utils import collect_input_stats, validate_cache_fast, get_cache_state\n   |                                               ^^^^^^^^^^^^^^^^^^^\n11 |\n12 | # Global cache location for cross-repo caching\n   |\nhelp: Remove unused import\n\nF401 [*] `pathlib.Path` imported but unused\n  --> src/firsttry/cache_utils.py:9:21\n   |\n 7 | import os\n 8 | from typing import List, Optional\n 9 | from pathlib import Path\n   |                     ^^^^\n10 |\n11 | from .cache_models import InputFileMeta, ToolCacheEntry, CacheStats\n   |\nhelp: Remove unused import: `pathlib.Path`\n\nF541 [*] f-string without any placeholders\n   --> src/firsttry/cache_utils.py:127:9\n    |\n125 |     \"\"\"Generate human-readable cache performance report.\"\"\"\n126 |     lines = [\n127 |         f\"\ud83d\udcca Cache Performance:\",\n    |         ^^^^^^^^^^^^^^^^^^^^^^^^\n128 |         f\"  \u2022 Cache hits: {stats.cache_hits}/{stats.total_tools} ({stats.cache_efficiency:.1f}%)\",\n129 |     ]\n    |\nhelp: Remove extraneous `f` prefix\n\nF401 [*] `glob` imported but unused\n --> src/firsttry/cached_orchestrator.py:6:16\n  |\n4 | from pathlib import Path\n5 | from typing import List, Dict, Any, Tuple\n6 | import glob as stdlib_glob\n  |                ^^^^^^^^^^^\n7 |\n8 | from .check_registry import CHECK_REGISTRY, get_check_inputs\n  |\nhelp: Remove unused import: `glob`\n\nF401 [*] `.cache_models.ToolCacheEntry` imported but unused\n  --> src/firsttry/cached_orchestrator.py:16:27\n   |\n14 | from .check_dependencies import should_skip_due_to_dependencies\n15 | from .cache_utils import collect_input_stats, input_stats_match\n16 | from .cache_models import ToolCacheEntry, InputFileMeta\n   |                           ^^^^^^^^^^^^^^\n   |\nhelp: Remove unused import\n\nF401 [*] `.cache_models.InputFileMeta` imported but unused\n  --> src/firsttry/cached_orchestrator.py:16:43\n   |\n14 | from .check_dependencies import should_skip_due_to_dependencies\n15 | from .cache_utils import collect_input_stats, input_stats_match\n16 | from .cache_models import ToolCacheEntry, InputFileMeta\n   |                                           ^^^^^^^^^^^^^\n   |\nhelp: Remove unused import\n\nF541 [*] f-string without any placeholders\n   --> src/firsttry/cached_orchestrator.py:392:19\n    |\n390 |     report_ms = (time.monotonic() - t_report_start) * 1000\n391 |     \n392 |     progress.step(f\"\ud83d\udd0d Phase Timing Analysis:\")\n    |                   ^^^^^^^^^^^^^^^^^^^^^^^^^^^^\n393 |     progress.step(f\"  \u2022 detect/setup: {detect_ms + setup_ms:.0f}ms\")\n394 |     progress.step(f\"  \u2022 bucketing: {bucketing_ms:.0f}ms\") \n    |\nhelp: Remove extraneous `f` prefix\n\nF401 [*] `os` imported but unused\n --> src/firsttry/change_detector.py:6:8\n  |\n4 | \"\"\"\n5 | import subprocess\n6 | import os\n  |        ^^\n7 | from pathlib import Path\n8 | from typing import List, Set, Dict, Optional\n  |\nhelp: Remove unused import: `os`\n\nF401 [*] `typing.Optional` imported but unused\n --> src/firsttry/change_detector.py:8:37\n  |\n6 | import os\n7 | from pathlib import Path\n8 | from typing import List, Set, Dict, Optional\n  |                                     ^^^^^^^^\n  |\nhelp: Remove unused import: `typing.Optional`\n\nF401 [*] `time` imported but unused\n --> src/firsttry/checks_orchestrator.py:5:8\n  |\n4 | import asyncio\n5 | import time\n  |        ^^^^\n6 | import os\n7 | from concurrent.futures import ProcessPoolExecutor, TimeoutError as FutureTimeoutError\n  |\nhelp: Remove unused import: `time`\n\nF401 [*] `os` imported but unused\n --> src/firsttry/checks_orchestrator.py:6:8\n  |\n4 | import asyncio\n5 | import time\n6 | import os\n  |        ^^\n7 | from concurrent.futures import ProcessPoolExecutor, TimeoutError as FutureTimeoutError\n8 | from typing import Any, Dict, List, Optional, Tuple\n  |\nhelp: Remove unused import: `os`\n\nF401 [*] `concurrent.futures.ProcessPoolExecutor` imported but unused\n --> src/firsttry/checks_orchestrator.py:7:32\n  |\n5 | import time\n6 | import os\n7 | from concurrent.futures import ProcessPoolExecutor, TimeoutError as FutureTimeoutError\n  |                                ^^^^^^^^^^^^^^^^^^^\n8 | from typing import Any, Dict, List, Optional, Tuple\n  |\nhelp: Remove unused import\n\nF401 [*] `concurrent.futures.TimeoutError` imported but unused\n --> src/firsttry/checks_orchestrator.py:7:69\n  |\n5 | import time\n6 | import os\n7 | from concurrent.futures import ProcessPoolExecutor, TimeoutError as FutureTimeoutError\n  |                                                                     ^^^^^^^^^^^^^^^^^^\n8 | from typing import Any, Dict, List, Optional, Tuple\n  |\nhelp: Remove unused import\n\nF401 [*] `typing.Tuple` imported but unused\n  --> src/firsttry/checks_orchestrator.py:8:47\n   |\n 6 | import os\n 7 | from concurrent.futures import ProcessPoolExecutor, TimeoutError as FutureTimeoutError\n 8 | from typing import Any, Dict, List, Optional, Tuple\n   |                                               ^^^^^\n 9 |\n10 | from .profiler import get_profiler\n   |\nhelp: Remove unused import: `typing.Tuple`\n\nF401 [*] `os` imported but unused\n --> src/firsttry/cli.py:6:8\n  |\n4 | import argparse\n5 | import asyncio\n6 | import os\n  |        ^^\n7 | import sys\n  |\nhelp: Remove unused import: `os`\n\nF401 [*] `.config_loader.plan_from_config` imported but unused\n  --> src/firsttry/cli.py:12:41\n   |\n10 | from .license_guard import get_tier\n11 | from .context_builders import build_context, build_repo_profile\n12 | from .config_loader import load_config, plan_from_config, apply_overrides_to_plan\n   |                                         ^^^^^^^^^^^^^^^^\n13 | from .config_cache import plan_from_config_with_timeout\n14 | from .ci_parser import resolve_ci_plan\n   |\nhelp: Remove unused import: `.config_loader.plan_from_config`\n\nF841 Local variable `p_status` is assigned to but never used\n   --> src/firsttry/cli.py:203:9\n    |\n201 |     # --- status ------------------------------------------------------------\n202 |     if handle_status is not None:\n203 |         p_status = sub.add_parser(\"status\", help=\"Show hooks + last run status\")\n    |         ^^^^^^^^\n204 |\n205 |     # --- setup -------------------------------------------------------------\n    |\nhelp: Remove assignment to unused variable `p_status`\n\nF841 Local variable `p_setup` is assigned to but never used\n   --> src/firsttry/cli.py:207:9\n    |\n205 |     # --- setup -------------------------------------------------------------\n206 |     if handle_setup is not None:\n207 |         p_setup = sub.add_parser(\"setup\", help=\"Detect project and install hooks\")\n    |         ^^^^^^^\n208 |\n209 |     # --- doctor ------------------------------------------------------------\n    |\nhelp: Remove assignment to unused variable `p_setup`\n\nF841 Local variable `p_doctor` is assigned to but never used\n   --> src/firsttry/cli.py:211:9\n    |\n209 |     # --- doctor ------------------------------------------------------------\n210 |     if handle_doctor is not None:\n211 |         p_doctor = sub.add_parser(\"doctor\", help=\"Diagnose env and dependencies\")\n    |         ^^^^^^^^\n212 |\n213 |     # --- mirror-ci ---------------------------------------------------------\n    |\nhelp: Remove assignment to unused variable `p_doctor`\n\nF401 [*] `os` imported but unused\n --> src/firsttry/config_cache.py:5:8\n  |\n3 | \"\"\"\n4 | import json\n5 | import os\n  |        ^^\n6 | import time\n7 | from pathlib import Path\n  |\nhelp: Remove unused import: `os`\n\nF401 [*] `signal` imported but unused\n   --> src/firsttry/config_cache.py:113:12\n    |\n111 |     from .config_loader import plan_from_config\n112 |     import concurrent.futures\n113 |     import signal\n    |            ^^^^^^\n114 |     \n115 |     # Generate repo key for cache versioning\n    |\nhelp: Remove unused import: `signal`\n\nF401 [*] `multiprocessing` imported but unused\n --> src/firsttry/context_builders.py:5:8\n  |\n4 | import os\n5 | import multiprocessing\n  |        ^^^^^^^^^^^^^^^\n6 | import hashlib\n7 | from pathlib import Path\n  |\nhelp: Remove unused import: `multiprocessing`\n\nF821 Undefined name `langs`\n  --> src/firsttry/detectors.py:79:12\n   |\n77 |     save_detect_cache(repo_root, payload)\n78 |     return payload\n79 |     return langs\n   |            ^^^^^\n   |\n\nF401 [*] `typing.Tuple` imported but unused\n --> src/firsttry/lazy_orchestrator.py:5:37\n  |\n3 | import time\n4 | from pathlib import Path\n5 | from typing import Any, Dict, List, Tuple\n  |                                     ^^^^^\n6 |\n7 | from .run_profiles import RunProfile, dev_profile\n  |\nhelp: Remove unused import: `typing.Tuple`\n\nF401 [*] `.cache_models.InputFileMeta` imported but unused\n  --> src/firsttry/lazy_orchestrator.py:10:43\n   |\n 8 | from .cache import load_tool_cache_entry, save_tool_cache_entry  \n 9 | from .cache_utils import collect_input_stats, input_stats_match\n10 | from .cache_models import ToolCacheEntry, InputFileMeta\n   |                                           ^^^^^^^^^^^^^\n11 | from .telemetry import write_report_async\n12 | from .detectors import detect_stack\n   |\nhelp: Remove unused import: `.cache_models.InputFileMeta`\n\nF401 [*] `json` imported but unused\n --> src/firsttry/parallel_pytest.py:3:8\n  |\n1 | from __future__ import annotations\n2 | import asyncio\n3 | import json\n  |        ^^^^\n4 | import math\n5 | import os\n  |\nhelp: Remove unused import: `json`\n\nF401 [*] `typing.Set` imported but unused\n  --> src/firsttry/parallel_pytest.py:9:32\n   |\n 7 | import time\n 8 | from pathlib import Path\n 9 | from typing import Dict, List, Set, Any, Optional, Tuple\n   |                                ^^^\n10 |\n11 | from . import cache as ft_cache\n   |\nhelp: Remove unused import\n\nF401 [*] `typing.Optional` imported but unused\n  --> src/firsttry/parallel_pytest.py:9:42\n   |\n 7 | import time\n 8 | from pathlib import Path\n 9 | from typing import Dict, List, Set, Any, Optional, Tuple\n   |                                          ^^^^^^^^\n10 |\n11 | from . import cache as ft_cache\n   |\nhelp: Remove unused import\n\nF401 [*] `typing.Tuple` imported but unused\n  --> src/firsttry/parallel_pytest.py:9:52\n   |\n 7 | import time\n 8 | from pathlib import Path\n 9 | from typing import Dict, List, Set, Any, Optional, Tuple\n   |                                                    ^^^^^\n10 |\n11 | from . import cache as ft_cache\n   |\nhelp: Remove unused import\n\nF541 [*] f-string without any placeholders\n  --> src/firsttry/performance_targets.py:81:9\n   |\n80 |     lines.extend([\n81 |         f\"\ud83d\udcca CURRENT PERFORMANCE:\",\n   |         ^^^^^^^^^^^^^^^^^^^^^^^^^^\n82 |         f\"  \u2022 Execution time: {orchestrator_time:.2f}s\",\n83 |         f\"  \u2022 vs 120s baseline: {120/orchestrator_time:.0f}x faster\",\n   |\nhelp: Remove extraneous `f` prefix\n\nF541 [*] f-string without any placeholders\n  --> src/firsttry/performance_targets.py:89:9\n   |\n87 |     # Target validation\n88 |     lines.extend([\n89 |         f\"\",\n   |         ^^^\n90 |         f\"\ud83c\udfaf TARGET VALIDATION:\",\n91 |     ])\n   |\nhelp: Remove extraneous `f` prefix\n\nF541 [*] f-string without any placeholders\n  --> src/firsttry/performance_targets.py:90:9\n   |\n88 |     lines.extend([\n89 |         f\"\",\n90 |         f\"\ud83c\udfaf TARGET VALIDATION:\",\n   |         ^^^^^^^^^^^^^^^^^^^^^^^^\n91 |     ])\n   |\nhelp: Remove extraneous `f` prefix\n\nF541 [*] f-string without any placeholders\n   --> src/firsttry/performance_targets.py:111:9\n    |\n110 |     lines.extend([\n111 |         f\"\",\n    |         ^^^\n112 |         f\"\ud83c\udfc1 OVERALL RESULT:\",\n113 |         f\"  \u2022 Targets met: {achieved_count}/{total_targets}\",\n    |\nhelp: Remove extraneous `f` prefix\n\nF541 [*] f-string without any placeholders\n   --> src/firsttry/performance_targets.py:112:9\n    |\n110 |     lines.extend([\n111 |         f\"\",\n112 |         f\"\ud83c\udfc1 OVERALL RESULT:\",\n    |         ^^^^^^^^^^^^^^^^^^^^^\n113 |         f\"  \u2022 Targets met: {achieved_count}/{total_targets}\",\n114 |     ])\n    |\nhelp: Remove extraneous `f` prefix\n\nF541 [*] f-string without any placeholders\n   --> src/firsttry/performance_targets.py:118:13\n    |\n116 |     if achieved_count >= total_targets * 0.8:  # 80% threshold\n117 |         lines.extend([\n118 |             f\"  \u2022 Status: \u2705 EXCELLENT PERFORMANCE\",\n    |             ^^^^^^^^^^^^^^^^^^^^^^^^^^^^^^^^^^^^^^^\n119 |             f\"  \u2022 Ready for production deployment\",\n120 |         ])\n    |\nhelp: Remove extraneous `f` prefix\n\nF541 [*] f-string without any placeholders\n   --> src/firsttry/performance_targets.py:119:13\n    |\n117 |         lines.extend([\n118 |             f\"  \u2022 Status: \u2705 EXCELLENT PERFORMANCE\",\n119 |             f\"  \u2022 Ready for production deployment\",\n    |             ^^^^^^^^^^^^^^^^^^^^^^^^^^^^^^^^^^^^^^\n120 |         ])\n121 |     elif achieved_count >= total_targets * 0.6:  # 60% threshold  \n    |\nhelp: Remove extraneous `f` prefix\n\nF541 [*] f-string without any placeholders\n   --> src/firsttry/performance_targets.py:123:13\n    |\n121 |     elif achieved_count >= total_targets * 0.6:  # 60% threshold  \n122 |         lines.extend([\n123 |             f\"  \u2022 Status: \u26a0\ufe0f  GOOD PERFORMANCE\",\n    |             ^^^^^^^^^^^^^^^^^^^^^^^^^^^^^^^^^^\n124 |             f\"  \u2022 Minor optimizations recommended\",\n125 |         ])\n    |\nhelp: Remove extraneous `f` prefix\n\nF541 [*] f-string without any placeholders\n   --> src/firsttry/performance_targets.py:124:13\n    |\n122 |         lines.extend([\n123 |             f\"  \u2022 Status: \u26a0\ufe0f  GOOD PERFORMANCE\",\n124 |             f\"  \u2022 Minor optimizations recommended\",\n    |             ^^^^^^^^^^^^^^^^^^^^^^^^^^^^^^^^^^^^^^\n125 |         ])\n126 |     else:\n    |\nhelp: Remove extraneous `f` prefix\n\nF541 [*] f-string without any placeholders\n   --> src/firsttry/performance_targets.py:128:13\n    |\n126 |     else:\n127 |         lines.extend([\n128 |             f\"  \u2022 Status: \ud83d\udd27 NEEDS IMPROVEMENT\", \n    |             ^^^^^^^^^^^^^^^^^^^^^^^^^^^^^^^^^^^\n129 |             f\"  \u2022 Significant optimizations needed\",\n130 |         ])\n    |\nhelp: Remove extraneous `f` prefix\n\nF541 [*] f-string without any placeholders\n   --> src/firsttry/performance_targets.py:129:13\n    |\n127 |         lines.extend([\n128 |             f\"  \u2022 Status: \ud83d\udd27 NEEDS IMPROVEMENT\", \n129 |             f\"  \u2022 Significant optimizations needed\",\n    |             ^^^^^^^^^^^^^^^^^^^^^^^^^^^^^^^^^^^^^^^\n130 |         ])\n    |\nhelp: Remove extraneous `f` prefix\n\nF541 [*] f-string without any placeholders\n   --> src/firsttry/performance_targets.py:133:9\n    |\n132 |     lines.extend([\n133 |         f\"\",\n    |         ^^^\n134 |         f\"\ud83d\udca1 CONTEXT:\",\n135 |         f\"  \u2022 Original FirstTry: ~120s+ execution\",\n    |\nhelp: Remove extraneous `f` prefix\n\nF541 [*] f-string without any placeholders\n   --> src/firsttry/performance_targets.py:134:9\n    |\n132 |     lines.extend([\n133 |         f\"\",\n134 |         f\"\ud83d\udca1 CONTEXT:\",\n    |         ^^^^^^^^^^^^^^\n135 |         f\"  \u2022 Original FirstTry: ~120s+ execution\",\n136 |         f\"  \u2022 Current FirstTry: {orchestrator_time:.1f}s execution\", \n    |\nhelp: Remove extraneous `f` prefix\n\nF541 [*] f-string without any placeholders\n   --> src/firsttry/performance_targets.py:135:9\n    |\n133 |         f\"\",\n134 |         f\"\ud83d\udca1 CONTEXT:\",\n135 |         f\"  \u2022 Original FirstTry: ~120s+ execution\",\n    |         ^^^^^^^^^^^^^^^^^^^^^^^^^^^^^^^^^^^^^^^^^^\n136 |         f\"  \u2022 Current FirstTry: {orchestrator_time:.1f}s execution\", \n137 |         f\"  \u2022 Performance improvement: {120/orchestrator_time:.0f}x faster\",\n    |\nhelp: Remove extraneous `f` prefix\n\nF401 [*] `asyncio` imported but unused\n --> src/firsttry/performance_validator.py:2:8\n  |\n1 | from __future__ import annotations\n2 | import asyncio\n  |        ^^^^^^^\n3 | import json\n4 | import time\n  |\nhelp: Remove unused import: `asyncio`\n\nF401 [*] `typing.Any` imported but unused\n  --> src/firsttry/performance_validator.py:8:32\n   |\n 6 | from datetime import datetime\n 7 | from pathlib import Path\n 8 | from typing import Dict, List, Any, Optional\n   |                                ^^^\n 9 | from dataclasses import dataclass, asdict\n10 | import tempfile\n   |\nhelp: Remove unused import: `typing.Any`\n\nF401 [*] `tempfile` imported but unused\n  --> src/firsttry/performance_validator.py:10:8\n   |\n 8 | from typing import Dict, List, Any, Optional\n 9 | from dataclasses import dataclass, asdict\n10 | import tempfile\n   |        ^^^^^^^^\n11 | import shutil\n12 | import subprocess\n   |\nhelp: Remove unused import: `tempfile`\n\nF401 [*] `shutil` imported but unused\n  --> src/firsttry/performance_validator.py:11:8\n   |\n 9 | from dataclasses import dataclass, asdict\n10 | import tempfile\n11 | import shutil\n   |        ^^^^^^\n12 | import subprocess\n   |\nhelp: Remove unused import: `shutil`\n\nF401 [*] `subprocess` imported but unused\n  --> src/firsttry/performance_validator.py:12:8\n   |\n10 | import tempfile\n11 | import shutil\n12 | import subprocess\n   |        ^^^^^^^^^^\n13 |\n14 | from .cached_orchestrator import run_checks_for_profile\n   |\nhelp: Remove unused import: `subprocess`\n\nF541 [*] f-string without any placeholders\n   --> src/firsttry/performance_validator.py:225:19\n    |\n223 |         # Overall statistics\n224 |         if self.metrics_history:\n225 |             print(f\"\\n\ud83c\udfc6 Performance Improvements:\")\n    |                   ^^^^^^^^^^^^^^^^^^^^^^^^^^^^^^^^^\n226 |             for metrics in self.metrics_history:\n227 |                 print(f\"   \u2022 {metrics.scenario}:\")\n    |\nhelp: Remove extraneous `f` prefix\n\nF541 [*] f-string without any placeholders\n   --> src/firsttry/performance_validator.py:307:11\n    |\n306 |     # Calculate improvement metrics\n307 |     print(f\"\\n\ud83d\udcca Calculating Performance Improvements...\")\n    |           ^^^^^^^^^^^^^^^^^^^^^^^^^^^^^^^^^^^^^^^^^^^^^^^\n308 |     \n309 |     # Compare optimized vs baseline\n    |\nhelp: Remove extraneous `f` prefix\n\nF401 [*] `typing.Optional` imported but unused\n --> src/firsttry/profiler.py:6:37\n  |\n4 | \"\"\"\n5 | import time\n6 | from typing import Dict, List, Any, Optional\n  |                                     ^^^^^^^^\n7 | from dataclasses import dataclass\n8 | from collections import defaultdict\n  |\nhelp: Remove unused import: `typing.Optional`\n\nF401 [*] `time` imported but unused\n --> src/firsttry/progress.py:2:8\n  |\n1 | import sys\n2 | import time\n  |        ^^^^\n3 |\n4 | def step(msg: str) -> None:\n  |\nhelp: Remove unused import: `time`\n\nF541 [*] f-string without any placeholders\n  --> src/firsttry/progress.py:42:22\n   |\n40 | def summary_header() -> None:\n41 |     \"\"\"Print summary section header\"\"\"\n42 |     sys.stdout.write(f\"\\n\u2500\u2500 Summary \u2500\u2500\\n\")\n   |                      ^^^^^^^^^^^^^^^^^^^^\n43 |     sys.stdout.flush()\n   |\nhelp: Remove extraneous `f` prefix\n\nE402 Module level import not at top of file\n  --> src/firsttry/repo_rules.py:28:1\n   |\n28 | from .constants import LEVELS\n   | ^^^^^^^^^^^^^^^^^^^^^^^^^^^^^\n   |\n\nF401 [*] `typing.Dict` imported but unused\n --> src/firsttry/run_profiles.py:4:41\n  |\n3 | from pathlib import Path\n4 | from typing import List, Callable, Any, Dict\n  |                                         ^^^^\n5 |\n6 | from .tools.ruff_tool import RuffTool\n  |\nhelp: Remove unused import: `typing.Dict`\n\nF401 [*] `.tools.npm_test_tool.NpmTestTool` imported but unused\n --> src/firsttry/run_profiles.py:9:34\n  |\n7 | from .tools.mypy_tool import MypyTool\n8 | from .tools.pytest_tool import PytestTool\n9 | from .tools.npm_test_tool import NpmTestTool\n  |                                  ^^^^^^^^^^^\n  |\nhelp: Remove unused import: `.tools.npm_test_tool.NpmTestTool`\n\nF401 `sys` imported but unused\n  --> src/firsttry/runners/__init__.py:30:12\n   |\n28 | # Import legacy runner functions for test compatibility from ../runners.py module\n29 | try:\n30 |     import sys\n   |            ^^^\n31 |     import importlib.util\n32 |     from pathlib import Path\n   |\nhelp: Remove unused import: `sys`\n\nF401 [*] `os` imported but unused\n --> src/firsttry/smart_npm.py:3:8\n  |\n1 | from __future__ import annotations\n2 | import json\n3 | import os\n  |        ^^\n4 | import subprocess\n5 | import time\n  |\nhelp: Remove unused import: `os`\n\nF401 [*] `typing.Optional` imported but unused\n --> src/firsttry/smart_npm.py:7:42\n  |\n5 | import time\n6 | from pathlib import Path\n7 | from typing import Dict, List, Set, Any, Optional\n  |                                          ^^^^^^^^\n8 |\n9 | from . import cache as ft_cache\n  |\nhelp: Remove unused import: `typing.Optional`\n\nF401 [*] `os` imported but unused\n --> src/firsttry/smart_pytest.py:3:8\n  |\n1 | from __future__ import annotations\n2 | import json\n3 | import os\n  |        ^^\n4 | import subprocess\n5 | import time\n  |\nhelp: Remove unused import: `os`\n\nF401 [*] `typing.Optional` imported but unused\n --> src/firsttry/smart_pytest.py:7:42\n  |\n5 | import time\n6 | from pathlib import Path\n7 | from typing import Dict, List, Set, Any, Optional\n  |                                          ^^^^^^^^\n8 |\n9 | from . import cache as ft_cache\n  |\nhelp: Remove unused import: `typing.Optional`\n\nF811 Redefinition of unused `print_run_summary` from line 148\n   --> src/firsttry/summary.py:332:5\n    |\n332 | def print_run_summary(results: List[Dict[str, Any]], meta: Dict[str, Any], tier: str | None = None) -> int:\n    |     ^^^^^^^^^^^^^^^^^ `print_run_summary` redefined here\n333 |     if not tier:\n334 |         tier = os.getenv(\"FIRSTTRY_TIER\", \"developer\")\n    |\n   ::: src/firsttry/summary.py:148:5\n    |\n148 | def print_run_summary(results: List[Dict[str, Any]], meta: Dict[str, Any], tier: str | None = None) -> int:\n    |     ----------------- previous definition of `print_run_summary` here\n149 |     if not tier:\n150 |         tier = os.getenv(\"FIRSTTRY_TIER\", \"free\")\n    |\nhelp: Remove definition: `print_run_summary`\n\nF401 [*] `typing.Optional` imported but unused\n --> src/firsttry/telemetry.py:6:31\n  |\n4 | import threading\n5 | from pathlib import Path\n6 | from typing import Any, Dict, Optional\n  |                               ^^^^^^^^\n  |\nhelp: Remove unused import: `typing.Optional`\n\nF401 [*] `typing.Dict` imported but unused\n  --> step12_complete_validation.py:12:20\n   |\n10 | import json\n11 | from pathlib import Path\n12 | from typing import Dict, Any\n   |                    ^^^^\n13 |\n14 | # Add src to path  \n   |\nhelp: Remove unused import\n\nF401 [*] `typing.Any` imported but unused\n  --> step12_complete_validation.py:12:26\n   |\n10 | import json\n11 | from pathlib import Path\n12 | from typing import Dict, Any\n   |                          ^^^\n13 |\n14 | # Add src to path  \n   |\nhelp: Remove unused import\n\nF841 Local variable `results1` is assigned to but never used\n  --> step12_complete_validation.py:49:5\n   |\n47 |     # First run (cold cache)\n48 |     start_time = time.monotonic()\n49 |     results1 = await run_checks_for_profile(\n   |     ^^^^^^^^\n50 |         repo_root=repo_root,\n51 |         checks=[\"ruff\", \"repo_sanity\"],\n   |\nhelp: Remove assignment to unused variable `results1`\n\nF541 [*] f-string without any placeholders\n  --> step12_complete_validation.py:82:11\n   |\n81 |     # Test 2: Enhanced orchestrator with timing\n82 |     print(f\"\\n\ud83e\uddea Test 2: Enhanced Orchestrator Performance\")\n   |           ^^^^^^^^^^^^^^^^^^^^^^^^^^^^^^^^^^^^^^^^^^^^^^^^^\n83 |     print(\"-\" * 40)\n   |\nhelp: Remove extraneous `f` prefix\n\nF541 [*] f-string without any placeholders\n   --> step12_complete_validation.py:113:11\n    |\n112 |     # Test 3: Profile system efficiency\n113 |     print(f\"\\n\ud83e\uddea Test 3: Profile System Efficiency\")\n    |           ^^^^^^^^^^^^^^^^^^^^^^^^^^^^^^^^^^^^^^^^^\n114 |     print(\"-\" * 40)\n    |\nhelp: Remove extraneous `f` prefix\n\nF541 [*] f-string without any placeholders\n   --> step12_complete_validation.py:130:11\n    |\n129 |     # Test 4: Comprehensive benchmark\n130 |     print(f\"\\n\ud83e\uddea Test 4: Comprehensive Benchmark\")\n    |           ^^^^^^^^^^^^^^^^^^^^^^^^^^^^^^^^^^^^^^^\n131 |     print(\"-\" * 40)\n    |\nhelp: Remove extraneous `f` prefix\n\nF541 [*] f-string without any placeholders\n   --> step12_complete_validation.py:169:11\n    |\n168 |     # Final performance report\n169 |     print(f\"\\n\ud83c\udfc6 FINAL PERFORMANCE REPORT\")\n    |           ^^^^^^^^^^^^^^^^^^^^^^^^^^^^^^^^\n170 |     print(\"=\" * 60)\n    |\nhelp: Remove extraneous `f` prefix\n\nF541 [*] f-string without any placeholders\n   --> step12_complete_validation.py:172:11\n    |\n170 |     print(\"=\" * 60)\n171 |     \n172 |     print(f\"\ud83d\udcca KEY METRICS:\")\n    |           ^^^^^^^^^^^^^^^^^^\n173 |     print(f\"  \u2022 Cache speedup: {cache_speedup:.1f}x improvement\")\n174 |     print(f\"  \u2022 Dev profile time: {orchestrator_time:.2f}s\")\n    |\nhelp: Remove extraneous `f` prefix\n\nF541 [*] f-string without any placeholders\n   --> step12_complete_validation.py:178:11\n    |\n176 |     print(f\"  \u2022 Cache efficiency: {cached_count}/{len(results2)} hits\")\n177 |     \n178 |     print(f\"\\n\ud83c\udfaf TARGET VALIDATION:\")\n    |           ^^^^^^^^^^^^^^^^^^^^^^^^^^\n179 |     targets = {\n180 |         \"Sub-60s execution\": orchestrator_time < 60,\n    |\nhelp: Remove extraneous `f` prefix\n\nF541 [*] f-string without any placeholders\n   --> step12_complete_validation.py:192:11\n    |\n190 |     all_targets_met = all(targets.values())\n191 |     \n192 |     print(f\"\\n\ud83c\udfc1 OVERALL RESULT:\")\n    |           ^^^^^^^^^^^^^^^^^^^^^^^\n193 |     if all_targets_met:\n194 |         print(\"\u2705 ALL PERFORMANCE TARGETS EXCEEDED!\")\n    |\nhelp: Remove extraneous `f` prefix\n\nF541 [*] f-string without any placeholders\n   --> step12_complete_validation.py:202:11\n    |\n200 |         print(f\"   Missed targets: {', '.join(missed)}\")\n201 |     \n202 |     print(f\"\\n\ud83d\udccb FEATURE COMPLETENESS:\")\n    |           ^^^^^^^^^^^^^^^^^^^^^^^^^^^^^\n203 |     features = [\n204 |         \"Global caching with SHA256 validation\",\n    |\nhelp: Remove extraneous `f` prefix\n\nF541 [*] f-string without any placeholders\n   --> step12_complete_validation.py:225:11\n    |\n223 |     improvement = original_time / orchestrator_time\n224 |     \n225 |     print(f\"\\n\u26a1 PERFORMANCE IMPROVEMENT:\")\n    |           ^^^^^^^^^^^^^^^^^^^^^^^^^^^^^^^^\n226 |     print(f\"  \u2022 Original baseline: ~{original_time}s\")\n227 |     print(f\"  \u2022 Current performance: {orchestrator_time:.1f}s\") \n    |\nhelp: Remove extraneous `f` prefix\n\nF541 [*] f-string without any placeholders\n   --> step12_complete_validation.py:245:15\n    |\n244 |     if success:\n245 |         print(f\"\\n\ud83d\ude80 Step 12 COMPLETE - All optimizations working perfectly!\")\n    |               ^^^^^^^^^^^^^^^^^^^^^^^^^^^^^^^^^^^^^^^^^^^^^^^^^^^^^^^^^^^^^^^\n246 |         exit(0)\n247 |     else:\n    |\nhelp: Remove extraneous `f` prefix\n\nF541 [*] f-string without any placeholders\n   --> step12_complete_validation.py:248:15\n    |\n246 |         exit(0)\n247 |     else:\n248 |         print(f\"\\n\ud83d\udd27 Step 12 needs refinement - Some targets missed\")\n    |               ^^^^^^^^^^^^^^^^^^^^^^^^^^^^^^^^^^^^^^^^^^^^^^^^^^^^^^\n249 |         exit(1)\n    |\nhelp: Remove extraneous `f` prefix\n\nF401 [*] `typing.Dict` imported but unused\n  --> step12_final_complete.py:12:20\n   |\n10 | import json\n11 | from pathlib import Path\n12 | from typing import Dict, Any\n   |                    ^^^^\n13 |\n14 | # Add src to path  \n   |\nhelp: Remove unused import\n\nF401 [*] `typing.Any` imported but unused\n  --> step12_final_complete.py:12:26\n   |\n10 | import json\n11 | from pathlib import Path\n12 | from typing import Dict, Any\n   |                          ^^^\n13 |\n14 | # Add src to path  \n   |\nhelp: Remove unused import\n\nF841 Local variable `results1` is assigned to but never used\n  --> step12_final_complete.py:57:5\n   |\n55 |     print(\"  \ud83d\udd25 Cold run (populating cache)...\")\n56 |     start_time = time.monotonic()\n57 |     results1 = await run_checks_for_profile(\n   |     ^^^^^^^^\n58 |         repo_root=repo_root,\n59 |         checks=[\"ruff\", \"repo_sanity\"],\n   |\nhelp: Remove assignment to unused variable `results1`\n\nF541 [*] f-string without any placeholders\n  --> step12_final_complete.py:95:11\n   |\n93 |     print(f\"  \u2705 Cold run: {cold_time:.2f}s\")\n94 |     print(f\"  \u2705 Warm run: {warm_time:.2f}s\")\n95 |     print(f\"  \ud83d\udcca Cache analysis:\")\n   |           ^^^^^^^^^^^^^^^^^^^^^^^\n96 |     print(f\"     \u2022 Hits: {cache_hits} (files unchanged)\")\n97 |     if policy_reruns > 0:\n   |\nhelp: Remove extraneous `f` prefix\n\nF541 [*] f-string without any placeholders\n   --> step12_final_complete.py:103:11\n    |\n102 |     # Test 2: Realistic performance validation  \n103 |     print(f\"\\n\ud83e\uddea Test 2: Realistic Performance Targets\")\n    |           ^^^^^^^^^^^^^^^^^^^^^^^^^^^^^^^^^^^^^^^^^^^^^\n104 |     print(\"-\" * 40)\n    |\nhelp: Remove extraneous `f` prefix\n\nF541 [*] f-string without any placeholders\n   --> step12_final_complete.py:127:11\n    |\n126 |     # Test 3: Performance target validation\n127 |     print(f\"\\n\ud83e\uddea Test 3: Target Validation\")\n    |           ^^^^^^^^^^^^^^^^^^^^^^^^^^^^^^^^^\n128 |     print(\"-\" * 40)\n    |\nhelp: Remove extraneous `f` prefix\n\nF541 [*] f-string without any placeholders\n   --> step12_final_complete.py:133:11\n    |\n131 |     validation = validate_performance_results(results, targets)\n132 |     \n133 |     print(f\"  Performance targets:\")\n    |           ^^^^^^^^^^^^^^^^^^^^^^^^^\n134 |     print(f\"    \u2022 Dev profile (\u2264{targets.dev_profile_max:.1f}s): {'\u2705' if validation.get('dev_profile_time') else '\u274c'}\")\n135 |     print(f\"    \u2022 Daily use (\u2264{targets.subsequent_run_max:.1f}s): {'\u2705' if validation.get('fast_enough_for_daily_use') else '\u274c'}\")\n    |\nhelp: Remove extraneous `f` prefix\n\nF541 [*] f-string without any placeholders\n   --> step12_final_complete.py:140:11\n    |\n139 |     # Final comprehensive report\n140 |     print(f\"\\n\ud83c\udfc6 FINAL COMPREHENSIVE REPORT\")\n    |           ^^^^^^^^^^^^^^^^^^^^^^^^^^^^^^^^^^\n141 |     print(\"=\" * 60)\n    |\nhelp: Remove extraneous `f` prefix\n\nF541 [*] f-string without any placeholders\n   --> step12_final_complete.py:146:11\n    |\n144 |     print(performance_report)\n145 |     \n146 |     print(f\"\\n\ud83d\udcca HONEST CACHE METRICS\")\n    |           ^^^^^^^^^^^^^^^^^^^^^^^^^^^^\n147 |     print(\"-\" * 40)\n148 |     cache_report = format_cache_report(cache_stats)\n    |\nhelp: Remove extraneous `f` prefix\n\nF541 [*] f-string without any placeholders\n   --> step12_final_complete.py:151:11\n    |\n149 |     print(cache_report)\n150 |     \n151 |     print(f\"\\n\ud83c\udfaf WHY THESE TARGETS ARE REALISTIC\")\n    |           ^^^^^^^^^^^^^^^^^^^^^^^^^^^^^^^^^^^^^^^\n152 |     print(\"-\" * 40)\n153 |     print(f\"  \u2022 Your 1.2s execution is EXCELLENT for Python CLI + FS I/O\")\n    |\nhelp: Remove extraneous `f` prefix\n\nF541 [*] f-string without any placeholders\n   --> step12_final_complete.py:153:11\n    |\n151 |     print(f\"\\n\ud83c\udfaf WHY THESE TARGETS ARE REALISTIC\")\n152 |     print(\"-\" * 40)\n153 |     print(f\"  \u2022 Your 1.2s execution is EXCELLENT for Python CLI + FS I/O\")\n    |           ^^^^^^^^^^^^^^^^^^^^^^^^^^^^^^^^^^^^^^^^^^^^^^^^^^^^^^^^^^^^^^^\n154 |     print(f\"  \u2022 100x improvement (120s \u2192 1.2s) massively exceeds goals\")\n155 |     print(f\"  \u2022 \\\"2x speedup\\\" on 1s baseline is physics-unfriendly target\")\n    |\nhelp: Remove extraneous `f` prefix\n\nF541 [*] f-string without any placeholders\n   --> step12_final_complete.py:154:11\n    |\n152 |     print(\"-\" * 40)\n153 |     print(f\"  \u2022 Your 1.2s execution is EXCELLENT for Python CLI + FS I/O\")\n154 |     print(f\"  \u2022 100x improvement (120s \u2192 1.2s) massively exceeds goals\")\n    |           ^^^^^^^^^^^^^^^^^^^^^^^^^^^^^^^^^^^^^^^^^^^^^^^^^^^^^^^^^^^^^\n155 |     print(f\"  \u2022 \\\"2x speedup\\\" on 1s baseline is physics-unfriendly target\")\n156 |     print(f\"  \u2022 Real KPI: 'Does it make development faster?' YES!\")\n    |\nhelp: Remove extraneous `f` prefix\n\nF541 [*] f-string without any placeholders\n   --> step12_final_complete.py:155:11\n    |\n153 |     print(f\"  \u2022 Your 1.2s execution is EXCELLENT for Python CLI + FS I/O\")\n154 |     print(f\"  \u2022 100x improvement (120s \u2192 1.2s) massively exceeds goals\")\n155 |     print(f\"  \u2022 \\\"2x speedup\\\" on 1s baseline is physics-unfriendly target\")\n    |           ^^^^^^^^^^^^^^^^^^^^^^^^^^^^^^^^^^^^^^^^^^^^^^^^^^^^^^^^^^^^^^^^^\n156 |     print(f\"  \u2022 Real KPI: 'Does it make development faster?' YES!\")\n157 |     print(f\"  \u2022 Cache hit rate affected by policy (re-run failed tools)\")\n    |\nhelp: Remove extraneous `f` prefix\n\nF541 [*] f-string without any placeholders\n   --> step12_final_complete.py:156:11\n    |\n154 |     print(f\"  \u2022 100x improvement (120s \u2192 1.2s) massively exceeds goals\")\n155 |     print(f\"  \u2022 \\\"2x speedup\\\" on 1s baseline is physics-unfriendly target\")\n156 |     print(f\"  \u2022 Real KPI: 'Does it make development faster?' YES!\")\n    |           ^^^^^^^^^^^^^^^^^^^^^^^^^^^^^^^^^^^^^^^^^^^^^^^^^^^^^^^^\n157 |     print(f\"  \u2022 Cache hit rate affected by policy (re-run failed tools)\")\n158 |     print(f\"  \u2022 This is normal DX behavior, not a cache bug\")\n    |\nhelp: Remove extraneous `f` prefix\n\nF541 [*] f-string without any placeholders\n   --> step12_final_complete.py:157:11\n    |\n155 |     print(f\"  \u2022 \\\"2x speedup\\\" on 1s baseline is physics-unfriendly target\")\n156 |     print(f\"  \u2022 Real KPI: 'Does it make development faster?' YES!\")\n157 |     print(f\"  \u2022 Cache hit rate affected by policy (re-run failed tools)\")\n    |           ^^^^^^^^^^^^^^^^^^^^^^^^^^^^^^^^^^^^^^^^^^^^^^^^^^^^^^^^^^^^^^\n158 |     print(f\"  \u2022 This is normal DX behavior, not a cache bug\")\n    |\nhelp: Remove extraneous `f` prefix\n\nF541 [*] f-string without any placeholders\n   --> step12_final_complete.py:158:11\n    |\n156 |     print(f\"  \u2022 Real KPI: 'Does it make development faster?' YES!\")\n157 |     print(f\"  \u2022 Cache hit rate affected by policy (re-run failed tools)\")\n158 |     print(f\"  \u2022 This is normal DX behavior, not a cache bug\")\n    |           ^^^^^^^^^^^^^^^^^^^^^^^^^^^^^^^^^^^^^^^^^^^^^^^^^^\n159 |     \n160 |     # Create stable JSON for other projects\n    |\nhelp: Remove extraneous `f` prefix\n\nF541 [*] f-string without any placeholders\n   --> step12_final_complete.py:182:11\n    |\n180 |         json.dump(final_metadata, f, indent=2)\n181 |     \n182 |     print(f\"\\n\ud83d\udcbe METADATA FOR OTHER PROJECTS\")\n    |           ^^^^^^^^^^^^^^^^^^^^^^^^^^^^^^^^^^^\n183 |     print(f\"  \ud83d\udcc4 Stable JSON schema: {metadata_file}\")\n184 |     print(f\"  \ud83d\udd17 Can be consumed by AIOS, Founder-OS, etc.\")\n    |\nhelp: Remove extraneous `f` prefix\n\nF541 [*] f-string without any placeholders\n   --> step12_final_complete.py:184:11\n    |\n182 |     print(f\"\\n\ud83d\udcbe METADATA FOR OTHER PROJECTS\")\n183 |     print(f\"  \ud83d\udcc4 Stable JSON schema: {metadata_file}\")\n184 |     print(f\"  \ud83d\udd17 Can be consumed by AIOS, Founder-OS, etc.\")\n    |           ^^^^^^^^^^^^^^^^^^^^^^^^^^^^^^^^^^^^^^^^^^^^^^^^^\n185 |     \n186 |     # Overall success assessment\n    |\nhelp: Remove extraneous `f` prefix\n\nF541 [*] f-string without any placeholders\n   --> step12_final_complete.py:191:15\n    |\n190 |     if achieved_count >= total_targets * 0.8:\n191 |         print(f\"\\n\ud83c\udf89 STEP 12 COMPLETE - EXCELLENT PERFORMANCE!\")\n    |               ^^^^^^^^^^^^^^^^^^^^^^^^^^^^^^^^^^^^^^^^^^^^^^^^^\n192 |         print(f\"   All major targets achieved with realistic assessment\")\n193 |         return True\n    |\nhelp: Remove extraneous `f` prefix\n\nF541 [*] f-string without any placeholders\n   --> step12_final_complete.py:192:15\n    |\n190 |     if achieved_count >= total_targets * 0.8:\n191 |         print(f\"\\n\ud83c\udf89 STEP 12 COMPLETE - EXCELLENT PERFORMANCE!\")\n192 |         print(f\"   All major targets achieved with realistic assessment\")\n    |               ^^^^^^^^^^^^^^^^^^^^^^^^^^^^^^^^^^^^^^^^^^^^^^^^^^^^^^^^^^\n193 |         return True\n194 |     else:\n    |\nhelp: Remove extraneous `f` prefix\n\nF541 [*] f-string without any placeholders\n   --> step12_final_complete.py:195:15\n    |\n193 |         return True\n194 |     else:\n195 |         print(f\"\\n\ud83d\udd27 Step 12 needs minor refinement\")\n    |               ^^^^^^^^^^^^^^^^^^^^^^^^^^^^^^^^^^^^^^\n196 |         return False\n    |\nhelp: Remove extraneous `f` prefix\n\nF401 [*] `firsttry.run_profiles.select_checks` imported but unused\n  --> test_cache_performance.py:14:35\n   |\n12 | sys.path.insert(0, str(Path(__file__).parent / \"src\"))\n13 |\n14 | from firsttry.run_profiles import select_checks\n   |                                   ^^^^^^^^^^^^^\n15 | from firsttry.cached_orchestrator import run_checks_for_profile\n   |\nhelp: Remove unused import: `firsttry.run_profiles.select_checks`\n\nF841 Local variable `results1` is assigned to but never used\n  --> test_cache_performance.py:33:5\n   |\n31 |     print(\"\\n--- First run (populating cache) ---\")\n32 |     start = time.time()\n33 |     results1 = await run_checks_for_profile(\n   |     ^^^^^^^^\n34 |         repo_root=repo_root,\n35 |         checks=checks,\n   |\nhelp: Remove assignment to unused variable `results1`\n\nF841 Local variable `results3` is assigned to but never used\n  --> test_cache_performance.py:53:5\n   |\n51 |     print(\"\\n--- Third run (cache disabled) ---\")\n52 |     start = time.time()\n53 |     results3 = await run_checks_for_profile(\n   |     ^^^^^^^^\n54 |         repo_root=repo_root,\n55 |         checks=checks,\n   |\nhelp: Remove assignment to unused variable `results3`\n\nF541 [*] f-string without any placeholders\n  --> test_cache_performance.py:60:11\n   |\n58 |     third_time = time.time() - start\n59 |     \n60 |     print(f\"\\n\ud83d\udcca Performance Results:\")\n   |           ^^^^^^^^^^^^^^^^^^^^^^^^^^^^\n61 |     print(f\"  First run (cache miss): {first_time:.3f}s\")\n62 |     print(f\"  Second run (cache hit): {second_time:.3f}s\")\n   |\nhelp: Remove extraneous `f` prefix\n\nF401 [*] `asyncio` imported but unused\n  --> test_lazy_optimizations.py:13:8\n   |\n11 | \"\"\"\n12 |\n13 | import asyncio\n   |        ^^^^^^^\n14 | import sys\n15 | import time\n   |\nhelp: Remove unused import: `asyncio`\n\nF541 [*] f-string without any placeholders\n   --> test_lazy_optimizations.py:117:11\n    |\n115 |         print(\"\u26a0\ufe0f  Expected more improvement from caching\")\n116 |     \n117 |     print(f\"\\n\ud83d\udcca Performance Summary:\")\n    |           ^^^^^^^^^^^^^^^^^^^^^^^^^^^^\n118 |     print(f\"  \u2022 First run: {first_run_time:.3f}s\")\n119 |     print(f\"  \u2022 Second run: {second_run_time:.3f}s\")\n    |\nhelp: Remove extraneous `f` prefix\n\nF401 [*] `asyncio` imported but unused\n --> tests/test_checks_orchestrator_buckets.py:4:8\n  |\n2 | from __future__ import annotations\n3 |\n4 | import asyncio\n  |        ^^^^^^^\n5 | from typing import Any, Dict, List\n  |\nhelp: Remove unused import: `asyncio`\n\nF401 [*] `pytest` imported but unused\n --> tests/test_checks_orchestrator_buckets.py:7:8\n  |\n5 | from typing import Any, Dict, List\n6 |\n7 | import pytest\n  |        ^^^^^^\n8 | import anyio\n  |\nhelp: Remove unused import: `pytest`\n\nF401 [*] `click.testing.CliRunner` imported but unused\n --> tests/test_cli_comprehensive.py:1:27\n  |\n1 | from click.testing import CliRunner\n  |                           ^^^^^^^^^\n2 |\n3 | from firsttry import cli\n  |\nhelp: Remove unused import: `click.testing.CliRunner`\n\nF821 Undefined name `cmd_gates`\n  --> tests/test_cli_gates_json.py:72:17\n   |\n70 |     monkeypatch.setattr(sys, \"stdout\", buf)\n71 |\n72 |     exit_code = cmd_gates(ns)\n   |                 ^^^^^^^^^\n73 |\n74 |     # Should exit 1 because ok=False in fake_summary\n   |\n\nF821 Undefined name `cmd_mirror_ci`\n  --> tests/test_cli_parser_and_json.py:75:17\n   |\n73 |     monkeypatch.setattr(sys, \"stdout\", buf)\n74 |\n75 |     exit_code = cmd_mirror_ci(ns)\n   |                 ^^^^^^^^^^^^^\n76 |     assert exit_code == 0\n   |\n\nF821 Undefined name `cmd_mirror_ci`\n   --> tests/test_cli_parser_and_json.py:130:17\n    |\n128 |     monkeypatch.setattr(sys, \"stdout\", buf)\n129 |\n130 |     exit_code = cmd_mirror_ci(ns)\n    |                 ^^^^^^^^^^^^^\n131 |     assert exit_code == 0\n    |\n\nF841 Local variable `say_hi_index` is assigned to but never used\n  --> tests/test_mirror_ci_run_integration.py:61:5\n   |\n60 |     # we only require that fast families come before slow families\n61 |     say_hi_index = steps_in_order.index(\"Say hi\")\n   |     ^^^^^^^^^^^^\n62 |     python_check_index = steps_in_order.index(\"Python check\")\n   |\nhelp: Remove assignment to unused variable `say_hi_index`\n\nF841 Local variable `python_check_index` is assigned to but never used\n  --> tests/test_mirror_ci_run_integration.py:62:5\n   |\n60 |     # we only require that fast families come before slow families\n61 |     say_hi_index = steps_in_order.index(\"Say hi\")\n62 |     python_check_index = steps_in_order.index(\"Python check\")\n   |     ^^^^^^^^^^^^^^^^^^\n63 |     \n64 |     # Check that we have the right content regardless of order\n   |\nhelp: Remove assignment to unused variable `python_check_index`\n\nF401 [*] `firsttry.performance_targets.validate_performance_results` imported but unused\n  --> validation_final_improvements.py:22:62\n   |\n20 | from firsttry.run_profiles import select_checks\n21 | from firsttry.reporting import normalize_cache_state, format_cache_summary\n22 | from firsttry.performance_targets import PerformanceTargets, validate_performance_results\n   |                                                              ^^^^^^^^^^^^^^^^^^^^^^^^^^^^\n23 | from firsttry import cache as ft_cache\n   |\nhelp: Remove unused import: `firsttry.performance_targets.validate_performance_results`\n\nF841 Local variable `results1` is assigned to but never used\n  --> validation_final_improvements.py:39:5\n   |\n37 |     # First run (may be cold)\n38 |     start_time = time.monotonic()\n39 |     results1 = await run_checks_for_profile(\n   |     ^^^^^^^^\n40 |         repo_root=repo_root,\n41 |         checks=checks,\n   |\nhelp: Remove assignment to unused variable `results1`\n\nF841 Local variable `results2` is assigned to but never used\n  --> validation_final_improvements.py:49:5\n   |\n47 |     # Second run (should be warm)\n48 |     start_time = time.monotonic()\n49 |     results2 = await run_checks_for_profile(\n   |     ^^^^^^^^\n50 |         repo_root=repo_root,\n51 |         checks=checks,\n   |\nhelp: Remove assignment to unused variable `results2`\n\nF541 [*] f-string without any placeholders\n  --> validation_final_improvements.py:69:11\n   |\n68 |     print(f\"\ud83d\udcdd Honest claim: 'On reference dev repo, warm runs complete in {warm_duration:.1f}s'\")\n69 |     print(f\"\ud83d\udcdd For larger repos: 'Warm path stays under ~1-1.5s thanks to stat-first cache'\")\n   |           ^^^^^^^^^^^^^^^^^^^^^^^^^^^^^^^^^^^^^^^^^^^^^^^^^^^^^^^^^^^^^^^^^^^^^^^^^^^^^^^^^^\n70 |     \n71 |     return {\"first_duration\": first_duration, \"warm_duration\": warm_duration, \"checks_run\": len(checks)}\n   |\nhelp: Remove extraneous `f` prefix\n\nF541 [*] f-string without any placeholders\n   --> validation_final_improvements.py:106:11\n    |\n104 |     misses = len([r for r in normalized if r.get(\"cache_bucket\") == \"miss\"])\n105 |     \n106 |     print(f\"\ud83d\udcca Validation:\")\n    |           ^^^^^^^^^^^^^^^^^\n107 |     print(f\"  \u2022 Structural hits: {hits}\")\n108 |     print(f\"  \u2022 Policy re-runs: {policy_reruns}\")\n    |\nhelp: Remove extraneous `f` prefix\n\nE722 Do not use bare `except`\n   --> validation_final_improvements.py:125:5\n    |\n123 |         ft_cache.clear_repo_cache(repo_root)\n124 |         print(\"\ud83d\uddd1\ufe0f  Cleared existing cache\")\n125 |     except:\n    |     ^^^^^^\n126 |         print(\"\u2139\ufe0f  No existing cache to clear\")\n    |\n\nF841 Local variable `results1` is assigned to but never used\n   --> validation_final_improvements.py:135:5\n    |\n133 |     # First run - should be cache miss\n134 |     start_time = time.monotonic()\n135 |     results1 = await run_checks_for_profile(\n    |     ^^^^^^^^\n136 |         repo_root=repo_root,\n137 |         checks=checks,\n    |\nhelp: Remove assignment to unused variable `results1`\n\nF541 [*] f-string without any placeholders\n   --> validation_final_improvements.py:238:11\n    |\n236 |     print(f\"\u2705 Cache Reporting: {cache_results['hits']} hits, {cache_results['policy_reruns']} policy re-runs\")\n237 |     print(f\"\u2705 Stat-First: {stat_results['speedup']:.1f}x cache speedup\")\n238 |     print(f\"\u2705 Invalidation: Logic implemented for mutating checks\")\n    |           ^^^^^^^^^^^^^^^^^^^^^^^^^^^^^^^^^^^^^^^^^^^^^^^^^^^^^^^^^\n239 |     \n240 |     # Create final report\n    |\nhelp: Remove extraneous `f` prefix\n\nF541 [*] f-string without any placeholders\n   --> validation_final_improvements.py:260:11\n    |\n258 |         json.dump(report, f, indent=2)\n259 |     \n260 |     print(f\"\\n\ud83d\udcc4 Full report saved to: validation_results_final.json\")\n    |           ^^^^^^^^^^^^^^^^^^^^^^^^^^^^^^^^^^^^^^^^^^^^^^^^^^^^^^^^^^^\n261 |     print(\"\\n\ud83c\udf89 All user feedback improvements validated and ready for production!\")\n    |\nhelp: Remove extraneous `f` prefix\n\nFound 238 errors.\n[*] 216 fixable with the `--fix` option (13 hidden fixes can be enabled with the `--unsafe-fixes` option).\n",
        "stderr": "",
        "elapsed": 0.049610337000103755
      },
      "elapsed": 0.049610337000103755
    },
    {
      "name": "mypy",
      "status": "fail",
      "from_cache": true,
      "cache_state": "hit-policy",
      "meta": {
        "stdout": "src/firsttry/change_detector.py:54: error: Need type annotation for \"categories\"  [var-annotated]\nsrc/firsttry/summary.py:87: error: Unsupported right operand type for in (\"Any | None\")  [operator]\nsrc/firsttry/summary.py:89: error: Unsupported right operand type for in (\"Any | None\")  [operator]\nsrc/firsttry/summary.py:332: error: Name \"print_run_summary\" already defined on line 148  [no-redef]\nsrc/firsttry/profiler.py:27: note: By default the bodies of untyped functions are not checked, consider using --check-untyped-defs  [annotation-unchecked]\nsrc/firsttry/profiler.py:28: note: By default the bodies of untyped functions are not checked, consider using --check-untyped-defs  [annotation-unchecked]\nsrc/firsttry/profiler.py:64: error: Need type annotation for \"buckets\"  [var-annotated]\nsrc/firsttry/check_dependencies.py:55: error: Need type annotation for \"graph\" (hint: \"graph: dict[<type>, <type>] = ...\")  [var-annotated]\nsrc/firsttry/check_dependencies.py:147: error: Need type annotation for \"prerequisite_groups\" (hint: \"prerequisite_groups: dict[<type>, <type>] = ...\")  [var-annotated]\nsrc/firsttry/check_dependencies.py:224: error: Need type annotation for \"prerequisite_counts\" (hint: \"prerequisite_counts: dict[<type>, <type>] = ...\")  [var-annotated]\nsrc/firsttry/detectors.py:79: error: Name \"langs\" is not defined  [name-defined]\nsrc/firsttry/lazy_orchestrator.py:24: error: Argument 2 to \"input_stats_match\" has incompatible type \"list[InputFileMeta] | None\"; expected \"list[InputFileMeta]\"  [arg-type]\nsrc/firsttry/lazy_orchestrator.py:55: error: Argument \"input_files\" to \"ToolCacheEntry\" has incompatible type \"list[InputFileMeta] | None\"; expected \"list[InputFileMeta]\"  [arg-type]\nsrc/firsttry/gates_backup/config_drift.py:76: error: Too many arguments for \"load_cache\"  [call-arg]\nsrc/firsttry/gates_backup/config_drift.py:98: error: Too many arguments for \"save_cache\"  [call-arg]\nsrc/firsttry/gates_backup/config_drift.py:98: error: Argument 1 to \"save_cache\" has incompatible type \"Path\"; expected \"dict[str, Any]\"  [arg-type]\nsrc/firsttry/cli_v2.py:8: error: Module \"firsttry.runner_light\" has no attribute \"get_profile\"  [attr-defined]\nsrc/firsttry/cli_v2.py:8: error: Module \"firsttry.runner_light\" has no attribute \"load_cache\"  [attr-defined]\nsrc/firsttry/cli_v2.py:8: error: Module \"firsttry.runner_light\" has no attribute \"get_changed_files\"  [attr-defined]\nsrc/firsttry/cli_v2.py:8: error: Module \"firsttry.runner_light\" has no attribute \"should_skip_gate\"  [attr-defined]\nsrc/firsttry/cli_v2.py:8: error: Module \"firsttry.runner_light\" has no attribute \"update_gate_cache\"  [attr-defined]\nsrc/firsttry/cli_v2.py:8: error: Module \"firsttry.runner_light\" has no attribute \"GATE_REGISTRY\"  [attr-defined]\nsrc/firsttry/cli_v2.py:105: error: Too many arguments for \"save_cache\"  [call-arg]\nsrc/firsttry/cli_v2.py:105: error: Argument 1 to \"save_cache\" has incompatible type \"Path\"; expected \"dict[str, Any]\"  [arg-type]\nsrc/firsttry/parallel_pytest.py:148: error: Need type annotation for \"chunks\"  [var-annotated]\nsrc/firsttry/checks_orchestrator_optimized.py:23: error: Incompatible return value type (got \"tuple[int | None, str]\", expected \"tuple[int, str]\")  [return-value]\nsrc/firsttry/smart_pytest.py:211: error: Need type annotation for \"test_files\" (hint: \"test_files: list[<type>] = ...\")  [var-annotated]\nsrc/firsttry/cached_orchestrator.py:31: error: Argument 2 to \"input_stats_match\" has incompatible type \"list[InputFileMeta] | None\"; expected \"list[InputFileMeta]\"  [arg-type]\nsrc/firsttry/cached_orchestrator.py:74: error: Incompatible return value type (got \"tuple[int | None, str]\", expected \"tuple[int, str]\")  [return-value]\nsrc/firsttry/cached_orchestrator.py:147: error: Need type annotation for \"buckets\"  [var-annotated]\nsrc/firsttry/runners/__init__.py:54: error: Name \"StepResult\" already defined on line 50  [no-redef]\nsrc/firsttry/performance_validator.py:287: error: Argument 1 to \"select_checks\" has incompatible type \"object\"; expected \"str\"  [arg-type]\nsrc/firsttry/performance_validator.py:291: error: Argument \"scenario\" to \"benchmark_scenario\" of \"PerformanceBenchmark\" has incompatible type \"object\"; expected \"str\"  [arg-type]\nsrc/firsttry/performance_validator.py:292: error: Argument \"profile\" to \"benchmark_scenario\" of \"PerformanceBenchmark\" has incompatible type \"object\"; expected \"str\"  [arg-type]\nsrc/firsttry/performance_validator.py:294: error: Argument \"use_cache\" to \"benchmark_scenario\" of \"PerformanceBenchmark\" has incompatible type \"object\"; expected \"bool\"  [arg-type]\nsrc/firsttry/performance_validator.py:295: error: Argument \"changed_files\" to \"benchmark_scenario\" of \"PerformanceBenchmark\" has incompatible type \"object\"; expected \"list[str] | None\"  [arg-type]\nsrc/firsttry/checks_orchestrator.py:55: error: Unused \"type: ignore\" comment  [unused-ignore]\nsrc/firsttry/cli.py:31: error: Incompatible types in assignment (expression has type \"None\", variable has type \"Callable[[Namespace], int]\")  [assignment]\nsrc/firsttry/cli.py:458: error: Unused \"type: ignore\" comment  [unused-ignore]\nsrc/firsttry/cli.py:462: error: Unused \"type: ignore\" comment  [unused-ignore]\nsrc/firsttry/cli.py:464: error: Unused \"type: ignore\" comment  [unused-ignore]\nsrc/firsttry/cli.py:465: error: Unused \"type: ignore\" comment  [unused-ignore]\nsrc/firsttry/cli.py:466: error: Unused \"type: ignore\" comment  [unused-ignore]\nsrc/firsttry/cli.py:478: error: Unused \"type: ignore\" comment  [unused-ignore]\nsrc/firsttry/cli.py:482: error: Unused \"type: ignore\" comment  [unused-ignore]\nsrc/firsttry/cli.py:485: error: Unused \"type: ignore\" comment  [unused-ignore]\nsrc/firsttry/cli.py:486: error: Unused \"type: ignore\" comment  [unused-ignore]\nsrc/firsttry/cli.py:491: error: Unused \"type: ignore\" comment  [unused-ignore]\nsrc/firsttry/cli.py:494: error: Unused \"type: ignore\" comment  [unused-ignore]\nsrc/firsttry/cli.py:496: error: Unused \"type: ignore\" comment  [unused-ignore]\nsrc/firsttry/cli.py:517: error: Unused \"type: ignore\" comment  [unused-ignore]\nsrc/firsttry/cli.py:520: error: Unused \"type: ignore\" comment  [unused-ignore]\nsrc/firsttry/cli.py:521: error: Unused \"type: ignore\" comment  [unused-ignore]\nFound 51 errors in 16 files (checked 130 source files)\n",
        "stderr": "",
        "elapsed": 6.959298191000016
      },
      "elapsed": 6.959298191000016
    },
    {
      "name": "pytest",
      "status": "fail",
      "from_cache": true,
      "cache_state": "hit-policy",
      "meta": {
        "stdout": "======================================== test session starts ========================================\nplatform linux -- Python 3.12.1, pytest-8.4.2, pluggy-1.6.0\nrootdir: /workspaces/Firstry\nconfigfile: pytest.ini\nplugins: anyio-4.9.0\ncollected 245 items\n\nlicensing/tests/test_api.py .....                                                             [  2%]\nlicensing/tests/test_licensing_module.py ...                                                  [  3%]\nlicensing/tests/test_webhooks.py ....                                                         [  4%]\nlicensing/tests/test_webhooks_more.py ......                                                  [  7%]\ntest_cache_performance.py F                                                                   [  7%]\ntest_lazy_optimizations.py .",
        "stderr": "",
        "elapsed": 79.79428430300004
      },
      "elapsed": 79.79428430300004
    }
  ],
  "timing": {
    "detect_ms": 0.11,
    "fast_ms": 0.69,
    "mutating_ms": 0.0,
    "slow_ms": 1.25,
    "total_ms": 2.06
  },
  "profile": {
    "name": "dev",
    "fast_count": 1,
    "mutating_count": 0,
    "slow_count": 2
  }
}