{
  "checks": {
    "ruff:_root": {
      "name": "ruff:_root",
      "check_id": "ruff:_root",
      "status": "ok",
      "duration_ms": 7,
      "stdout": "All checks passed!\n",
      "stderr": "",
      "cache_status": "hit-local"
    },
    "pytest:_root": {
      "name": "pytest:_root",
      "check_id": "pytest:_root",
      "status": "ok",
      "duration_ms": 393,
      "stdout": ".                                                                        [100%]\n",
      "stderr": "",
      "cache_status": "miss-run"
    },
    "mypy:_root": {
      "name": "mypy:_root",
      "check_id": "mypy:_root",
      "status": "fail",
      "duration_ms": 1029,
      "stdout": "src/firsttry/runners/__init__.py:64: error: Unused \"type: ignore\" comment  [unused-ignore]\nsrc/firsttry/profiler.py:28: note: By default the bodies of untyped functions are not checked, consider using --check-untyped-defs  [annotation-unchecked]\nsrc/firsttry/profiler.py:29: note: By default the bodies of untyped functions are not checked, consider using --check-untyped-defs  [annotation-unchecked]\nsrc/firsttry/ci_parser.py:10: error: Library stubs not installed for \"yaml\"  [import-untyped]\nsrc/firsttry/ci_mapper_impl.py:9: error: Library stubs not installed for \"yaml\"  [import-untyped]\nsrc/firsttry/ci_mapper.py:5: error: Library stubs not installed for \"yaml\"  [import-untyped]\nsrc/firsttry/ci_mapper.py:5: note: Hint: \"python3 -m pip install types-PyYAML\"\nsrc/firsttry/ci_mapper.py:5: note: (or run \"mypy --install-types\" to install all missing stub packages)\nsrc/firsttry/ci_mapper.py:5: note: See https://mypy.readthedocs.io/en/stable/running_mypy.html#missing-imports\nsrc/firsttry/cache/__init__.py:32: error: Unused \"type: ignore\" comment  [unused-ignore]\nsrc/firsttry/smart_npm.py:290: error: Module has no attribute \"sha256_of_paths\"  [attr-defined]\nsrc/firsttry/smart_npm.py:292: error: Module has no attribute \"is_tool_cache_valid\"  [attr-defined]\nsrc/firsttry/smart_npm.py:324: error: Module has no attribute \"sha256_of_paths\"  [attr-defined]\nsrc/firsttry/smart_npm.py:326: error: Module has no attribute \"write_tool_cache\"  [attr-defined]\nsrc/firsttry/scanner.py:14: error: Library stubs not installed for \"yaml\"  [import-untyped]\nsrc/firsttry/reporting/html.py:51: error: Need type annotation for \"top_fail\" (hint: \"top_fail: dict[<type>, <type>] = ...\")  [var-annotated]\nsrc/firsttry/reporting/html.py:52: error: Need type annotation for \"flaky\" (hint: \"flaky: dict[<type>, <type>] = ...\")  [var-annotated]\nsrc/firsttry/reporting/html.py:53: error: Need type annotation for \"prev\" (hint: \"prev: dict[<type>, <type>] = ...\")  [var-annotated]\nsrc/firsttry/gates_backup/config_drift.py:76: error: Module has no attribute \"load_cache\"  [attr-defined]\nsrc/firsttry/gates_backup/config_drift.py:98: error: Module has no attribute \"save_cache\"  [attr-defined]\nsrc/firsttry/cache/s3.py:30: error: Unused \"type: ignore\" comment  [unused-ignore]\nsrc/firsttry/planner/dag.py:67: error: Item \"None\" of \"ProjectNode | None\" has no attribute \"lang\"  [union-attr]\nsrc/firsttry/runners/python.py:10: error: Module \"firsttry.runners.base\" has no attribute \"BaseRunner\"  [attr-defined]\nsrc/firsttry/runners/python.py:10: error: Module \"firsttry.runners.base\" has no attribute \"RunnerResult\"; maybe \"RunResult\"?  [attr-defined]\nsrc/firsttry/runners/js.py:7: error: Module \"firsttry.runners.base\" has no attribute \"BaseRunner\"  [attr-defined]\nsrc/firsttry/runners/js.py:7: error: Module \"firsttry.runners.base\" has no attribute \"RunnerResult\"; maybe \"RunResult\"?  [attr-defined]\nsrc/firsttry/runners/deps.py:7: error: Module \"firsttry.runners.base\" has no attribute \"BaseRunner\"  [attr-defined]\nsrc/firsttry/runners/deps.py:7: error: Module \"firsttry.runners.base\" has no attribute \"RunnerResult\"; maybe \"RunResult\"?  [attr-defined]\nsrc/firsttry/runners/custom.py:6: error: Module \"firsttry.runners.base\" has no attribute \"BaseRunner\"  [attr-defined]\nsrc/firsttry/runners/custom.py:6: error: Module \"firsttry.runners.base\" has no attribute \"RunnerResult\"; maybe \"RunResult\"?  [attr-defined]\nsrc/firsttry/runners/ci_parity.py:10: error: Module \"firsttry.runners.base\" has no attribute \"BaseRunner\"  [attr-defined]\nsrc/firsttry/runners/ci_parity.py:10: error: Module \"firsttry.runners.base\" has no attribute \"RunnerResult\"; maybe \"RunResult\"?  [attr-defined]\nsrc/firsttry/lazy_orchestrator.py:8: error: Module \"firsttry.cache\" has no attribute \"load_tool_cache_entry\"  [attr-defined]\nsrc/firsttry/lazy_orchestrator.py:8: error: Module \"firsttry.cache\" has no attribute \"save_tool_cache_entry\"  [attr-defined]\nsrc/firsttry/lazy_orchestrator.py:24: error: Argument 2 to \"input_stats_match\" has incompatible type \"list[InputFileMeta] | None\"; expected \"list[InputFileMeta]\"  [arg-type]\nsrc/firsttry/reports/cli_summary.py:70: error: Too many arguments for \"render_summary\"  [call-arg]\nsrc/firsttry/cli_v2.py:8: error: Module \"firsttry.runner_light\" has no attribute \"get_profile\"  [attr-defined]\nsrc/firsttry/cli_v2.py:8: error: Module \"firsttry.runner_light\" has no attribute \"load_cache\"  [attr-defined]\nsrc/firsttry/cli_v2.py:8: error: Module \"firsttry.runner_light\" has no attribute \"get_changed_files\"  [attr-defined]\nsrc/firsttry/cli_v2.py:8: error: Module \"firsttry.runner_light\" has no attribute \"should_skip_gate\"  [attr-defined]\nsrc/firsttry/cli_v2.py:8: error: Module \"firsttry.runner_light\" has no attribute \"update_gate_cache\"  [attr-defined]\nsrc/firsttry/cli_v2.py:8: error: Module \"firsttry.runner_light\" has no attribute \"GATE_REGISTRY\"  [attr-defined]\nsrc/firsttry/cli_v2.py:16: error: Module \"firsttry.cache\" has no attribute \"save_cache\"  [attr-defined]\nsrc/firsttry/executor/dag.py:65: error: Function \"builtins.callable\" is not valid as a type  [valid-type]\nsrc/firsttry/executor/dag.py:65: note: Perhaps you meant \"typing.Callable\" instead of \"callable\"?\nsrc/firsttry/parallel_pytest.py:144: error: Module has no attribute \"ceil\"  [attr-defined]\nsrc/firsttry/parallel_pytest.py:147: error: Need type annotation for \"chunks\"  [var-annotated]\nsrc/firsttry/parallel_pytest.py:314: error: Module has no attribute \"sha256_of_paths\"  [attr-defined]\nsrc/firsttry/parallel_pytest.py:316: error: Module has no attribute \"is_tool_cache_valid\"  [attr-defined]\nsrc/firsttry/parallel_pytest.py:353: error: Module has no attribute \"sha256_of_paths\"  [attr-defined]\nsrc/firsttry/parallel_pytest.py:355: error: Module has no attribute \"write_tool_cache\"  [attr-defined]\nsrc/firsttry/checks_orchestrator_optimized.py:23: error: Incompatible return value type (got \"tuple[int | None, str]\", expected \"tuple[int, str]\")  [return-value]\nsrc/firsttry/checks_orchestrator_optimized.py:51: error: Module has no attribute \"sha256_of_paths\"  [attr-defined]\nsrc/firsttry/checks_orchestrator_optimized.py:98: error: Module has no attribute \"is_tool_cache_valid\"  [attr-defined]\nsrc/firsttry/checks_orchestrator_optimized.py:110: error: Module has no attribute \"write_tool_cache\"  [attr-defined]\nsrc/firsttry/checks_orchestrator_optimized.py:115: error: Module has no attribute \"write_tool_cache\"  [attr-defined]\nsrc/firsttry/checks_orchestrator_optimized.py:141: error: Module has no attribute \"write_tool_cache\"  [attr-defined]\nsrc/firsttry/checks_orchestrator_optimized.py:146: error: Module has no attribute \"write_tool_cache\"  [attr-defined]\nsrc/firsttry/checks_orchestrator_optimized.py:170: error: Module has no attribute \"is_tool_cache_valid\"  [attr-defined]\nsrc/firsttry/checks_orchestrator_optimized.py:184: error: Module has no attribute \"write_tool_cache\"  [attr-defined]\nsrc/firsttry/checks_orchestrator_optimized.py:189: error: Module has no attribute \"write_tool_cache\"  [attr-defined]\nsrc/firsttry/checks_orchestrator.py:52: error: Unused \"type: ignore\" comment  [unused-ignore]\nsrc/firsttry/checks_orchestrator.py:54: error: Unused \"type: ignore\" comment  [unused-ignore]\nsrc/firsttry/reporting/renderer.py:46: error: Argument 1 to \"_clip\" has incompatible type \"str | bytes\"; expected \"str\"  [arg-type]\nsrc/firsttry/reporting/renderer.py:49: error: Argument 1 to \"_clip\" has incompatible type \"str | bytes\"; expected \"str\"  [arg-type]\nsrc/firsttry/smart_pytest.py:212: error: Need type annotation for \"test_files\" (hint: \"test_files: list[<type>] = ...\")  [var-annotated]\nsrc/firsttry/smart_pytest.py:216: error: Module has no attribute \"sha256_of_paths\"  [attr-defined]\nsrc/firsttry/smart_pytest.py:218: error: Module has no attribute \"is_tool_cache_valid\"  [attr-defined]\nsrc/firsttry/smart_pytest.py:265: error: Module has no attribute \"write_tool_cache\"  [attr-defined]\nsrc/firsttry/orchestrator.py:5: error: Module \"firsttry.planner\" has no attribute \"build_plan\"  [attr-defined]\nsrc/firsttry/orchestrator.py:6: error: Module \"firsttry.executor\" has no attribute \"execute_plan\"  [attr-defined]\nsrc/firsttry/cli_pipelines.py:6: error: Module \"firsttry.planner\" has no attribute \"build_plan\"  [attr-defined]\nsrc/firsttry/cli_pipelines.py:7: error: Module \"firsttry.executor\" has no attribute \"execute_plan\"  [attr-defined]\nsrc/firsttry/cli.py:36: error: Name \"handle_status\" already defined (possibly by an import)  [no-redef]\nsrc/firsttry/cli.py:37: error: Name \"handle_setup\" already defined (possibly by an import)  [no-redef]\nsrc/firsttry/cli.py:38: error: Name \"handle_doctor\" already defined (possibly by an import)  [no-redef]\nsrc/firsttry/cli.py:39: error: Name \"cmd_mirror_ci\" already defined (possibly by an import)  [no-redef]\nsrc/firsttry/cli.py:638: error: Argument 1 to \"cmd_doctor\" has incompatible type \"Path\"; expected \"str | None\"  [arg-type]\nsrc/firsttry/cli.py:816: error: Incompatible types in assignment (expression has type \"Path\", variable has type \"str | None\")  [assignment]\nsrc/firsttry/cli.py:821: error: Unsupported left operand type for / (\"str\")  [operator]\nsrc/firsttry/cli.py:821: error: Unsupported left operand type for / (\"None\")  [operator]\nsrc/firsttry/cli.py:821: note: Left operand is of type \"str | None\"\nsrc/firsttry/cli.py:858: error: Unused \"type: ignore\" comment  [unused-ignore]\nsrc/firsttry/cli.py:990: error: All conditional function variants must have identical signatures  [misc]\nsrc/firsttry/cli.py:990: note: Original:\nsrc/firsttry/cli.py:990: note:     def resolve_ci_plan(repo_root: str) -> list[dict[str, str]] | None\nsrc/firsttry/cli.py:990: note: Redefinition:\nsrc/firsttry/cli.py:990: note:     def resolve_ci_plan(root: Any) -> Any\nsrc/firsttry/cli.py:1043: error: All conditional function variants must have identical signatures  [misc]\nsrc/firsttry/cli.py:1043: note: Original:\nsrc/firsttry/cli.py:1043: note:     def resolve_ci_plan(repo_root: str) -> list[dict[str, str]] | None\nsrc/firsttry/cli.py:1043: note: Redefinition:\nsrc/firsttry/cli.py:1043: note:     def resolve_ci_plan(root: Any) -> Any\nsrc/firsttry/cli.py:1091: error: Need type annotation for \"ci_plan\" (hint: \"ci_plan: list[<type>] = ...\")  [var-annotated]\nsrc/firsttry/cli.py:1135: error: Item \"None\" of \"dict[str, Any] | None\" has no attribute \"get\"  [union-attr]\nsrc/firsttry/cli.py:1157: error: Need type annotation for \"payload\"  [var-annotated]\nsrc/firsttry/cli.py:1202: error: Item \"dict[str, int]\" of \"list[Any] | dict[str, int] | int | Any | str\" has no attribute \"append\"  [union-attr]\nsrc/firsttry/cli.py:1202: error: Item \"int\" of \"list[Any] | dict[str, int] | int | Any | str\" has no attribute \"append\"  [union-attr]\nsrc/firsttry/cli.py:1202: error: Item \"str\" of \"list[Any] | dict[str, int] | int | Any | str\" has no attribute \"append\"  [union-attr]\nsrc/firsttry/cli.py:1329: error: No overload variant of \"__getitem__\" of \"list\" matches argument type \"str\"  [call-overload]\nsrc/firsttry/cli.py:1329: note: Possible overload variants:\nsrc/firsttry/cli.py:1329: note:     def __getitem__(self, SupportsIndex, /) -> Any\nsrc/firsttry/cli.py:1329: note:     def __getitem__(self, slice[Any, Any, Any], /) -> list[Any]\nsrc/firsttry/cli.py:1329: error: Value of type \"list[Any] | dict[str, int] | int | Any | str\" is not indexable  [index]\nsrc/firsttry/cli.py:1329: error: Unsupported target for indexed assignment (\"list[Any] | dict[str, int] | int | Any | str\")  [index]\nsrc/firsttry/cli.py:1329: error: No overload variant of \"__setitem__\" of \"list\" matches argument types \"str\", \"Any | int\"  [call-overload]\nsrc/firsttry/cli.py:1329: note:     def __setitem__(self, SupportsIndex, Any, /) -> None\nsrc/firsttry/cli.py:1329: note:     def __setitem__(self, slice[Any, Any, Any], Iterable[Any], /) -> None\nsrc/firsttry/cli.py:1329: error: Invalid index type \"str\" for \"str\"; expected type \"SupportsIndex | slice[Any, Any, Any]\"  [index]\nsrc/firsttry/cli.py:1329: error: Unsupported operand types for + (likely involving Union)  [operator]\nsrc/firsttry/cli.py:1329: note: Left operand is of type \"Any | int | str\"\nsrc/firsttry/cli.py:1331: error: No overload variant of \"__getitem__\" of \"list\" matches argument type \"str\"  [call-overload]\nsrc/firsttry/cli.py:1331: note: Possible overload variants:\nsrc/firsttry/cli.py:1331: note:     def __getitem__(self, SupportsIndex, /) -> Any\nsrc/firsttry/cli.py:1331: note:     def __getitem__(self, slice[Any, Any, Any], /) -> list[Any]\nsrc/firsttry/cli.py:1331: error: Value of type \"list[Any] | dict[str, int] | int | Any | str\" is not indexable  [index]\nsrc/firsttry/cli.py:1331: error: Unsupported target for indexed assignment (\"list[Any] | dict[str, int] | int | Any | str\")  [index]\nsrc/firsttry/cli.py:1331: error: No overload variant of \"__setitem__\" of \"list\" matches argument types \"str\", \"Any | int\"  [call-overload]\nsrc/firsttry/cli.py:1331: note:     def __setitem__(self, SupportsIndex, Any, /) -> None\nsrc/firsttry/cli.py:1331: note:     def __setitem__(self, slice[Any, Any, Any], Iterable[Any], /) -> None\nsrc/firsttry/cli.py:1331: error: Invalid index type \"str\" for \"str\"; expected type \"SupportsIndex | slice[Any, Any, Any]\"  [index]\nsrc/firsttry/cli.py:1331: error: Unsupported operand types for + (likely involving Union)  [operator]\nsrc/firsttry/cli.py:1331: note: Left operand is of type \"Any | int | str\"\nsrc/firsttry/cli.py:1333: error: No overload variant of \"__getitem__\" of \"list\" matches argument type \"str\"  [call-overload]\nsrc/firsttry/cli.py:1333: note: Possible overload variants:\nsrc/firsttry/cli.py:1333: note:     def __getitem__(self, SupportsIndex, /) -> Any\nsrc/firsttry/cli.py:1333: note:     def __getitem__(self, slice[Any, Any, Any], /) -> list[Any]\nsrc/firsttry/cli.py:1333: error: Value of type \"list[Any] | dict[str, int] | int | Any | str\" is not indexable  [index]\nsrc/firsttry/cli.py:1333: error: Unsupported target for indexed assignment (\"list[Any] | dict[str, int] | int | Any | str\")  [index]\nsrc/firsttry/cli.py:1333: error: No overload variant of \"__setitem__\" of \"list\" matches argument types \"str\", \"Any | int\"  [call-overload]\nsrc/firsttry/cli.py:1333: note:     def __setitem__(self, SupportsIndex, Any, /) -> None\nsrc/firsttry/cli.py:1333: note:     def __setitem__(self, slice[Any, Any, Any], Iterable[Any], /) -> None\nsrc/firsttry/cli.py:1333: error: Invalid index type \"str\" for \"str\"; expected type \"SupportsIndex | slice[Any, Any, Any]\"  [index]\nsrc/firsttry/cli.py:1333: error: Unsupported operand types for + (likely involving Union)  [operator]\nsrc/firsttry/cli.py:1333: note: Left operand is of type \"Any | int | str\"\nsrc/firsttry/cli.py:1335: error: No overload variant of \"__getitem__\" of \"list\" matches argument type \"str\"  [call-overload]\nsrc/firsttry/cli.py:1335: note: Possible overload variants:\nsrc/firsttry/cli.py:1335: note:     def __getitem__(self, SupportsIndex, /) -> Any\nsrc/firsttry/cli.py:1335: note:     def __getitem__(self, slice[Any, Any, Any], /) -> list[Any]\nsrc/firsttry/cli.py:1335: error: Value of type \"list[Any] | dict[str, int] | int | Any | str\" is not indexable  [index]\nsrc/firsttry/cli.py:1335: error: Unsupported target for indexed assignment (\"list[Any] | dict[str, int] | int | Any | str\")  [index]\nsrc/firsttry/cli.py:1335: error: No overload variant of \"__setitem__\" of \"list\" matches argument types \"str\", \"Any | int\"  [call-overload]\nsrc/firsttry/cli.py:1335: note:     def __setitem__(self, SupportsIndex, Any, /) -> None\nsrc/firsttry/cli.py:1335: note:     def __setitem__(self, slice[Any, Any, Any], Iterable[Any], /) -> None\nsrc/firsttry/cli.py:1335: error: Invalid index type \"str\" for \"str\"; expected type \"SupportsIndex | slice[Any, Any, Any]\"  [index]\nsrc/firsttry/cli.py:1335: error: Unsupported operand types for + (likely involving Union)  [operator]\nsrc/firsttry/cli.py:1335: note: Left operand is of type \"Any | int | str\"\nsrc/firsttry/cli.py:1337: error: Item \"dict[str, int]\" of \"list[Any] | dict[str, int] | int | Any | str\" has no attribute \"append\"  [union-attr]\nsrc/firsttry/cli.py:1337: error: Item \"int\" of \"list[Any] | dict[str, int] | int | Any | str\" has no attribute \"append\"  [union-attr]\nsrc/firsttry/cli.py:1337: error: Item \"str\" of \"list[Any] | dict[str, int] | int | Any | str\" has no attribute \"append\"  [union-attr]\nsrc/firsttry/cli.py:1339: error: Unsupported target for indexed assignment (\"list[Any] | dict[str, int] | int | Any | str\")  [index]\nsrc/firsttry/cli.py:1339: error: No overload variant of \"__setitem__\" of \"list\" matches argument types \"str\", \"int\"  [call-overload]\nsrc/firsttry/cli.py:1339: note: Possible overload variants:\nsrc/firsttry/cli.py:1339: note:     def __setitem__(self, SupportsIndex, Any, /) -> None\nsrc/firsttry/cli.py:1339: note:     def __setitem__(self, slice[Any, Any, Any], Iterable[Any], /) -> None\nsrc/firsttry/cli.py:1469: error: Unused \"type: ignore\" comment  [unused-ignore]\nsrc/firsttry/cli.py:1474: error: Unused \"type: ignore\" comment  [unused-ignore]\nsrc/firsttry/cli.py:1477: error: Unused \"type: ignore\" comment  [unused-ignore]\nsrc/firsttry/cli.py:1479: error: Unused \"type: ignore\" comment  [unused-ignore]\nsrc/firsttry/cli.py:1485: error: Unused \"type: ignore\" comment  [unused-ignore]\nsrc/firsttry/cli.py:1488: error: Unused \"type: ignore\" comment  [unused-ignore]\nsrc/firsttry/cli.py:1491: error: Unused \"type: ignore\" comment  [unused-ignore]\nsrc/firsttry/cli.py:1513: error: Unused \"type: ignore\" comment  [unused-ignore]\nsrc/firsttry/cli.py:1516: error: Unused \"type: ignore\" comment  [unused-ignore]\nsrc/firsttry/cli.py:1518: error: Unused \"type: ignore\" comment  [unused-ignore]\nsrc/firsttry/cached_orchestrator.py:28: error: Module has no attribute \"load_tool_cache_entry\"  [attr-defined]\nsrc/firsttry/cached_orchestrator.py:31: error: Argument 2 to \"input_stats_match\" has incompatible type \"list[InputFileMeta] | None\"; expected \"list[InputFileMeta]\"  [arg-type]\nsrc/firsttry/cached_orchestrator.py:74: error: Incompatible return value type (got \"tuple[int | None, str]\", expected \"tuple[int, str]\")  [return-value]\nsrc/firsttry/cached_orchestrator.py:99: error: Module has no attribute \"sha256_of_paths\"  [attr-defined]\nsrc/firsttry/cached_orchestrator.py:158: error: Need type annotation for \"buckets\"  [var-annotated]\nsrc/firsttry/cached_orchestrator.py:198: error: Module has no attribute \"write_tool_cache\"  [attr-defined]\nsrc/firsttry/cached_orchestrator.py:205: error: Module has no attribute \"write_tool_cache\"  [attr-defined]\nsrc/firsttry/cached_orchestrator.py:234: error: Module has no attribute \"is_tool_cache_valid_fast\"  [attr-defined]\nsrc/firsttry/cached_orchestrator.py:256: error: Module has no attribute \"write_tool_cache\"  [attr-defined]\nsrc/firsttry/cached_orchestrator.py:263: error: Module has no attribute \"write_tool_cache\"  [attr-defined]\nsrc/firsttry/cached_orchestrator.py:361: error: Module has no attribute \"is_tool_cache_valid_fast\"  [attr-defined]\nsrc/firsttry/cached_orchestrator.py:389: error: Module has no attribute \"write_tool_cache\"  [attr-defined]\nsrc/firsttry/cached_orchestrator.py:396: error: Module has no attribute \"write_tool_cache\"  [attr-defined]\nsrc/firsttry/cached_orchestrator.py:427: error: Module has no attribute \"invalidate_tool_cache\"  [attr-defined]\nsrc/firsttry/performance_validator.py:293: error: Argument 1 to \"select_checks\" has incompatible type \"object\"; expected \"str\"  [arg-type]\nsrc/firsttry/performance_validator.py:297: error: Argument \"scenario\" to \"benchmark_scenario\" of \"PerformanceBenchmark\" has incompatible type \"object\"; expected \"str\"  [arg-type]\nsrc/firsttry/performance_validator.py:298: error: Argument \"profile\" to \"benchmark_scenario\" of \"PerformanceBenchmark\" has incompatible type \"object\"; expected \"str\"  [arg-type]\nsrc/firsttry/performance_validator.py:300: error: Argument \"use_cache\" to \"benchmark_scenario\" of \"PerformanceBenchmark\" has incompatible type \"object\"; expected \"bool\"  [arg-type]\nsrc/firsttry/performance_validator.py:301: error: Argument \"changed_files\" to \"benchmark_scenario\" of \"PerformanceBenchmark\" has incompatible type \"object\"; expected \"list[str] | None\"  [arg-type]\nFound 142 errors in 30 files (checked 160 source files)\n",
      "stderr": "",
      "cache_status": "miss-run"
    }
  }
}